normal_class is 2
----Data statistics------'
      #Edges 10556
      #Classes 7
      #Train samples 490
      #Val samples 245
      #Test samples 409
Epoch 00000 | Time(s) 0.0299 | Loss 14686.5278 | Val AUROC 0.5827 | Val F1 0.0000 | ETputs(KTEPS) 443.01
model saved. loss=0.03840256854891777 AUC=0.5827002532320406
Epoch 00001 | Time(s) 0.0299 | Loss 3840.2569 | Val AUROC 0.5772 | Val F1 0.0000 | ETputs(KTEPS) 443.01
Epoch 00002 | Time(s) 0.0299 | Loss 3840.2569 | Val AUROC 0.5718 | Val F1 0.0163 | ETputs(KTEPS) 443.01
Epoch 00003 | Time(s) 0.0299 | Loss 3845.6719 | Val AUROC 0.5689 | Val F1 0.4043 | ETputs(KTEPS) 443.01
Epoch 00004 | Time(s) 0.0299 | Loss 4617.1311 | Val AUROC 0.5944 | Val F1 0.0000 | ETputs(KTEPS) 443.01
model saved. loss=0.03840256854891777 AUC=0.5943622550979608
Epoch 00005 | Time(s) 0.0216 | Loss 3840.2569 | Val AUROC 0.5668 | Val F1 0.0000 | ETputs(KTEPS) 613.81
Epoch 00006 | Time(s) 0.0216 | Loss 2270.3180 | Val AUROC 0.5649 | Val F1 0.0000 | ETputs(KTEPS) 613.81
Epoch 00007 | Time(s) 0.0216 | Loss 2270.3180 | Val AUROC 0.5571 | Val F1 0.0000 | ETputs(KTEPS) 613.81
Epoch 00008 | Time(s) 0.0216 | Loss 2270.3180 | Val AUROC 0.5510 | Val F1 0.0000 | ETputs(KTEPS) 613.81
Epoch 00009 | Time(s) 0.0216 | Loss 2270.3180 | Val AUROC 0.5478 | Val F1 0.0000 | ETputs(KTEPS) 613.81
Epoch 00010 | Time(s) 0.0183 | Loss 2270.3180 | Val AUROC 0.5460 | Val F1 0.3114 | ETputs(KTEPS) 725.92
Epoch 00011 | Time(s) 0.0183 | Loss 1718.6658 | Val AUROC 0.5656 | Val F1 0.0000 | ETputs(KTEPS) 725.92
Epoch 00012 | Time(s) 0.0183 | Loss 1574.4587 | Val AUROC 0.5815 | Val F1 0.0000 | ETputs(KTEPS) 725.92
Epoch 00013 | Time(s) 0.0183 | Loss 1574.2758 | Val AUROC 0.5825 | Val F1 0.0000 | ETputs(KTEPS) 725.92
Epoch 00014 | Time(s) 0.0183 | Loss 1574.2758 | Val AUROC 0.5760 | Val F1 0.0000 | ETputs(KTEPS) 725.92
Epoch 00015 | Time(s) 0.0165 | Loss 1574.2758 | Val AUROC 0.5710 | Val F1 0.1871 | ETputs(KTEPS) 801.77
Epoch 00016 | Time(s) 0.0165 | Loss 645.2798 | Val AUROC 0.5595 | Val F1 0.0161 | ETputs(KTEPS) 801.77
Epoch 00017 | Time(s) 0.0165 | Loss 635.7593 | Val AUROC 0.5501 | Val F1 0.0000 | ETputs(KTEPS) 801.77
Epoch 00018 | Time(s) 0.0165 | Loss 635.7593 | Val AUROC 0.5444 | Val F1 0.0000 | ETputs(KTEPS) 801.77
Epoch 00019 | Time(s) 0.0165 | Loss 635.7593 | Val AUROC 0.5319 | Val F1 0.0000 | ETputs(KTEPS) 801.77
Epoch 00020 | Time(s) 0.0154 | Loss 635.7593 | Val AUROC 0.5245 | Val F1 0.2098 | ETputs(KTEPS) 863.51
Epoch 00021 | Time(s) 0.0154 | Loss 285.4308 | Val AUROC 0.5200 | Val F1 0.0923 | ETputs(KTEPS) 863.51
Epoch 00022 | Time(s) 0.0154 | Loss 277.9270 | Val AUROC 0.5133 | Val F1 0.0000 | ETputs(KTEPS) 863.51
Epoch 00023 | Time(s) 0.0154 | Loss 277.9270 | Val AUROC 0.5035 | Val F1 0.0000 | ETputs(KTEPS) 863.51
Epoch 00024 | Time(s) 0.0154 | Loss 277.9270 | Val AUROC 0.4958 | Val F1 0.0000 | ETputs(KTEPS) 863.51
Epoch 00025 | Time(s) 0.0172 | Loss 277.9270 | Val AUROC 0.4894 | Val F1 0.0730 | ETputs(KTEPS) 772.56
Epoch 00026 | Time(s) 0.0172 | Loss 136.0957 | Val AUROC 0.4867 | Val F1 0.0000 | ETputs(KTEPS) 772.56
Epoch 00027 | Time(s) 0.0172 | Loss 132.0659 | Val AUROC 0.4837 | Val F1 0.0000 | ETputs(KTEPS) 772.56
Epoch 00028 | Time(s) 0.0172 | Loss 131.7752 | Val AUROC 0.4793 | Val F1 0.0000 | ETputs(KTEPS) 772.56
Epoch 00029 | Time(s) 0.0172 | Loss 131.7752 | Val AUROC 0.4758 | Val F1 0.0000 | ETputs(KTEPS) 772.56
Epoch 00030 | Time(s) 0.0163 | Loss 131.7752 | Val AUROC 0.4716 | Val F1 0.0741 | ETputs(KTEPS) 813.24
Epoch 00031 | Time(s) 0.0163 | Loss 61.2053 | Val AUROC 0.4708 | Val F1 0.0000 | ETputs(KTEPS) 813.24
Epoch 00032 | Time(s) 0.0163 | Loss 59.8827 | Val AUROC 0.4701 | Val F1 0.0000 | ETputs(KTEPS) 813.24
Epoch 00033 | Time(s) 0.0163 | Loss 59.8827 | Val AUROC 0.4694 | Val F1 0.0000 | ETputs(KTEPS) 813.24
Epoch 00034 | Time(s) 0.0163 | Loss 59.8827 | Val AUROC 0.4693 | Val F1 0.0000 | ETputs(KTEPS) 813.24
Epoch 00035 | Time(s) 0.0157 | Loss 59.8827 | Val AUROC 0.4669 | Val F1 0.0455 | ETputs(KTEPS) 844.61
Epoch 00036 | Time(s) 0.0157 | Loss 23.4103 | Val AUROC 0.4647 | Val F1 0.0161 | ETputs(KTEPS) 844.61
Epoch 00037 | Time(s) 0.0157 | Loss 22.7499 | Val AUROC 0.4623 | Val F1 0.0000 | ETputs(KTEPS) 844.61
Epoch 00038 | Time(s) 0.0157 | Loss 22.7499 | Val AUROC 0.4518 | Val F1 0.0000 | ETputs(KTEPS) 844.61
Epoch 00039 | Time(s) 0.0157 | Loss 22.7499 | Val AUROC 0.4421 | Val F1 0.0000 | ETputs(KTEPS) 844.61
Epoch 00040 | Time(s) 0.0153 | Loss 22.7499 | Val AUROC 0.4350 | Val F1 0.1037 | ETputs(KTEPS) 868.38
Epoch 00041 | Time(s) 0.0153 | Loss 6.6492 | Val AUROC 0.4290 | Val F1 0.0157 | ETputs(KTEPS) 868.38
Epoch 00042 | Time(s) 0.0153 | Loss 6.2498 | Val AUROC 0.4310 | Val F1 0.0160 | ETputs(KTEPS) 868.38
Epoch 00043 | Time(s) 0.0153 | Loss 6.3694 | Val AUROC 0.4599 | Val F1 0.0160 | ETputs(KTEPS) 868.38
Epoch 00044 | Time(s) 0.0153 | Loss 6.5608 | Val AUROC 0.4786 | Val F1 0.0161 | ETputs(KTEPS) 868.38
Epoch 00045 | Time(s) 0.0149 | Loss 6.4451 | Val AUROC 0.4859 | Val F1 0.0889 | ETputs(KTEPS) 888.77
Epoch 00046 | Time(s) 0.0149 | Loss 4.9440 | Val AUROC 0.4739 | Val F1 0.0159 | ETputs(KTEPS) 888.77
Epoch 00047 | Time(s) 0.0149 | Loss 4.0499 | Val AUROC 0.4669 | Val F1 0.0923 | ETputs(KTEPS) 888.77
Epoch 00048 | Time(s) 0.0149 | Loss 3.9020 | Val AUROC 0.4716 | Val F1 0.1418 | ETputs(KTEPS) 888.77
Epoch 00049 | Time(s) 0.0149 | Loss 4.1280 | Val AUROC 0.4721 | Val F1 0.1549 | ETputs(KTEPS) 888.77
Epoch 00050 | Time(s) 0.0146 | Loss 4.2055 | Val AUROC 0.4783 | Val F1 0.2390 | ETputs(KTEPS) 906.66
Epoch 00051 | Time(s) 0.0146 | Loss 3.5559 | Val AUROC 0.4767 | Val F1 0.1560 | ETputs(KTEPS) 906.66
Epoch 00052 | Time(s) 0.0146 | Loss 2.7996 | Val AUROC 0.4705 | Val F1 0.0909 | ETputs(KTEPS) 906.66
Epoch 00053 | Time(s) 0.0146 | Loss 2.6285 | Val AUROC 0.4831 | Val F1 0.0469 | ETputs(KTEPS) 906.66
Epoch 00054 | Time(s) 0.0146 | Loss 2.6798 | Val AUROC 0.4927 | Val F1 0.0156 | ETputs(KTEPS) 906.66
Epoch 00055 | Time(s) 0.0144 | Loss 2.7680 | Val AUROC 0.4898 | Val F1 0.0833 | ETputs(KTEPS) 921.55
Epoch 00056 | Time(s) 0.0144 | Loss 2.6799 | Val AUROC 0.4852 | Val F1 0.0870 | ETputs(KTEPS) 921.55
Epoch 00057 | Time(s) 0.0144 | Loss 2.1583 | Val AUROC 0.4803 | Val F1 0.0909 | ETputs(KTEPS) 921.55
Epoch 00058 | Time(s) 0.0144 | Loss 1.9640 | Val AUROC 0.5007 | Val F1 0.1481 | ETputs(KTEPS) 921.55
Epoch 00059 | Time(s) 0.0144 | Loss 1.9561 | Val AUROC 0.5231 | Val F1 0.1958 | ETputs(KTEPS) 921.55
Epoch 00060 | Time(s) 0.0142 | Loss 1.9966 | Val AUROC 0.5324 | Val F1 0.3878 | ETputs(KTEPS) 934.71
Epoch 00061 | Time(s) 0.0142 | Loss 2.1052 | Val AUROC 0.5270 | Val F1 0.3182 | ETputs(KTEPS) 934.71
Epoch 00062 | Time(s) 0.0142 | Loss 1.5972 | Val AUROC 0.5080 | Val F1 0.2614 | ETputs(KTEPS) 934.71
Epoch 00063 | Time(s) 0.0142 | Loss 1.2163 | Val AUROC 0.4899 | Val F1 0.1818 | ETputs(KTEPS) 934.71
Epoch 00064 | Time(s) 0.0142 | Loss 1.2978 | Val AUROC 0.4915 | Val F1 0.1250 | ETputs(KTEPS) 934.71
Epoch 00065 | Time(s) 0.0140 | Loss 1.5235 | Val AUROC 0.4909 | Val F1 0.1497 | ETputs(KTEPS) 946.33
Epoch 00066 | Time(s) 0.0140 | Loss 1.4958 | Val AUROC 0.4867 | Val F1 0.1806 | ETputs(KTEPS) 946.33
Epoch 00067 | Time(s) 0.0140 | Loss 1.2177 | Val AUROC 0.5023 | Val F1 0.1871 | ETputs(KTEPS) 946.33
Epoch 00068 | Time(s) 0.0140 | Loss 1.0597 | Val AUROC 0.5329 | Val F1 0.2532 | ETputs(KTEPS) 946.33
Epoch 00069 | Time(s) 0.0140 | Loss 1.0594 | Val AUROC 0.5351 | Val F1 0.3275 | ETputs(KTEPS) 946.33
Epoch 00070 | Time(s) 0.0139 | Loss 1.1453 | Val AUROC 0.5437 | Val F1 0.4200 | ETputs(KTEPS) 956.97
Epoch 00071 | Time(s) 0.0139 | Loss 1.1908 | Val AUROC 0.5314 | Val F1 0.3444 | ETputs(KTEPS) 956.97
Epoch 00072 | Time(s) 0.0139 | Loss 0.9470 | Val AUROC 0.5223 | Val F1 0.2822 | ETputs(KTEPS) 956.97
Epoch 00073 | Time(s) 0.0139 | Loss 0.7958 | Val AUROC 0.4957 | Val F1 0.2338 | ETputs(KTEPS) 956.97
Epoch 00074 | Time(s) 0.0139 | Loss 0.8174 | Val AUROC 0.4907 | Val F1 0.2192 | ETputs(KTEPS) 956.97
Epoch 00075 | Time(s) 0.0137 | Loss 0.9065 | Val AUROC 0.4909 | Val F1 0.2738 | ETputs(KTEPS) 968.74
Epoch 00076 | Time(s) 0.0137 | Loss 0.9201 | Val AUROC 0.4901 | Val F1 0.2683 | ETputs(KTEPS) 968.74
Epoch 00077 | Time(s) 0.0137 | Loss 0.7240 | Val AUROC 0.5046 | Val F1 0.3041 | ETputs(KTEPS) 968.74
Epoch 00078 | Time(s) 0.0137 | Loss 0.5940 | Val AUROC 0.5213 | Val F1 0.3575 | ETputs(KTEPS) 968.74
Epoch 00079 | Time(s) 0.0137 | Loss 0.6062 | Val AUROC 0.5325 | Val F1 0.4343 | ETputs(KTEPS) 968.74
Epoch 00080 | Time(s) 0.0135 | Loss 0.7000 | Val AUROC 0.5325 | Val F1 0.4242 | ETputs(KTEPS) 979.35
Epoch 00081 | Time(s) 0.0135 | Loss 0.6760 | Val AUROC 0.5223 | Val F1 0.3575 | ETputs(KTEPS) 979.35
Epoch 00082 | Time(s) 0.0135 | Loss 0.5818 | Val AUROC 0.5093 | Val F1 0.3059 | ETputs(KTEPS) 979.35
Epoch 00083 | Time(s) 0.0135 | Loss 0.5578 | Val AUROC 0.4996 | Val F1 0.2857 | ETputs(KTEPS) 979.35
Epoch 00084 | Time(s) 0.0135 | Loss 0.5622 | Val AUROC 0.4975 | Val F1 0.2822 | ETputs(KTEPS) 979.35
Warning: EarlyStopping soon: 80 out of 100
Epoch 00085 | Time(s) 0.0134 | Loss 0.5794 | Val AUROC 0.4953 | Val F1 0.3511 | ETputs(KTEPS) 988.10
Warning: EarlyStopping soon: 81 out of 100
Epoch 00086 | Time(s) 0.0134 | Loss 0.5440 | Val AUROC 0.4999 | Val F1 0.3529 | ETputs(KTEPS) 988.10
Warning: EarlyStopping soon: 82 out of 100
Epoch 00087 | Time(s) 0.0134 | Loss 0.4286 | Val AUROC 0.5063 | Val F1 0.3834 | ETputs(KTEPS) 988.10
Warning: EarlyStopping soon: 83 out of 100
Epoch 00088 | Time(s) 0.0134 | Loss 0.3701 | Val AUROC 0.5234 | Val F1 0.4615 | ETputs(KTEPS) 988.10
Warning: EarlyStopping soon: 84 out of 100
Epoch 00089 | Time(s) 0.0134 | Loss 0.4106 | Val AUROC 0.5277 | Val F1 0.4789 | ETputs(KTEPS) 988.10
Warning: EarlyStopping soon: 85 out of 100
Epoch 00090 | Time(s) 0.0133 | Loss 0.4401 | Val AUROC 0.5213 | Val F1 0.4080 | ETputs(KTEPS) 995.88
Warning: EarlyStopping soon: 86 out of 100
Epoch 00091 | Time(s) 0.0133 | Loss 0.3786 | Val AUROC 0.5111 | Val F1 0.3770 | ETputs(KTEPS) 995.88
Warning: EarlyStopping soon: 87 out of 100
Epoch 00092 | Time(s) 0.0133 | Loss 0.3638 | Val AUROC 0.5045 | Val F1 0.3617 | ETputs(KTEPS) 995.88
Warning: EarlyStopping soon: 88 out of 100
Epoch 00093 | Time(s) 0.0133 | Loss 0.3697 | Val AUROC 0.5049 | Val F1 0.3261 | ETputs(KTEPS) 995.88
Warning: EarlyStopping soon: 89 out of 100
Epoch 00094 | Time(s) 0.0133 | Loss 0.3849 | Val AUROC 0.5042 | Val F1 0.3388 | ETputs(KTEPS) 995.88
Warning: EarlyStopping soon: 90 out of 100
Epoch 00095 | Time(s) 0.0132 | Loss 0.3849 | Val AUROC 0.5064 | Val F1 0.4058 | ETputs(KTEPS) 1002.99
Warning: EarlyStopping soon: 91 out of 100
Epoch 00096 | Time(s) 0.0132 | Loss 0.3154 | Val AUROC 0.5134 | Val F1 0.4293 | ETputs(KTEPS) 1002.99
Warning: EarlyStopping soon: 92 out of 100
Epoch 00097 | Time(s) 0.0132 | Loss 0.2689 | Val AUROC 0.5237 | Val F1 0.4885 | ETputs(KTEPS) 1002.99
Warning: EarlyStopping soon: 93 out of 100
Epoch 00098 | Time(s) 0.0132 | Loss 0.2790 | Val AUROC 0.5298 | Val F1 0.5000 | ETputs(KTEPS) 1002.99
Warning: EarlyStopping soon: 94 out of 100
Epoch 00099 | Time(s) 0.0132 | Loss 0.3097 | Val AUROC 0.5251 | Val F1 0.4739 | ETputs(KTEPS) 1002.99
Warning: EarlyStopping soon: 95 out of 100
Epoch 00100 | Time(s) 0.0135 | Loss 0.2676 | Val AUROC 0.5179 | Val F1 0.4840 | ETputs(KTEPS) 980.67
Warning: EarlyStopping soon: 96 out of 100
Epoch 00101 | Time(s) 0.0135 | Loss 0.2262 | Val AUROC 0.5121 | Val F1 0.4279 | ETputs(KTEPS) 980.67
Warning: EarlyStopping soon: 97 out of 100
Epoch 00102 | Time(s) 0.0135 | Loss 0.2417 | Val AUROC 0.5117 | Val F1 0.4279 | ETputs(KTEPS) 980.67
Warning: EarlyStopping soon: 98 out of 100
Epoch 00103 | Time(s) 0.0135 | Loss 0.2388 | Val AUROC 0.5176 | Val F1 0.4700 | ETputs(KTEPS) 980.67
Warning: EarlyStopping soon: 99 out of 100
Epoch 00104 | Time(s) 0.0135 | Loss 0.2217 | Val AUROC 0.5233 | Val F1 0.5046 | ETputs(KTEPS) 980.67
Warning: EarlyStopping soon: 100 out of 100

model loaded.
Test AUROC 0.5593 | Test AUPRC 0.6387
Test f1:0.6656,acc:0.4988,pre:0.4988,recall:1.0
