2020-06-30 12:29:51,690-gensim.models.word2vec-INFO-collecting all words and their counts
2020-06-30 12:29:51,691-gensim.models.word2vec-INFO-PROGRESS: at sentence #0, processed 0 words, keeping 0 word types
2020-06-30 12:29:51,698-gensim.models.word2vec-INFO-PROGRESS: at sentence #10000, processed 100000 words, keeping 3327 word types
2020-06-30 12:29:51,705-gensim.models.word2vec-INFO-PROGRESS: at sentence #20000, processed 200000 words, keeping 3327 word types
2020-06-30 12:29:51,712-gensim.models.word2vec-INFO-PROGRESS: at sentence #30000, processed 300000 words, keeping 3327 word types
2020-06-30 12:29:51,719-gensim.models.word2vec-INFO-PROGRESS: at sentence #40000, processed 400000 words, keeping 3327 word types
2020-06-30 12:29:51,726-gensim.models.word2vec-INFO-PROGRESS: at sentence #50000, processed 500000 words, keeping 3327 word types
2020-06-30 12:29:51,733-gensim.models.word2vec-INFO-PROGRESS: at sentence #60000, processed 600000 words, keeping 3327 word types
2020-06-30 12:29:51,741-gensim.models.word2vec-INFO-PROGRESS: at sentence #70000, processed 700000 words, keeping 3327 word types
2020-06-30 12:29:51,750-gensim.models.word2vec-INFO-PROGRESS: at sentence #80000, processed 800000 words, keeping 3327 word types
2020-06-30 12:29:51,759-gensim.models.word2vec-INFO-PROGRESS: at sentence #90000, processed 900000 words, keeping 3327 word types
2020-06-30 12:29:51,768-gensim.models.word2vec-INFO-PROGRESS: at sentence #100000, processed 1000000 words, keeping 3327 word types
2020-06-30 12:29:51,777-gensim.models.word2vec-INFO-PROGRESS: at sentence #110000, processed 1100000 words, keeping 3327 word types
2020-06-30 12:29:51,786-gensim.models.word2vec-INFO-PROGRESS: at sentence #120000, processed 1200000 words, keeping 3327 word types
2020-06-30 12:29:51,795-gensim.models.word2vec-INFO-PROGRESS: at sentence #130000, processed 1300000 words, keeping 3327 word types
2020-06-30 12:29:51,804-gensim.models.word2vec-INFO-PROGRESS: at sentence #140000, processed 1400000 words, keeping 3327 word types
2020-06-30 12:29:51,814-gensim.models.word2vec-INFO-PROGRESS: at sentence #150000, processed 1500000 words, keeping 3327 word types
2020-06-30 12:29:51,823-gensim.models.word2vec-INFO-PROGRESS: at sentence #160000, processed 1600000 words, keeping 3327 word types
2020-06-30 12:29:51,832-gensim.models.word2vec-INFO-PROGRESS: at sentence #170000, processed 1700000 words, keeping 3327 word types
2020-06-30 12:29:51,841-gensim.models.word2vec-INFO-PROGRESS: at sentence #180000, processed 1800000 words, keeping 3327 word types
2020-06-30 12:29:51,850-gensim.models.word2vec-INFO-PROGRESS: at sentence #190000, processed 1900000 words, keeping 3327 word types
2020-06-30 12:29:51,859-gensim.models.word2vec-INFO-PROGRESS: at sentence #200000, processed 2000000 words, keeping 3327 word types
2020-06-30 12:29:51,869-gensim.models.word2vec-INFO-PROGRESS: at sentence #210000, processed 2100000 words, keeping 3327 word types
2020-06-30 12:29:51,878-gensim.models.word2vec-INFO-PROGRESS: at sentence #220000, processed 2200000 words, keeping 3327 word types
2020-06-30 12:29:51,887-gensim.models.word2vec-INFO-PROGRESS: at sentence #230000, processed 2300000 words, keeping 3327 word types
2020-06-30 12:29:51,897-gensim.models.word2vec-INFO-PROGRESS: at sentence #240000, processed 2400000 words, keeping 3327 word types
2020-06-30 12:29:51,906-gensim.models.word2vec-INFO-PROGRESS: at sentence #250000, processed 2500000 words, keeping 3327 word types
2020-06-30 12:29:51,915-gensim.models.word2vec-INFO-PROGRESS: at sentence #260000, processed 2600000 words, keeping 3327 word types
2020-06-30 12:29:51,921-gensim.models.word2vec-INFO-collected 3327 word types from a corpus of 2661600 raw words and 266160 sentences
2020-06-30 12:29:51,921-gensim.models.word2vec-INFO-Loading a fresh vocabulary
2020-06-30 12:29:51,929-gensim.models.word2vec-INFO-effective_min_count=0 retains 3327 unique words (100% of original 3327, drops 0)
2020-06-30 12:29:51,929-gensim.models.word2vec-INFO-effective_min_count=0 leaves 2661600 word corpus (100% of original 2661600, drops 0)
2020-06-30 12:29:51,934-gensim.models.word2vec-INFO-deleting the raw counts dictionary of 3327 items
2020-06-30 12:29:51,935-gensim.models.word2vec-INFO-sample=0.001 downsamples 68 most-common words
2020-06-30 12:29:51,935-gensim.models.word2vec-INFO-downsampling leaves estimated 2171564 word corpus (81.6% of prior 2661600)
2020-06-30 12:29:51,936-gensim.models.word2vec-INFO-constructing a huffman tree from 3327 words
2020-06-30 12:29:51,985-gensim.models.word2vec-INFO-built huffman tree with maximum node depth 15
2020-06-30 12:29:51,989-gensim.models.base_any2vec-INFO-estimated required memory for 3327 words and 128 dimensions: 7439172 bytes
2020-06-30 12:29:51,989-gensim.models.word2vec-INFO-resetting layer weights
2020-06-30 12:29:52,358-gensim.models.base_any2vec-INFO-training model with 3 workers on 3327 vocabulary and 128 features, using sg=1 hs=1 sample=0.001 negative=5 window=5
2020-06-30 12:29:53,381-gensim.models.base_any2vec-INFO-EPOCH 1 - PROGRESS: at 10.52% examples, 224752 words/s, in_qsize 6, out_qsize 0
2020-06-30 12:29:54,412-gensim.models.base_any2vec-INFO-EPOCH 1 - PROGRESS: at 22.17% examples, 235088 words/s, in_qsize 5, out_qsize 0
2020-06-30 12:29:55,428-gensim.models.base_any2vec-INFO-EPOCH 1 - PROGRESS: at 33.81% examples, 239652 words/s, in_qsize 5, out_qsize 0
2020-06-30 12:29:56,437-gensim.models.base_any2vec-INFO-EPOCH 1 - PROGRESS: at 45.46% examples, 242475 words/s, in_qsize 5, out_qsize 0
2020-06-30 12:29:57,451-gensim.models.base_any2vec-INFO-EPOCH 1 - PROGRESS: at 57.11% examples, 243857 words/s, in_qsize 5, out_qsize 0
2020-06-30 12:29:58,456-gensim.models.base_any2vec-INFO-EPOCH 1 - PROGRESS: at 68.76% examples, 245111 words/s, in_qsize 5, out_qsize 0
2020-06-30 12:29:59,475-gensim.models.base_any2vec-INFO-EPOCH 1 - PROGRESS: at 80.40% examples, 245617 words/s, in_qsize 5, out_qsize 0
2020-06-30 12:30:00,488-gensim.models.base_any2vec-INFO-EPOCH 1 - PROGRESS: at 92.05% examples, 246064 words/s, in_qsize 5, out_qsize 0
2020-06-30 12:30:01,080-gensim.models.base_any2vec-INFO-worker thread finished; awaiting finish of 2 more threads
2020-06-30 12:30:01,089-gensim.models.base_any2vec-INFO-worker thread finished; awaiting finish of 1 more threads
2020-06-30 12:30:01,118-gensim.models.base_any2vec-INFO-worker thread finished; awaiting finish of 0 more threads
2020-06-30 12:30:01,118-gensim.models.base_any2vec-INFO-EPOCH - 1 : training on 2661600 raw words (2171110 effective words) took 8.8s, 248031 effective words/s
2020-06-30 12:30:02,196-gensim.models.base_any2vec-INFO-EPOCH 2 - PROGRESS: at 11.65% examples, 235626 words/s, in_qsize 5, out_qsize 0
2020-06-30 12:30:03,236-gensim.models.base_any2vec-INFO-EPOCH 2 - PROGRESS: at 24.05% examples, 247102 words/s, in_qsize 5, out_qsize 0
2020-06-30 12:30:04,259-gensim.models.base_any2vec-INFO-EPOCH 2 - PROGRESS: at 36.44% examples, 252330 words/s, in_qsize 5, out_qsize 0
2020-06-30 12:30:05,272-gensim.models.base_any2vec-INFO-EPOCH 2 - PROGRESS: at 48.84% examples, 255686 words/s, in_qsize 5, out_qsize 0
2020-06-30 12:30:06,307-gensim.models.base_any2vec-INFO-EPOCH 2 - PROGRESS: at 60.87% examples, 254970 words/s, in_qsize 5, out_qsize 0
2020-06-30 12:30:07,359-gensim.models.base_any2vec-INFO-EPOCH 2 - PROGRESS: at 73.64% examples, 256432 words/s, in_qsize 6, out_qsize 0
2020-06-30 12:30:08,374-gensim.models.base_any2vec-INFO-EPOCH 2 - PROGRESS: at 86.04% examples, 257626 words/s, in_qsize 5, out_qsize 0
2020-06-30 12:30:09,391-gensim.models.base_any2vec-INFO-EPOCH 2 - PROGRESS: at 98.44% examples, 258536 words/s, in_qsize 5, out_qsize 0
2020-06-30 12:30:09,422-gensim.models.base_any2vec-INFO-worker thread finished; awaiting finish of 2 more threads
2020-06-30 12:30:09,457-gensim.models.base_any2vec-INFO-worker thread finished; awaiting finish of 1 more threads
2020-06-30 12:30:09,469-gensim.models.base_any2vec-INFO-worker thread finished; awaiting finish of 0 more threads
2020-06-30 12:30:09,470-gensim.models.base_any2vec-INFO-EPOCH - 2 : training on 2661600 raw words (2171578 effective words) took 8.3s, 260167 effective words/s
2020-06-30 12:30:10,488-gensim.models.base_any2vec-INFO-EPOCH 3 - PROGRESS: at 11.65% examples, 249649 words/s, in_qsize 5, out_qsize 0
2020-06-30 12:30:11,501-gensim.models.base_any2vec-INFO-EPOCH 3 - PROGRESS: at 23.67% examples, 253716 words/s, in_qsize 5, out_qsize 0
2020-06-30 12:30:12,515-gensim.models.base_any2vec-INFO-EPOCH 3 - PROGRESS: at 36.07% examples, 257573 words/s, in_qsize 5, out_qsize 0
2020-06-30 12:30:13,568-gensim.models.base_any2vec-INFO-EPOCH 3 - PROGRESS: at 49.22% examples, 261091 words/s, in_qsize 5, out_qsize 0
2020-06-30 12:30:14,584-gensim.models.base_any2vec-INFO-EPOCH 3 - PROGRESS: at 61.62% examples, 261766 words/s, in_qsize 5, out_qsize 0
2020-06-30 12:30:15,606-gensim.models.base_any2vec-INFO-EPOCH 3 - PROGRESS: at 74.39% examples, 263325 words/s, in_qsize 5, out_qsize 0
2020-06-30 12:30:16,629-gensim.models.base_any2vec-INFO-EPOCH 3 - PROGRESS: at 87.17% examples, 264489 words/s, in_qsize 5, out_qsize 0
2020-06-30 12:30:17,577-gensim.models.base_any2vec-INFO-worker thread finished; awaiting finish of 2 more threads
2020-06-30 12:30:17,592-gensim.models.base_any2vec-INFO-worker thread finished; awaiting finish of 1 more threads
2020-06-30 12:30:17,624-gensim.models.base_any2vec-INFO-worker thread finished; awaiting finish of 0 more threads
2020-06-30 12:30:17,624-gensim.models.base_any2vec-INFO-EPOCH - 3 : training on 2661600 raw words (2171103 effective words) took 8.1s, 266401 effective words/s
2020-06-30 12:30:17,624-gensim.models.base_any2vec-INFO-training on a 7984800 raw words (6513791 effective words) took 25.3s, 257811 effective words/s
2020-06-30 12:30:18,441-baseline-INFO-

2020-06-30 12:30:18,441-baseline-INFO-

2020-06-30 12:30:18,441-baseline-INFO-Parameters dataset:citeseer datamode:A ad-method:IF emb-method:Struc2Vec
2020-06-30 12:30:18,441-baseline-INFO--------------Evaluating Validation Results--------------
2020-06-30 12:30:18,514-baseline-INFO-AUC:0.516,AP:0.521
2020-06-30 12:30:18,514-baseline-INFO-f1:0.2031,acc:0.5143,pre:0.5652,recall:0.1238
2020-06-30 12:30:18,514-baseline-INFO--------------Evaluating Test Results--------------
2020-06-30 12:30:18,601-baseline-INFO-AUC:0.5727,AP:0.5969
2020-06-30 12:30:18,601-baseline-INFO-f1:0.2756,acc:0.5356,pre:0.62,recall:0.1771
2020-06-30 12:36:15,108-gensim.models.word2vec-INFO-collecting all words and their counts
2020-06-30 12:36:15,109-gensim.models.word2vec-INFO-PROGRESS: at sentence #0, processed 0 words, keeping 0 word types
2020-06-30 12:36:15,130-gensim.models.word2vec-INFO-PROGRESS: at sentence #10000, processed 100000 words, keeping 3327 word types
2020-06-30 12:36:15,137-gensim.models.word2vec-INFO-PROGRESS: at sentence #20000, processed 200000 words, keeping 3327 word types
2020-06-30 12:36:15,145-gensim.models.word2vec-INFO-PROGRESS: at sentence #30000, processed 300000 words, keeping 3327 word types
2020-06-30 12:36:15,152-gensim.models.word2vec-INFO-PROGRESS: at sentence #40000, processed 400000 words, keeping 3327 word types
2020-06-30 12:36:15,160-gensim.models.word2vec-INFO-PROGRESS: at sentence #50000, processed 500000 words, keeping 3327 word types
2020-06-30 12:36:15,168-gensim.models.word2vec-INFO-PROGRESS: at sentence #60000, processed 600000 words, keeping 3327 word types
2020-06-30 12:36:15,176-gensim.models.word2vec-INFO-PROGRESS: at sentence #70000, processed 700000 words, keeping 3327 word types
2020-06-30 12:36:15,185-gensim.models.word2vec-INFO-PROGRESS: at sentence #80000, processed 800000 words, keeping 3327 word types
2020-06-30 12:36:15,194-gensim.models.word2vec-INFO-PROGRESS: at sentence #90000, processed 900000 words, keeping 3327 word types
2020-06-30 12:36:15,204-gensim.models.word2vec-INFO-PROGRESS: at sentence #100000, processed 1000000 words, keeping 3327 word types
2020-06-30 12:36:15,213-gensim.models.word2vec-INFO-PROGRESS: at sentence #110000, processed 1100000 words, keeping 3327 word types
2020-06-30 12:36:15,223-gensim.models.word2vec-INFO-PROGRESS: at sentence #120000, processed 1200000 words, keeping 3327 word types
2020-06-30 12:36:15,232-gensim.models.word2vec-INFO-PROGRESS: at sentence #130000, processed 1300000 words, keeping 3327 word types
2020-06-30 12:36:15,242-gensim.models.word2vec-INFO-PROGRESS: at sentence #140000, processed 1400000 words, keeping 3327 word types
2020-06-30 12:36:15,251-gensim.models.word2vec-INFO-PROGRESS: at sentence #150000, processed 1500000 words, keeping 3327 word types
2020-06-30 12:36:15,261-gensim.models.word2vec-INFO-PROGRESS: at sentence #160000, processed 1600000 words, keeping 3327 word types
2020-06-30 12:36:15,271-gensim.models.word2vec-INFO-PROGRESS: at sentence #170000, processed 1700000 words, keeping 3327 word types
2020-06-30 12:36:15,280-gensim.models.word2vec-INFO-PROGRESS: at sentence #180000, processed 1800000 words, keeping 3327 word types
2020-06-30 12:36:15,290-gensim.models.word2vec-INFO-PROGRESS: at sentence #190000, processed 1900000 words, keeping 3327 word types
2020-06-30 12:36:15,299-gensim.models.word2vec-INFO-PROGRESS: at sentence #200000, processed 2000000 words, keeping 3327 word types
2020-06-30 12:36:15,309-gensim.models.word2vec-INFO-PROGRESS: at sentence #210000, processed 2100000 words, keeping 3327 word types
2020-06-30 12:36:15,318-gensim.models.word2vec-INFO-PROGRESS: at sentence #220000, processed 2200000 words, keeping 3327 word types
2020-06-30 12:36:15,328-gensim.models.word2vec-INFO-PROGRESS: at sentence #230000, processed 2300000 words, keeping 3327 word types
2020-06-30 12:36:15,337-gensim.models.word2vec-INFO-PROGRESS: at sentence #240000, processed 2400000 words, keeping 3327 word types
2020-06-30 12:36:15,347-gensim.models.word2vec-INFO-PROGRESS: at sentence #250000, processed 2500000 words, keeping 3327 word types
2020-06-30 12:36:15,356-gensim.models.word2vec-INFO-PROGRESS: at sentence #260000, processed 2600000 words, keeping 3327 word types
2020-06-30 12:36:15,362-gensim.models.word2vec-INFO-collected 3327 word types from a corpus of 2661600 raw words and 266160 sentences
2020-06-30 12:36:15,362-gensim.models.word2vec-INFO-Loading a fresh vocabulary
2020-06-30 12:36:15,374-gensim.models.word2vec-INFO-effective_min_count=0 retains 3327 unique words (100% of original 3327, drops 0)
2020-06-30 12:36:15,374-gensim.models.word2vec-INFO-effective_min_count=0 leaves 2661600 word corpus (100% of original 2661600, drops 0)
2020-06-30 12:36:15,379-gensim.models.word2vec-INFO-deleting the raw counts dictionary of 3327 items
2020-06-30 12:36:15,379-gensim.models.word2vec-INFO-sample=0.001 downsamples 2 most-common words
2020-06-30 12:36:15,379-gensim.models.word2vec-INFO-downsampling leaves estimated 2654313 word corpus (99.7% of prior 2661600)
2020-06-30 12:36:15,383-gensim.models.base_any2vec-INFO-estimated required memory for 3327 words and 128 dimensions: 5070348 bytes
2020-06-30 12:36:15,383-gensim.models.word2vec-INFO-resetting layer weights
2020-06-30 12:36:15,751-gensim.models.base_any2vec-INFO-training model with 3 workers on 3327 vocabulary and 128 features, using sg=1 hs=0 sample=0.001 negative=5 window=5
2020-06-30 12:36:16,767-gensim.models.base_any2vec-INFO-EPOCH 1 - PROGRESS: at 16.53% examples, 434662 words/s, in_qsize 6, out_qsize 0
2020-06-30 12:36:17,777-gensim.models.base_any2vec-INFO-EPOCH 1 - PROGRESS: at 41.33% examples, 543341 words/s, in_qsize 5, out_qsize 0
2020-06-30 12:36:18,795-gensim.models.base_any2vec-INFO-EPOCH 1 - PROGRESS: at 74.02% examples, 646984 words/s, in_qsize 5, out_qsize 0
2020-06-30 12:36:19,494-gensim.models.base_any2vec-INFO-worker thread finished; awaiting finish of 2 more threads
2020-06-30 12:36:19,511-gensim.models.base_any2vec-INFO-worker thread finished; awaiting finish of 1 more threads
2020-06-30 12:36:19,516-gensim.models.base_any2vec-INFO-worker thread finished; awaiting finish of 0 more threads
2020-06-30 12:36:19,516-gensim.models.base_any2vec-INFO-EPOCH - 1 : training on 2661600 raw words (2654345 effective words) took 3.8s, 706355 effective words/s
2020-06-30 12:36:20,526-gensim.models.base_any2vec-INFO-EPOCH 2 - PROGRESS: at 35.69% examples, 943494 words/s, in_qsize 5, out_qsize 0
2020-06-30 12:36:21,528-gensim.models.base_any2vec-INFO-EPOCH 2 - PROGRESS: at 72.14% examples, 954436 words/s, in_qsize 5, out_qsize 0
2020-06-30 12:36:22,243-gensim.models.base_any2vec-INFO-worker thread finished; awaiting finish of 2 more threads
2020-06-30 12:36:22,243-gensim.models.base_any2vec-INFO-worker thread finished; awaiting finish of 1 more threads
2020-06-30 12:36:22,251-gensim.models.base_any2vec-INFO-worker thread finished; awaiting finish of 0 more threads
2020-06-30 12:36:22,251-gensim.models.base_any2vec-INFO-EPOCH - 2 : training on 2661600 raw words (2654462 effective words) took 2.7s, 972578 effective words/s
2020-06-30 12:36:23,269-gensim.models.base_any2vec-INFO-EPOCH 3 - PROGRESS: at 36.44% examples, 955344 words/s, in_qsize 5, out_qsize 0
2020-06-30 12:36:24,279-gensim.models.base_any2vec-INFO-EPOCH 3 - PROGRESS: at 74.77% examples, 981289 words/s, in_qsize 6, out_qsize 0
2020-06-30 12:36:24,918-gensim.models.base_any2vec-INFO-worker thread finished; awaiting finish of 2 more threads
2020-06-30 12:36:24,924-gensim.models.base_any2vec-INFO-worker thread finished; awaiting finish of 1 more threads
2020-06-30 12:36:24,936-gensim.models.base_any2vec-INFO-worker thread finished; awaiting finish of 0 more threads
2020-06-30 12:36:24,936-gensim.models.base_any2vec-INFO-EPOCH - 3 : training on 2661600 raw words (2654320 effective words) took 2.7s, 990354 effective words/s
2020-06-30 12:36:24,936-gensim.models.base_any2vec-INFO-training on a 7984800 raw words (7963127 effective words) took 9.2s, 866947 effective words/s
2020-06-30 12:36:25,751-baseline-INFO-

2020-06-30 12:36:25,751-baseline-INFO-

2020-06-30 12:36:25,751-baseline-INFO-Parameters dataset:citeseer datamode:A ad-method:IF emb-method:Node2Vec
2020-06-30 12:36:25,751-baseline-INFO--------------Evaluating Validation Results--------------
2020-06-30 12:36:25,823-baseline-INFO-AUC:0.6365,AP:0.6332
2020-06-30 12:36:25,823-baseline-INFO-f1:0.2769,acc:0.5524,pre:0.72,recall:0.1714
2020-06-30 12:36:25,823-baseline-INFO--------------Evaluating Test Results--------------
2020-06-30 12:36:25,909-baseline-INFO-AUC:0.5421,AP:0.5386
2020-06-30 12:36:25,909-baseline-INFO-f1:0.3136,acc:0.5385,pre:0.6066,recall:0.2114
2020-06-30 14:14:54,256-gensim.models.word2vec-INFO-collecting all words and their counts
2020-06-30 14:14:54,256-gensim.models.word2vec-INFO-PROGRESS: at sentence #0, processed 0 words, keeping 0 word types
2020-06-30 14:14:54,267-gensim.models.word2vec-INFO-PROGRESS: at sentence #10000, processed 100000 words, keeping 16523 word types
2020-06-30 14:14:54,278-gensim.models.word2vec-INFO-PROGRESS: at sentence #20000, processed 200000 words, keeping 19717 word types
2020-06-30 14:14:54,288-gensim.models.word2vec-INFO-PROGRESS: at sentence #30000, processed 300000 words, keeping 19717 word types
2020-06-30 14:14:54,298-gensim.models.word2vec-INFO-PROGRESS: at sentence #40000, processed 400000 words, keeping 19717 word types
2020-06-30 14:14:54,310-gensim.models.word2vec-INFO-PROGRESS: at sentence #50000, processed 500000 words, keeping 19717 word types
2020-06-30 14:14:54,320-gensim.models.word2vec-INFO-PROGRESS: at sentence #60000, processed 600000 words, keeping 19717 word types
2020-06-30 14:14:54,330-gensim.models.word2vec-INFO-PROGRESS: at sentence #70000, processed 700000 words, keeping 19717 word types
2020-06-30 14:14:54,340-gensim.models.word2vec-INFO-PROGRESS: at sentence #80000, processed 800000 words, keeping 19717 word types
2020-06-30 14:14:54,350-gensim.models.word2vec-INFO-PROGRESS: at sentence #90000, processed 900000 words, keeping 19717 word types
2020-06-30 14:14:54,360-gensim.models.word2vec-INFO-PROGRESS: at sentence #100000, processed 1000000 words, keeping 19717 word types
2020-06-30 14:14:54,370-gensim.models.word2vec-INFO-PROGRESS: at sentence #110000, processed 1100000 words, keeping 19717 word types
2020-06-30 14:14:54,381-gensim.models.word2vec-INFO-PROGRESS: at sentence #120000, processed 1200000 words, keeping 19717 word types
2020-06-30 14:14:54,391-gensim.models.word2vec-INFO-PROGRESS: at sentence #130000, processed 1300000 words, keeping 19717 word types
2020-06-30 14:14:54,401-gensim.models.word2vec-INFO-PROGRESS: at sentence #140000, processed 1400000 words, keeping 19717 word types
2020-06-30 14:14:54,411-gensim.models.word2vec-INFO-PROGRESS: at sentence #150000, processed 1500000 words, keeping 19717 word types
2020-06-30 14:14:54,421-gensim.models.word2vec-INFO-PROGRESS: at sentence #160000, processed 1600000 words, keeping 19717 word types
2020-06-30 14:14:54,431-gensim.models.word2vec-INFO-PROGRESS: at sentence #170000, processed 1700000 words, keeping 19717 word types
2020-06-30 14:14:54,441-gensim.models.word2vec-INFO-PROGRESS: at sentence #180000, processed 1800000 words, keeping 19717 word types
2020-06-30 14:14:54,452-gensim.models.word2vec-INFO-PROGRESS: at sentence #190000, processed 1900000 words, keeping 19717 word types
2020-06-30 14:14:54,462-gensim.models.word2vec-INFO-PROGRESS: at sentence #200000, processed 2000000 words, keeping 19717 word types
2020-06-30 14:14:54,472-gensim.models.word2vec-INFO-PROGRESS: at sentence #210000, processed 2100000 words, keeping 19717 word types
2020-06-30 14:14:54,482-gensim.models.word2vec-INFO-PROGRESS: at sentence #220000, processed 2200000 words, keeping 19717 word types
2020-06-30 14:14:54,492-gensim.models.word2vec-INFO-PROGRESS: at sentence #230000, processed 2300000 words, keeping 19717 word types
2020-06-30 14:14:54,502-gensim.models.word2vec-INFO-PROGRESS: at sentence #240000, processed 2400000 words, keeping 19717 word types
2020-06-30 14:14:54,513-gensim.models.word2vec-INFO-PROGRESS: at sentence #250000, processed 2500000 words, keeping 19717 word types
2020-06-30 14:14:54,523-gensim.models.word2vec-INFO-PROGRESS: at sentence #260000, processed 2600000 words, keeping 19717 word types
2020-06-30 14:14:54,533-gensim.models.word2vec-INFO-PROGRESS: at sentence #270000, processed 2700000 words, keeping 19717 word types
2020-06-30 14:14:54,544-gensim.models.word2vec-INFO-PROGRESS: at sentence #280000, processed 2800000 words, keeping 19717 word types
2020-06-30 14:14:54,555-gensim.models.word2vec-INFO-PROGRESS: at sentence #290000, processed 2900000 words, keeping 19717 word types
2020-06-30 14:14:54,565-gensim.models.word2vec-INFO-PROGRESS: at sentence #300000, processed 3000000 words, keeping 19717 word types
2020-06-30 14:14:54,575-gensim.models.word2vec-INFO-PROGRESS: at sentence #310000, processed 3100000 words, keeping 19717 word types
2020-06-30 14:14:54,585-gensim.models.word2vec-INFO-PROGRESS: at sentence #320000, processed 3200000 words, keeping 19717 word types
2020-06-30 14:14:54,596-gensim.models.word2vec-INFO-PROGRESS: at sentence #330000, processed 3300000 words, keeping 19717 word types
2020-06-30 14:14:54,606-gensim.models.word2vec-INFO-PROGRESS: at sentence #340000, processed 3400000 words, keeping 19717 word types
2020-06-30 14:14:54,616-gensim.models.word2vec-INFO-PROGRESS: at sentence #350000, processed 3500000 words, keeping 19717 word types
2020-06-30 14:14:54,626-gensim.models.word2vec-INFO-PROGRESS: at sentence #360000, processed 3600000 words, keeping 19717 word types
2020-06-30 14:14:54,637-gensim.models.word2vec-INFO-PROGRESS: at sentence #370000, processed 3700000 words, keeping 19717 word types
2020-06-30 14:14:54,647-gensim.models.word2vec-INFO-PROGRESS: at sentence #380000, processed 3800000 words, keeping 19717 word types
2020-06-30 14:14:54,657-gensim.models.word2vec-INFO-PROGRESS: at sentence #390000, processed 3900000 words, keeping 19717 word types
2020-06-30 14:14:54,670-gensim.models.word2vec-INFO-PROGRESS: at sentence #400000, processed 4000000 words, keeping 19717 word types
2020-06-30 14:14:54,683-gensim.models.word2vec-INFO-PROGRESS: at sentence #410000, processed 4100000 words, keeping 19717 word types
2020-06-30 14:14:54,696-gensim.models.word2vec-INFO-PROGRESS: at sentence #420000, processed 4200000 words, keeping 19717 word types
2020-06-30 14:14:54,709-gensim.models.word2vec-INFO-PROGRESS: at sentence #430000, processed 4300000 words, keeping 19717 word types
2020-06-30 14:14:54,722-gensim.models.word2vec-INFO-PROGRESS: at sentence #440000, processed 4400000 words, keeping 19717 word types
2020-06-30 14:14:54,734-gensim.models.word2vec-INFO-PROGRESS: at sentence #450000, processed 4500000 words, keeping 19717 word types
2020-06-30 14:14:54,747-gensim.models.word2vec-INFO-PROGRESS: at sentence #460000, processed 4600000 words, keeping 19717 word types
2020-06-30 14:14:54,760-gensim.models.word2vec-INFO-PROGRESS: at sentence #470000, processed 4700000 words, keeping 19717 word types
2020-06-30 14:14:54,772-gensim.models.word2vec-INFO-PROGRESS: at sentence #480000, processed 4800000 words, keeping 19717 word types
2020-06-30 14:14:54,785-gensim.models.word2vec-INFO-PROGRESS: at sentence #490000, processed 4900000 words, keeping 19717 word types
2020-06-30 14:14:54,798-gensim.models.word2vec-INFO-PROGRESS: at sentence #500000, processed 5000000 words, keeping 19717 word types
2020-06-30 14:14:54,811-gensim.models.word2vec-INFO-PROGRESS: at sentence #510000, processed 5100000 words, keeping 19717 word types
2020-06-30 14:14:54,824-gensim.models.word2vec-INFO-PROGRESS: at sentence #520000, processed 5200000 words, keeping 19717 word types
2020-06-30 14:14:54,837-gensim.models.word2vec-INFO-PROGRESS: at sentence #530000, processed 5300000 words, keeping 19717 word types
2020-06-30 14:14:54,849-gensim.models.word2vec-INFO-PROGRESS: at sentence #540000, processed 5400000 words, keeping 19717 word types
2020-06-30 14:14:54,862-gensim.models.word2vec-INFO-PROGRESS: at sentence #550000, processed 5500000 words, keeping 19717 word types
2020-06-30 14:14:54,875-gensim.models.word2vec-INFO-PROGRESS: at sentence #560000, processed 5600000 words, keeping 19717 word types
2020-06-30 14:14:54,888-gensim.models.word2vec-INFO-PROGRESS: at sentence #570000, processed 5700000 words, keeping 19717 word types
2020-06-30 14:14:54,901-gensim.models.word2vec-INFO-PROGRESS: at sentence #580000, processed 5800000 words, keeping 19717 word types
2020-06-30 14:14:54,914-gensim.models.word2vec-INFO-PROGRESS: at sentence #590000, processed 5900000 words, keeping 19717 word types
2020-06-30 14:14:54,926-gensim.models.word2vec-INFO-PROGRESS: at sentence #600000, processed 6000000 words, keeping 19717 word types
2020-06-30 14:14:54,939-gensim.models.word2vec-INFO-PROGRESS: at sentence #610000, processed 6100000 words, keeping 19717 word types
2020-06-30 14:14:54,952-gensim.models.word2vec-INFO-PROGRESS: at sentence #620000, processed 6200000 words, keeping 19717 word types
2020-06-30 14:14:54,965-gensim.models.word2vec-INFO-PROGRESS: at sentence #630000, processed 6300000 words, keeping 19717 word types
2020-06-30 14:14:54,978-gensim.models.word2vec-INFO-PROGRESS: at sentence #640000, processed 6400000 words, keeping 19717 word types
2020-06-30 14:14:54,991-gensim.models.word2vec-INFO-PROGRESS: at sentence #650000, processed 6500000 words, keeping 19717 word types
2020-06-30 14:14:55,004-gensim.models.word2vec-INFO-PROGRESS: at sentence #660000, processed 6600000 words, keeping 19717 word types
2020-06-30 14:14:55,017-gensim.models.word2vec-INFO-PROGRESS: at sentence #670000, processed 6700000 words, keeping 19717 word types
2020-06-30 14:14:55,030-gensim.models.word2vec-INFO-PROGRESS: at sentence #680000, processed 6800000 words, keeping 19717 word types
2020-06-30 14:14:55,043-gensim.models.word2vec-INFO-PROGRESS: at sentence #690000, processed 6900000 words, keeping 19717 word types
2020-06-30 14:14:55,055-gensim.models.word2vec-INFO-PROGRESS: at sentence #700000, processed 7000000 words, keeping 19717 word types
2020-06-30 14:14:55,068-gensim.models.word2vec-INFO-PROGRESS: at sentence #710000, processed 7100000 words, keeping 19717 word types
2020-06-30 14:14:55,081-gensim.models.word2vec-INFO-PROGRESS: at sentence #720000, processed 7200000 words, keeping 19717 word types
2020-06-30 14:14:55,094-gensim.models.word2vec-INFO-PROGRESS: at sentence #730000, processed 7300000 words, keeping 19717 word types
2020-06-30 14:14:55,107-gensim.models.word2vec-INFO-PROGRESS: at sentence #740000, processed 7400000 words, keeping 19717 word types
2020-06-30 14:14:55,120-gensim.models.word2vec-INFO-PROGRESS: at sentence #750000, processed 7500000 words, keeping 19717 word types
2020-06-30 14:14:55,132-gensim.models.word2vec-INFO-PROGRESS: at sentence #760000, processed 7600000 words, keeping 19717 word types
2020-06-30 14:14:55,145-gensim.models.word2vec-INFO-PROGRESS: at sentence #770000, processed 7700000 words, keeping 19717 word types
2020-06-30 14:14:55,158-gensim.models.word2vec-INFO-PROGRESS: at sentence #780000, processed 7800000 words, keeping 19717 word types
2020-06-30 14:14:55,172-gensim.models.word2vec-INFO-PROGRESS: at sentence #790000, processed 7900000 words, keeping 19717 word types
2020-06-30 14:14:55,185-gensim.models.word2vec-INFO-PROGRESS: at sentence #800000, processed 8000000 words, keeping 19717 word types
2020-06-30 14:14:55,199-gensim.models.word2vec-INFO-PROGRESS: at sentence #810000, processed 8100000 words, keeping 19717 word types
2020-06-30 14:14:55,212-gensim.models.word2vec-INFO-PROGRESS: at sentence #820000, processed 8200000 words, keeping 19717 word types
2020-06-30 14:14:55,225-gensim.models.word2vec-INFO-PROGRESS: at sentence #830000, processed 8300000 words, keeping 19717 word types
2020-06-30 14:14:55,238-gensim.models.word2vec-INFO-PROGRESS: at sentence #840000, processed 8400000 words, keeping 19717 word types
2020-06-30 14:14:55,251-gensim.models.word2vec-INFO-PROGRESS: at sentence #850000, processed 8500000 words, keeping 19717 word types
2020-06-30 14:14:55,264-gensim.models.word2vec-INFO-PROGRESS: at sentence #860000, processed 8600000 words, keeping 19717 word types
2020-06-30 14:14:55,277-gensim.models.word2vec-INFO-PROGRESS: at sentence #870000, processed 8700000 words, keeping 19717 word types
2020-06-30 14:14:55,290-gensim.models.word2vec-INFO-PROGRESS: at sentence #880000, processed 8800000 words, keeping 19717 word types
2020-06-30 14:14:55,303-gensim.models.word2vec-INFO-PROGRESS: at sentence #890000, processed 8900000 words, keeping 19717 word types
2020-06-30 14:14:55,316-gensim.models.word2vec-INFO-PROGRESS: at sentence #900000, processed 9000000 words, keeping 19717 word types
2020-06-30 14:14:55,329-gensim.models.word2vec-INFO-PROGRESS: at sentence #910000, processed 9100000 words, keeping 19717 word types
2020-06-30 14:14:55,342-gensim.models.word2vec-INFO-PROGRESS: at sentence #920000, processed 9200000 words, keeping 19717 word types
2020-06-30 14:14:55,355-gensim.models.word2vec-INFO-PROGRESS: at sentence #930000, processed 9300000 words, keeping 19717 word types
2020-06-30 14:14:55,368-gensim.models.word2vec-INFO-PROGRESS: at sentence #940000, processed 9400000 words, keeping 19717 word types
2020-06-30 14:14:55,381-gensim.models.word2vec-INFO-PROGRESS: at sentence #950000, processed 9500000 words, keeping 19717 word types
2020-06-30 14:14:55,394-gensim.models.word2vec-INFO-PROGRESS: at sentence #960000, processed 9600000 words, keeping 19717 word types
2020-06-30 14:14:55,407-gensim.models.word2vec-INFO-PROGRESS: at sentence #970000, processed 9700000 words, keeping 19717 word types
2020-06-30 14:14:55,420-gensim.models.word2vec-INFO-PROGRESS: at sentence #980000, processed 9800000 words, keeping 19717 word types
2020-06-30 14:14:55,433-gensim.models.word2vec-INFO-PROGRESS: at sentence #990000, processed 9900000 words, keeping 19717 word types
2020-06-30 14:14:55,446-gensim.models.word2vec-INFO-PROGRESS: at sentence #1000000, processed 10000000 words, keeping 19717 word types
2020-06-30 14:14:55,459-gensim.models.word2vec-INFO-PROGRESS: at sentence #1010000, processed 10100000 words, keeping 19717 word types
2020-06-30 14:14:55,472-gensim.models.word2vec-INFO-PROGRESS: at sentence #1020000, processed 10200000 words, keeping 19717 word types
2020-06-30 14:14:55,485-gensim.models.word2vec-INFO-PROGRESS: at sentence #1030000, processed 10300000 words, keeping 19717 word types
2020-06-30 14:14:55,498-gensim.models.word2vec-INFO-PROGRESS: at sentence #1040000, processed 10400000 words, keeping 19717 word types
2020-06-30 14:14:55,511-gensim.models.word2vec-INFO-PROGRESS: at sentence #1050000, processed 10500000 words, keeping 19717 word types
2020-06-30 14:14:55,524-gensim.models.word2vec-INFO-PROGRESS: at sentence #1060000, processed 10600000 words, keeping 19717 word types
2020-06-30 14:14:55,538-gensim.models.word2vec-INFO-PROGRESS: at sentence #1070000, processed 10700000 words, keeping 19717 word types
2020-06-30 14:14:55,552-gensim.models.word2vec-INFO-PROGRESS: at sentence #1080000, processed 10800000 words, keeping 19717 word types
2020-06-30 14:14:55,565-gensim.models.word2vec-INFO-PROGRESS: at sentence #1090000, processed 10900000 words, keeping 19717 word types
2020-06-30 14:14:55,579-gensim.models.word2vec-INFO-PROGRESS: at sentence #1100000, processed 11000000 words, keeping 19717 word types
2020-06-30 14:14:55,592-gensim.models.word2vec-INFO-PROGRESS: at sentence #1110000, processed 11100000 words, keeping 19717 word types
2020-06-30 14:14:55,605-gensim.models.word2vec-INFO-PROGRESS: at sentence #1120000, processed 11200000 words, keeping 19717 word types
2020-06-30 14:14:55,618-gensim.models.word2vec-INFO-PROGRESS: at sentence #1130000, processed 11300000 words, keeping 19717 word types
2020-06-30 14:14:55,631-gensim.models.word2vec-INFO-PROGRESS: at sentence #1140000, processed 11400000 words, keeping 19717 word types
2020-06-30 14:14:55,644-gensim.models.word2vec-INFO-PROGRESS: at sentence #1150000, processed 11500000 words, keeping 19717 word types
2020-06-30 14:14:55,657-gensim.models.word2vec-INFO-PROGRESS: at sentence #1160000, processed 11600000 words, keeping 19717 word types
2020-06-30 14:14:55,670-gensim.models.word2vec-INFO-PROGRESS: at sentence #1170000, processed 11700000 words, keeping 19717 word types
2020-06-30 14:14:55,683-gensim.models.word2vec-INFO-PROGRESS: at sentence #1180000, processed 11800000 words, keeping 19717 word types
2020-06-30 14:14:55,697-gensim.models.word2vec-INFO-PROGRESS: at sentence #1190000, processed 11900000 words, keeping 19717 word types
2020-06-30 14:14:55,711-gensim.models.word2vec-INFO-PROGRESS: at sentence #1200000, processed 12000000 words, keeping 19717 word types
2020-06-30 14:14:55,724-gensim.models.word2vec-INFO-PROGRESS: at sentence #1210000, processed 12100000 words, keeping 19717 word types
2020-06-30 14:14:55,738-gensim.models.word2vec-INFO-PROGRESS: at sentence #1220000, processed 12200000 words, keeping 19717 word types
2020-06-30 14:14:55,751-gensim.models.word2vec-INFO-PROGRESS: at sentence #1230000, processed 12300000 words, keeping 19717 word types
2020-06-30 14:14:55,764-gensim.models.word2vec-INFO-PROGRESS: at sentence #1240000, processed 12400000 words, keeping 19717 word types
2020-06-30 14:14:55,777-gensim.models.word2vec-INFO-PROGRESS: at sentence #1250000, processed 12500000 words, keeping 19717 word types
2020-06-30 14:14:55,791-gensim.models.word2vec-INFO-PROGRESS: at sentence #1260000, processed 12600000 words, keeping 19717 word types
2020-06-30 14:14:55,804-gensim.models.word2vec-INFO-PROGRESS: at sentence #1270000, processed 12700000 words, keeping 19717 word types
2020-06-30 14:14:55,817-gensim.models.word2vec-INFO-PROGRESS: at sentence #1280000, processed 12800000 words, keeping 19717 word types
2020-06-30 14:14:55,830-gensim.models.word2vec-INFO-PROGRESS: at sentence #1290000, processed 12900000 words, keeping 19717 word types
2020-06-30 14:14:55,843-gensim.models.word2vec-INFO-PROGRESS: at sentence #1300000, processed 13000000 words, keeping 19717 word types
2020-06-30 14:14:55,856-gensim.models.word2vec-INFO-PROGRESS: at sentence #1310000, processed 13100000 words, keeping 19717 word types
2020-06-30 14:14:55,869-gensim.models.word2vec-INFO-PROGRESS: at sentence #1320000, processed 13200000 words, keeping 19717 word types
2020-06-30 14:14:55,883-gensim.models.word2vec-INFO-PROGRESS: at sentence #1330000, processed 13300000 words, keeping 19717 word types
2020-06-30 14:14:55,896-gensim.models.word2vec-INFO-PROGRESS: at sentence #1340000, processed 13400000 words, keeping 19717 word types
2020-06-30 14:14:55,909-gensim.models.word2vec-INFO-PROGRESS: at sentence #1350000, processed 13500000 words, keeping 19717 word types
2020-06-30 14:14:55,922-gensim.models.word2vec-INFO-PROGRESS: at sentence #1360000, processed 13600000 words, keeping 19717 word types
2020-06-30 14:14:55,936-gensim.models.word2vec-INFO-PROGRESS: at sentence #1370000, processed 13700000 words, keeping 19717 word types
2020-06-30 14:14:55,949-gensim.models.word2vec-INFO-PROGRESS: at sentence #1380000, processed 13800000 words, keeping 19717 word types
2020-06-30 14:14:55,962-gensim.models.word2vec-INFO-PROGRESS: at sentence #1390000, processed 13900000 words, keeping 19717 word types
2020-06-30 14:14:55,975-gensim.models.word2vec-INFO-PROGRESS: at sentence #1400000, processed 14000000 words, keeping 19717 word types
2020-06-30 14:14:55,989-gensim.models.word2vec-INFO-PROGRESS: at sentence #1410000, processed 14100000 words, keeping 19717 word types
2020-06-30 14:14:56,002-gensim.models.word2vec-INFO-PROGRESS: at sentence #1420000, processed 14200000 words, keeping 19717 word types
2020-06-30 14:14:56,015-gensim.models.word2vec-INFO-PROGRESS: at sentence #1430000, processed 14300000 words, keeping 19717 word types
2020-06-30 14:14:56,028-gensim.models.word2vec-INFO-PROGRESS: at sentence #1440000, processed 14400000 words, keeping 19717 word types
2020-06-30 14:14:56,042-gensim.models.word2vec-INFO-PROGRESS: at sentence #1450000, processed 14500000 words, keeping 19717 word types
2020-06-30 14:14:56,055-gensim.models.word2vec-INFO-PROGRESS: at sentence #1460000, processed 14600000 words, keeping 19717 word types
2020-06-30 14:14:56,068-gensim.models.word2vec-INFO-PROGRESS: at sentence #1470000, processed 14700000 words, keeping 19717 word types
2020-06-30 14:14:56,081-gensim.models.word2vec-INFO-PROGRESS: at sentence #1480000, processed 14800000 words, keeping 19717 word types
2020-06-30 14:14:56,095-gensim.models.word2vec-INFO-PROGRESS: at sentence #1490000, processed 14900000 words, keeping 19717 word types
2020-06-30 14:14:56,108-gensim.models.word2vec-INFO-PROGRESS: at sentence #1500000, processed 15000000 words, keeping 19717 word types
2020-06-30 14:14:56,121-gensim.models.word2vec-INFO-PROGRESS: at sentence #1510000, processed 15100000 words, keeping 19717 word types
2020-06-30 14:14:56,134-gensim.models.word2vec-INFO-PROGRESS: at sentence #1520000, processed 15200000 words, keeping 19717 word types
2020-06-30 14:14:56,148-gensim.models.word2vec-INFO-PROGRESS: at sentence #1530000, processed 15300000 words, keeping 19717 word types
2020-06-30 14:14:56,161-gensim.models.word2vec-INFO-PROGRESS: at sentence #1540000, processed 15400000 words, keeping 19717 word types
2020-06-30 14:14:56,174-gensim.models.word2vec-INFO-PROGRESS: at sentence #1550000, processed 15500000 words, keeping 19717 word types
2020-06-30 14:14:56,187-gensim.models.word2vec-INFO-PROGRESS: at sentence #1560000, processed 15600000 words, keeping 19717 word types
2020-06-30 14:14:56,201-gensim.models.word2vec-INFO-PROGRESS: at sentence #1570000, processed 15700000 words, keeping 19717 word types
2020-06-30 14:14:56,210-gensim.models.word2vec-INFO-collected 19717 word types from a corpus of 15773600 raw words and 1577360 sentences
2020-06-30 14:14:56,211-gensim.models.word2vec-INFO-Loading a fresh vocabulary
2020-06-30 14:14:56,283-gensim.models.word2vec-INFO-effective_min_count=0 retains 19717 unique words (100% of original 19717, drops 0)
2020-06-30 14:14:56,283-gensim.models.word2vec-INFO-effective_min_count=0 leaves 15773600 word corpus (100% of original 15773600, drops 0)
2020-06-30 14:14:56,318-gensim.models.word2vec-INFO-deleting the raw counts dictionary of 19717 items
2020-06-30 14:14:56,318-gensim.models.word2vec-INFO-sample=0.001 downsamples 47 most-common words
2020-06-30 14:14:56,318-gensim.models.word2vec-INFO-downsampling leaves estimated 12918848 word corpus (81.9% of prior 15773600)
2020-06-30 14:14:56,332-gensim.models.word2vec-INFO-constructing a huffman tree from 19717 words
2020-06-30 14:14:56,634-gensim.models.word2vec-INFO-built huffman tree with maximum node depth 17
2020-06-30 14:14:56,667-gensim.models.base_any2vec-INFO-estimated required memory for 19717 words and 128 dimensions: 44087212 bytes
2020-06-30 14:14:56,667-gensim.models.word2vec-INFO-resetting layer weights
2020-06-30 14:14:58,713-gensim.models.base_any2vec-INFO-training model with 3 workers on 19717 vocabulary and 128 features, using sg=1 hs=1 sample=0.001 negative=5 window=5
2020-06-30 14:14:59,823-gensim.models.base_any2vec-INFO-EPOCH 1 - PROGRESS: at 1.46% examples, 174044 words/s, in_qsize 6, out_qsize 1
2020-06-30 14:15:00,950-gensim.models.base_any2vec-INFO-EPOCH 1 - PROGRESS: at 2.98% examples, 174385 words/s, in_qsize 3, out_qsize 2
2020-06-30 14:15:02,013-gensim.models.base_any2vec-INFO-EPOCH 1 - PROGRESS: at 4.56% examples, 180288 words/s, in_qsize 6, out_qsize 0
2020-06-30 14:15:03,103-gensim.models.base_any2vec-INFO-EPOCH 1 - PROGRESS: at 6.15% examples, 182185 words/s, in_qsize 6, out_qsize 2
2020-06-30 14:15:04,135-gensim.models.base_any2vec-INFO-EPOCH 1 - PROGRESS: at 7.73% examples, 185316 words/s, in_qsize 6, out_qsize 1
2020-06-30 14:15:05,196-gensim.models.base_any2vec-INFO-EPOCH 1 - PROGRESS: at 9.26% examples, 185306 words/s, in_qsize 6, out_qsize 0
2020-06-30 14:15:06,237-gensim.models.base_any2vec-INFO-EPOCH 1 - PROGRESS: at 10.84% examples, 186861 words/s, in_qsize 6, out_qsize 0
2020-06-30 14:15:07,340-gensim.models.base_any2vec-INFO-EPOCH 1 - PROGRESS: at 12.43% examples, 186708 words/s, in_qsize 4, out_qsize 1
2020-06-30 14:15:08,443-gensim.models.base_any2vec-INFO-EPOCH 1 - PROGRESS: at 13.95% examples, 185719 words/s, in_qsize 6, out_qsize 2
2020-06-30 14:15:09,514-gensim.models.base_any2vec-INFO-EPOCH 1 - PROGRESS: at 15.47% examples, 185525 words/s, in_qsize 5, out_qsize 0
2020-06-30 14:15:10,516-gensim.models.base_any2vec-INFO-EPOCH 1 - PROGRESS: at 17.05% examples, 187123 words/s, in_qsize 6, out_qsize 0
2020-06-30 14:15:11,537-gensim.models.base_any2vec-INFO-EPOCH 1 - PROGRESS: at 18.64% examples, 188197 words/s, in_qsize 6, out_qsize 0
2020-06-30 14:15:12,545-gensim.models.base_any2vec-INFO-EPOCH 1 - PROGRESS: at 20.16% examples, 188717 words/s, in_qsize 6, out_qsize 0
2020-06-30 14:15:13,618-gensim.models.base_any2vec-INFO-EPOCH 1 - PROGRESS: at 21.94% examples, 190530 words/s, in_qsize 5, out_qsize 0
2020-06-30 14:15:14,633-gensim.models.base_any2vec-INFO-EPOCH 1 - PROGRESS: at 23.58% examples, 191749 words/s, in_qsize 5, out_qsize 0
2020-06-30 14:15:15,716-gensim.models.base_any2vec-INFO-EPOCH 1 - PROGRESS: at 25.30% examples, 192524 words/s, in_qsize 6, out_qsize 1
2020-06-30 14:15:16,745-gensim.models.base_any2vec-INFO-EPOCH 1 - PROGRESS: at 26.88% examples, 192892 words/s, in_qsize 6, out_qsize 1
2020-06-30 14:15:17,758-gensim.models.base_any2vec-INFO-EPOCH 1 - PROGRESS: at 28.47% examples, 193400 words/s, in_qsize 6, out_qsize 0
2020-06-30 14:15:18,801-gensim.models.base_any2vec-INFO-EPOCH 1 - PROGRESS: at 29.99% examples, 193156 words/s, in_qsize 6, out_qsize 0
2020-06-30 14:15:19,836-gensim.models.base_any2vec-INFO-EPOCH 1 - PROGRESS: at 31.76% examples, 194561 words/s, in_qsize 5, out_qsize 0
2020-06-30 14:15:20,917-gensim.models.base_any2vec-INFO-EPOCH 1 - PROGRESS: at 33.47% examples, 195048 words/s, in_qsize 4, out_qsize 1
2020-06-30 14:15:21,985-gensim.models.base_any2vec-INFO-EPOCH 1 - PROGRESS: at 35.00% examples, 194533 words/s, in_qsize 4, out_qsize 1
2020-06-30 14:15:23,056-gensim.models.base_any2vec-INFO-EPOCH 1 - PROGRESS: at 36.52% examples, 194058 words/s, in_qsize 5, out_qsize 0
2020-06-30 14:15:24,088-gensim.models.base_any2vec-INFO-EPOCH 1 - PROGRESS: at 38.23% examples, 194881 words/s, in_qsize 5, out_qsize 0
2020-06-30 14:15:25,101-gensim.models.base_any2vec-INFO-EPOCH 1 - PROGRESS: at 39.94% examples, 195781 words/s, in_qsize 5, out_qsize 0
2020-06-30 14:15:26,123-gensim.models.base_any2vec-INFO-EPOCH 1 - PROGRESS: at 41.59% examples, 196253 words/s, in_qsize 6, out_qsize 0
2020-06-30 14:15:27,192-gensim.models.base_any2vec-INFO-EPOCH 1 - PROGRESS: at 43.17% examples, 196080 words/s, in_qsize 5, out_qsize 2
2020-06-30 14:15:28,230-gensim.models.base_any2vec-INFO-EPOCH 1 - PROGRESS: at 44.69% examples, 195843 words/s, in_qsize 5, out_qsize 0
2020-06-30 14:15:29,343-gensim.models.base_any2vec-INFO-EPOCH 1 - PROGRESS: at 46.28% examples, 195412 words/s, in_qsize 5, out_qsize 2
2020-06-30 14:15:30,415-gensim.models.base_any2vec-INFO-EPOCH 1 - PROGRESS: at 47.80% examples, 195006 words/s, in_qsize 4, out_qsize 1
2020-06-30 14:15:31,515-gensim.models.base_any2vec-INFO-EPOCH 1 - PROGRESS: at 49.32% examples, 194468 words/s, in_qsize 4, out_qsize 1
2020-06-30 14:15:32,517-gensim.models.base_any2vec-INFO-EPOCH 1 - PROGRESS: at 50.84% examples, 194522 words/s, in_qsize 5, out_qsize 0
2020-06-30 14:15:33,558-gensim.models.base_any2vec-INFO-EPOCH 1 - PROGRESS: at 52.62% examples, 195286 words/s, in_qsize 5, out_qsize 0
2020-06-30 14:15:34,628-gensim.models.base_any2vec-INFO-EPOCH 1 - PROGRESS: at 54.33% examples, 195633 words/s, in_qsize 5, out_qsize 0
2020-06-30 14:15:35,697-gensim.models.base_any2vec-INFO-EPOCH 1 - PROGRESS: at 55.85% examples, 195290 words/s, in_qsize 6, out_qsize 2
2020-06-30 14:15:36,727-gensim.models.base_any2vec-INFO-EPOCH 1 - PROGRESS: at 57.37% examples, 195174 words/s, in_qsize 3, out_qsize 2
2020-06-30 14:15:37,728-gensim.models.base_any2vec-INFO-EPOCH 1 - PROGRESS: at 58.90% examples, 195202 words/s, in_qsize 5, out_qsize 0
2020-06-30 14:15:38,783-gensim.models.base_any2vec-INFO-EPOCH 1 - PROGRESS: at 60.54% examples, 195375 words/s, in_qsize 6, out_qsize 2
2020-06-30 14:15:39,818-gensim.models.base_any2vec-INFO-EPOCH 1 - PROGRESS: at 62.13% examples, 195443 words/s, in_qsize 6, out_qsize 0
2020-06-30 14:15:40,828-gensim.models.base_any2vec-INFO-EPOCH 1 - PROGRESS: at 63.84% examples, 196012 words/s, in_qsize 6, out_qsize 0
2020-06-30 14:15:41,844-gensim.models.base_any2vec-INFO-EPOCH 1 - PROGRESS: at 65.55% examples, 196531 words/s, in_qsize 6, out_qsize 0
2020-06-30 14:15:42,849-gensim.models.base_any2vec-INFO-EPOCH 1 - PROGRESS: at 67.26% examples, 197064 words/s, in_qsize 5, out_qsize 0
2020-06-30 14:15:43,850-gensim.models.base_any2vec-INFO-EPOCH 1 - PROGRESS: at 68.91% examples, 197399 words/s, in_qsize 5, out_qsize 0
2020-06-30 14:15:44,878-gensim.models.base_any2vec-INFO-EPOCH 1 - PROGRESS: at 70.50% examples, 197446 words/s, in_qsize 5, out_qsize 0
2020-06-30 14:15:45,911-gensim.models.base_any2vec-INFO-EPOCH 1 - PROGRESS: at 72.27% examples, 197987 words/s, in_qsize 5, out_qsize 0
2020-06-30 14:15:47,007-gensim.models.base_any2vec-INFO-EPOCH 1 - PROGRESS: at 74.05% examples, 198235 words/s, in_qsize 5, out_qsize 0
2020-06-30 14:15:48,086-gensim.models.base_any2vec-INFO-EPOCH 1 - PROGRESS: at 75.57% examples, 197888 words/s, in_qsize 5, out_qsize 0
2020-06-30 14:15:49,116-gensim.models.base_any2vec-INFO-EPOCH 1 - PROGRESS: at 77.15% examples, 197906 words/s, in_qsize 4, out_qsize 1
2020-06-30 14:15:50,184-gensim.models.base_any2vec-INFO-EPOCH 1 - PROGRESS: at 78.68% examples, 197613 words/s, in_qsize 6, out_qsize 2
2020-06-30 14:15:51,225-gensim.models.base_any2vec-INFO-EPOCH 1 - PROGRESS: at 80.26% examples, 197592 words/s, in_qsize 6, out_qsize 1
2020-06-30 14:15:52,298-gensim.models.base_any2vec-INFO-EPOCH 1 - PROGRESS: at 81.78% examples, 197301 words/s, in_qsize 6, out_qsize 0
2020-06-30 14:15:53,328-gensim.models.base_any2vec-INFO-EPOCH 1 - PROGRESS: at 83.56% examples, 197780 words/s, in_qsize 5, out_qsize 0
2020-06-30 14:15:54,330-gensim.models.base_any2vec-INFO-EPOCH 1 - PROGRESS: at 85.21% examples, 198047 words/s, in_qsize 6, out_qsize 1
2020-06-30 14:15:55,359-gensim.models.base_any2vec-INFO-EPOCH 1 - PROGRESS: at 86.66% examples, 197775 words/s, in_qsize 5, out_qsize 0
2020-06-30 14:15:56,421-gensim.models.base_any2vec-INFO-EPOCH 1 - PROGRESS: at 88.25% examples, 197679 words/s, in_qsize 6, out_qsize 2
2020-06-30 14:15:57,435-gensim.models.base_any2vec-INFO-EPOCH 1 - PROGRESS: at 90.02% examples, 198178 words/s, in_qsize 6, out_qsize 0
2020-06-30 14:15:58,491-gensim.models.base_any2vec-INFO-EPOCH 1 - PROGRESS: at 91.80% examples, 198505 words/s, in_qsize 5, out_qsize 0
2020-06-30 14:15:59,501-gensim.models.base_any2vec-INFO-EPOCH 1 - PROGRESS: at 93.45% examples, 198710 words/s, in_qsize 6, out_qsize 1
2020-06-30 14:16:00,513-gensim.models.base_any2vec-INFO-EPOCH 1 - PROGRESS: at 94.91% examples, 198509 words/s, in_qsize 4, out_qsize 2
2020-06-30 14:16:01,513-gensim.models.base_any2vec-INFO-EPOCH 1 - PROGRESS: at 96.62% examples, 198871 words/s, in_qsize 5, out_qsize 0
2020-06-30 14:16:02,609-gensim.models.base_any2vec-INFO-EPOCH 1 - PROGRESS: at 98.39% examples, 199050 words/s, in_qsize 4, out_qsize 1
2020-06-30 14:16:03,478-gensim.models.base_any2vec-INFO-worker thread finished; awaiting finish of 2 more threads
2020-06-30 14:16:03,511-gensim.models.base_any2vec-INFO-worker thread finished; awaiting finish of 1 more threads
2020-06-30 14:16:03,536-gensim.models.base_any2vec-INFO-worker thread finished; awaiting finish of 0 more threads
2020-06-30 14:16:03,536-gensim.models.base_any2vec-INFO-EPOCH - 1 : training on 15773600 raw words (12920930 effective words) took 64.8s, 199410 effective words/s
2020-06-30 14:16:04,564-gensim.models.base_any2vec-INFO-EPOCH 2 - PROGRESS: at 1.46% examples, 184520 words/s, in_qsize 6, out_qsize 1
2020-06-30 14:16:05,619-gensim.models.base_any2vec-INFO-EPOCH 2 - PROGRESS: at 2.98% examples, 185413 words/s, in_qsize 6, out_qsize 0
2020-06-30 14:16:06,682-gensim.models.base_any2vec-INFO-EPOCH 2 - PROGRESS: at 4.50% examples, 185206 words/s, in_qsize 3, out_qsize 2
2020-06-30 14:16:07,738-gensim.models.base_any2vec-INFO-EPOCH 2 - PROGRESS: at 6.02% examples, 185456 words/s, in_qsize 6, out_qsize 0
2020-06-30 14:16:08,805-gensim.models.base_any2vec-INFO-EPOCH 2 - PROGRESS: at 7.54% examples, 185216 words/s, in_qsize 6, out_qsize 1
2020-06-30 14:16:09,856-gensim.models.base_any2vec-INFO-EPOCH 2 - PROGRESS: at 9.07% examples, 185555 words/s, in_qsize 5, out_qsize 2
2020-06-30 14:16:10,869-gensim.models.base_any2vec-INFO-EPOCH 2 - PROGRESS: at 10.65% examples, 187818 words/s, in_qsize 4, out_qsize 1
2020-06-30 14:16:11,933-gensim.models.base_any2vec-INFO-EPOCH 2 - PROGRESS: at 12.17% examples, 187455 words/s, in_qsize 4, out_qsize 1
2020-06-30 14:16:12,965-gensim.models.base_any2vec-INFO-EPOCH 2 - PROGRESS: at 13.76% examples, 188651 words/s, in_qsize 4, out_qsize 1
2020-06-30 14:16:13,979-gensim.models.base_any2vec-INFO-EPOCH 2 - PROGRESS: at 15.28% examples, 189146 words/s, in_qsize 3, out_qsize 2
2020-06-30 14:16:14,999-gensim.models.base_any2vec-INFO-EPOCH 2 - PROGRESS: at 16.86% examples, 190182 words/s, in_qsize 3, out_qsize 2
2020-06-30 14:16:16,051-gensim.models.base_any2vec-INFO-EPOCH 2 - PROGRESS: at 18.39% examples, 189907 words/s, in_qsize 4, out_qsize 1
2020-06-30 14:16:17,094-gensim.models.base_any2vec-INFO-EPOCH 2 - PROGRESS: at 19.97% examples, 190407 words/s, in_qsize 3, out_qsize 2
2020-06-30 14:16:18,098-gensim.models.base_any2vec-INFO-EPOCH 2 - PROGRESS: at 21.56% examples, 191333 words/s, in_qsize 4, out_qsize 1
2020-06-30 14:16:19,112-gensim.models.base_any2vec-INFO-EPOCH 2 - PROGRESS: at 23.08% examples, 191486 words/s, in_qsize 6, out_qsize 2
2020-06-30 14:16:20,125-gensim.models.base_any2vec-INFO-EPOCH 2 - PROGRESS: at 24.66% examples, 192146 words/s, in_qsize 4, out_qsize 1
2020-06-30 14:16:21,185-gensim.models.base_any2vec-INFO-EPOCH 2 - PROGRESS: at 26.18% examples, 191731 words/s, in_qsize 6, out_qsize 0
2020-06-30 14:16:22,208-gensim.models.base_any2vec-INFO-EPOCH 2 - PROGRESS: at 27.77% examples, 192218 words/s, in_qsize 4, out_qsize 1
2020-06-30 14:16:23,315-gensim.models.base_any2vec-INFO-EPOCH 2 - PROGRESS: at 29.54% examples, 193046 words/s, in_qsize 6, out_qsize 0
2020-06-30 14:16:24,371-gensim.models.base_any2vec-INFO-EPOCH 2 - PROGRESS: at 31.32% examples, 194259 words/s, in_qsize 5, out_qsize 0
2020-06-30 14:16:25,474-gensim.models.base_any2vec-INFO-EPOCH 2 - PROGRESS: at 32.90% examples, 193836 words/s, in_qsize 5, out_qsize 0
2020-06-30 14:16:26,487-gensim.models.base_any2vec-INFO-EPOCH 2 - PROGRESS: at 34.61% examples, 194909 words/s, in_qsize 6, out_qsize 0
2020-06-30 14:16:27,488-gensim.models.base_any2vec-INFO-EPOCH 2 - PROGRESS: at 36.33% examples, 195993 words/s, in_qsize 6, out_qsize 0
2020-06-30 14:16:28,514-gensim.models.base_any2vec-INFO-EPOCH 2 - PROGRESS: at 37.85% examples, 195806 words/s, in_qsize 4, out_qsize 1
2020-06-30 14:16:29,555-gensim.models.base_any2vec-INFO-EPOCH 2 - PROGRESS: at 39.37% examples, 195507 words/s, in_qsize 5, out_qsize 0
2020-06-30 14:16:30,641-gensim.models.base_any2vec-INFO-EPOCH 2 - PROGRESS: at 40.89% examples, 194941 words/s, in_qsize 5, out_qsize 0
2020-06-30 14:16:31,705-gensim.models.base_any2vec-INFO-EPOCH 2 - PROGRESS: at 42.41% examples, 194544 words/s, in_qsize 5, out_qsize 2
2020-06-30 14:16:32,745-gensim.models.base_any2vec-INFO-EPOCH 2 - PROGRESS: at 43.93% examples, 194359 words/s, in_qsize 3, out_qsize 2
2020-06-30 14:16:33,776-gensim.models.base_any2vec-INFO-EPOCH 2 - PROGRESS: at 45.46% examples, 194222 words/s, in_qsize 5, out_qsize 0
2020-06-30 14:16:34,776-gensim.models.base_any2vec-INFO-EPOCH 2 - PROGRESS: at 47.10% examples, 194815 words/s, in_qsize 5, out_qsize 0
2020-06-30 14:16:35,784-gensim.models.base_any2vec-INFO-EPOCH 2 - PROGRESS: at 48.75% examples, 195331 words/s, in_qsize 4, out_qsize 1
2020-06-30 14:16:36,898-gensim.models.base_any2vec-INFO-EPOCH 2 - PROGRESS: at 50.46% examples, 195426 words/s, in_qsize 4, out_qsize 1
2020-06-30 14:16:37,900-gensim.models.base_any2vec-INFO-EPOCH 2 - PROGRESS: at 52.05% examples, 195676 words/s, in_qsize 6, out_qsize 2
2020-06-30 14:16:39,002-gensim.models.base_any2vec-INFO-EPOCH 2 - PROGRESS: at 53.76% examples, 195829 words/s, in_qsize 3, out_qsize 2
2020-06-30 14:16:40,029-gensim.models.base_any2vec-INFO-EPOCH 2 - PROGRESS: at 55.47% examples, 196375 words/s, in_qsize 5, out_qsize 0
2020-06-30 14:16:41,070-gensim.models.base_any2vec-INFO-EPOCH 2 - PROGRESS: at 57.12% examples, 196611 words/s, in_qsize 4, out_qsize 1
2020-06-30 14:16:42,101-gensim.models.base_any2vec-INFO-EPOCH 2 - PROGRESS: at 58.71% examples, 196652 words/s, in_qsize 5, out_qsize 0
2020-06-30 14:16:43,111-gensim.models.base_any2vec-INFO-EPOCH 2 - PROGRESS: at 60.23% examples, 196597 words/s, in_qsize 5, out_qsize 0
2020-06-30 14:16:44,113-gensim.models.base_any2vec-INFO-EPOCH 2 - PROGRESS: at 61.81% examples, 196785 words/s, in_qsize 5, out_qsize 0
2020-06-30 14:16:45,115-gensim.models.base_any2vec-INFO-EPOCH 2 - PROGRESS: at 63.40% examples, 196970 words/s, in_qsize 5, out_qsize 0
2020-06-30 14:16:46,120-gensim.models.base_any2vec-INFO-EPOCH 2 - PROGRESS: at 64.92% examples, 196935 words/s, in_qsize 3, out_qsize 2
2020-06-30 14:16:47,134-gensim.models.base_any2vec-INFO-EPOCH 2 - PROGRESS: at 66.57% examples, 197234 words/s, in_qsize 4, out_qsize 1
2020-06-30 14:16:48,229-gensim.models.base_any2vec-INFO-EPOCH 2 - PROGRESS: at 68.28% examples, 197357 words/s, in_qsize 6, out_qsize 0
2020-06-30 14:16:49,259-gensim.models.base_any2vec-INFO-EPOCH 2 - PROGRESS: at 69.80% examples, 197207 words/s, in_qsize 5, out_qsize 0
2020-06-30 14:16:50,263-gensim.models.base_any2vec-INFO-EPOCH 2 - PROGRESS: at 71.32% examples, 197179 words/s, in_qsize 5, out_qsize 0
2020-06-30 14:16:51,264-gensim.models.base_any2vec-INFO-EPOCH 2 - PROGRESS: at 72.97% examples, 197505 words/s, in_qsize 5, out_qsize 0
2020-06-30 14:16:52,267-gensim.models.base_any2vec-INFO-EPOCH 2 - PROGRESS: at 74.68% examples, 197984 words/s, in_qsize 5, out_qsize 0
2020-06-30 14:16:53,309-gensim.models.base_any2vec-INFO-EPOCH 2 - PROGRESS: at 76.46% examples, 198436 words/s, in_qsize 4, out_qsize 1
2020-06-30 14:16:54,316-gensim.models.base_any2vec-INFO-EPOCH 2 - PROGRESS: at 77.98% examples, 198374 words/s, in_qsize 4, out_qsize 1
2020-06-30 14:16:55,323-gensim.models.base_any2vec-INFO-EPOCH 2 - PROGRESS: at 79.50% examples, 198309 words/s, in_qsize 5, out_qsize 0
2020-06-30 14:16:56,380-gensim.models.base_any2vec-INFO-EPOCH 2 - PROGRESS: at 81.02% examples, 198068 words/s, in_qsize 4, out_qsize 1
2020-06-30 14:16:57,389-gensim.models.base_any2vec-INFO-EPOCH 2 - PROGRESS: at 82.54% examples, 198010 words/s, in_qsize 5, out_qsize 0
2020-06-30 14:16:58,405-gensim.models.base_any2vec-INFO-EPOCH 2 - PROGRESS: at 84.13% examples, 198071 words/s, in_qsize 4, out_qsize 1
2020-06-30 14:16:59,462-gensim.models.base_any2vec-INFO-EPOCH 2 - PROGRESS: at 85.65% examples, 197839 words/s, in_qsize 4, out_qsize 1
2020-06-30 14:17:00,465-gensim.models.base_any2vec-INFO-EPOCH 2 - PROGRESS: at 87.17% examples, 197812 words/s, in_qsize 5, out_qsize 0
2020-06-30 14:17:01,492-gensim.models.base_any2vec-INFO-EPOCH 2 - PROGRESS: at 88.76% examples, 197842 words/s, in_qsize 6, out_qsize 0
2020-06-30 14:17:02,540-gensim.models.base_any2vec-INFO-EPOCH 2 - PROGRESS: at 90.28% examples, 197659 words/s, in_qsize 4, out_qsize 1
2020-06-30 14:17:03,586-gensim.models.base_any2vec-INFO-EPOCH 2 - PROGRESS: at 91.80% examples, 197489 words/s, in_qsize 5, out_qsize 0
2020-06-30 14:17:04,611-gensim.models.base_any2vec-INFO-EPOCH 2 - PROGRESS: at 93.32% examples, 197396 words/s, in_qsize 6, out_qsize 0
2020-06-30 14:17:05,710-gensim.models.base_any2vec-INFO-EPOCH 2 - PROGRESS: at 95.10% examples, 197602 words/s, in_qsize 5, out_qsize 2
2020-06-30 14:17:06,738-gensim.models.base_any2vec-INFO-EPOCH 2 - PROGRESS: at 96.62% examples, 197504 words/s, in_qsize 6, out_qsize 1
2020-06-30 14:17:07,818-gensim.models.base_any2vec-INFO-EPOCH 2 - PROGRESS: at 98.39% examples, 197749 words/s, in_qsize 5, out_qsize 0
2020-06-30 14:17:08,736-gensim.models.base_any2vec-INFO-worker thread finished; awaiting finish of 2 more threads
2020-06-30 14:17:08,747-gensim.models.base_any2vec-INFO-worker thread finished; awaiting finish of 1 more threads
2020-06-30 14:17:08,773-gensim.models.base_any2vec-INFO-worker thread finished; awaiting finish of 0 more threads
2020-06-30 14:17:08,774-gensim.models.base_any2vec-INFO-EPOCH - 2 : training on 15773600 raw words (12917936 effective words) took 65.2s, 198034 effective words/s
2020-06-30 14:17:09,806-gensim.models.base_any2vec-INFO-EPOCH 3 - PROGRESS: at 1.46% examples, 183828 words/s, in_qsize 3, out_qsize 2
2020-06-30 14:17:10,814-gensim.models.base_any2vec-INFO-EPOCH 3 - PROGRESS: at 3.11% examples, 197445 words/s, in_qsize 4, out_qsize 1
2020-06-30 14:17:11,829-gensim.models.base_any2vec-INFO-EPOCH 3 - PROGRESS: at 4.56% examples, 193499 words/s, in_qsize 6, out_qsize 1
2020-06-30 14:17:12,886-gensim.models.base_any2vec-INFO-EPOCH 3 - PROGRESS: at 6.34% examples, 199456 words/s, in_qsize 6, out_qsize 0
2020-06-30 14:17:13,975-gensim.models.base_any2vec-INFO-EPOCH 3 - PROGRESS: at 8.24% examples, 204909 words/s, in_qsize 4, out_qsize 1
2020-06-30 14:17:15,009-gensim.models.base_any2vec-INFO-EPOCH 3 - PROGRESS: at 9.76% examples, 202455 words/s, in_qsize 4, out_qsize 1
2020-06-30 14:17:16,051-gensim.models.base_any2vec-INFO-EPOCH 3 - PROGRESS: at 11.28% examples, 200464 words/s, in_qsize 4, out_qsize 1
2020-06-30 14:17:17,109-gensim.models.base_any2vec-INFO-EPOCH 3 - PROGRESS: at 12.81% examples, 198562 words/s, in_qsize 4, out_qsize 1
2020-06-30 14:17:18,115-gensim.models.base_any2vec-INFO-EPOCH 3 - PROGRESS: at 14.33% examples, 198198 words/s, in_qsize 5, out_qsize 0
2020-06-30 14:17:19,209-gensim.models.base_any2vec-INFO-EPOCH 3 - PROGRESS: at 16.10% examples, 199380 words/s, in_qsize 5, out_qsize 0
2020-06-30 14:17:20,248-gensim.models.base_any2vec-INFO-EPOCH 3 - PROGRESS: at 17.69% examples, 199164 words/s, in_qsize 6, out_qsize 1
2020-06-30 14:17:21,268-gensim.models.base_any2vec-INFO-EPOCH 3 - PROGRESS: at 19.27% examples, 199297 words/s, in_qsize 6, out_qsize 1
2020-06-30 14:17:22,269-gensim.models.base_any2vec-INFO-EPOCH 3 - PROGRESS: at 20.79% examples, 199075 words/s, in_qsize 5, out_qsize 0
2020-06-30 14:17:23,312-gensim.models.base_any2vec-INFO-EPOCH 3 - PROGRESS: at 22.51% examples, 200002 words/s, in_qsize 5, out_qsize 0
2020-06-30 14:17:24,322-gensim.models.base_any2vec-INFO-EPOCH 3 - PROGRESS: at 24.34% examples, 202271 words/s, in_qsize 6, out_qsize 0
2020-06-30 14:17:25,398-gensim.models.base_any2vec-INFO-EPOCH 3 - PROGRESS: at 26.18% examples, 203459 words/s, in_qsize 6, out_qsize 0
2020-06-30 14:17:26,429-gensim.models.base_any2vec-INFO-EPOCH 3 - PROGRESS: at 27.70% examples, 202709 words/s, in_qsize 4, out_qsize 1
2020-06-30 14:17:27,462-gensim.models.base_any2vec-INFO-EPOCH 3 - PROGRESS: at 29.23% examples, 202017 words/s, in_qsize 4, out_qsize 1
2020-06-30 14:17:28,509-gensim.models.base_any2vec-INFO-EPOCH 3 - PROGRESS: at 30.75% examples, 201247 words/s, in_qsize 6, out_qsize 2
2020-06-30 14:17:29,622-gensim.models.base_any2vec-INFO-EPOCH 3 - PROGRESS: at 32.52% examples, 201521 words/s, in_qsize 6, out_qsize 1
2020-06-30 14:17:30,627-gensim.models.base_any2vec-INFO-EPOCH 3 - PROGRESS: at 34.17% examples, 202000 words/s, in_qsize 5, out_qsize 0
2020-06-30 14:17:31,657-gensim.models.base_any2vec-INFO-EPOCH 3 - PROGRESS: at 35.82% examples, 202208 words/s, in_qsize 6, out_qsize 0
2020-06-30 14:17:32,764-gensim.models.base_any2vec-INFO-EPOCH 3 - PROGRESS: at 37.40% examples, 201423 words/s, in_qsize 4, out_qsize 1
2020-06-30 14:17:33,827-gensim.models.base_any2vec-INFO-EPOCH 3 - PROGRESS: at 38.93% examples, 200710 words/s, in_qsize 5, out_qsize 2
2020-06-30 14:17:34,903-gensim.models.base_any2vec-INFO-EPOCH 3 - PROGRESS: at 40.64% examples, 200923 words/s, in_qsize 5, out_qsize 0
2020-06-30 14:17:35,926-gensim.models.base_any2vec-INFO-EPOCH 3 - PROGRESS: at 42.29% examples, 201200 words/s, in_qsize 4, out_qsize 1
2020-06-30 14:17:37,056-gensim.models.base_any2vec-INFO-EPOCH 3 - PROGRESS: at 44.06% examples, 201277 words/s, in_qsize 5, out_qsize 2
2020-06-30 14:17:38,146-gensim.models.base_any2vec-INFO-EPOCH 3 - PROGRESS: at 45.84% examples, 201618 words/s, in_qsize 6, out_qsize 2
2020-06-30 14:17:39,170-gensim.models.base_any2vec-INFO-EPOCH 3 - PROGRESS: at 47.36% examples, 201300 words/s, in_qsize 6, out_qsize 0
2020-06-30 14:17:40,174-gensim.models.base_any2vec-INFO-EPOCH 3 - PROGRESS: at 48.94% examples, 201392 words/s, in_qsize 6, out_qsize 2
2020-06-30 14:17:41,212-gensim.models.base_any2vec-INFO-EPOCH 3 - PROGRESS: at 50.46% examples, 201000 words/s, in_qsize 6, out_qsize 1
2020-06-30 14:17:42,277-gensim.models.base_any2vec-INFO-EPOCH 3 - PROGRESS: at 52.18% examples, 201208 words/s, in_qsize 6, out_qsize 0
2020-06-30 14:17:43,302-gensim.models.base_any2vec-INFO-EPOCH 3 - PROGRESS: at 53.76% examples, 201168 words/s, in_qsize 6, out_qsize 1
2020-06-30 14:17:44,304-gensim.models.base_any2vec-INFO-EPOCH 3 - PROGRESS: at 55.28% examples, 201023 words/s, in_qsize 3, out_qsize 2
2020-06-30 14:17:45,383-gensim.models.base_any2vec-INFO-EPOCH 3 - PROGRESS: at 57.06% examples, 201367 words/s, in_qsize 5, out_qsize 0
2020-06-30 14:17:46,494-gensim.models.base_any2vec-INFO-EPOCH 3 - PROGRESS: at 58.83% examples, 201516 words/s, in_qsize 6, out_qsize 0
2020-06-30 14:17:47,522-gensim.models.base_any2vec-INFO-EPOCH 3 - PROGRESS: at 60.35% examples, 201238 words/s, in_qsize 4, out_qsize 1
2020-06-30 14:17:48,628-gensim.models.base_any2vec-INFO-EPOCH 3 - PROGRESS: at 62.13% examples, 201410 words/s, in_qsize 5, out_qsize 0
2020-06-30 14:17:49,633-gensim.models.base_any2vec-INFO-EPOCH 3 - PROGRESS: at 63.65% examples, 201271 words/s, in_qsize 6, out_qsize 0
2020-06-30 14:17:50,644-gensim.models.base_any2vec-INFO-EPOCH 3 - PROGRESS: at 65.24% examples, 201299 words/s, in_qsize 3, out_qsize 2
2020-06-30 14:17:51,645-gensim.models.base_any2vec-INFO-EPOCH 3 - PROGRESS: at 66.88% examples, 201560 words/s, in_qsize 4, out_qsize 1
2020-06-30 14:17:52,764-gensim.models.base_any2vec-INFO-EPOCH 3 - PROGRESS: at 68.60% examples, 201465 words/s, in_qsize 5, out_qsize 2
2020-06-30 14:17:53,869-gensim.models.base_any2vec-INFO-EPOCH 3 - PROGRESS: at 70.37% examples, 201612 words/s, in_qsize 6, out_qsize 1
2020-06-30 14:17:54,964-gensim.models.base_any2vec-INFO-EPOCH 3 - PROGRESS: at 72.15% examples, 201793 words/s, in_qsize 4, out_qsize 1
2020-06-30 14:17:55,979-gensim.models.base_any2vec-INFO-EPOCH 3 - PROGRESS: at 73.67% examples, 201612 words/s, in_qsize 5, out_qsize 0
2020-06-30 14:17:57,061-gensim.models.base_any2vec-INFO-EPOCH 3 - PROGRESS: at 75.44% examples, 201848 words/s, in_qsize 5, out_qsize 0
2020-06-30 14:17:58,137-gensim.models.base_any2vec-INFO-EPOCH 3 - PROGRESS: at 77.15% examples, 201922 words/s, in_qsize 4, out_qsize 1
2020-06-30 14:17:59,153-gensim.models.base_any2vec-INFO-EPOCH 3 - PROGRESS: at 78.93% examples, 202397 words/s, in_qsize 5, out_qsize 0
2020-06-30 14:18:00,251-gensim.models.base_any2vec-INFO-EPOCH 3 - PROGRESS: at 80.64% examples, 202378 words/s, in_qsize 5, out_qsize 2
2020-06-30 14:18:01,345-gensim.models.base_any2vec-INFO-EPOCH 3 - PROGRESS: at 82.35% examples, 202375 words/s, in_qsize 5, out_qsize 0
2020-06-30 14:18:02,425-gensim.models.base_any2vec-INFO-EPOCH 3 - PROGRESS: at 84.13% examples, 202574 words/s, in_qsize 4, out_qsize 1
2020-06-30 14:18:03,470-gensim.models.base_any2vec-INFO-EPOCH 3 - PROGRESS: at 85.84% examples, 202744 words/s, in_qsize 5, out_qsize 0
2020-06-30 14:18:04,529-gensim.models.base_any2vec-INFO-EPOCH 3 - PROGRESS: at 87.42% examples, 202567 words/s, in_qsize 6, out_qsize 1
2020-06-30 14:18:05,598-gensim.models.base_any2vec-INFO-EPOCH 3 - PROGRESS: at 89.20% examples, 202788 words/s, in_qsize 4, out_qsize 1
2020-06-30 14:18:06,670-gensim.models.base_any2vec-INFO-EPOCH 3 - PROGRESS: at 91.04% examples, 203142 words/s, in_qsize 6, out_qsize 1
2020-06-30 14:18:07,673-gensim.models.base_any2vec-INFO-EPOCH 3 - PROGRESS: at 92.56% examples, 203020 words/s, in_qsize 4, out_qsize 1
2020-06-30 14:18:08,685-gensim.models.base_any2vec-INFO-EPOCH 3 - PROGRESS: at 94.08% examples, 202872 words/s, in_qsize 4, out_qsize 1
2020-06-30 14:18:09,780-gensim.models.base_any2vec-INFO-EPOCH 3 - PROGRESS: at 95.86% examples, 202995 words/s, in_qsize 5, out_qsize 0
2020-06-30 14:18:10,825-gensim.models.base_any2vec-INFO-EPOCH 3 - PROGRESS: at 97.44% examples, 202877 words/s, in_qsize 5, out_qsize 2
2020-06-30 14:18:11,883-gensim.models.base_any2vec-INFO-EPOCH 3 - PROGRESS: at 99.15% examples, 202977 words/s, in_qsize 5, out_qsize 0
2020-06-30 14:18:12,291-gensim.models.base_any2vec-INFO-worker thread finished; awaiting finish of 2 more threads
2020-06-30 14:18:12,324-gensim.models.base_any2vec-INFO-worker thread finished; awaiting finish of 1 more threads
2020-06-30 14:18:12,360-gensim.models.base_any2vec-INFO-worker thread finished; awaiting finish of 0 more threads
2020-06-30 14:18:12,360-gensim.models.base_any2vec-INFO-EPOCH - 3 : training on 15773600 raw words (12918020 effective words) took 63.6s, 203178 effective words/s
2020-06-30 14:18:12,360-gensim.models.base_any2vec-INFO-training on a 47320800 raw words (38756886 effective words) took 193.6s, 200142 effective words/s
2020-06-30 14:18:14,874-baseline-INFO-

2020-06-30 14:18:14,874-baseline-INFO-

2020-06-30 14:18:14,874-baseline-INFO-Parameters dataset:pubmed datamode:A ad-method:IF emb-method:Struc2Vec
2020-06-30 14:18:14,874-baseline-INFO--------------Evaluating Validation Results--------------
2020-06-30 14:18:15,157-baseline-INFO-AUC:0.4909,AP:0.4884
2020-06-30 14:18:15,157-baseline-INFO-f1:0.1519,acc:0.4941,pre:0.4693,recall:0.0906
2020-06-30 14:18:15,157-baseline-INFO--------------Evaluating Test Results--------------
2020-06-30 14:18:15,596-baseline-INFO-AUC:0.478,AP:0.4734
2020-06-30 14:18:15,596-baseline-INFO-f1:0.1247,acc:0.4829,pre:0.405,recall:0.0737
2020-06-30 14:47:26,834-tensorflow-WARNING-From /opt/conda/lib/python3.7/site-packages/tensorflow/python/ops/resource_variable_ops.py:435: colocate_with (from tensorflow.python.framework.ops) is deprecated and will be removed in a future version.
Instructions for updating:
Colocations handled automatically by placer.
2020-06-30 14:47:26,851-tensorflow-WARNING-From /workspace/OCGNN/ge/models/line.py:53: calling reduce_sum_v1 (from tensorflow.python.ops.math_ops) with keep_dims is deprecated and will be removed in a future version.
Instructions for updating:
keep_dims is deprecated, use keepdims instead
2020-06-30 14:47:26,893-tensorflow-WARNING-From /opt/conda/lib/python3.7/site-packages/tensorflow/python/ops/math_ops.py:3066: to_int32 (from tensorflow.python.ops.math_ops) is deprecated and will be removed in a future version.
Instructions for updating:
Use tf.cast instead.
2020-06-30 14:47:59,519-baseline-INFO-

2020-06-30 14:47:59,519-baseline-INFO-

2020-06-30 14:47:59,519-baseline-INFO-Parameters dataset:citeseer datamode:A ad-method:IF emb-method:LINE
2020-06-30 14:47:59,519-baseline-INFO--------------Evaluating Validation Results--------------
2020-06-30 14:47:59,592-baseline-INFO-AUC:0.5874,AP:0.6122
2020-06-30 14:47:59,592-baseline-INFO-f1:0.3188,acc:0.5524,pre:0.6667,recall:0.2095
2020-06-30 14:47:59,592-baseline-INFO--------------Evaluating Test Results--------------
2020-06-30 14:47:59,679-baseline-INFO-AUC:0.5215,AP:0.5383
2020-06-30 14:47:59,680-baseline-INFO-f1:0.2882,acc:0.5356,pre:0.6111,recall:0.1886
2020-06-30 14:48:03,682-tensorflow-WARNING-From /opt/conda/lib/python3.7/site-packages/tensorflow/python/ops/resource_variable_ops.py:435: colocate_with (from tensorflow.python.framework.ops) is deprecated and will be removed in a future version.
Instructions for updating:
Colocations handled automatically by placer.
2020-06-30 14:48:03,698-tensorflow-WARNING-From /workspace/OCGNN/ge/models/line.py:53: calling reduce_sum_v1 (from tensorflow.python.ops.math_ops) with keep_dims is deprecated and will be removed in a future version.
Instructions for updating:
keep_dims is deprecated, use keepdims instead
2020-06-30 14:48:03,741-tensorflow-WARNING-From /opt/conda/lib/python3.7/site-packages/tensorflow/python/ops/math_ops.py:3066: to_int32 (from tensorflow.python.ops.math_ops) is deprecated and will be removed in a future version.
Instructions for updating:
Use tf.cast instead.
2020-06-30 15:16:08,196-baseline-INFO-

2020-06-30 15:16:08,196-baseline-INFO-

2020-06-30 15:16:08,196-baseline-INFO-Parameters dataset:pubmed datamode:A ad-method:IF emb-method:LINE
2020-06-30 15:16:08,196-baseline-INFO--------------Evaluating Validation Results--------------
2020-06-30 15:16:08,471-baseline-INFO-AUC:0.5211,AP:0.5322
2020-06-30 15:16:08,471-baseline-INFO-f1:0.23,acc:0.5267,pre:0.6162,recall:0.1414
2020-06-30 15:16:08,471-baseline-INFO--------------Evaluating Test Results--------------
2020-06-30 15:16:08,891-baseline-INFO-AUC:0.4926,AP:0.5028
2020-06-30 15:16:08,891-baseline-INFO-f1:0.1996,acc:0.505,pre:0.5203,recall:0.1235
2020-06-30 15:16:11,835-tensorflow-WARNING-From /opt/conda/lib/python3.7/site-packages/tensorflow/python/ops/resource_variable_ops.py:435: colocate_with (from tensorflow.python.framework.ops) is deprecated and will be removed in a future version.
Instructions for updating:
Colocations handled automatically by placer.
2020-06-30 15:16:11,908-tensorflow-WARNING-From /workspace/OCGNN/ge/models/sdne.py:49: to_float (from tensorflow.python.ops.math_ops) is deprecated and will be removed in a future version.
Instructions for updating:
Use tf.cast instead.
2020-06-30 15:16:12,195-tensorflow-WARNING-From /opt/conda/lib/python3.7/site-packages/tensorflow/python/ops/math_ops.py:3066: to_int32 (from tensorflow.python.ops.math_ops) is deprecated and will be removed in a future version.
Instructions for updating:
Use tf.cast instead.
2020-06-30 15:16:35,289-baseline-INFO-

2020-06-30 15:16:35,289-baseline-INFO-

2020-06-30 15:16:35,289-baseline-INFO-Parameters dataset:citeseer datamode:A ad-method:IF emb-method:SDNE
2020-06-30 15:16:35,289-baseline-INFO--------------Evaluating Validation Results--------------
2020-06-30 15:16:35,360-baseline-INFO-AUC:0.544,AP:0.553
2020-06-30 15:16:35,360-baseline-INFO-f1:0.1875,acc:0.5048,pre:0.5217,recall:0.1143
2020-06-30 15:16:35,360-baseline-INFO--------------Evaluating Test Results--------------
2020-06-30 15:16:35,443-baseline-INFO-AUC:0.5766,AP:0.5714
2020-06-30 15:16:35,443-baseline-INFO-f1:0.2374,acc:0.5242,pre:0.5909,recall:0.1486
2020-06-30 15:16:39,208-tensorflow-WARNING-From /opt/conda/lib/python3.7/site-packages/tensorflow/python/ops/resource_variable_ops.py:435: colocate_with (from tensorflow.python.framework.ops) is deprecated and will be removed in a future version.
Instructions for updating:
Colocations handled automatically by placer.
2020-06-30 15:16:39,271-tensorflow-WARNING-From /workspace/OCGNN/ge/models/sdne.py:49: to_float (from tensorflow.python.ops.math_ops) is deprecated and will be removed in a future version.
Instructions for updating:
Use tf.cast instead.
2020-06-30 15:16:44,223-tensorflow-WARNING-From /opt/conda/lib/python3.7/site-packages/tensorflow/python/ops/math_ops.py:3066: to_int32 (from tensorflow.python.ops.math_ops) is deprecated and will be removed in a future version.
Instructions for updating:
Use tf.cast instead.
2020-06-30 15:30:52,069-baseline-INFO-

2020-06-30 15:30:52,069-baseline-INFO-

2020-06-30 15:30:52,069-baseline-INFO-Parameters dataset:pubmed datamode:A ad-method:IF emb-method:SDNE
2020-06-30 15:30:52,069-baseline-INFO--------------Evaluating Validation Results--------------
2020-06-30 15:30:52,340-baseline-INFO-AUC:0.4597,AP:0.4661
2020-06-30 15:30:52,340-baseline-INFO-f1:0.1037,acc:0.4805,pre:0.3777,recall:0.0601
2020-06-30 15:30:52,340-baseline-INFO--------------Evaluating Test Results--------------
2020-06-30 15:30:52,755-baseline-INFO-AUC:0.4517,AP:0.4594
2020-06-30 15:30:52,755-baseline-INFO-f1:0.1042,acc:0.4803,pre:0.3766,recall:0.0605
2020-06-30 15:30:56,641-baseline-INFO-

2020-06-30 15:30:56,641-baseline-INFO-

2020-06-30 15:30:56,641-baseline-INFO-Parameters dataset:citeseer datamode:A ad-method:IF emb-method:Struc2Vec
2020-06-30 15:30:56,641-baseline-INFO--------------Evaluating Validation Results--------------
2020-06-30 15:30:56,713-baseline-INFO-AUC:0.5486,AP:0.5825
2020-06-30 15:30:56,714-baseline-INFO-f1:0.2326,acc:0.5286,pre:0.625,recall:0.1429
2020-06-30 15:30:56,714-baseline-INFO--------------Evaluating Test Results--------------
2020-06-30 15:30:56,800-baseline-INFO-AUC:0.4914,AP:0.5311
2020-06-30 15:30:56,800-baseline-INFO-f1:0.1905,acc:0.5157,pre:0.5714,recall:0.1143
2020-07-01 01:49:10,505-baseline-INFO-

2020-07-01 01:49:10,505-baseline-INFO-

2020-07-01 01:49:10,505-baseline-INFO-Parameters dataset:citeseer datamode:A ad-method:IF emb-method:Struc2Vec
2020-07-01 01:49:10,505-baseline-INFO--------------Evaluating Validation Results--------------
2020-07-01 01:49:10,576-baseline-INFO-AUC:0.5872,AP:0.6125
2020-07-01 01:49:10,576-baseline-INFO-f1:0.2362,acc:0.5381,pre:0.6818,recall:0.1429
2020-07-01 01:49:10,576-baseline-INFO--------------Evaluating Test Results--------------
2020-07-01 01:49:10,660-baseline-INFO-AUC:0.617,AP:0.6148
2020-07-01 01:49:10,661-baseline-INFO-f1:0.3362,acc:0.5613,pre:0.6842,recall:0.2229
