2020-03-31 09:21:44,356-OCGNN-INFO-Start training
2020-03-31 09:21:44,357-OCGNN-INFO-dropout:0.0, nu:0.2,seed:46,lr:0.005,self-loop:True,norm:False
2020-03-31 09:21:44,358-OCGNN-INFO-n-epochs:5000, n-hidden:32,n-layers:2,weight-decay:0.0
2020-03-31 09:21:51,756-OCGNN-INFO-Current epoch: 149 Test AUROC 0.2549 | Test AUPRC 0.3600
2020-03-31 09:21:51,757-OCGNN-INFO-

2020-03-31 09:21:59,492-OCGNN-INFO-Start training
2020-03-31 09:21:59,493-OCGNN-INFO-dropout:0.0, nu:0.2,seed:52,lr:0.005,self-loop:True,norm:False
2020-03-31 09:21:59,493-OCGNN-INFO-n-epochs:5000, n-hidden:32,n-layers:2,weight-decay:0.0
2020-03-31 09:22:14,029-OCGNN-INFO-Current epoch: 312 Test AUROC 0.3697 | Test AUPRC 0.4254
2020-03-31 09:22:14,029-OCGNN-INFO-

2020-03-31 09:22:21,185-OCGNN-INFO-Start training
2020-03-31 09:22:21,186-OCGNN-INFO-dropout:0.0, nu:0.2,seed:58,lr:0.005,self-loop:True,norm:False
2020-03-31 09:22:21,186-OCGNN-INFO-n-epochs:5000, n-hidden:32,n-layers:2,weight-decay:0.0
2020-03-31 09:22:31,873-OCGNN-INFO-Current epoch: 220 Test AUROC 0.2643 | Test AUPRC 0.3650
2020-03-31 09:22:31,874-OCGNN-INFO-

2020-03-31 09:22:38,958-OCGNN-INFO-Start training
2020-03-31 09:22:38,958-OCGNN-INFO-dropout:0.0, nu:0.2,seed:666,lr:0.005,self-loop:True,norm:False
2020-03-31 09:22:38,959-OCGNN-INFO-n-epochs:5000, n-hidden:32,n-layers:2,weight-decay:0.0
2020-03-31 09:26:19,904-OCGNN-INFO-Current epoch: 4999 Test AUROC 0.5578 | Test AUPRC 0.5356
2020-03-31 09:26:19,904-OCGNN-INFO-

2020-03-31 09:26:27,251-OCGNN-INFO-Start training
2020-03-31 09:26:27,251-OCGNN-INFO-dropout:0.0, nu:0.2,seed:1122,lr:0.005,self-loop:True,norm:False
2020-03-31 09:26:27,252-OCGNN-INFO-n-epochs:5000, n-hidden:32,n-layers:2,weight-decay:0.0
2020-03-31 09:27:30,147-OCGNN-INFO-Current epoch: 1462 Test AUROC 0.5134 | Test AUPRC 0.5114
2020-03-31 09:27:30,148-OCGNN-INFO-

2020-03-31 11:14:49,245-OCGNN-INFO-Start training
2020-03-31 11:14:49,246-OCGNN-INFO-dropout:0.0, nu:0.2,seed:46,lr:0.005,self-loop:True,norm:False
2020-03-31 11:14:49,246-OCGNN-INFO-n-epochs:5000, n-hidden:32,n-layers:2,weight-decay:0.0
2020-03-31 11:18:31,297-OCGNN-INFO-Current epoch: 4999 Test AUROC 0.5053 | Test AUPRC 0.5166
2020-03-31 11:18:31,298-OCGNN-INFO-

2020-03-31 11:18:41,005-OCGNN-INFO-Start training
2020-03-31 11:18:41,005-OCGNN-INFO-dropout:0.0, nu:0.2,seed:52,lr:0.005,self-loop:True,norm:False
2020-03-31 11:18:41,006-OCGNN-INFO-n-epochs:5000, n-hidden:32,n-layers:2,weight-decay:0.0
2020-03-31 11:22:16,756-OCGNN-INFO-Current epoch: 4999 Test AUROC 0.4589 | Test AUPRC 0.4788
2020-03-31 11:22:16,757-OCGNN-INFO-

2020-03-31 11:22:26,135-OCGNN-INFO-Start training
2020-03-31 11:22:26,135-OCGNN-INFO-dropout:0.0, nu:0.2,seed:58,lr:0.005,self-loop:True,norm:False
2020-03-31 11:22:26,135-OCGNN-INFO-n-epochs:5000, n-hidden:32,n-layers:2,weight-decay:0.0
2020-03-31 11:26:01,087-OCGNN-INFO-Current epoch: 4999 Test AUROC 0.5021 | Test AUPRC 0.5029
2020-03-31 11:26:01,088-OCGNN-INFO-

2020-03-31 11:26:08,523-OCGNN-INFO-Start training
2020-03-31 11:26:08,524-OCGNN-INFO-dropout:0.0, nu:0.2,seed:666,lr:0.005,self-loop:True,norm:False
2020-03-31 11:26:08,524-OCGNN-INFO-n-epochs:5000, n-hidden:32,n-layers:2,weight-decay:0.0
2020-03-31 11:29:43,619-OCGNN-INFO-Current epoch: 4999 Test AUROC 0.5568 | Test AUPRC 0.5331
2020-03-31 11:29:43,619-OCGNN-INFO-

2020-03-31 11:29:51,410-OCGNN-INFO-Start training
2020-03-31 11:29:51,410-OCGNN-INFO-dropout:0.0, nu:0.2,seed:1122,lr:0.005,self-loop:True,norm:False
2020-03-31 11:29:51,411-OCGNN-INFO-n-epochs:5000, n-hidden:32,n-layers:2,weight-decay:0.0
2020-03-31 11:33:24,952-OCGNN-INFO-Current epoch: 4999 Test AUROC 0.5670 | Test AUPRC 0.5581
2020-03-31 11:33:24,953-OCGNN-INFO-

