2020-07-04 11:46:37,639-baseline-INFO-

2020-07-04 11:46:37,639-baseline-INFO-

2020-07-04 11:46:37,639-baseline-INFO-Parameters dataset:citeseer datamode:A ad-method:IF emb-method:Node2Vec
2020-07-04 11:46:37,639-baseline-INFO--------------Evaluating Validation Results--------------
2020-07-04 11:46:37,711-baseline-INFO-AUC:0.5074,AP:0.5154
2020-07-04 11:46:37,711-baseline-INFO-f1:0.209,acc:0.4952,pre:0.4828,recall:0.1333
2020-07-04 11:46:37,711-baseline-INFO--------------Evaluating Test Results--------------
2020-07-04 11:46:37,794-baseline-INFO-AUC:0.5267,AP:0.5141
2020-07-04 11:46:37,795-baseline-INFO-f1:0.2301,acc:0.5043,pre:0.5098,recall:0.1486
2020-07-04 11:46:40,809-baseline-INFO-

2020-07-04 11:46:40,809-baseline-INFO-

2020-07-04 11:46:40,810-baseline-INFO-Parameters dataset:citeseer datamode:A ad-method:OCSVM emb-method:Node2Vec
2020-07-04 11:46:40,810-baseline-INFO--------------Evaluating Validation Results--------------
2020-07-04 11:46:40,824-baseline-INFO-AUC:0.5389,AP:0.5727
2020-07-04 11:46:40,824-baseline-INFO-f1:0.2154,acc:0.5143,pre:0.56,recall:0.1333
2020-07-04 11:46:40,824-baseline-INFO--------------Evaluating Test Results--------------
2020-07-04 11:46:40,846-baseline-INFO-AUC:0.5008,AP:0.5467
2020-07-04 11:46:40,846-baseline-INFO-f1:0.2883,acc:0.5499,pre:0.6809,recall:0.1829
2020-07-04 11:46:43,798-baseline-INFO-

2020-07-04 11:46:43,798-baseline-INFO-

2020-07-04 11:46:43,798-baseline-INFO-Parameters dataset:citeseer datamode:A ad-method:PCA emb-method:Node2Vec
2020-07-04 11:46:43,798-baseline-INFO--------------Evaluating Validation Results--------------
2020-07-04 11:46:43,805-baseline-INFO-AUC:0.57,AP:0.6029
2020-07-04 11:46:43,805-baseline-INFO-f1:0.2595,acc:0.5381,pre:0.6538,recall:0.1619
2020-07-04 11:46:43,805-baseline-INFO--------------Evaluating Test Results--------------
2020-07-04 11:46:43,814-baseline-INFO-AUC:0.5324,AP:0.5749
2020-07-04 11:46:43,814-baseline-INFO-f1:0.3057,acc:0.547,pre:0.6481,recall:0.2
2020-07-04 11:46:46,838-tensorflow-WARNING-From /opt/conda/lib/python3.7/site-packages/tensorflow/python/framework/op_def_library.py:263: colocate_with (from tensorflow.python.framework.ops) is deprecated and will be removed in a future version.
Instructions for updating:
Colocations handled automatically by placer.
2020-07-04 11:46:46,847-tensorflow-WARNING-From /opt/conda/lib/python3.7/site-packages/keras/backend/tensorflow_backend.py:3445: calling dropout (from tensorflow.python.ops.nn_ops) with keep_prob is deprecated and will be removed in a future version.
Instructions for updating:
Please use `rate` instead of `keep_prob`. Rate should be set to `rate = 1 - keep_prob`.
2020-07-04 11:46:47,117-tensorflow-WARNING-From /opt/conda/lib/python3.7/site-packages/tensorflow/python/ops/math_ops.py:3066: to_int32 (from tensorflow.python.ops.math_ops) is deprecated and will be removed in a future version.
Instructions for updating:
Use tf.cast instead.
2020-07-04 11:46:52,822-baseline-INFO-

2020-07-04 11:46:52,822-baseline-INFO-

2020-07-04 11:46:52,822-baseline-INFO-Parameters dataset:citeseer datamode:A ad-method:AE emb-method:Node2Vec
2020-07-04 11:46:52,822-baseline-INFO--------------Evaluating Validation Results--------------
2020-07-04 11:46:52,842-baseline-INFO-AUC:0.5761,AP:0.6035
2020-07-04 11:46:52,842-baseline-INFO-f1:0.2462,acc:0.5333,pre:0.64,recall:0.1524
2020-07-04 11:46:52,842-baseline-INFO--------------Evaluating Test Results--------------
2020-07-04 11:46:52,871-baseline-INFO-AUC:0.536,AP:0.5794
2020-07-04 11:46:52,871-baseline-INFO-f1:0.3043,acc:0.5442,pre:0.6364,recall:0.2
2020-07-04 11:46:57,226-baseline-INFO-

2020-07-04 11:46:57,226-baseline-INFO-

2020-07-04 11:46:57,226-baseline-INFO-Parameters dataset:citeseer datamode:AX ad-method:IF emb-method:Node2Vec
2020-07-04 11:46:57,226-baseline-INFO--------------Evaluating Validation Results--------------
2020-07-04 11:46:57,703-baseline-INFO-AUC:0.471,AP:0.48
2020-07-04 11:46:57,703-baseline-INFO-f1:0.0357,acc:0.4857,pre:0.2857,recall:0.019
2020-07-04 11:46:57,703-baseline-INFO--------------Evaluating Test Results--------------
2020-07-04 11:46:58,460-baseline-INFO-AUC:0.4055,AP:0.429
2020-07-04 11:46:58,460-baseline-INFO-f1:0.0635,acc:0.4957,pre:0.4286,recall:0.0343
2020-07-04 11:47:02,247-baseline-INFO-

2020-07-04 11:47:02,247-baseline-INFO-

2020-07-04 11:47:02,247-baseline-INFO-Parameters dataset:citeseer datamode:AX ad-method:OCSVM emb-method:Node2Vec
2020-07-04 11:47:02,247-baseline-INFO--------------Evaluating Validation Results--------------
2020-07-04 11:47:02,558-baseline-INFO-AUC:0.5366,AP:0.5708
2020-07-04 11:47:02,559-baseline-INFO-f1:0.2047,acc:0.519,pre:0.5909,recall:0.1238
2020-07-04 11:47:02,559-baseline-INFO--------------Evaluating Test Results--------------
2020-07-04 11:47:03,075-baseline-INFO-AUC:0.4987,AP:0.5451
2020-07-04 11:47:03,075-baseline-INFO-f1:0.2648,acc:0.5413,pre:0.6591,recall:0.1657
2020-07-04 11:47:06,615-baseline-INFO-

2020-07-04 11:47:06,615-baseline-INFO-

2020-07-04 11:47:06,615-baseline-INFO-Parameters dataset:citeseer datamode:AX ad-method:PCA emb-method:Node2Vec
2020-07-04 11:47:06,615-baseline-INFO--------------Evaluating Validation Results--------------
2020-07-04 11:47:07,032-baseline-INFO-AUC:0.492,AP:0.4993
2020-07-04 11:47:07,032-baseline-INFO-f1:0.2759,acc:0.5,pre:0.5,recall:0.1905
2020-07-04 11:47:07,032-baseline-INFO--------------Evaluating Test Results--------------
2020-07-04 11:47:07,714-baseline-INFO-AUC:0.5639,AP:0.5759
2020-07-04 11:47:07,714-baseline-INFO-f1:0.3667,acc:0.567,pre:0.6769,recall:0.2514
2020-07-04 11:47:10,732-tensorflow-WARNING-From /opt/conda/lib/python3.7/site-packages/tensorflow/python/framework/op_def_library.py:263: colocate_with (from tensorflow.python.framework.ops) is deprecated and will be removed in a future version.
Instructions for updating:
Colocations handled automatically by placer.
2020-07-04 11:47:10,741-tensorflow-WARNING-From /opt/conda/lib/python3.7/site-packages/keras/backend/tensorflow_backend.py:3445: calling dropout (from tensorflow.python.ops.nn_ops) with keep_prob is deprecated and will be removed in a future version.
Instructions for updating:
Please use `rate` instead of `keep_prob`. Rate should be set to `rate = 1 - keep_prob`.
2020-07-04 11:47:11,007-tensorflow-WARNING-From /opt/conda/lib/python3.7/site-packages/tensorflow/python/ops/math_ops.py:3066: to_int32 (from tensorflow.python.ops.math_ops) is deprecated and will be removed in a future version.
Instructions for updating:
Use tf.cast instead.
2020-07-04 11:51:35,729-baseline-INFO-

2020-07-04 11:51:35,729-baseline-INFO-

2020-07-04 11:51:35,729-baseline-INFO-Parameters dataset:citeseer datamode:AX ad-method:AE emb-method:Node2Vec
2020-07-04 11:51:35,729-baseline-INFO--------------Evaluating Validation Results--------------
2020-07-04 11:51:35,957-baseline-INFO-AUC:0.4922,AP:0.4996
2020-07-04 11:51:35,958-baseline-INFO-f1:0.2759,acc:0.5,pre:0.5,recall:0.1905
2020-07-04 11:51:35,958-baseline-INFO--------------Evaluating Test Results--------------
2020-07-04 11:51:36,320-baseline-INFO-AUC:0.564,AP:0.576
2020-07-04 11:51:36,320-baseline-INFO-f1:0.3651,acc:0.5641,pre:0.6667,recall:0.2514
2020-07-04 11:51:39,973-baseline-INFO-

2020-07-04 11:51:39,973-baseline-INFO-

2020-07-04 11:51:39,973-baseline-INFO-Parameters dataset:citeseer datamode:A ad-method:IF emb-method:LINE
2020-07-04 11:51:39,974-baseline-INFO--------------Evaluating Validation Results--------------
2020-07-04 11:51:40,052-baseline-INFO-AUC:0.5035,AP:0.5145
2020-07-04 11:51:40,052-baseline-INFO-f1:0.1587,acc:0.4952,pre:0.4762,recall:0.0952
2020-07-04 11:51:40,052-baseline-INFO--------------Evaluating Test Results--------------
2020-07-04 11:51:40,139-baseline-INFO-AUC:0.5018,AP:0.4852
2020-07-04 11:51:40,139-baseline-INFO-f1:0.1843,acc:0.4957,pre:0.4762,recall:0.1143
2020-07-04 11:51:43,116-baseline-INFO-

2020-07-04 11:51:43,116-baseline-INFO-

2020-07-04 11:51:43,116-baseline-INFO-Parameters dataset:citeseer datamode:A ad-method:OCSVM emb-method:LINE
2020-07-04 11:51:43,116-baseline-INFO--------------Evaluating Validation Results--------------
2020-07-04 11:51:43,130-baseline-INFO-AUC:0.5025,AP:0.5347
2020-07-04 11:51:43,130-baseline-INFO-f1:0.2137,acc:0.5095,pre:0.5385,recall:0.1333
2020-07-04 11:51:43,130-baseline-INFO--------------Evaluating Test Results--------------
2020-07-04 11:51:43,151-baseline-INFO-AUC:0.4807,AP:0.5077
2020-07-04 11:51:43,151-baseline-INFO-f1:0.2162,acc:0.5043,pre:0.5106,recall:0.1371
2020-07-04 11:51:46,097-baseline-INFO-

2020-07-04 11:51:46,097-baseline-INFO-

2020-07-04 11:51:46,097-baseline-INFO-Parameters dataset:citeseer datamode:A ad-method:PCA emb-method:LINE
2020-07-04 11:51:46,097-baseline-INFO--------------Evaluating Validation Results--------------
2020-07-04 11:51:46,104-baseline-INFO-AUC:0.5024,AP:0.5331
2020-07-04 11:51:46,104-baseline-INFO-f1:0.2188,acc:0.5238,pre:0.6087,recall:0.1333
2020-07-04 11:51:46,104-baseline-INFO--------------Evaluating Test Results--------------
2020-07-04 11:51:46,113-baseline-INFO-AUC:0.4856,AP:0.5052
2020-07-04 11:51:46,113-baseline-INFO-f1:0.1991,acc:0.4957,pre:0.4783,recall:0.1257
2020-07-04 11:51:49,090-tensorflow-WARNING-From /opt/conda/lib/python3.7/site-packages/tensorflow/python/framework/op_def_library.py:263: colocate_with (from tensorflow.python.framework.ops) is deprecated and will be removed in a future version.
Instructions for updating:
Colocations handled automatically by placer.
2020-07-04 11:51:49,098-tensorflow-WARNING-From /opt/conda/lib/python3.7/site-packages/keras/backend/tensorflow_backend.py:3445: calling dropout (from tensorflow.python.ops.nn_ops) with keep_prob is deprecated and will be removed in a future version.
Instructions for updating:
Please use `rate` instead of `keep_prob`. Rate should be set to `rate = 1 - keep_prob`.
2020-07-04 11:51:49,364-tensorflow-WARNING-From /opt/conda/lib/python3.7/site-packages/tensorflow/python/ops/math_ops.py:3066: to_int32 (from tensorflow.python.ops.math_ops) is deprecated and will be removed in a future version.
Instructions for updating:
Use tf.cast instead.
2020-07-04 11:51:55,016-baseline-INFO-

2020-07-04 11:51:55,016-baseline-INFO-

2020-07-04 11:51:55,016-baseline-INFO-Parameters dataset:citeseer datamode:A ad-method:AE emb-method:LINE
2020-07-04 11:51:55,016-baseline-INFO--------------Evaluating Validation Results--------------
2020-07-04 11:51:55,036-baseline-INFO-AUC:0.4994,AP:0.5335
2020-07-04 11:51:55,037-baseline-INFO-f1:0.1935,acc:0.5238,pre:0.6316,recall:0.1143
2020-07-04 11:51:55,037-baseline-INFO--------------Evaluating Test Results--------------
2020-07-04 11:51:55,057-baseline-INFO-AUC:0.484,AP:0.5035
2020-07-04 11:51:55,057-baseline-INFO-f1:0.2018,acc:0.5043,pre:0.5116,recall:0.1257
2020-07-04 11:51:59,392-baseline-INFO-

2020-07-04 11:51:59,392-baseline-INFO-

2020-07-04 11:51:59,392-baseline-INFO-Parameters dataset:citeseer datamode:AX ad-method:IF emb-method:LINE
2020-07-04 11:51:59,392-baseline-INFO--------------Evaluating Validation Results--------------
2020-07-04 11:51:59,863-baseline-INFO-AUC:0.4949,AP:0.4982
2020-07-04 11:51:59,863-baseline-INFO-f1:0.069,acc:0.4857,pre:0.3636,recall:0.0381
2020-07-04 11:51:59,863-baseline-INFO--------------Evaluating Test Results--------------
2020-07-04 11:52:00,627-baseline-INFO-AUC:0.4377,AP:0.4475
2020-07-04 11:52:00,627-baseline-INFO-f1:0.0821,acc:0.49,pre:0.4,recall:0.0457
2020-07-04 11:52:04,426-baseline-INFO-

2020-07-04 11:52:04,426-baseline-INFO-

2020-07-04 11:52:04,426-baseline-INFO-Parameters dataset:citeseer datamode:AX ad-method:OCSVM emb-method:LINE
2020-07-04 11:52:04,426-baseline-INFO--------------Evaluating Validation Results--------------
2020-07-04 11:52:04,733-baseline-INFO-AUC:0.502,AP:0.5341
2020-07-04 11:52:04,734-baseline-INFO-f1:0.2137,acc:0.5095,pre:0.5385,recall:0.1333
2020-07-04 11:52:04,734-baseline-INFO--------------Evaluating Test Results--------------
2020-07-04 11:52:05,245-baseline-INFO-AUC:0.48,AP:0.5073
2020-07-04 11:52:05,245-baseline-INFO-f1:0.2162,acc:0.5043,pre:0.5106,recall:0.1371
2020-07-04 11:52:08,735-baseline-INFO-

2020-07-04 11:52:08,735-baseline-INFO-

2020-07-04 11:52:08,735-baseline-INFO-Parameters dataset:citeseer datamode:AX ad-method:PCA emb-method:LINE
2020-07-04 11:52:08,735-baseline-INFO--------------Evaluating Validation Results--------------
2020-07-04 11:52:09,132-baseline-INFO-AUC:0.4913,AP:0.4994
2020-07-04 11:52:09,132-baseline-INFO-f1:0.2778,acc:0.5048,pre:0.5128,recall:0.1905
2020-07-04 11:52:09,132-baseline-INFO--------------Evaluating Test Results--------------
2020-07-04 11:52:09,770-baseline-INFO-AUC:0.5615,AP:0.5746
2020-07-04 11:52:09,770-baseline-INFO-f1:0.3704,acc:0.5641,pre:0.6618,recall:0.2571
2020-07-04 11:52:12,767-tensorflow-WARNING-From /opt/conda/lib/python3.7/site-packages/tensorflow/python/framework/op_def_library.py:263: colocate_with (from tensorflow.python.framework.ops) is deprecated and will be removed in a future version.
Instructions for updating:
Colocations handled automatically by placer.
2020-07-04 11:52:12,776-tensorflow-WARNING-From /opt/conda/lib/python3.7/site-packages/keras/backend/tensorflow_backend.py:3445: calling dropout (from tensorflow.python.ops.nn_ops) with keep_prob is deprecated and will be removed in a future version.
Instructions for updating:
Please use `rate` instead of `keep_prob`. Rate should be set to `rate = 1 - keep_prob`.
2020-07-04 11:52:13,043-tensorflow-WARNING-From /opt/conda/lib/python3.7/site-packages/tensorflow/python/ops/math_ops.py:3066: to_int32 (from tensorflow.python.ops.math_ops) is deprecated and will be removed in a future version.
Instructions for updating:
Use tf.cast instead.
2020-07-04 11:56:38,417-baseline-INFO-

2020-07-04 11:56:38,418-baseline-INFO-

2020-07-04 11:56:38,418-baseline-INFO-Parameters dataset:citeseer datamode:AX ad-method:AE emb-method:LINE
2020-07-04 11:56:38,418-baseline-INFO--------------Evaluating Validation Results--------------
2020-07-04 11:56:38,650-baseline-INFO-AUC:0.4917,AP:0.4996
2020-07-04 11:56:38,650-baseline-INFO-f1:0.2778,acc:0.5048,pre:0.5128,recall:0.1905
2020-07-04 11:56:38,650-baseline-INFO--------------Evaluating Test Results--------------
2020-07-04 11:56:39,012-baseline-INFO-AUC:0.5616,AP:0.5745
2020-07-04 11:56:39,012-baseline-INFO-f1:0.3704,acc:0.5641,pre:0.6618,recall:0.2571
2020-07-04 11:56:42,626-baseline-INFO-

2020-07-04 11:56:42,626-baseline-INFO-

2020-07-04 11:56:42,626-baseline-INFO-Parameters dataset:citeseer datamode:A ad-method:IF emb-method:SDNE
2020-07-04 11:56:42,626-baseline-INFO--------------Evaluating Validation Results--------------
2020-07-04 11:56:42,697-baseline-INFO-AUC:0.5493,AP:0.5642
2020-07-04 11:56:42,697-baseline-INFO-f1:0.2406,acc:0.519,pre:0.5714,recall:0.1524
2020-07-04 11:56:42,697-baseline-INFO--------------Evaluating Test Results--------------
2020-07-04 11:56:42,780-baseline-INFO-AUC:0.5302,AP:0.5343
2020-07-04 11:56:42,781-baseline-INFO-f1:0.2028,acc:0.5071,pre:0.5238,recall:0.1257
2020-07-04 11:56:45,801-baseline-INFO-

2020-07-04 11:56:45,801-baseline-INFO-

2020-07-04 11:56:45,801-baseline-INFO-Parameters dataset:citeseer datamode:A ad-method:OCSVM emb-method:SDNE
2020-07-04 11:56:45,801-baseline-INFO--------------Evaluating Validation Results--------------
2020-07-04 11:56:45,815-baseline-INFO-AUC:0.5372,AP:0.567
2020-07-04 11:56:45,815-baseline-INFO-f1:0.2273,acc:0.5143,pre:0.5556,recall:0.1429
2020-07-04 11:56:45,815-baseline-INFO--------------Evaluating Test Results--------------
2020-07-04 11:56:45,836-baseline-INFO-AUC:0.5269,AP:0.5284
2020-07-04 11:56:45,837-baseline-INFO-f1:0.1604,acc:0.4929,pre:0.4595,recall:0.0971
2020-07-04 11:56:48,774-baseline-INFO-

2020-07-04 11:56:48,774-baseline-INFO-

2020-07-04 11:56:48,774-baseline-INFO-Parameters dataset:citeseer datamode:A ad-method:PCA emb-method:SDNE
2020-07-04 11:56:48,774-baseline-INFO--------------Evaluating Validation Results--------------
2020-07-04 11:56:48,781-baseline-INFO-AUC:0.4993,AP:0.5521
2020-07-04 11:56:48,781-baseline-INFO-f1:0.2273,acc:0.5143,pre:0.5556,recall:0.1429
2020-07-04 11:56:48,781-baseline-INFO--------------Evaluating Test Results--------------
2020-07-04 11:56:48,789-baseline-INFO-AUC:0.5325,AP:0.5292
2020-07-04 11:56:48,789-baseline-INFO-f1:0.1682,acc:0.4929,pre:0.4615,recall:0.1029
2020-07-04 11:56:51,731-tensorflow-WARNING-From /opt/conda/lib/python3.7/site-packages/tensorflow/python/framework/op_def_library.py:263: colocate_with (from tensorflow.python.framework.ops) is deprecated and will be removed in a future version.
Instructions for updating:
Colocations handled automatically by placer.
2020-07-04 11:56:51,740-tensorflow-WARNING-From /opt/conda/lib/python3.7/site-packages/keras/backend/tensorflow_backend.py:3445: calling dropout (from tensorflow.python.ops.nn_ops) with keep_prob is deprecated and will be removed in a future version.
Instructions for updating:
Please use `rate` instead of `keep_prob`. Rate should be set to `rate = 1 - keep_prob`.
2020-07-04 11:56:52,006-tensorflow-WARNING-From /opt/conda/lib/python3.7/site-packages/tensorflow/python/ops/math_ops.py:3066: to_int32 (from tensorflow.python.ops.math_ops) is deprecated and will be removed in a future version.
Instructions for updating:
Use tf.cast instead.
2020-07-04 11:56:57,747-baseline-INFO-

2020-07-04 11:56:57,748-baseline-INFO-

2020-07-04 11:56:57,748-baseline-INFO-Parameters dataset:citeseer datamode:A ad-method:AE emb-method:SDNE
2020-07-04 11:56:57,748-baseline-INFO--------------Evaluating Validation Results--------------
2020-07-04 11:56:57,769-baseline-INFO-AUC:0.507,AP:0.5552
2020-07-04 11:56:57,770-baseline-INFO-f1:0.2273,acc:0.5143,pre:0.5556,recall:0.1429
2020-07-04 11:56:57,770-baseline-INFO--------------Evaluating Test Results--------------
2020-07-04 11:56:57,799-baseline-INFO-AUC:0.5301,AP:0.5286
2020-07-04 11:56:57,799-baseline-INFO-f1:0.1682,acc:0.4929,pre:0.4615,recall:0.1029
2020-07-04 11:57:02,131-baseline-INFO-

2020-07-04 11:57:02,131-baseline-INFO-

2020-07-04 11:57:02,131-baseline-INFO-Parameters dataset:citeseer datamode:AX ad-method:IF emb-method:SDNE
2020-07-04 11:57:02,131-baseline-INFO--------------Evaluating Validation Results--------------
2020-07-04 11:57:02,590-baseline-INFO-AUC:0.5134,AP:0.5196
2020-07-04 11:57:02,590-baseline-INFO-f1:0.1513,acc:0.519,pre:0.6429,recall:0.0857
2020-07-04 11:57:02,590-baseline-INFO--------------Evaluating Test Results--------------
2020-07-04 11:57:03,316-baseline-INFO-AUC:0.4185,AP:0.4363
2020-07-04 11:57:03,316-baseline-INFO-f1:0.0529,acc:0.49,pre:0.3571,recall:0.0286
2020-07-04 11:57:07,074-baseline-INFO-

2020-07-04 11:57:07,075-baseline-INFO-

2020-07-04 11:57:07,075-baseline-INFO-Parameters dataset:citeseer datamode:AX ad-method:OCSVM emb-method:SDNE
2020-07-04 11:57:07,075-baseline-INFO--------------Evaluating Validation Results--------------
2020-07-04 11:57:07,380-baseline-INFO-AUC:0.5552,AP:0.5743
2020-07-04 11:57:07,381-baseline-INFO-f1:0.2273,acc:0.5143,pre:0.5556,recall:0.1429
2020-07-04 11:57:07,381-baseline-INFO--------------Evaluating Test Results--------------
2020-07-04 11:57:07,889-baseline-INFO-AUC:0.5411,AP:0.5343
2020-07-04 11:57:07,889-baseline-INFO-f1:0.1604,acc:0.4929,pre:0.4595,recall:0.0971
2020-07-04 11:57:11,409-baseline-INFO-

2020-07-04 11:57:11,409-baseline-INFO-

2020-07-04 11:57:11,409-baseline-INFO-Parameters dataset:citeseer datamode:AX ad-method:PCA emb-method:SDNE
2020-07-04 11:57:11,409-baseline-INFO--------------Evaluating Validation Results--------------
2020-07-04 11:57:11,826-baseline-INFO-AUC:0.5088,AP:0.5116
2020-07-04 11:57:11,826-baseline-INFO-f1:0.3014,acc:0.5143,pre:0.5366,recall:0.2095
2020-07-04 11:57:11,827-baseline-INFO--------------Evaluating Test Results--------------
2020-07-04 11:57:12,467-baseline-INFO-AUC:0.5694,AP:0.5777
2020-07-04 11:57:12,467-baseline-INFO-f1:0.3984,acc:0.5783,pre:0.6901,recall:0.28
2020-07-04 11:57:15,469-tensorflow-WARNING-From /opt/conda/lib/python3.7/site-packages/tensorflow/python/framework/op_def_library.py:263: colocate_with (from tensorflow.python.framework.ops) is deprecated and will be removed in a future version.
Instructions for updating:
Colocations handled automatically by placer.
2020-07-04 11:57:15,478-tensorflow-WARNING-From /opt/conda/lib/python3.7/site-packages/keras/backend/tensorflow_backend.py:3445: calling dropout (from tensorflow.python.ops.nn_ops) with keep_prob is deprecated and will be removed in a future version.
Instructions for updating:
Please use `rate` instead of `keep_prob`. Rate should be set to `rate = 1 - keep_prob`.
2020-07-04 11:57:15,738-tensorflow-WARNING-From /opt/conda/lib/python3.7/site-packages/tensorflow/python/ops/math_ops.py:3066: to_int32 (from tensorflow.python.ops.math_ops) is deprecated and will be removed in a future version.
Instructions for updating:
Use tf.cast instead.
2020-07-04 12:01:40,524-baseline-INFO-

2020-07-04 12:01:40,524-baseline-INFO-

2020-07-04 12:01:40,524-baseline-INFO-Parameters dataset:citeseer datamode:AX ad-method:AE emb-method:SDNE
2020-07-04 12:01:40,524-baseline-INFO--------------Evaluating Validation Results--------------
2020-07-04 12:01:40,752-baseline-INFO-AUC:0.5088,AP:0.5115
2020-07-04 12:01:40,752-baseline-INFO-f1:0.3014,acc:0.5143,pre:0.5366,recall:0.2095
2020-07-04 12:01:40,752-baseline-INFO--------------Evaluating Test Results--------------
2020-07-04 12:01:41,113-baseline-INFO-AUC:0.5693,AP:0.5777
2020-07-04 12:01:41,113-baseline-INFO-f1:0.3984,acc:0.5783,pre:0.6901,recall:0.28
2020-07-04 12:01:44,639-baseline-INFO-

2020-07-04 12:01:44,639-baseline-INFO-

2020-07-04 12:01:44,639-baseline-INFO-Parameters dataset:citeseer datamode:A ad-method:IF emb-method:Struc2Vec
2020-07-04 12:01:44,639-baseline-INFO--------------Evaluating Validation Results--------------
2020-07-04 12:01:44,709-baseline-INFO-AUC:0.5666,AP:0.5936
2020-07-04 12:01:44,709-baseline-INFO-f1:0.2615,acc:0.5429,pre:0.68,recall:0.1619
2020-07-04 12:01:44,709-baseline-INFO--------------Evaluating Test Results--------------
2020-07-04 12:01:44,791-baseline-INFO-AUC:0.4816,AP:0.5072
2020-07-04 12:01:44,791-baseline-INFO-f1:0.2152,acc:0.5014,pre:0.5,recall:0.1371
2020-07-04 12:01:47,789-baseline-INFO-

2020-07-04 12:01:47,789-baseline-INFO-

2020-07-04 12:01:47,789-baseline-INFO-Parameters dataset:citeseer datamode:A ad-method:OCSVM emb-method:Struc2Vec
2020-07-04 12:01:47,789-baseline-INFO--------------Evaluating Validation Results--------------
2020-07-04 12:01:47,803-baseline-INFO-AUC:0.5937,AP:0.5917
2020-07-04 12:01:47,804-baseline-INFO-f1:0.2748,acc:0.5476,pre:0.6923,recall:0.1714
2020-07-04 12:01:47,804-baseline-INFO--------------Evaluating Test Results--------------
2020-07-04 12:01:47,825-baseline-INFO-AUC:0.5228,AP:0.521
2020-07-04 12:01:47,825-baseline-INFO-f1:0.21,acc:0.5071,pre:0.5227,recall:0.1314
2020-07-04 12:01:50,792-baseline-INFO-

2020-07-04 12:01:50,793-baseline-INFO-

2020-07-04 12:01:50,793-baseline-INFO-Parameters dataset:citeseer datamode:A ad-method:PCA emb-method:Struc2Vec
2020-07-04 12:01:50,793-baseline-INFO--------------Evaluating Validation Results--------------
2020-07-04 12:01:50,799-baseline-INFO-AUC:0.557,AP:0.5733
2020-07-04 12:01:50,799-baseline-INFO-f1:0.2687,acc:0.5333,pre:0.6207,recall:0.1714
2020-07-04 12:01:50,799-baseline-INFO--------------Evaluating Test Results--------------
2020-07-04 12:01:50,808-baseline-INFO-AUC:0.4841,AP:0.5089
2020-07-04 12:01:50,808-baseline-INFO-f1:0.2152,acc:0.5014,pre:0.5,recall:0.1371
2020-07-04 12:01:53,733-tensorflow-WARNING-From /opt/conda/lib/python3.7/site-packages/tensorflow/python/framework/op_def_library.py:263: colocate_with (from tensorflow.python.framework.ops) is deprecated and will be removed in a future version.
Instructions for updating:
Colocations handled automatically by placer.
2020-07-04 12:01:53,741-tensorflow-WARNING-From /opt/conda/lib/python3.7/site-packages/keras/backend/tensorflow_backend.py:3445: calling dropout (from tensorflow.python.ops.nn_ops) with keep_prob is deprecated and will be removed in a future version.
Instructions for updating:
Please use `rate` instead of `keep_prob`. Rate should be set to `rate = 1 - keep_prob`.
2020-07-04 12:01:54,003-tensorflow-WARNING-From /opt/conda/lib/python3.7/site-packages/tensorflow/python/ops/math_ops.py:3066: to_int32 (from tensorflow.python.ops.math_ops) is deprecated and will be removed in a future version.
Instructions for updating:
Use tf.cast instead.
2020-07-04 12:01:59,742-baseline-INFO-

2020-07-04 12:01:59,742-baseline-INFO-

2020-07-04 12:01:59,742-baseline-INFO-Parameters dataset:citeseer datamode:A ad-method:AE emb-method:Struc2Vec
2020-07-04 12:01:59,742-baseline-INFO--------------Evaluating Validation Results--------------
2020-07-04 12:01:59,765-baseline-INFO-AUC:0.5571,AP:0.5732
2020-07-04 12:01:59,765-baseline-INFO-f1:0.2687,acc:0.5333,pre:0.6207,recall:0.1714
2020-07-04 12:01:59,765-baseline-INFO--------------Evaluating Test Results--------------
2020-07-04 12:01:59,796-baseline-INFO-AUC:0.4849,AP:0.509
2020-07-04 12:01:59,796-baseline-INFO-f1:0.2152,acc:0.5014,pre:0.5,recall:0.1371
2020-07-04 12:02:04,121-baseline-INFO-

2020-07-04 12:02:04,121-baseline-INFO-

2020-07-04 12:02:04,121-baseline-INFO-Parameters dataset:citeseer datamode:AX ad-method:IF emb-method:Struc2Vec
2020-07-04 12:02:04,121-baseline-INFO--------------Evaluating Validation Results--------------
2020-07-04 12:02:04,585-baseline-INFO-AUC:0.5146,AP:0.5241
2020-07-04 12:02:04,585-baseline-INFO-f1:0.1186,acc:0.5048,pre:0.5385,recall:0.0667
2020-07-04 12:02:04,585-baseline-INFO--------------Evaluating Test Results--------------
2020-07-04 12:02:05,315-baseline-INFO-AUC:0.4411,AP:0.4539
2020-07-04 12:02:05,315-baseline-INFO-f1:0.0825,acc:0.4929,pre:0.4211,recall:0.0457
2020-07-04 12:02:09,077-baseline-INFO-

2020-07-04 12:02:09,077-baseline-INFO-

2020-07-04 12:02:09,077-baseline-INFO-Parameters dataset:citeseer datamode:AX ad-method:OCSVM emb-method:Struc2Vec
2020-07-04 12:02:09,077-baseline-INFO--------------Evaluating Validation Results--------------
2020-07-04 12:02:09,384-baseline-INFO-AUC:0.5917,AP:0.5908
2020-07-04 12:02:09,384-baseline-INFO-f1:0.2748,acc:0.5476,pre:0.6923,recall:0.1714
2020-07-04 12:02:09,384-baseline-INFO--------------Evaluating Test Results--------------
2020-07-04 12:02:09,895-baseline-INFO-AUC:0.5236,AP:0.5211
2020-07-04 12:02:09,895-baseline-INFO-f1:0.21,acc:0.5071,pre:0.5227,recall:0.1314
2020-07-04 12:02:13,444-baseline-INFO-

2020-07-04 12:02:13,444-baseline-INFO-

2020-07-04 12:02:13,444-baseline-INFO-Parameters dataset:citeseer datamode:AX ad-method:PCA emb-method:Struc2Vec
2020-07-04 12:02:13,444-baseline-INFO--------------Evaluating Validation Results--------------
2020-07-04 12:02:13,863-baseline-INFO-AUC:0.499,AP:0.5047
2020-07-04 12:02:13,863-baseline-INFO-f1:0.2877,acc:0.5048,pre:0.5122,recall:0.2
2020-07-04 12:02:13,863-baseline-INFO--------------Evaluating Test Results--------------
2020-07-04 12:02:14,548-baseline-INFO-AUC:0.5631,AP:0.5751
2020-07-04 12:02:14,548-baseline-INFO-f1:0.384,acc:0.5613,pre:0.64,recall:0.2743
2020-07-04 12:02:17,588-tensorflow-WARNING-From /opt/conda/lib/python3.7/site-packages/tensorflow/python/framework/op_def_library.py:263: colocate_with (from tensorflow.python.framework.ops) is deprecated and will be removed in a future version.
Instructions for updating:
Colocations handled automatically by placer.
2020-07-04 12:02:17,597-tensorflow-WARNING-From /opt/conda/lib/python3.7/site-packages/keras/backend/tensorflow_backend.py:3445: calling dropout (from tensorflow.python.ops.nn_ops) with keep_prob is deprecated and will be removed in a future version.
Instructions for updating:
Please use `rate` instead of `keep_prob`. Rate should be set to `rate = 1 - keep_prob`.
2020-07-04 12:02:17,864-tensorflow-WARNING-From /opt/conda/lib/python3.7/site-packages/tensorflow/python/ops/math_ops.py:3066: to_int32 (from tensorflow.python.ops.math_ops) is deprecated and will be removed in a future version.
Instructions for updating:
Use tf.cast instead.
2020-07-04 12:06:43,846-baseline-INFO-

2020-07-04 12:06:43,846-baseline-INFO-

2020-07-04 12:06:43,846-baseline-INFO-Parameters dataset:citeseer datamode:AX ad-method:AE emb-method:Struc2Vec
2020-07-04 12:06:43,846-baseline-INFO--------------Evaluating Validation Results--------------
2020-07-04 12:06:44,076-baseline-INFO-AUC:0.4989,AP:0.5048
2020-07-04 12:06:44,076-baseline-INFO-f1:0.2877,acc:0.5048,pre:0.5122,recall:0.2
2020-07-04 12:06:44,076-baseline-INFO--------------Evaluating Test Results--------------
2020-07-04 12:06:44,444-baseline-INFO-AUC:0.5629,AP:0.5751
2020-07-04 12:06:44,444-baseline-INFO-f1:0.384,acc:0.5613,pre:0.64,recall:0.2743
