2020-07-04 13:12:06,275-baseline-INFO-

2020-07-04 13:12:06,275-baseline-INFO-

2020-07-04 13:12:06,275-baseline-INFO-Parameters dataset:citeseer datamode:A ad-method:IF emb-method:Node2Vec
2020-07-04 13:12:06,275-baseline-INFO--------------Evaluating Validation Results--------------
2020-07-04 13:12:06,347-baseline-INFO-AUC:0.5766,AP:0.5701
2020-07-04 13:12:06,347-baseline-INFO-f1:0.2609,acc:0.5143,pre:0.5455,recall:0.1714
2020-07-04 13:12:06,347-baseline-INFO--------------Evaluating Test Results--------------
2020-07-04 13:12:06,434-baseline-INFO-AUC:0.5524,AP:0.559
2020-07-04 13:12:06,434-baseline-INFO-f1:0.2807,acc:0.5328,pre:0.6038,recall:0.1829
2020-07-04 13:12:09,437-baseline-INFO-

2020-07-04 13:12:09,438-baseline-INFO-

2020-07-04 13:12:09,438-baseline-INFO-Parameters dataset:citeseer datamode:A ad-method:OCSVM emb-method:Node2Vec
2020-07-04 13:12:09,438-baseline-INFO--------------Evaluating Validation Results--------------
2020-07-04 13:12:09,452-baseline-INFO-AUC:0.5427,AP:0.5525
2020-07-04 13:12:09,452-baseline-INFO-f1:0.2667,acc:0.5286,pre:0.6,recall:0.1714
2020-07-04 13:12:09,453-baseline-INFO--------------Evaluating Test Results--------------
2020-07-04 13:12:09,475-baseline-INFO-AUC:0.6,AP:0.6215
2020-07-04 13:12:09,475-baseline-INFO-f1:0.2685,acc:0.5499,pre:0.7073,recall:0.1657
2020-07-04 13:12:12,417-baseline-INFO-

2020-07-04 13:12:12,417-baseline-INFO-

2020-07-04 13:12:12,417-baseline-INFO-Parameters dataset:citeseer datamode:A ad-method:PCA emb-method:Node2Vec
2020-07-04 13:12:12,417-baseline-INFO--------------Evaluating Validation Results--------------
2020-07-04 13:12:12,424-baseline-INFO-AUC:0.5763,AP:0.5838
2020-07-04 13:12:12,424-baseline-INFO-f1:0.3165,acc:0.5476,pre:0.6471,recall:0.2095
2020-07-04 13:12:12,424-baseline-INFO--------------Evaluating Test Results--------------
2020-07-04 13:12:12,432-baseline-INFO-AUC:0.621,AP:0.6469
2020-07-04 13:12:12,432-baseline-INFO-f1:0.3091,acc:0.567,pre:0.7556,recall:0.1943
2020-07-04 13:12:15,397-tensorflow-WARNING-From /opt/conda/lib/python3.7/site-packages/tensorflow/python/framework/op_def_library.py:263: colocate_with (from tensorflow.python.framework.ops) is deprecated and will be removed in a future version.
Instructions for updating:
Colocations handled automatically by placer.
2020-07-04 13:12:15,406-tensorflow-WARNING-From /opt/conda/lib/python3.7/site-packages/keras/backend/tensorflow_backend.py:3445: calling dropout (from tensorflow.python.ops.nn_ops) with keep_prob is deprecated and will be removed in a future version.
Instructions for updating:
Please use `rate` instead of `keep_prob`. Rate should be set to `rate = 1 - keep_prob`.
2020-07-04 13:12:15,673-tensorflow-WARNING-From /opt/conda/lib/python3.7/site-packages/tensorflow/python/ops/math_ops.py:3066: to_int32 (from tensorflow.python.ops.math_ops) is deprecated and will be removed in a future version.
Instructions for updating:
Use tf.cast instead.
2020-07-04 13:12:21,370-baseline-INFO-

2020-07-04 13:12:21,370-baseline-INFO-

2020-07-04 13:12:21,370-baseline-INFO-Parameters dataset:citeseer datamode:A ad-method:AE emb-method:Node2Vec
2020-07-04 13:12:21,370-baseline-INFO--------------Evaluating Validation Results--------------
2020-07-04 13:12:21,384-baseline-INFO-AUC:0.5761,AP:0.5825
2020-07-04 13:12:21,384-baseline-INFO-f1:0.3239,acc:0.5429,pre:0.6216,recall:0.219
2020-07-04 13:12:21,385-baseline-INFO--------------Evaluating Test Results--------------
2020-07-04 13:12:21,408-baseline-INFO-AUC:0.6207,AP:0.6474
2020-07-04 13:12:21,408-baseline-INFO-f1:0.3378,acc:0.5755,pre:0.76,recall:0.2171
2020-07-04 13:12:25,762-baseline-INFO-

2020-07-04 13:12:25,762-baseline-INFO-

2020-07-04 13:12:25,762-baseline-INFO-Parameters dataset:citeseer datamode:AX ad-method:IF emb-method:Node2Vec
2020-07-04 13:12:25,762-baseline-INFO--------------Evaluating Validation Results--------------
2020-07-04 13:12:26,238-baseline-INFO-AUC:0.4626,AP:0.4836
2020-07-04 13:12:26,238-baseline-INFO-f1:0.0702,acc:0.4952,pre:0.4444,recall:0.0381
2020-07-04 13:12:26,238-baseline-INFO--------------Evaluating Test Results--------------
2020-07-04 13:12:27,008-baseline-INFO-AUC:0.5423,AP:0.5116
2020-07-04 13:12:27,008-baseline-INFO-f1:0.0923,acc:0.4957,pre:0.45,recall:0.0514
2020-07-04 13:12:30,770-baseline-INFO-

2020-07-04 13:12:30,770-baseline-INFO-

2020-07-04 13:12:30,770-baseline-INFO-Parameters dataset:citeseer datamode:AX ad-method:OCSVM emb-method:Node2Vec
2020-07-04 13:12:30,770-baseline-INFO--------------Evaluating Validation Results--------------
2020-07-04 13:12:31,085-baseline-INFO-AUC:0.54,AP:0.5503
2020-07-04 13:12:31,085-baseline-INFO-f1:0.2667,acc:0.5286,pre:0.6,recall:0.1714
2020-07-04 13:12:31,085-baseline-INFO--------------Evaluating Test Results--------------
2020-07-04 13:12:31,609-baseline-INFO-AUC:0.5969,AP:0.6189
2020-07-04 13:12:31,609-baseline-INFO-f1:0.2617,acc:0.5499,pre:0.7179,recall:0.16
2020-07-04 13:12:35,095-baseline-INFO-

2020-07-04 13:12:35,096-baseline-INFO-

2020-07-04 13:12:35,096-baseline-INFO-Parameters dataset:citeseer datamode:AX ad-method:PCA emb-method:Node2Vec
2020-07-04 13:12:35,096-baseline-INFO--------------Evaluating Validation Results--------------
2020-07-04 13:12:35,490-baseline-INFO-AUC:0.6195,AP:0.6361
2020-07-04 13:12:35,491-baseline-INFO-f1:0.4238,acc:0.5857,pre:0.6957,recall:0.3048
2020-07-04 13:12:35,491-baseline-INFO--------------Evaluating Test Results--------------
2020-07-04 13:12:36,126-baseline-INFO-AUC:0.5707,AP:0.5392
2020-07-04 13:12:36,126-baseline-INFO-f1:0.3279,acc:0.5328,pre:0.5797,recall:0.2286
2020-07-04 13:12:39,163-tensorflow-WARNING-From /opt/conda/lib/python3.7/site-packages/tensorflow/python/framework/op_def_library.py:263: colocate_with (from tensorflow.python.framework.ops) is deprecated and will be removed in a future version.
Instructions for updating:
Colocations handled automatically by placer.
2020-07-04 13:12:39,172-tensorflow-WARNING-From /opt/conda/lib/python3.7/site-packages/keras/backend/tensorflow_backend.py:3445: calling dropout (from tensorflow.python.ops.nn_ops) with keep_prob is deprecated and will be removed in a future version.
Instructions for updating:
Please use `rate` instead of `keep_prob`. Rate should be set to `rate = 1 - keep_prob`.
2020-07-04 13:12:39,451-tensorflow-WARNING-From /opt/conda/lib/python3.7/site-packages/tensorflow/python/ops/math_ops.py:3066: to_int32 (from tensorflow.python.ops.math_ops) is deprecated and will be removed in a future version.
Instructions for updating:
Use tf.cast instead.
2020-07-04 13:17:05,218-baseline-INFO-

2020-07-04 13:17:05,218-baseline-INFO-

2020-07-04 13:17:05,218-baseline-INFO-Parameters dataset:citeseer datamode:AX ad-method:AE emb-method:Node2Vec
2020-07-04 13:17:05,218-baseline-INFO--------------Evaluating Validation Results--------------
2020-07-04 13:17:05,450-baseline-INFO-AUC:0.6192,AP:0.636
2020-07-04 13:17:05,450-baseline-INFO-f1:0.4238,acc:0.5857,pre:0.6957,recall:0.3048
2020-07-04 13:17:05,450-baseline-INFO--------------Evaluating Test Results--------------
2020-07-04 13:17:05,810-baseline-INFO-AUC:0.5706,AP:0.5392
2020-07-04 13:17:05,810-baseline-INFO-f1:0.3279,acc:0.5328,pre:0.5797,recall:0.2286
2020-07-04 13:17:09,470-baseline-INFO-

2020-07-04 13:17:09,470-baseline-INFO-

2020-07-04 13:17:09,470-baseline-INFO-Parameters dataset:citeseer datamode:A ad-method:IF emb-method:LINE
2020-07-04 13:17:09,470-baseline-INFO--------------Evaluating Validation Results--------------
2020-07-04 13:17:09,543-baseline-INFO-AUC:0.5254,AP:0.5701
2020-07-04 13:17:09,543-baseline-INFO-f1:0.375,acc:0.5714,pre:0.6923,recall:0.2571
2020-07-04 13:17:09,543-baseline-INFO--------------Evaluating Test Results--------------
2020-07-04 13:17:09,642-baseline-INFO-AUC:0.6078,AP:0.5974
2020-07-04 13:17:09,642-baseline-INFO-f1:0.2569,acc:0.5385,pre:0.6512,recall:0.16
2020-07-04 13:17:12,662-baseline-INFO-

2020-07-04 13:17:12,662-baseline-INFO-

2020-07-04 13:17:12,662-baseline-INFO-Parameters dataset:citeseer datamode:A ad-method:OCSVM emb-method:LINE
2020-07-04 13:17:12,662-baseline-INFO--------------Evaluating Validation Results--------------
2020-07-04 13:17:12,676-baseline-INFO-AUC:0.5317,AP:0.5524
2020-07-04 13:17:12,676-baseline-INFO-f1:0.2388,acc:0.5143,pre:0.5517,recall:0.1524
2020-07-04 13:17:12,676-baseline-INFO--------------Evaluating Test Results--------------
2020-07-04 13:17:12,697-baseline-INFO-AUC:0.587,AP:0.5923
2020-07-04 13:17:12,697-baseline-INFO-f1:0.2136,acc:0.5385,pre:0.7097,recall:0.1257
2020-07-04 13:17:15,679-baseline-INFO-

2020-07-04 13:17:15,679-baseline-INFO-

2020-07-04 13:17:15,679-baseline-INFO-Parameters dataset:citeseer datamode:A ad-method:PCA emb-method:LINE
2020-07-04 13:17:15,679-baseline-INFO--------------Evaluating Validation Results--------------
2020-07-04 13:17:15,686-baseline-INFO-AUC:0.5327,AP:0.5538
2020-07-04 13:17:15,686-baseline-INFO-f1:0.2256,acc:0.5095,pre:0.5357,recall:0.1429
2020-07-04 13:17:15,686-baseline-INFO--------------Evaluating Test Results--------------
2020-07-04 13:17:15,694-baseline-INFO-AUC:0.5886,AP:0.592
2020-07-04 13:17:15,694-baseline-INFO-f1:0.2049,acc:0.5356,pre:0.7,recall:0.12
2020-07-04 13:17:18,661-tensorflow-WARNING-From /opt/conda/lib/python3.7/site-packages/tensorflow/python/framework/op_def_library.py:263: colocate_with (from tensorflow.python.framework.ops) is deprecated and will be removed in a future version.
Instructions for updating:
Colocations handled automatically by placer.
2020-07-04 13:17:18,670-tensorflow-WARNING-From /opt/conda/lib/python3.7/site-packages/keras/backend/tensorflow_backend.py:3445: calling dropout (from tensorflow.python.ops.nn_ops) with keep_prob is deprecated and will be removed in a future version.
Instructions for updating:
Please use `rate` instead of `keep_prob`. Rate should be set to `rate = 1 - keep_prob`.
2020-07-04 13:17:18,939-tensorflow-WARNING-From /opt/conda/lib/python3.7/site-packages/tensorflow/python/ops/math_ops.py:3066: to_int32 (from tensorflow.python.ops.math_ops) is deprecated and will be removed in a future version.
Instructions for updating:
Use tf.cast instead.
2020-07-04 13:17:24,655-baseline-INFO-

2020-07-04 13:17:24,655-baseline-INFO-

2020-07-04 13:17:24,655-baseline-INFO-Parameters dataset:citeseer datamode:A ad-method:AE emb-method:LINE
2020-07-04 13:17:24,655-baseline-INFO--------------Evaluating Validation Results--------------
2020-07-04 13:17:24,675-baseline-INFO-AUC:0.5328,AP:0.5543
2020-07-04 13:17:24,675-baseline-INFO-f1:0.2256,acc:0.5095,pre:0.5357,recall:0.1429
2020-07-04 13:17:24,675-baseline-INFO--------------Evaluating Test Results--------------
2020-07-04 13:17:24,703-baseline-INFO-AUC:0.5882,AP:0.5928
2020-07-04 13:17:24,703-baseline-INFO-f1:0.2049,acc:0.5356,pre:0.7,recall:0.12
2020-07-04 13:17:29,074-baseline-INFO-

2020-07-04 13:17:29,074-baseline-INFO-

2020-07-04 13:17:29,074-baseline-INFO-Parameters dataset:citeseer datamode:AX ad-method:IF emb-method:LINE
2020-07-04 13:17:29,074-baseline-INFO--------------Evaluating Validation Results--------------
2020-07-04 13:17:29,535-baseline-INFO-AUC:0.4473,AP:0.4873
2020-07-04 13:17:29,535-baseline-INFO-f1:0.1034,acc:0.5048,pre:0.5455,recall:0.0571
2020-07-04 13:17:29,535-baseline-INFO--------------Evaluating Test Results--------------
2020-07-04 13:17:30,273-baseline-INFO-AUC:0.5527,AP:0.5217
2020-07-04 13:17:30,273-baseline-INFO-f1:0.0938,acc:0.5043,pre:0.5294,recall:0.0514
2020-07-04 13:17:34,078-baseline-INFO-

2020-07-04 13:17:34,078-baseline-INFO-

2020-07-04 13:17:34,078-baseline-INFO-Parameters dataset:citeseer datamode:AX ad-method:OCSVM emb-method:LINE
2020-07-04 13:17:34,078-baseline-INFO--------------Evaluating Validation Results--------------
2020-07-04 13:17:34,385-baseline-INFO-AUC:0.5313,AP:0.5524
2020-07-04 13:17:34,385-baseline-INFO-f1:0.2388,acc:0.5143,pre:0.5517,recall:0.1524
2020-07-04 13:17:34,385-baseline-INFO--------------Evaluating Test Results--------------
2020-07-04 13:17:34,895-baseline-INFO-AUC:0.5863,AP:0.5918
2020-07-04 13:17:34,895-baseline-INFO-f1:0.2136,acc:0.5385,pre:0.7097,recall:0.1257
2020-07-04 13:17:38,439-baseline-INFO-

2020-07-04 13:17:38,439-baseline-INFO-

2020-07-04 13:17:38,439-baseline-INFO-Parameters dataset:citeseer datamode:AX ad-method:PCA emb-method:LINE
2020-07-04 13:17:38,439-baseline-INFO--------------Evaluating Validation Results--------------
2020-07-04 13:17:38,857-baseline-INFO-AUC:0.6208,AP:0.6383
2020-07-04 13:17:38,857-baseline-INFO-f1:0.4342,acc:0.5905,pre:0.7021,recall:0.3143
2020-07-04 13:17:38,857-baseline-INFO--------------Evaluating Test Results--------------
2020-07-04 13:17:39,538-baseline-INFO-AUC:0.5728,AP:0.541
2020-07-04 13:17:39,538-baseline-INFO-f1:0.321,acc:0.5299,pre:0.5735,recall:0.2229
2020-07-04 13:17:42,550-tensorflow-WARNING-From /opt/conda/lib/python3.7/site-packages/tensorflow/python/framework/op_def_library.py:263: colocate_with (from tensorflow.python.framework.ops) is deprecated and will be removed in a future version.
Instructions for updating:
Colocations handled automatically by placer.
2020-07-04 13:17:42,558-tensorflow-WARNING-From /opt/conda/lib/python3.7/site-packages/keras/backend/tensorflow_backend.py:3445: calling dropout (from tensorflow.python.ops.nn_ops) with keep_prob is deprecated and will be removed in a future version.
Instructions for updating:
Please use `rate` instead of `keep_prob`. Rate should be set to `rate = 1 - keep_prob`.
2020-07-04 13:17:42,821-tensorflow-WARNING-From /opt/conda/lib/python3.7/site-packages/tensorflow/python/ops/math_ops.py:3066: to_int32 (from tensorflow.python.ops.math_ops) is deprecated and will be removed in a future version.
Instructions for updating:
Use tf.cast instead.
2020-07-04 13:22:08,530-baseline-INFO-

2020-07-04 13:22:08,530-baseline-INFO-

2020-07-04 13:22:08,531-baseline-INFO-Parameters dataset:citeseer datamode:AX ad-method:AE emb-method:LINE
2020-07-04 13:22:08,531-baseline-INFO--------------Evaluating Validation Results--------------
2020-07-04 13:22:08,762-baseline-INFO-AUC:0.6206,AP:0.6382
2020-07-04 13:22:08,762-baseline-INFO-f1:0.4342,acc:0.5905,pre:0.7021,recall:0.3143
2020-07-04 13:22:08,762-baseline-INFO--------------Evaluating Test Results--------------
2020-07-04 13:22:09,123-baseline-INFO-AUC:0.5727,AP:0.5407
2020-07-04 13:22:09,123-baseline-INFO-f1:0.3223,acc:0.5328,pre:0.5821,recall:0.2229
2020-07-04 13:22:12,765-baseline-INFO-

2020-07-04 13:22:12,765-baseline-INFO-

2020-07-04 13:22:12,765-baseline-INFO-Parameters dataset:citeseer datamode:A ad-method:IF emb-method:SDNE
2020-07-04 13:22:12,765-baseline-INFO--------------Evaluating Validation Results--------------
2020-07-04 13:22:12,836-baseline-INFO-AUC:0.5205,AP:0.5521
2020-07-04 13:22:12,836-baseline-INFO-f1:0.186,acc:0.5,pre:0.5,recall:0.1143
2020-07-04 13:22:12,836-baseline-INFO--------------Evaluating Test Results--------------
2020-07-04 13:22:12,919-baseline-INFO-AUC:0.5259,AP:0.5554
2020-07-04 13:22:12,919-baseline-INFO-f1:0.2304,acc:0.5242,pre:0.5952,recall:0.1429
2020-07-04 13:22:15,961-baseline-INFO-

2020-07-04 13:22:15,961-baseline-INFO-

2020-07-04 13:22:15,961-baseline-INFO-Parameters dataset:citeseer datamode:A ad-method:OCSVM emb-method:SDNE
2020-07-04 13:22:15,961-baseline-INFO--------------Evaluating Validation Results--------------
2020-07-04 13:22:15,976-baseline-INFO-AUC:0.454,AP:0.5296
2020-07-04 13:22:15,976-baseline-INFO-f1:0.1875,acc:0.5048,pre:0.5217,recall:0.1143
2020-07-04 13:22:15,976-baseline-INFO--------------Evaluating Test Results--------------
2020-07-04 13:22:15,997-baseline-INFO-AUC:0.5516,AP:0.5597
2020-07-04 13:22:15,997-baseline-INFO-f1:0.2243,acc:0.5271,pre:0.6154,recall:0.1371
2020-07-04 13:22:18,966-baseline-INFO-

2020-07-04 13:22:18,966-baseline-INFO-

2020-07-04 13:22:18,966-baseline-INFO-Parameters dataset:citeseer datamode:A ad-method:PCA emb-method:SDNE
2020-07-04 13:22:18,967-baseline-INFO--------------Evaluating Validation Results--------------
2020-07-04 13:22:18,973-baseline-INFO-AUC:0.4733,AP:0.5353
2020-07-04 13:22:18,973-baseline-INFO-f1:0.1875,acc:0.5048,pre:0.5217,recall:0.1143
2020-07-04 13:22:18,973-baseline-INFO--------------Evaluating Test Results--------------
2020-07-04 13:22:18,982-baseline-INFO-AUC:0.5288,AP:0.5525
2020-07-04 13:22:18,982-baseline-INFO-f1:0.2254,acc:0.5299,pre:0.6316,recall:0.1371
2020-07-04 13:22:21,969-tensorflow-WARNING-From /opt/conda/lib/python3.7/site-packages/tensorflow/python/framework/op_def_library.py:263: colocate_with (from tensorflow.python.framework.ops) is deprecated and will be removed in a future version.
Instructions for updating:
Colocations handled automatically by placer.
2020-07-04 13:22:21,977-tensorflow-WARNING-From /opt/conda/lib/python3.7/site-packages/keras/backend/tensorflow_backend.py:3445: calling dropout (from tensorflow.python.ops.nn_ops) with keep_prob is deprecated and will be removed in a future version.
Instructions for updating:
Please use `rate` instead of `keep_prob`. Rate should be set to `rate = 1 - keep_prob`.
2020-07-04 13:22:22,244-tensorflow-WARNING-From /opt/conda/lib/python3.7/site-packages/tensorflow/python/ops/math_ops.py:3066: to_int32 (from tensorflow.python.ops.math_ops) is deprecated and will be removed in a future version.
Instructions for updating:
Use tf.cast instead.
2020-07-04 13:22:27,905-baseline-INFO-

2020-07-04 13:22:27,905-baseline-INFO-

2020-07-04 13:22:27,905-baseline-INFO-Parameters dataset:citeseer datamode:A ad-method:AE emb-method:SDNE
2020-07-04 13:22:27,905-baseline-INFO--------------Evaluating Validation Results--------------
2020-07-04 13:22:27,925-baseline-INFO-AUC:0.4759,AP:0.5362
2020-07-04 13:22:27,925-baseline-INFO-f1:0.1875,acc:0.5048,pre:0.5217,recall:0.1143
2020-07-04 13:22:27,925-baseline-INFO--------------Evaluating Test Results--------------
2020-07-04 13:22:27,948-baseline-INFO-AUC:0.5319,AP:0.5539
2020-07-04 13:22:27,948-baseline-INFO-f1:0.2254,acc:0.5299,pre:0.6316,recall:0.1371
2020-07-04 13:22:32,295-baseline-INFO-

2020-07-04 13:22:32,296-baseline-INFO-

2020-07-04 13:22:32,296-baseline-INFO-Parameters dataset:citeseer datamode:AX ad-method:IF emb-method:SDNE
2020-07-04 13:22:32,296-baseline-INFO--------------Evaluating Validation Results--------------
2020-07-04 13:22:32,770-baseline-INFO-AUC:0.4795,AP:0.5123
2020-07-04 13:22:32,770-baseline-INFO-f1:0.1197,acc:0.5095,pre:0.5833,recall:0.0667
2020-07-04 13:22:32,770-baseline-INFO--------------Evaluating Test Results--------------
2020-07-04 13:22:33,544-baseline-INFO-AUC:0.5755,AP:0.5377
2020-07-04 13:22:33,544-baseline-INFO-f1:0.1206,acc:0.5014,pre:0.5,recall:0.0686
2020-07-04 13:22:37,297-baseline-INFO-

2020-07-04 13:22:37,297-baseline-INFO-

2020-07-04 13:22:37,297-baseline-INFO-Parameters dataset:citeseer datamode:AX ad-method:OCSVM emb-method:SDNE
2020-07-04 13:22:37,297-baseline-INFO--------------Evaluating Validation Results--------------
2020-07-04 13:22:37,603-baseline-INFO-AUC:0.4668,AP:0.5346
2020-07-04 13:22:37,603-baseline-INFO-f1:0.1875,acc:0.5048,pre:0.5217,recall:0.1143
2020-07-04 13:22:37,603-baseline-INFO--------------Evaluating Test Results--------------
2020-07-04 13:22:38,110-baseline-INFO-AUC:0.5595,AP:0.5631
2020-07-04 13:22:38,110-baseline-INFO-f1:0.216,acc:0.5242,pre:0.6053,recall:0.1314
2020-07-04 13:22:41,634-baseline-INFO-

2020-07-04 13:22:41,634-baseline-INFO-

2020-07-04 13:22:41,634-baseline-INFO-Parameters dataset:citeseer datamode:AX ad-method:PCA emb-method:SDNE
2020-07-04 13:22:41,634-baseline-INFO--------------Evaluating Validation Results--------------
2020-07-04 13:22:42,048-baseline-INFO-AUC:0.6404,AP:0.6566
2020-07-04 13:22:42,049-baseline-INFO-f1:0.4968,acc:0.6238,pre:0.75,recall:0.3714
2020-07-04 13:22:42,049-baseline-INFO--------------Evaluating Test Results--------------
2020-07-04 13:22:42,729-baseline-INFO-AUC:0.5835,AP:0.5483
2020-07-04 13:22:42,729-baseline-INFO-f1:0.3415,acc:0.5385,pre:0.5915,recall:0.24
2020-07-04 13:22:45,731-tensorflow-WARNING-From /opt/conda/lib/python3.7/site-packages/tensorflow/python/framework/op_def_library.py:263: colocate_with (from tensorflow.python.framework.ops) is deprecated and will be removed in a future version.
Instructions for updating:
Colocations handled automatically by placer.
2020-07-04 13:22:45,739-tensorflow-WARNING-From /opt/conda/lib/python3.7/site-packages/keras/backend/tensorflow_backend.py:3445: calling dropout (from tensorflow.python.ops.nn_ops) with keep_prob is deprecated and will be removed in a future version.
Instructions for updating:
Please use `rate` instead of `keep_prob`. Rate should be set to `rate = 1 - keep_prob`.
2020-07-04 13:22:46,006-tensorflow-WARNING-From /opt/conda/lib/python3.7/site-packages/tensorflow/python/ops/math_ops.py:3066: to_int32 (from tensorflow.python.ops.math_ops) is deprecated and will be removed in a future version.
Instructions for updating:
Use tf.cast instead.
2020-07-04 13:27:12,236-baseline-INFO-

2020-07-04 13:27:12,236-baseline-INFO-

2020-07-04 13:27:12,236-baseline-INFO-Parameters dataset:citeseer datamode:AX ad-method:AE emb-method:SDNE
2020-07-04 13:27:12,236-baseline-INFO--------------Evaluating Validation Results--------------
2020-07-04 13:27:12,468-baseline-INFO-AUC:0.6405,AP:0.6568
2020-07-04 13:27:12,468-baseline-INFO-f1:0.4968,acc:0.6238,pre:0.75,recall:0.3714
2020-07-04 13:27:12,468-baseline-INFO--------------Evaluating Test Results--------------
2020-07-04 13:27:12,831-baseline-INFO-AUC:0.5838,AP:0.5485
2020-07-04 13:27:12,831-baseline-INFO-f1:0.3415,acc:0.5385,pre:0.5915,recall:0.24
2020-07-04 13:27:16,369-baseline-INFO-

2020-07-04 13:27:16,369-baseline-INFO-

2020-07-04 13:27:16,369-baseline-INFO-Parameters dataset:citeseer datamode:A ad-method:IF emb-method:Struc2Vec
2020-07-04 13:27:16,369-baseline-INFO--------------Evaluating Validation Results--------------
2020-07-04 13:27:16,439-baseline-INFO-AUC:0.5493,AP:0.5623
2020-07-04 13:27:16,439-baseline-INFO-f1:0.2519,acc:0.519,pre:0.5667,recall:0.1619
2020-07-04 13:27:16,439-baseline-INFO--------------Evaluating Test Results--------------
2020-07-04 13:27:16,522-baseline-INFO-AUC:0.5523,AP:0.5714
2020-07-04 13:27:16,522-baseline-INFO-f1:0.2243,acc:0.5271,pre:0.6154,recall:0.1371
2020-07-04 13:27:19,516-baseline-INFO-

2020-07-04 13:27:19,516-baseline-INFO-

2020-07-04 13:27:19,516-baseline-INFO-Parameters dataset:citeseer datamode:A ad-method:OCSVM emb-method:Struc2Vec
2020-07-04 13:27:19,516-baseline-INFO--------------Evaluating Validation Results--------------
2020-07-04 13:27:19,531-baseline-INFO-AUC:0.5716,AP:0.5659
2020-07-04 13:27:19,531-baseline-INFO-f1:0.2137,acc:0.5095,pre:0.5385,recall:0.1333
2020-07-04 13:27:19,531-baseline-INFO--------------Evaluating Test Results--------------
2020-07-04 13:27:19,553-baseline-INFO-AUC:0.5655,AP:0.5722
2020-07-04 13:27:19,553-baseline-INFO-f1:0.2243,acc:0.5271,pre:0.6154,recall:0.1371
2020-07-04 13:27:22,557-baseline-INFO-

2020-07-04 13:27:22,557-baseline-INFO-

2020-07-04 13:27:22,557-baseline-INFO-Parameters dataset:citeseer datamode:A ad-method:PCA emb-method:Struc2Vec
2020-07-04 13:27:22,557-baseline-INFO--------------Evaluating Validation Results--------------
2020-07-04 13:27:22,563-baseline-INFO-AUC:0.5607,AP:0.5627
2020-07-04 13:27:22,564-baseline-INFO-f1:0.2154,acc:0.5143,pre:0.56,recall:0.1333
2020-07-04 13:27:22,564-baseline-INFO--------------Evaluating Test Results--------------
2020-07-04 13:27:22,572-baseline-INFO-AUC:0.5551,AP:0.5658
2020-07-04 13:27:22,572-baseline-INFO-f1:0.2243,acc:0.5271,pre:0.6154,recall:0.1371
2020-07-04 13:27:25,561-tensorflow-WARNING-From /opt/conda/lib/python3.7/site-packages/tensorflow/python/framework/op_def_library.py:263: colocate_with (from tensorflow.python.framework.ops) is deprecated and will be removed in a future version.
Instructions for updating:
Colocations handled automatically by placer.
2020-07-04 13:27:25,569-tensorflow-WARNING-From /opt/conda/lib/python3.7/site-packages/keras/backend/tensorflow_backend.py:3445: calling dropout (from tensorflow.python.ops.nn_ops) with keep_prob is deprecated and will be removed in a future version.
Instructions for updating:
Please use `rate` instead of `keep_prob`. Rate should be set to `rate = 1 - keep_prob`.
2020-07-04 13:27:25,831-tensorflow-WARNING-From /opt/conda/lib/python3.7/site-packages/tensorflow/python/ops/math_ops.py:3066: to_int32 (from tensorflow.python.ops.math_ops) is deprecated and will be removed in a future version.
Instructions for updating:
Use tf.cast instead.
2020-07-04 13:27:31,492-baseline-INFO-

2020-07-04 13:27:31,492-baseline-INFO-

2020-07-04 13:27:31,492-baseline-INFO-Parameters dataset:citeseer datamode:A ad-method:AE emb-method:Struc2Vec
2020-07-04 13:27:31,492-baseline-INFO--------------Evaluating Validation Results--------------
2020-07-04 13:27:31,513-baseline-INFO-AUC:0.5615,AP:0.563
2020-07-04 13:27:31,513-baseline-INFO-f1:0.2154,acc:0.5143,pre:0.56,recall:0.1333
2020-07-04 13:27:31,513-baseline-INFO--------------Evaluating Test Results--------------
2020-07-04 13:27:31,537-baseline-INFO-AUC:0.555,AP:0.5678
2020-07-04 13:27:31,537-baseline-INFO-f1:0.2326,acc:0.5299,pre:0.625,recall:0.1429
2020-07-04 13:27:35,878-baseline-INFO-

2020-07-04 13:27:35,878-baseline-INFO-

2020-07-04 13:27:35,878-baseline-INFO-Parameters dataset:citeseer datamode:AX ad-method:IF emb-method:Struc2Vec
2020-07-04 13:27:35,878-baseline-INFO--------------Evaluating Validation Results--------------
2020-07-04 13:27:36,353-baseline-INFO-AUC:0.5107,AP:0.5391
2020-07-04 13:27:36,353-baseline-INFO-f1:0.1789,acc:0.519,pre:0.6111,recall:0.1048
2020-07-04 13:27:36,353-baseline-INFO--------------Evaluating Test Results--------------
2020-07-04 13:27:37,113-baseline-INFO-AUC:0.5579,AP:0.541
2020-07-04 13:27:37,114-baseline-INFO-f1:0.1584,acc:0.5157,pre:0.5926,recall:0.0914
2020-07-04 13:27:40,887-baseline-INFO-

2020-07-04 13:27:40,887-baseline-INFO-

2020-07-04 13:27:40,887-baseline-INFO-Parameters dataset:citeseer datamode:AX ad-method:OCSVM emb-method:Struc2Vec
2020-07-04 13:27:40,887-baseline-INFO--------------Evaluating Validation Results--------------
2020-07-04 13:27:41,195-baseline-INFO-AUC:0.5715,AP:0.5658
2020-07-04 13:27:41,195-baseline-INFO-f1:0.2137,acc:0.5095,pre:0.5385,recall:0.1333
2020-07-04 13:27:41,195-baseline-INFO--------------Evaluating Test Results--------------
2020-07-04 13:27:41,707-baseline-INFO-AUC:0.5651,AP:0.5719
2020-07-04 13:27:41,707-baseline-INFO-f1:0.2243,acc:0.5271,pre:0.6154,recall:0.1371
2020-07-04 13:27:45,257-baseline-INFO-

2020-07-04 13:27:45,257-baseline-INFO-

2020-07-04 13:27:45,257-baseline-INFO-Parameters dataset:citeseer datamode:AX ad-method:PCA emb-method:Struc2Vec
2020-07-04 13:27:45,257-baseline-INFO--------------Evaluating Validation Results--------------
2020-07-04 13:27:45,653-baseline-INFO-AUC:0.6346,AP:0.6477
2020-07-04 13:27:45,653-baseline-INFO-f1:0.4444,acc:0.5952,pre:0.7083,recall:0.3238
2020-07-04 13:27:45,653-baseline-INFO--------------Evaluating Test Results--------------
2020-07-04 13:27:46,293-baseline-INFO-AUC:0.5799,AP:0.5464
2020-07-04 13:27:46,293-baseline-INFO-f1:0.3415,acc:0.5385,pre:0.5915,recall:0.24
2020-07-04 13:27:49,311-tensorflow-WARNING-From /opt/conda/lib/python3.7/site-packages/tensorflow/python/framework/op_def_library.py:263: colocate_with (from tensorflow.python.framework.ops) is deprecated and will be removed in a future version.
Instructions for updating:
Colocations handled automatically by placer.
2020-07-04 13:27:49,320-tensorflow-WARNING-From /opt/conda/lib/python3.7/site-packages/keras/backend/tensorflow_backend.py:3445: calling dropout (from tensorflow.python.ops.nn_ops) with keep_prob is deprecated and will be removed in a future version.
Instructions for updating:
Please use `rate` instead of `keep_prob`. Rate should be set to `rate = 1 - keep_prob`.
2020-07-04 13:27:49,588-tensorflow-WARNING-From /opt/conda/lib/python3.7/site-packages/tensorflow/python/ops/math_ops.py:3066: to_int32 (from tensorflow.python.ops.math_ops) is deprecated and will be removed in a future version.
Instructions for updating:
Use tf.cast instead.
2020-07-04 13:32:15,774-baseline-INFO-

2020-07-04 13:32:15,774-baseline-INFO-

2020-07-04 13:32:15,777-baseline-INFO-Parameters dataset:citeseer datamode:AX ad-method:AE emb-method:Struc2Vec
2020-07-04 13:32:15,777-baseline-INFO--------------Evaluating Validation Results--------------
2020-07-04 13:32:16,010-baseline-INFO-AUC:0.6348,AP:0.6479
2020-07-04 13:32:16,010-baseline-INFO-f1:0.4444,acc:0.5952,pre:0.7083,recall:0.3238
2020-07-04 13:32:16,010-baseline-INFO--------------Evaluating Test Results--------------
2020-07-04 13:32:16,373-baseline-INFO-AUC:0.5796,AP:0.5462
2020-07-04 13:32:16,374-baseline-INFO-f1:0.3415,acc:0.5385,pre:0.5915,recall:0.24
