2020-01-04 00:44:15,442-OCGNN-INFO-Start training
2020-01-04 00:44:15,442-OCGNN-INFO-dropout:0.5, nu:0.1,seed:46,lr:0.01,self-loop:False,morm:False
2020-01-04 00:44:15,442-OCGNN-INFO-n-epochs:10000, n-hidden:128,n-layers:1,weight-decay:0.0001
2020-01-04 00:44:58,545-OCGNN-INFO-Current epoch: 501 Test AUROC 0.4917 | Test AUPRC 0.5345
2020-01-04 00:44:58,545-OCGNN-INFO-Test f1:0.6654,acc:0.4986,pre:0.4986,recall:1.0
2020-01-04 00:44:58,545-OCGNN-INFO-

2020-01-04 00:45:02,381-OCGNN-INFO-Start training
2020-01-04 00:45:02,381-OCGNN-INFO-dropout:0.5, nu:0.1,seed:46,lr:0.001,self-loop:False,morm:False
2020-01-04 00:45:02,381-OCGNN-INFO-n-epochs:10000, n-hidden:128,n-layers:1,weight-decay:0.0001
2020-01-04 00:50:54,866-OCGNN-INFO-Current epoch: 2411 Test AUROC 0.8380 | Test AUPRC 0.7885
2020-01-04 00:50:54,866-OCGNN-INFO-Test f1:0.6667,acc:0.5014,pre:0.5,recall:1.0
2020-01-04 00:50:54,866-OCGNN-INFO-

2020-01-04 00:50:58,805-OCGNN-INFO-Start training
2020-01-04 00:50:58,805-OCGNN-INFO-dropout:0.5, nu:0.1,seed:46,lr:0.0001,self-loop:False,morm:False
2020-01-04 00:50:58,805-OCGNN-INFO-n-epochs:10000, n-hidden:128,n-layers:1,weight-decay:0.0001
2020-01-04 00:58:10,382-OCGNN-INFO-Current epoch: 2134 Test AUROC 0.8664 | Test AUPRC 0.8064
2020-01-04 00:58:10,383-OCGNN-INFO-Test f1:0.6654,acc:0.4986,pre:0.4986,recall:1.0
2020-01-04 00:58:10,383-OCGNN-INFO-

2020-01-04 00:58:14,571-OCGNN-INFO-Start training
2020-01-04 00:58:14,571-OCGNN-INFO-dropout:0.5, nu:0.1,seed:46,lr:0.01,self-loop:False,morm:False
2020-01-04 00:58:14,571-OCGNN-INFO-n-epochs:10000, n-hidden:128,n-layers:2,weight-decay:0.0001
2020-01-04 01:01:31,046-OCGNN-INFO-Current epoch: 1873 Test AUROC 0.8207 | Test AUPRC 0.7833
2020-01-04 01:01:31,046-OCGNN-INFO-Test f1:0.7157,acc:0.604,pre:0.5573,recall:1.0
2020-01-04 01:01:31,046-OCGNN-INFO-

2020-01-04 01:01:35,186-OCGNN-INFO-Start training
2020-01-04 01:01:35,186-OCGNN-INFO-dropout:0.5, nu:0.1,seed:46,lr:0.001,self-loop:False,morm:False
2020-01-04 01:01:35,186-OCGNN-INFO-n-epochs:10000, n-hidden:128,n-layers:2,weight-decay:0.0001
2020-01-04 01:04:41,462-OCGNN-INFO-Current epoch: 1348 Test AUROC 0.8773 | Test AUPRC 0.8511
2020-01-04 01:04:41,463-OCGNN-INFO-Test f1:0.6654,acc:0.4986,pre:0.4986,recall:1.0
2020-01-04 01:04:41,463-OCGNN-INFO-

2020-01-04 01:04:45,365-OCGNN-INFO-Start training
2020-01-04 01:04:45,366-OCGNN-INFO-dropout:0.5, nu:0.1,seed:46,lr:0.0001,self-loop:False,morm:False
2020-01-04 01:04:45,366-OCGNN-INFO-n-epochs:10000, n-hidden:128,n-layers:2,weight-decay:0.0001
2020-01-04 01:13:33,224-OCGNN-INFO-Current epoch: 3253 Test AUROC 0.8875 | Test AUPRC 0.8386
2020-01-04 01:13:33,224-OCGNN-INFO-Test f1:0.6654,acc:0.4986,pre:0.4986,recall:1.0
2020-01-04 01:13:33,224-OCGNN-INFO-

2020-01-04 01:13:37,903-OCGNN-INFO-Start training
2020-01-04 01:13:37,903-OCGNN-INFO-dropout:0.5, nu:0.1,seed:46,lr:0.01,self-loop:False,morm:False
2020-01-04 01:13:37,903-OCGNN-INFO-n-epochs:10000, n-hidden:128,n-layers:1,weight-decay:0.001
2020-01-04 01:14:21,451-OCGNN-INFO-Current epoch: 501 Test AUROC 0.4917 | Test AUPRC 0.5345
2020-01-04 01:14:21,451-OCGNN-INFO-Test f1:0.6654,acc:0.4986,pre:0.4986,recall:1.0
2020-01-04 01:14:21,451-OCGNN-INFO-

2020-01-04 01:14:25,292-OCGNN-INFO-Start training
2020-01-04 01:14:25,292-OCGNN-INFO-dropout:0.5, nu:0.1,seed:46,lr:0.001,self-loop:False,morm:False
2020-01-04 01:14:25,292-OCGNN-INFO-n-epochs:10000, n-hidden:128,n-layers:1,weight-decay:0.001
2020-01-04 01:18:40,409-OCGNN-INFO-Current epoch: 1754 Test AUROC 0.8369 | Test AUPRC 0.7959
2020-01-04 01:18:40,410-OCGNN-INFO-Test f1:0.6654,acc:0.4986,pre:0.4986,recall:1.0
2020-01-04 01:18:40,410-OCGNN-INFO-

2020-01-04 01:18:44,387-OCGNN-INFO-Start training
2020-01-04 01:18:44,387-OCGNN-INFO-dropout:0.5, nu:0.1,seed:46,lr:0.0001,self-loop:False,morm:False
2020-01-04 01:18:44,387-OCGNN-INFO-n-epochs:10000, n-hidden:128,n-layers:1,weight-decay:0.001
2020-01-04 01:25:22,411-OCGNN-INFO-Current epoch: 2135 Test AUROC 0.8657 | Test AUPRC 0.8053
2020-01-04 01:25:22,411-OCGNN-INFO-Test f1:0.6654,acc:0.4986,pre:0.4986,recall:1.0
2020-01-04 01:25:22,411-OCGNN-INFO-

2020-01-04 01:25:26,689-OCGNN-INFO-Start training
2020-01-04 01:25:26,689-OCGNN-INFO-dropout:0.5, nu:0.1,seed:46,lr:0.01,self-loop:False,morm:False
2020-01-04 01:25:26,689-OCGNN-INFO-n-epochs:10000, n-hidden:128,n-layers:2,weight-decay:0.001
2020-01-04 01:26:13,227-OCGNN-INFO-Current epoch: 512 Test AUROC 0.6825 | Test AUPRC 0.6705
2020-01-04 01:26:13,227-OCGNN-INFO-Test f1:0.6654,acc:0.4986,pre:0.4986,recall:1.0
2020-01-04 01:26:13,227-OCGNN-INFO-

2020-01-04 01:26:17,345-OCGNN-INFO-Start training
2020-01-04 01:26:17,345-OCGNN-INFO-dropout:0.5, nu:0.1,seed:46,lr:0.001,self-loop:False,morm:False
2020-01-04 01:26:17,345-OCGNN-INFO-n-epochs:10000, n-hidden:128,n-layers:2,weight-decay:0.001
2020-01-04 01:30:02,757-OCGNN-INFO-Current epoch: 1783 Test AUROC 0.8819 | Test AUPRC 0.8523
2020-01-04 01:30:02,757-OCGNN-INFO-Test f1:0.6654,acc:0.4986,pre:0.4986,recall:1.0
2020-01-04 01:30:02,757-OCGNN-INFO-

2020-01-04 01:30:06,712-OCGNN-INFO-Start training
2020-01-04 01:30:06,713-OCGNN-INFO-dropout:0.5, nu:0.1,seed:46,lr:0.0001,self-loop:False,morm:False
2020-01-04 01:30:06,713-OCGNN-INFO-n-epochs:10000, n-hidden:128,n-layers:2,weight-decay:0.001
2020-01-04 01:39:49,895-OCGNN-INFO-Current epoch: 3168 Test AUROC 0.8867 | Test AUPRC 0.8421
2020-01-04 01:39:49,896-OCGNN-INFO-Test f1:0.6654,acc:0.4986,pre:0.4986,recall:1.0
2020-01-04 01:39:49,896-OCGNN-INFO-

2020-01-04 01:39:53,914-OCGNN-INFO-Start training
2020-01-04 01:39:53,914-OCGNN-INFO-dropout:0.5, nu:0.1,seed:46,lr:0.01,self-loop:False,morm:False
2020-01-04 01:39:53,914-OCGNN-INFO-n-epochs:10000, n-hidden:128,n-layers:1,weight-decay:0.01
2020-01-04 01:40:37,037-OCGNN-INFO-Current epoch: 501 Test AUROC 0.4916 | Test AUPRC 0.5345
2020-01-04 01:40:37,037-OCGNN-INFO-Test f1:0.6654,acc:0.4986,pre:0.4986,recall:1.0
2020-01-04 01:40:37,037-OCGNN-INFO-

2020-01-04 01:40:40,965-OCGNN-INFO-Start training
2020-01-04 01:40:40,966-OCGNN-INFO-dropout:0.5, nu:0.1,seed:46,lr:0.001,self-loop:False,morm:False
2020-01-04 01:40:40,966-OCGNN-INFO-n-epochs:10000, n-hidden:128,n-layers:1,weight-decay:0.01
2020-01-04 01:44:45,671-OCGNN-INFO-Current epoch: 2012 Test AUROC 0.8336 | Test AUPRC 0.7954
2020-01-04 01:44:45,671-OCGNN-INFO-Test f1:0.6654,acc:0.4986,pre:0.4986,recall:1.0
2020-01-04 01:44:45,671-OCGNN-INFO-

2020-01-04 01:44:50,002-OCGNN-INFO-Start training
2020-01-04 01:44:50,002-OCGNN-INFO-dropout:0.5, nu:0.1,seed:46,lr:0.0001,self-loop:False,morm:False
2020-01-04 01:44:50,002-OCGNN-INFO-n-epochs:10000, n-hidden:128,n-layers:1,weight-decay:0.01
2020-01-04 01:51:20,362-OCGNN-INFO-Current epoch: 1977 Test AUROC 0.8652 | Test AUPRC 0.8056
2020-01-04 01:51:20,362-OCGNN-INFO-Test f1:0.6654,acc:0.4986,pre:0.4986,recall:1.0
2020-01-04 01:51:20,363-OCGNN-INFO-

2020-01-04 01:51:24,413-OCGNN-INFO-Start training
2020-01-04 01:51:24,413-OCGNN-INFO-dropout:0.5, nu:0.1,seed:46,lr:0.01,self-loop:False,morm:False
2020-01-04 01:51:24,812-OCGNN-INFO-n-epochs:10000, n-hidden:128,n-layers:2,weight-decay:0.01
2020-01-04 01:52:10,877-OCGNN-INFO-Current epoch: 512 Test AUROC 0.6742 | Test AUPRC 0.6445
2020-01-04 01:52:10,877-OCGNN-INFO-Test f1:0.6654,acc:0.4986,pre:0.4986,recall:1.0
2020-01-04 01:52:10,877-OCGNN-INFO-

2020-01-04 01:52:14,802-OCGNN-INFO-Start training
2020-01-04 01:52:14,802-OCGNN-INFO-dropout:0.5, nu:0.1,seed:46,lr:0.001,self-loop:False,morm:False
2020-01-04 01:52:14,802-OCGNN-INFO-n-epochs:10000, n-hidden:128,n-layers:2,weight-decay:0.01
2020-01-04 01:53:38,810-OCGNN-INFO-Current epoch: 687 Test AUROC 0.8581 | Test AUPRC 0.8494
2020-01-04 01:53:38,810-OCGNN-INFO-Test f1:0.6654,acc:0.4986,pre:0.4986,recall:1.0
2020-01-04 01:53:38,810-OCGNN-INFO-

2020-01-04 01:53:42,787-OCGNN-INFO-Start training
2020-01-04 01:53:42,787-OCGNN-INFO-dropout:0.5, nu:0.1,seed:46,lr:0.0001,self-loop:False,morm:False
2020-01-04 01:53:42,787-OCGNN-INFO-n-epochs:10000, n-hidden:128,n-layers:2,weight-decay:0.01
2020-01-04 02:03:38,480-OCGNN-INFO-Current epoch: 3100 Test AUROC 0.8868 | Test AUPRC 0.8402
2020-01-04 02:03:38,481-OCGNN-INFO-Test f1:0.6654,acc:0.4986,pre:0.4986,recall:1.0
2020-01-04 02:03:38,481-OCGNN-INFO-

2020-01-04 02:03:42,368-OCGNN-INFO-Start training
2020-01-04 02:03:42,369-OCGNN-INFO-dropout:0.5, nu:0.1,seed:46,lr:0.01,self-loop:False,morm:False
2020-01-04 02:03:42,369-OCGNN-INFO-n-epochs:10000, n-hidden:64,n-layers:1,weight-decay:0.0001
2020-01-04 02:04:23,418-OCGNN-INFO-Current epoch: 500 Test AUROC 0.4835 | Test AUPRC 0.5254
2020-01-04 02:04:23,418-OCGNN-INFO-Test f1:0.6654,acc:0.4986,pre:0.4986,recall:1.0
2020-01-04 02:04:23,418-OCGNN-INFO-

2020-01-04 02:04:27,325-OCGNN-INFO-Start training
2020-01-04 02:04:27,325-OCGNN-INFO-dropout:0.5, nu:0.1,seed:46,lr:0.001,self-loop:False,morm:False
2020-01-04 02:04:27,325-OCGNN-INFO-n-epochs:10000, n-hidden:64,n-layers:1,weight-decay:0.0001
2020-01-04 02:05:10,566-OCGNN-INFO-Current epoch: 511 Test AUROC 0.6593 | Test AUPRC 0.6636
2020-01-04 02:05:10,567-OCGNN-INFO-Test f1:0.6654,acc:0.4986,pre:0.4986,recall:1.0
2020-01-04 02:05:10,567-OCGNN-INFO-

2020-01-04 02:05:14,519-OCGNN-INFO-Start training
2020-01-04 02:05:14,520-OCGNN-INFO-dropout:0.5, nu:0.1,seed:46,lr:0.0001,self-loop:False,morm:False
2020-01-04 02:05:14,520-OCGNN-INFO-n-epochs:10000, n-hidden:64,n-layers:1,weight-decay:0.0001
2020-01-04 02:12:16,629-OCGNN-INFO-Current epoch: 1550 Test AUROC 0.8439 | Test AUPRC 0.7688
2020-01-04 02:12:16,630-OCGNN-INFO-Test f1:0.6654,acc:0.4986,pre:0.4986,recall:1.0
2020-01-04 02:12:16,630-OCGNN-INFO-

2020-01-04 02:12:20,595-OCGNN-INFO-Start training
2020-01-04 02:12:20,596-OCGNN-INFO-dropout:0.5, nu:0.1,seed:46,lr:0.01,self-loop:False,morm:False
2020-01-04 02:12:20,596-OCGNN-INFO-n-epochs:10000, n-hidden:64,n-layers:2,weight-decay:0.0001
2020-01-04 02:13:57,332-OCGNN-INFO-Current epoch: 835 Test AUROC 0.7856 | Test AUPRC 0.7553
2020-01-04 02:13:57,332-OCGNN-INFO-Test f1:0.6654,acc:0.4986,pre:0.4986,recall:1.0
2020-01-04 02:13:57,332-OCGNN-INFO-

2020-01-04 02:14:01,296-OCGNN-INFO-Start training
2020-01-04 02:14:01,296-OCGNN-INFO-dropout:0.5, nu:0.1,seed:46,lr:0.001,self-loop:False,morm:False
2020-01-04 02:14:01,296-OCGNN-INFO-n-epochs:10000, n-hidden:64,n-layers:2,weight-decay:0.0001
2020-01-04 02:19:13,184-OCGNN-INFO-Current epoch: 2458 Test AUROC 0.8920 | Test AUPRC 0.8630
2020-01-04 02:19:13,184-OCGNN-INFO-Test f1:0.6654,acc:0.4986,pre:0.4986,recall:1.0
2020-01-04 02:19:13,184-OCGNN-INFO-

2020-01-04 02:19:17,106-OCGNN-INFO-Start training
2020-01-04 02:19:17,106-OCGNN-INFO-dropout:0.5, nu:0.1,seed:46,lr:0.0001,self-loop:False,morm:False
2020-01-04 02:19:17,106-OCGNN-INFO-n-epochs:10000, n-hidden:64,n-layers:2,weight-decay:0.0001
2020-01-04 02:28:51,523-OCGNN-INFO-Current epoch: 2774 Test AUROC 0.8732 | Test AUPRC 0.8392
2020-01-04 02:28:51,523-OCGNN-INFO-Test f1:0.6654,acc:0.4986,pre:0.4986,recall:1.0
2020-01-04 02:28:51,523-OCGNN-INFO-

2020-01-04 02:28:55,487-OCGNN-INFO-Start training
2020-01-04 02:28:55,487-OCGNN-INFO-dropout:0.5, nu:0.1,seed:46,lr:0.01,self-loop:False,morm:False
2020-01-04 02:28:55,487-OCGNN-INFO-n-epochs:10000, n-hidden:64,n-layers:1,weight-decay:0.001
2020-01-04 02:29:36,514-OCGNN-INFO-Current epoch: 500 Test AUROC 0.4835 | Test AUPRC 0.5254
2020-01-04 02:29:36,515-OCGNN-INFO-Test f1:0.6654,acc:0.4986,pre:0.4986,recall:1.0
2020-01-04 02:29:36,515-OCGNN-INFO-

2020-01-04 02:29:40,459-OCGNN-INFO-Start training
2020-01-04 02:29:40,460-OCGNN-INFO-dropout:0.5, nu:0.1,seed:46,lr:0.001,self-loop:False,morm:False
2020-01-04 02:29:40,460-OCGNN-INFO-n-epochs:10000, n-hidden:64,n-layers:1,weight-decay:0.001
2020-01-04 02:30:23,859-OCGNN-INFO-Current epoch: 511 Test AUROC 0.6593 | Test AUPRC 0.6636
2020-01-04 02:30:23,859-OCGNN-INFO-Test f1:0.6654,acc:0.4986,pre:0.4986,recall:1.0
2020-01-04 02:30:23,859-OCGNN-INFO-

2020-01-04 02:30:27,859-OCGNN-INFO-Start training
2020-01-04 02:30:27,859-OCGNN-INFO-dropout:0.5, nu:0.1,seed:46,lr:0.0001,self-loop:False,morm:False
2020-01-04 02:30:27,859-OCGNN-INFO-n-epochs:10000, n-hidden:64,n-layers:1,weight-decay:0.001
2020-01-04 02:37:11,179-OCGNN-INFO-Current epoch: 1566 Test AUROC 0.8441 | Test AUPRC 0.7699
2020-01-04 02:37:11,179-OCGNN-INFO-Test f1:0.6654,acc:0.4986,pre:0.4986,recall:1.0
2020-01-04 02:37:11,179-OCGNN-INFO-

2020-01-04 02:37:15,157-OCGNN-INFO-Start training
2020-01-04 02:37:15,157-OCGNN-INFO-dropout:0.5, nu:0.1,seed:46,lr:0.01,self-loop:False,morm:False
2020-01-04 02:37:15,157-OCGNN-INFO-n-epochs:10000, n-hidden:64,n-layers:2,weight-decay:0.001
2020-01-04 02:40:24,966-OCGNN-INFO-Current epoch: 1617 Test AUROC 0.8264 | Test AUPRC 0.8452
2020-01-04 02:40:24,966-OCGNN-INFO-Test f1:0.6654,acc:0.4986,pre:0.4986,recall:1.0
2020-01-04 02:40:24,966-OCGNN-INFO-

2020-01-04 02:40:28,973-OCGNN-INFO-Start training
2020-01-04 02:40:28,974-OCGNN-INFO-dropout:0.5, nu:0.1,seed:46,lr:0.001,self-loop:False,morm:False
2020-01-04 02:40:28,974-OCGNN-INFO-n-epochs:10000, n-hidden:64,n-layers:2,weight-decay:0.001
2020-01-04 02:42:30,338-OCGNN-INFO-Current epoch: 979 Test AUROC 0.8356 | Test AUPRC 0.8306
2020-01-04 02:42:30,338-OCGNN-INFO-Test f1:0.6654,acc:0.4986,pre:0.4986,recall:1.0
2020-01-04 02:42:30,338-OCGNN-INFO-

2020-01-04 02:42:35,388-OCGNN-INFO-Start training
2020-01-04 02:42:35,389-OCGNN-INFO-dropout:0.5, nu:0.1,seed:46,lr:0.0001,self-loop:False,morm:False
2020-01-04 02:42:35,389-OCGNN-INFO-n-epochs:10000, n-hidden:64,n-layers:2,weight-decay:0.001
2020-01-04 02:52:19,325-OCGNN-INFO-Current epoch: 2892 Test AUROC 0.8781 | Test AUPRC 0.8320
2020-01-04 02:52:19,325-OCGNN-INFO-Test f1:0.6654,acc:0.4986,pre:0.4986,recall:1.0
2020-01-04 02:52:19,326-OCGNN-INFO-

2020-01-04 02:52:23,396-OCGNN-INFO-Start training
2020-01-04 02:52:23,396-OCGNN-INFO-dropout:0.5, nu:0.1,seed:46,lr:0.01,self-loop:False,morm:False
2020-01-04 02:52:23,396-OCGNN-INFO-n-epochs:10000, n-hidden:64,n-layers:1,weight-decay:0.01
2020-01-04 02:53:04,096-OCGNN-INFO-Current epoch: 500 Test AUROC 0.4835 | Test AUPRC 0.5254
2020-01-04 02:53:04,096-OCGNN-INFO-Test f1:0.6654,acc:0.4986,pre:0.4986,recall:1.0
2020-01-04 02:53:04,096-OCGNN-INFO-

2020-01-04 02:53:07,957-OCGNN-INFO-Start training
2020-01-04 02:53:07,957-OCGNN-INFO-dropout:0.5, nu:0.1,seed:46,lr:0.001,self-loop:False,morm:False
2020-01-04 02:53:07,957-OCGNN-INFO-n-epochs:10000, n-hidden:64,n-layers:1,weight-decay:0.01
2020-01-04 02:53:49,846-OCGNN-INFO-Current epoch: 511 Test AUROC 0.6593 | Test AUPRC 0.6636
2020-01-04 02:53:49,846-OCGNN-INFO-Test f1:0.6654,acc:0.4986,pre:0.4986,recall:1.0
2020-01-04 02:53:49,846-OCGNN-INFO-

2020-01-04 02:53:53,715-OCGNN-INFO-Start training
2020-01-04 02:53:53,716-OCGNN-INFO-dropout:0.5, nu:0.1,seed:46,lr:0.0001,self-loop:False,morm:False
2020-01-04 02:53:53,716-OCGNN-INFO-n-epochs:10000, n-hidden:64,n-layers:1,weight-decay:0.01
2020-01-04 03:01:07,026-OCGNN-INFO-Current epoch: 1525 Test AUROC 0.8441 | Test AUPRC 0.7684
2020-01-04 03:01:07,026-OCGNN-INFO-Test f1:0.6654,acc:0.4986,pre:0.4986,recall:1.0
2020-01-04 03:01:07,026-OCGNN-INFO-

2020-01-04 03:01:10,985-OCGNN-INFO-Start training
2020-01-04 03:01:10,985-OCGNN-INFO-dropout:0.5, nu:0.1,seed:46,lr:0.01,self-loop:False,morm:False
2020-01-04 03:01:10,985-OCGNN-INFO-n-epochs:10000, n-hidden:64,n-layers:2,weight-decay:0.01
2020-01-04 03:02:45,315-OCGNN-INFO-Current epoch: 964 Test AUROC 0.7520 | Test AUPRC 0.7635
2020-01-04 03:02:45,315-OCGNN-INFO-Test f1:0.6654,acc:0.4986,pre:0.4986,recall:1.0
2020-01-04 03:02:45,315-OCGNN-INFO-

2020-01-04 03:02:49,289-OCGNN-INFO-Start training
2020-01-04 03:02:49,289-OCGNN-INFO-dropout:0.5, nu:0.1,seed:46,lr:0.001,self-loop:False,morm:False
2020-01-04 03:02:49,289-OCGNN-INFO-n-epochs:10000, n-hidden:64,n-layers:2,weight-decay:0.01
2020-01-04 03:09:13,456-OCGNN-INFO-Current epoch: 3734 Test AUROC 0.8874 | Test AUPRC 0.8612
2020-01-04 03:09:13,456-OCGNN-INFO-Test f1:0.6654,acc:0.4986,pre:0.4986,recall:1.0
2020-01-04 03:09:13,456-OCGNN-INFO-

2020-01-04 03:09:17,727-OCGNN-INFO-Start training
2020-01-04 03:09:17,727-OCGNN-INFO-dropout:0.5, nu:0.1,seed:46,lr:0.0001,self-loop:False,morm:False
2020-01-04 03:09:17,727-OCGNN-INFO-n-epochs:10000, n-hidden:64,n-layers:2,weight-decay:0.01
2020-01-04 03:19:52,953-OCGNN-INFO-Current epoch: 3070 Test AUROC 0.8789 | Test AUPRC 0.8370
2020-01-04 03:19:52,953-OCGNN-INFO-Test f1:0.6654,acc:0.4986,pre:0.4986,recall:1.0
2020-01-04 03:19:52,953-OCGNN-INFO-

