2020-07-01 02:22:58,739-baseline-INFO-

2020-07-01 02:22:58,739-baseline-INFO-

2020-07-01 02:22:58,739-baseline-INFO-Parameters dataset:citeseer datamode:A ad-method:IF emb-method:Node2Vec
2020-07-01 02:22:58,739-baseline-INFO--------------Evaluating Validation Results--------------
2020-07-01 02:22:58,815-baseline-INFO-AUC:0.5504,AP:0.5431
2020-07-01 02:22:58,815-baseline-INFO-f1:0.3194,acc:0.5333,pre:0.5897,recall:0.219
2020-07-01 02:22:58,815-baseline-INFO--------------Evaluating Test Results--------------
2020-07-01 02:22:58,901-baseline-INFO-AUC:0.5553,AP:0.5444
2020-07-01 02:22:58,901-baseline-INFO-f1:0.275,acc:0.5043,pre:0.5077,recall:0.1886
2020-07-01 02:23:01,854-baseline-INFO-

2020-07-01 02:23:01,855-baseline-INFO-

2020-07-01 02:23:01,855-baseline-INFO-Parameters dataset:citeseer datamode:A ad-method:OCSVM emb-method:Node2Vec
2020-07-01 02:23:01,855-baseline-INFO--------------Evaluating Validation Results--------------
2020-07-01 02:23:01,869-baseline-INFO-AUC:0.6379,AP:0.6427
2020-07-01 02:23:01,869-baseline-INFO-f1:0.3212,acc:0.5571,pre:0.6875,recall:0.2095
2020-07-01 02:23:01,869-baseline-INFO--------------Evaluating Test Results--------------
2020-07-01 02:23:01,891-baseline-INFO-AUC:0.5514,AP:0.537
2020-07-01 02:23:01,891-baseline-INFO-f1:0.2172,acc:0.5071,pre:0.5217,recall:0.1371
2020-07-01 02:23:04,822-baseline-INFO-

2020-07-01 02:23:04,822-baseline-INFO-

2020-07-01 02:23:04,822-baseline-INFO-Parameters dataset:citeseer datamode:A ad-method:PCA emb-method:Node2Vec
2020-07-01 02:23:04,822-baseline-INFO--------------Evaluating Validation Results--------------
2020-07-01 02:23:04,829-baseline-INFO-AUC:0.6224,AP:0.6198
2020-07-01 02:23:04,829-baseline-INFO-f1:0.3429,acc:0.5619,pre:0.6857,recall:0.2286
2020-07-01 02:23:04,829-baseline-INFO--------------Evaluating Test Results--------------
2020-07-01 02:23:04,837-baseline-INFO-AUC:0.5728,AP:0.5943
2020-07-01 02:23:04,837-baseline-INFO-f1:0.3051,acc:0.5328,pre:0.5902,recall:0.2057
2020-07-01 02:23:07,777-tensorflow-WARNING-From /opt/conda/lib/python3.7/site-packages/tensorflow/python/framework/op_def_library.py:263: colocate_with (from tensorflow.python.framework.ops) is deprecated and will be removed in a future version.
Instructions for updating:
Colocations handled automatically by placer.
2020-07-01 02:23:07,786-tensorflow-WARNING-From /opt/conda/lib/python3.7/site-packages/keras/backend/tensorflow_backend.py:3445: calling dropout (from tensorflow.python.ops.nn_ops) with keep_prob is deprecated and will be removed in a future version.
Instructions for updating:
Please use `rate` instead of `keep_prob`. Rate should be set to `rate = 1 - keep_prob`.
2020-07-01 02:23:08,053-tensorflow-WARNING-From /opt/conda/lib/python3.7/site-packages/tensorflow/python/ops/math_ops.py:3066: to_int32 (from tensorflow.python.ops.math_ops) is deprecated and will be removed in a future version.
Instructions for updating:
Use tf.cast instead.
2020-07-01 02:23:13,755-baseline-INFO-

2020-07-01 02:23:13,755-baseline-INFO-

2020-07-01 02:23:13,755-baseline-INFO-Parameters dataset:citeseer datamode:A ad-method:AE emb-method:Node2Vec
2020-07-01 02:23:13,755-baseline-INFO--------------Evaluating Validation Results--------------
2020-07-01 02:23:13,770-baseline-INFO-AUC:0.5327,AP:0.5345
2020-07-01 02:23:13,770-baseline-INFO-f1:0.2857,acc:0.5238,pre:0.5714,recall:0.1905
2020-07-01 02:23:13,770-baseline-INFO--------------Evaluating Test Results--------------
2020-07-01 02:23:13,791-baseline-INFO-AUC:0.5829,AP:0.608
2020-07-01 02:23:13,791-baseline-INFO-f1:0.3613,acc:0.567,pre:0.6825,recall:0.2457
2020-07-01 02:23:18,049-baseline-INFO-

2020-07-01 02:23:18,049-baseline-INFO-

2020-07-01 02:23:18,049-baseline-INFO-Parameters dataset:citeseer datamode:AX ad-method:IF emb-method:Node2Vec
2020-07-01 02:23:18,049-baseline-INFO--------------Evaluating Validation Results--------------
2020-07-01 02:23:18,517-baseline-INFO-AUC:0.3866,AP:0.4169
2020-07-01 02:23:18,517-baseline-INFO-f1:0.0342,acc:0.4619,pre:0.1667,recall:0.019
2020-07-01 02:23:18,517-baseline-INFO--------------Evaluating Test Results--------------
2020-07-01 02:23:19,256-baseline-INFO-AUC:0.4795,AP:0.4937
2020-07-01 02:23:19,256-baseline-INFO-f1:0.0829,acc:0.4957,pre:0.4444,recall:0.0457
2020-07-01 02:23:23,065-baseline-INFO-

2020-07-01 02:23:23,065-baseline-INFO-

2020-07-01 02:23:23,065-baseline-INFO-Parameters dataset:citeseer datamode:AX ad-method:OCSVM emb-method:Node2Vec
2020-07-01 02:23:23,065-baseline-INFO--------------Evaluating Validation Results--------------
2020-07-01 02:23:23,381-baseline-INFO-AUC:0.5599,AP:0.5815
2020-07-01 02:23:23,381-baseline-INFO-f1:0.1803,acc:0.5238,pre:0.6471,recall:0.1048
2020-07-01 02:23:23,381-baseline-INFO--------------Evaluating Test Results--------------
2020-07-01 02:23:23,907-baseline-INFO-AUC:0.6026,AP:0.617
2020-07-01 02:23:23,907-baseline-INFO-f1:0.2476,acc:0.5499,pre:0.7429,recall:0.1486
2020-07-01 02:23:27,393-baseline-INFO-

2020-07-01 02:23:27,393-baseline-INFO-

2020-07-01 02:23:27,393-baseline-INFO-Parameters dataset:citeseer datamode:AX ad-method:PCA emb-method:Node2Vec
2020-07-01 02:23:27,393-baseline-INFO--------------Evaluating Validation Results--------------
2020-07-01 02:23:27,790-baseline-INFO-AUC:0.6729,AP:0.6739
2020-07-01 02:23:27,790-baseline-INFO-f1:0.4189,acc:0.5905,pre:0.7209,recall:0.2952
2020-07-01 02:23:27,790-baseline-INFO--------------Evaluating Test Results--------------
2020-07-01 02:23:28,430-baseline-INFO-AUC:0.6079,AP:0.6149
2020-07-01 02:23:28,430-baseline-INFO-f1:0.3871,acc:0.567,pre:0.6575,recall:0.2743
2020-07-01 02:23:31,420-tensorflow-WARNING-From /opt/conda/lib/python3.7/site-packages/tensorflow/python/framework/op_def_library.py:263: colocate_with (from tensorflow.python.framework.ops) is deprecated and will be removed in a future version.
Instructions for updating:
Colocations handled automatically by placer.
2020-07-01 02:23:31,428-tensorflow-WARNING-From /opt/conda/lib/python3.7/site-packages/keras/backend/tensorflow_backend.py:3445: calling dropout (from tensorflow.python.ops.nn_ops) with keep_prob is deprecated and will be removed in a future version.
Instructions for updating:
Please use `rate` instead of `keep_prob`. Rate should be set to `rate = 1 - keep_prob`.
2020-07-01 02:23:31,690-tensorflow-WARNING-From /opt/conda/lib/python3.7/site-packages/tensorflow/python/ops/math_ops.py:3066: to_int32 (from tensorflow.python.ops.math_ops) is deprecated and will be removed in a future version.
Instructions for updating:
Use tf.cast instead.
2020-07-01 02:27:56,345-baseline-INFO-

2020-07-01 02:27:56,346-baseline-INFO-

2020-07-01 02:27:56,346-baseline-INFO-Parameters dataset:citeseer datamode:AX ad-method:AE emb-method:Node2Vec
2020-07-01 02:27:56,346-baseline-INFO--------------Evaluating Validation Results--------------
2020-07-01 02:27:56,572-baseline-INFO-AUC:0.5354,AP:0.5423
2020-07-01 02:27:56,573-baseline-INFO-f1:0.3467,acc:0.5333,pre:0.5778,recall:0.2476
2020-07-01 02:27:56,573-baseline-INFO--------------Evaluating Test Results--------------
2020-07-01 02:27:56,928-baseline-INFO-AUC:0.5126,AP:0.5209
2020-07-01 02:27:56,928-baseline-INFO-f1:0.3415,acc:0.5385,pre:0.5915,recall:0.24
2020-07-01 02:28:00,458-baseline-INFO-

2020-07-01 02:28:00,458-baseline-INFO-

2020-07-01 02:28:00,458-baseline-INFO-Parameters dataset:citeseer datamode:A ad-method:IF emb-method:LINE
2020-07-01 02:28:00,458-baseline-INFO--------------Evaluating Validation Results--------------
2020-07-01 02:28:00,531-baseline-INFO-AUC:0.5293,AP:0.5433
2020-07-01 02:28:00,531-baseline-INFO-f1:0.209,acc:0.4952,pre:0.4828,recall:0.1333
2020-07-01 02:28:00,531-baseline-INFO--------------Evaluating Test Results--------------
2020-07-01 02:28:00,617-baseline-INFO-AUC:0.5912,AP:0.6026
2020-07-01 02:28:00,617-baseline-INFO-f1:0.2844,acc:0.5556,pre:0.7209,recall:0.1771
2020-07-01 02:28:03,599-baseline-INFO-

2020-07-01 02:28:03,600-baseline-INFO-

2020-07-01 02:28:03,600-baseline-INFO-Parameters dataset:citeseer datamode:A ad-method:OCSVM emb-method:LINE
2020-07-01 02:28:03,600-baseline-INFO--------------Evaluating Validation Results--------------
2020-07-01 02:28:03,614-baseline-INFO-AUC:0.5551,AP:0.5474
2020-07-01 02:28:03,614-baseline-INFO-f1:0.2424,acc:0.5238,pre:0.5926,recall:0.1524
2020-07-01 02:28:03,614-baseline-INFO--------------Evaluating Test Results--------------
2020-07-01 02:28:03,635-baseline-INFO-AUC:0.5857,AP:0.6093
2020-07-01 02:28:03,635-baseline-INFO-f1:0.2673,acc:0.547,pre:0.6905,recall:0.1657
2020-07-01 02:28:06,585-baseline-INFO-

2020-07-01 02:28:06,585-baseline-INFO-

2020-07-01 02:28:06,585-baseline-INFO-Parameters dataset:citeseer datamode:A ad-method:PCA emb-method:LINE
2020-07-01 02:28:06,585-baseline-INFO--------------Evaluating Validation Results--------------
2020-07-01 02:28:06,592-baseline-INFO-AUC:0.5807,AP:0.6114
2020-07-01 02:28:06,592-baseline-INFO-f1:0.3333,acc:0.5429,pre:0.6154,recall:0.2286
2020-07-01 02:28:06,592-baseline-INFO--------------Evaluating Test Results--------------
2020-07-01 02:28:06,600-baseline-INFO-AUC:0.5148,AP:0.5178
2020-07-01 02:28:06,600-baseline-INFO-f1:0.2368,acc:0.5043,pre:0.5094,recall:0.1543
2020-07-01 02:28:09,535-tensorflow-WARNING-From /opt/conda/lib/python3.7/site-packages/tensorflow/python/framework/op_def_library.py:263: colocate_with (from tensorflow.python.framework.ops) is deprecated and will be removed in a future version.
Instructions for updating:
Colocations handled automatically by placer.
2020-07-01 02:28:09,544-tensorflow-WARNING-From /opt/conda/lib/python3.7/site-packages/keras/backend/tensorflow_backend.py:3445: calling dropout (from tensorflow.python.ops.nn_ops) with keep_prob is deprecated and will be removed in a future version.
Instructions for updating:
Please use `rate` instead of `keep_prob`. Rate should be set to `rate = 1 - keep_prob`.
2020-07-01 02:28:09,804-tensorflow-WARNING-From /opt/conda/lib/python3.7/site-packages/tensorflow/python/ops/math_ops.py:3066: to_int32 (from tensorflow.python.ops.math_ops) is deprecated and will be removed in a future version.
Instructions for updating:
Use tf.cast instead.
2020-07-01 02:28:15,480-baseline-INFO-

2020-07-01 02:28:15,481-baseline-INFO-

2020-07-01 02:28:15,481-baseline-INFO-Parameters dataset:citeseer datamode:A ad-method:AE emb-method:LINE
2020-07-01 02:28:15,481-baseline-INFO--------------Evaluating Validation Results--------------
2020-07-01 02:28:15,494-baseline-INFO-AUC:0.5211,AP:0.5423
2020-07-01 02:28:15,494-baseline-INFO-f1:0.1732,acc:0.5,pre:0.5,recall:0.1048
2020-07-01 02:28:15,494-baseline-INFO--------------Evaluating Test Results--------------
2020-07-01 02:28:15,518-baseline-INFO-AUC:0.5098,AP:0.521
2020-07-01 02:28:15,518-baseline-INFO-f1:0.1561,acc:0.5071,pre:0.5333,recall:0.0914
2020-07-01 02:28:19,976-baseline-INFO-

2020-07-01 02:28:19,976-baseline-INFO-

2020-07-01 02:28:19,976-baseline-INFO-Parameters dataset:citeseer datamode:AX ad-method:IF emb-method:LINE
2020-07-01 02:28:19,976-baseline-INFO--------------Evaluating Validation Results--------------
2020-07-01 02:28:20,447-baseline-INFO-AUC:0.4903,AP:0.4785
2020-07-01 02:28:20,447-baseline-INFO-f1:0.0667,acc:0.4667,pre:0.2667,recall:0.0381
2020-07-01 02:28:20,447-baseline-INFO--------------Evaluating Test Results--------------
2020-07-01 02:28:21,206-baseline-INFO-AUC:0.4929,AP:0.4855
2020-07-01 02:28:21,206-baseline-INFO-f1:0.098,acc:0.4758,pre:0.3448,recall:0.0571
2020-07-01 02:28:25,290-baseline-INFO-

2020-07-01 02:28:25,290-baseline-INFO-

2020-07-01 02:28:25,290-baseline-INFO-Parameters dataset:citeseer datamode:AX ad-method:OCSVM emb-method:LINE
2020-07-01 02:28:25,290-baseline-INFO--------------Evaluating Validation Results--------------
2020-07-01 02:28:25,599-baseline-INFO-AUC:0.5303,AP:0.5352
2020-07-01 02:28:25,599-baseline-INFO-f1:0.2411,acc:0.4905,pre:0.4722,recall:0.1619
2020-07-01 02:28:25,599-baseline-INFO--------------Evaluating Test Results--------------
2020-07-01 02:28:26,111-baseline-INFO-AUC:0.5303,AP:0.5068
2020-07-01 02:28:26,111-baseline-INFO-f1:0.1918,acc:0.4957,pre:0.4773,recall:0.12
2020-07-01 02:28:29,622-baseline-INFO-

2020-07-01 02:28:29,622-baseline-INFO-

2020-07-01 02:28:29,622-baseline-INFO-Parameters dataset:citeseer datamode:AX ad-method:PCA emb-method:LINE
2020-07-01 02:28:29,622-baseline-INFO--------------Evaluating Validation Results--------------
2020-07-01 02:28:30,018-baseline-INFO-AUC:0.5338,AP:0.5568
2020-07-01 02:28:30,018-baseline-INFO-f1:0.3567,acc:0.519,pre:0.5385,recall:0.2667
2020-07-01 02:28:30,018-baseline-INFO--------------Evaluating Test Results--------------
2020-07-01 02:28:30,659-baseline-INFO-AUC:0.6229,AP:0.599
2020-07-01 02:28:30,659-baseline-INFO-f1:0.3923,acc:0.5499,pre:0.6,recall:0.2914
2020-07-01 02:28:33,646-tensorflow-WARNING-From /opt/conda/lib/python3.7/site-packages/tensorflow/python/framework/op_def_library.py:263: colocate_with (from tensorflow.python.framework.ops) is deprecated and will be removed in a future version.
Instructions for updating:
Colocations handled automatically by placer.
2020-07-01 02:28:33,654-tensorflow-WARNING-From /opt/conda/lib/python3.7/site-packages/keras/backend/tensorflow_backend.py:3445: calling dropout (from tensorflow.python.ops.nn_ops) with keep_prob is deprecated and will be removed in a future version.
Instructions for updating:
Please use `rate` instead of `keep_prob`. Rate should be set to `rate = 1 - keep_prob`.
2020-07-01 02:28:33,917-tensorflow-WARNING-From /opt/conda/lib/python3.7/site-packages/tensorflow/python/ops/math_ops.py:3066: to_int32 (from tensorflow.python.ops.math_ops) is deprecated and will be removed in a future version.
Instructions for updating:
Use tf.cast instead.
2020-07-01 02:32:54,753-baseline-INFO-

2020-07-01 02:32:54,754-baseline-INFO-

2020-07-01 02:32:54,754-baseline-INFO-Parameters dataset:citeseer datamode:AX ad-method:AE emb-method:LINE
2020-07-01 02:32:54,754-baseline-INFO--------------Evaluating Validation Results--------------
2020-07-01 02:32:54,983-baseline-INFO-AUC:0.6625,AP:0.6804
2020-07-01 02:32:54,983-baseline-INFO-f1:0.4815,acc:0.6,pre:0.6842,recall:0.3714
2020-07-01 02:32:54,983-baseline-INFO--------------Evaluating Test Results--------------
2020-07-01 02:32:55,345-baseline-INFO-AUC:0.5639,AP:0.5622
2020-07-01 02:32:55,345-baseline-INFO-f1:0.3769,acc:0.5385,pre:0.5765,recall:0.28
2020-07-01 02:32:58,905-baseline-INFO-

2020-07-01 02:32:58,906-baseline-INFO-

2020-07-01 02:32:58,906-baseline-INFO-Parameters dataset:citeseer datamode:A ad-method:IF emb-method:SDNE
2020-07-01 02:32:58,906-baseline-INFO--------------Evaluating Validation Results--------------
2020-07-01 02:32:58,977-baseline-INFO-AUC:0.5105,AP:0.5329
2020-07-01 02:32:58,977-baseline-INFO-f1:0.25,acc:0.5143,pre:0.5484,recall:0.1619
2020-07-01 02:32:58,977-baseline-INFO--------------Evaluating Test Results--------------
2020-07-01 02:32:59,062-baseline-INFO-AUC:0.517,AP:0.5245
2020-07-01 02:32:59,062-baseline-INFO-f1:0.1674,acc:0.49,pre:0.45,recall:0.1029
2020-07-01 02:33:02,064-baseline-INFO-

2020-07-01 02:33:02,064-baseline-INFO-

2020-07-01 02:33:02,064-baseline-INFO-Parameters dataset:citeseer datamode:A ad-method:OCSVM emb-method:SDNE
2020-07-01 02:33:02,064-baseline-INFO--------------Evaluating Validation Results--------------
2020-07-01 02:33:02,079-baseline-INFO-AUC:0.5721,AP:0.5986
2020-07-01 02:33:02,079-baseline-INFO-f1:0.2344,acc:0.5333,pre:0.6522,recall:0.1429
2020-07-01 02:33:02,079-baseline-INFO--------------Evaluating Test Results--------------
2020-07-01 02:33:02,100-baseline-INFO-AUC:0.5834,AP:0.607
2020-07-01 02:33:02,100-baseline-INFO-f1:0.2115,acc:0.5328,pre:0.6667,recall:0.1257
2020-07-01 02:33:05,069-baseline-INFO-

2020-07-01 02:33:05,069-baseline-INFO-

2020-07-01 02:33:05,069-baseline-INFO-Parameters dataset:citeseer datamode:A ad-method:PCA emb-method:SDNE
2020-07-01 02:33:05,069-baseline-INFO--------------Evaluating Validation Results--------------
2020-07-01 02:33:05,076-baseline-INFO-AUC:0.4838,AP:0.5142
2020-07-01 02:33:05,076-baseline-INFO-f1:0.2556,acc:0.5286,pre:0.6071,recall:0.1619
2020-07-01 02:33:05,076-baseline-INFO--------------Evaluating Test Results--------------
2020-07-01 02:33:05,084-baseline-INFO-AUC:0.5265,AP:0.5604
2020-07-01 02:33:05,084-baseline-INFO-f1:0.2624,acc:0.5356,pre:0.6304,recall:0.1657
2020-07-01 02:33:08,020-tensorflow-WARNING-From /opt/conda/lib/python3.7/site-packages/tensorflow/python/framework/op_def_library.py:263: colocate_with (from tensorflow.python.framework.ops) is deprecated and will be removed in a future version.
Instructions for updating:
Colocations handled automatically by placer.
2020-07-01 02:33:08,029-tensorflow-WARNING-From /opt/conda/lib/python3.7/site-packages/keras/backend/tensorflow_backend.py:3445: calling dropout (from tensorflow.python.ops.nn_ops) with keep_prob is deprecated and will be removed in a future version.
Instructions for updating:
Please use `rate` instead of `keep_prob`. Rate should be set to `rate = 1 - keep_prob`.
2020-07-01 02:33:08,291-tensorflow-WARNING-From /opt/conda/lib/python3.7/site-packages/tensorflow/python/ops/math_ops.py:3066: to_int32 (from tensorflow.python.ops.math_ops) is deprecated and will be removed in a future version.
Instructions for updating:
Use tf.cast instead.
2020-07-01 02:33:14,031-baseline-INFO-

2020-07-01 02:33:14,031-baseline-INFO-

2020-07-01 02:33:14,031-baseline-INFO-Parameters dataset:citeseer datamode:A ad-method:AE emb-method:SDNE
2020-07-01 02:33:14,031-baseline-INFO--------------Evaluating Validation Results--------------
2020-07-01 02:33:14,053-baseline-INFO-AUC:0.5146,AP:0.5276
2020-07-01 02:33:14,053-baseline-INFO-f1:0.128,acc:0.481,pre:0.4,recall:0.0762
2020-07-01 02:33:14,053-baseline-INFO--------------Evaluating Test Results--------------
2020-07-01 02:33:14,078-baseline-INFO-AUC:0.4915,AP:0.5226
2020-07-01 02:33:14,079-baseline-INFO-f1:0.2028,acc:0.5071,pre:0.5238,recall:0.1257
2020-07-01 02:33:18,432-baseline-INFO-

2020-07-01 02:33:18,432-baseline-INFO-

2020-07-01 02:33:18,432-baseline-INFO-Parameters dataset:citeseer datamode:AX ad-method:IF emb-method:SDNE
2020-07-01 02:33:18,432-baseline-INFO--------------Evaluating Validation Results--------------
2020-07-01 02:33:18,906-baseline-INFO-AUC:0.5344,AP:0.5299
2020-07-01 02:33:18,907-baseline-INFO-f1:0.036,acc:0.4905,pre:0.3333,recall:0.019
2020-07-01 02:33:18,907-baseline-INFO--------------Evaluating Test Results--------------
2020-07-01 02:33:19,681-baseline-INFO-AUC:0.4778,AP:0.5073
2020-07-01 02:33:19,681-baseline-INFO-f1:0.0829,acc:0.4957,pre:0.4444,recall:0.0457
2020-07-01 02:33:23,419-baseline-INFO-

2020-07-01 02:33:23,419-baseline-INFO-

2020-07-01 02:33:23,419-baseline-INFO-Parameters dataset:citeseer datamode:AX ad-method:OCSVM emb-method:SDNE
2020-07-01 02:33:23,419-baseline-INFO--------------Evaluating Validation Results--------------
2020-07-01 02:33:23,724-baseline-INFO-AUC:0.5125,AP:0.5228
2020-07-01 02:33:23,725-baseline-INFO-f1:0.1905,acc:0.5143,pre:0.5714,recall:0.1143
2020-07-01 02:33:23,725-baseline-INFO--------------Evaluating Test Results--------------
2020-07-01 02:33:24,232-baseline-INFO-AUC:0.5322,AP:0.5374
2020-07-01 02:33:24,232-baseline-INFO-f1:0.2712,acc:0.51,pre:0.5246,recall:0.1829
2020-07-01 02:33:27,714-baseline-INFO-

2020-07-01 02:33:27,714-baseline-INFO-

2020-07-01 02:33:27,714-baseline-INFO-Parameters dataset:citeseer datamode:AX ad-method:PCA emb-method:SDNE
2020-07-01 02:33:27,714-baseline-INFO--------------Evaluating Validation Results--------------
2020-07-01 02:33:28,113-baseline-INFO-AUC:0.5407,AP:0.5358
2020-07-01 02:33:28,113-baseline-INFO-f1:0.3553,acc:0.5333,pre:0.5745,recall:0.2571
2020-07-01 02:33:28,113-baseline-INFO--------------Evaluating Test Results--------------
2020-07-01 02:33:28,753-baseline-INFO-AUC:0.5611,AP:0.5496
2020-07-01 02:33:28,753-baseline-INFO-f1:0.3252,acc:0.5271,pre:0.5634,recall:0.2286
2020-07-01 02:33:31,731-tensorflow-WARNING-From /opt/conda/lib/python3.7/site-packages/tensorflow/python/framework/op_def_library.py:263: colocate_with (from tensorflow.python.framework.ops) is deprecated and will be removed in a future version.
Instructions for updating:
Colocations handled automatically by placer.
2020-07-01 02:33:31,740-tensorflow-WARNING-From /opt/conda/lib/python3.7/site-packages/keras/backend/tensorflow_backend.py:3445: calling dropout (from tensorflow.python.ops.nn_ops) with keep_prob is deprecated and will be removed in a future version.
Instructions for updating:
Please use `rate` instead of `keep_prob`. Rate should be set to `rate = 1 - keep_prob`.
2020-07-01 02:33:32,002-tensorflow-WARNING-From /opt/conda/lib/python3.7/site-packages/tensorflow/python/ops/math_ops.py:3066: to_int32 (from tensorflow.python.ops.math_ops) is deprecated and will be removed in a future version.
Instructions for updating:
Use tf.cast instead.
2020-07-01 02:37:52,491-baseline-INFO-

2020-07-01 02:37:52,491-baseline-INFO-

2020-07-01 02:37:52,491-baseline-INFO-Parameters dataset:citeseer datamode:AX ad-method:AE emb-method:SDNE
2020-07-01 02:37:52,491-baseline-INFO--------------Evaluating Validation Results--------------
2020-07-01 02:37:52,723-baseline-INFO-AUC:0.5429,AP:0.5221
2020-07-01 02:37:52,723-baseline-INFO-f1:0.3077,acc:0.4857,pre:0.4706,recall:0.2286
2020-07-01 02:37:52,723-baseline-INFO--------------Evaluating Test Results--------------
2020-07-01 02:37:53,082-baseline-INFO-AUC:0.58,AP:0.579
2020-07-01 02:37:53,082-baseline-INFO-f1:0.378,acc:0.5499,pre:0.6076,recall:0.2743
2020-07-01 02:37:56,645-baseline-INFO-

2020-07-01 02:37:56,645-baseline-INFO-

2020-07-01 02:37:56,645-baseline-INFO-Parameters dataset:citeseer datamode:A ad-method:IF emb-method:Struc2Vec
2020-07-01 02:37:56,645-baseline-INFO--------------Evaluating Validation Results--------------
2020-07-01 02:37:56,715-baseline-INFO-AUC:0.5398,AP:0.5455
2020-07-01 02:37:56,716-baseline-INFO-f1:0.2171,acc:0.519,pre:0.5833,recall:0.1333
2020-07-01 02:37:56,716-baseline-INFO--------------Evaluating Test Results--------------
2020-07-01 02:37:56,798-baseline-INFO-AUC:0.6014,AP:0.6117
2020-07-01 02:37:56,798-baseline-INFO-f1:0.35,acc:0.5556,pre:0.6462,recall:0.24
2020-07-01 02:37:59,773-baseline-INFO-

2020-07-01 02:37:59,773-baseline-INFO-

2020-07-01 02:37:59,773-baseline-INFO-Parameters dataset:citeseer datamode:A ad-method:OCSVM emb-method:Struc2Vec
2020-07-01 02:37:59,773-baseline-INFO--------------Evaluating Validation Results--------------
2020-07-01 02:37:59,788-baseline-INFO-AUC:0.5117,AP:0.528
2020-07-01 02:37:59,788-baseline-INFO-f1:0.2817,acc:0.5143,pre:0.5405,recall:0.1905
2020-07-01 02:37:59,788-baseline-INFO--------------Evaluating Test Results--------------
2020-07-01 02:37:59,809-baseline-INFO-AUC:0.5402,AP:0.5539
2020-07-01 02:37:59,809-baseline-INFO-f1:0.2455,acc:0.5271,pre:0.6,recall:0.1543
2020-07-01 02:38:02,728-baseline-INFO-

2020-07-01 02:38:02,728-baseline-INFO-

2020-07-01 02:38:02,728-baseline-INFO-Parameters dataset:citeseer datamode:A ad-method:PCA emb-method:Struc2Vec
2020-07-01 02:38:02,728-baseline-INFO--------------Evaluating Validation Results--------------
2020-07-01 02:38:02,735-baseline-INFO-AUC:0.6039,AP:0.595
2020-07-01 02:38:02,736-baseline-INFO-f1:0.2273,acc:0.5143,pre:0.5556,recall:0.1429
2020-07-01 02:38:02,736-baseline-INFO--------------Evaluating Test Results--------------
2020-07-01 02:38:02,745-baseline-INFO-AUC:0.5409,AP:0.561
2020-07-01 02:38:02,745-baseline-INFO-f1:0.2311,acc:0.5071,pre:0.52,recall:0.1486
2020-07-01 02:38:05,719-tensorflow-WARNING-From /opt/conda/lib/python3.7/site-packages/tensorflow/python/framework/op_def_library.py:263: colocate_with (from tensorflow.python.framework.ops) is deprecated and will be removed in a future version.
Instructions for updating:
Colocations handled automatically by placer.
2020-07-01 02:38:05,727-tensorflow-WARNING-From /opt/conda/lib/python3.7/site-packages/keras/backend/tensorflow_backend.py:3445: calling dropout (from tensorflow.python.ops.nn_ops) with keep_prob is deprecated and will be removed in a future version.
Instructions for updating:
Please use `rate` instead of `keep_prob`. Rate should be set to `rate = 1 - keep_prob`.
2020-07-01 02:38:05,990-tensorflow-WARNING-From /opt/conda/lib/python3.7/site-packages/tensorflow/python/ops/math_ops.py:3066: to_int32 (from tensorflow.python.ops.math_ops) is deprecated and will be removed in a future version.
Instructions for updating:
Use tf.cast instead.
2020-07-01 02:38:11,686-baseline-INFO-

2020-07-01 02:38:11,686-baseline-INFO-

2020-07-01 02:38:11,686-baseline-INFO-Parameters dataset:citeseer datamode:A ad-method:AE emb-method:Struc2Vec
2020-07-01 02:38:11,686-baseline-INFO--------------Evaluating Validation Results--------------
2020-07-01 02:38:11,710-baseline-INFO-AUC:0.527,AP:0.5606
2020-07-01 02:38:11,710-baseline-INFO-f1:0.2462,acc:0.5333,pre:0.64,recall:0.1524
2020-07-01 02:38:11,710-baseline-INFO--------------Evaluating Test Results--------------
2020-07-01 02:38:11,735-baseline-INFO-AUC:0.5026,AP:0.5121
2020-07-01 02:38:11,735-baseline-INFO-f1:0.2321,acc:0.51,pre:0.5306,recall:0.1486
2020-07-01 02:38:16,080-baseline-INFO-

2020-07-01 02:38:16,081-baseline-INFO-

2020-07-01 02:38:16,081-baseline-INFO-Parameters dataset:citeseer datamode:AX ad-method:IF emb-method:Struc2Vec
2020-07-01 02:38:16,081-baseline-INFO--------------Evaluating Validation Results--------------
2020-07-01 02:38:16,543-baseline-INFO-AUC:0.4741,AP:0.4774
2020-07-01 02:38:16,543-baseline-INFO-f1:0.0177,acc:0.4714,pre:0.125,recall:0.0095
2020-07-01 02:38:16,543-baseline-INFO--------------Evaluating Test Results--------------
2020-07-01 02:38:17,279-baseline-INFO-AUC:0.525,AP:0.5113
2020-07-01 02:38:17,279-baseline-INFO-f1:0.0635,acc:0.4957,pre:0.4286,recall:0.0343
2020-07-01 02:38:21,052-baseline-INFO-

2020-07-01 02:38:21,052-baseline-INFO-

2020-07-01 02:38:21,052-baseline-INFO-Parameters dataset:citeseer datamode:AX ad-method:OCSVM emb-method:Struc2Vec
2020-07-01 02:38:21,052-baseline-INFO--------------Evaluating Validation Results--------------
2020-07-01 02:38:21,366-baseline-INFO-AUC:0.6063,AP:0.6309
2020-07-01 02:38:21,366-baseline-INFO-f1:0.3308,acc:0.5762,pre:0.7857,recall:0.2095
2020-07-01 02:38:21,366-baseline-INFO--------------Evaluating Test Results--------------
2020-07-01 02:38:21,882-baseline-INFO-AUC:0.5763,AP:0.572
2020-07-01 02:38:21,882-baseline-INFO-f1:0.2419,acc:0.5356,pre:0.65,recall:0.1486
2020-07-01 02:38:25,378-baseline-INFO-

2020-07-01 02:38:25,378-baseline-INFO-

2020-07-01 02:38:25,378-baseline-INFO-Parameters dataset:citeseer datamode:AX ad-method:PCA emb-method:Struc2Vec
2020-07-01 02:38:25,378-baseline-INFO--------------Evaluating Validation Results--------------
2020-07-01 02:38:25,796-baseline-INFO-AUC:0.5945,AP:0.5848
2020-07-01 02:38:25,796-baseline-INFO-f1:0.3624,acc:0.5476,pre:0.6136,recall:0.2571
2020-07-01 02:38:25,796-baseline-INFO--------------Evaluating Test Results--------------
2020-07-01 02:38:26,471-baseline-INFO-AUC:0.581,AP:0.5746
2020-07-01 02:38:26,472-baseline-INFO-f1:0.3457,acc:0.547,pre:0.6176,recall:0.24
2020-07-01 02:38:29,493-tensorflow-WARNING-From /opt/conda/lib/python3.7/site-packages/tensorflow/python/framework/op_def_library.py:263: colocate_with (from tensorflow.python.framework.ops) is deprecated and will be removed in a future version.
Instructions for updating:
Colocations handled automatically by placer.
2020-07-01 02:38:29,502-tensorflow-WARNING-From /opt/conda/lib/python3.7/site-packages/keras/backend/tensorflow_backend.py:3445: calling dropout (from tensorflow.python.ops.nn_ops) with keep_prob is deprecated and will be removed in a future version.
Instructions for updating:
Please use `rate` instead of `keep_prob`. Rate should be set to `rate = 1 - keep_prob`.
2020-07-01 02:38:29,766-tensorflow-WARNING-From /opt/conda/lib/python3.7/site-packages/tensorflow/python/ops/math_ops.py:3066: to_int32 (from tensorflow.python.ops.math_ops) is deprecated and will be removed in a future version.
Instructions for updating:
Use tf.cast instead.
2020-07-01 02:42:50,594-baseline-INFO-

2020-07-01 02:42:50,594-baseline-INFO-

2020-07-01 02:42:50,594-baseline-INFO-Parameters dataset:citeseer datamode:AX ad-method:AE emb-method:Struc2Vec
2020-07-01 02:42:50,594-baseline-INFO--------------Evaluating Validation Results--------------
2020-07-01 02:42:50,832-baseline-INFO-AUC:0.6473,AP:0.6443
2020-07-01 02:42:50,832-baseline-INFO-f1:0.4336,acc:0.6143,pre:0.8158,recall:0.2952
2020-07-01 02:42:50,832-baseline-INFO--------------Evaluating Test Results--------------
2020-07-01 02:42:51,206-baseline-INFO-AUC:0.5709,AP:0.5486
2020-07-01 02:42:51,206-baseline-INFO-f1:0.314,acc:0.5271,pre:0.5672,recall:0.2171
