2020-07-04 12:22:22,382-baseline-INFO-

2020-07-04 12:22:22,382-baseline-INFO-

2020-07-04 12:22:22,382-baseline-INFO-Parameters dataset:cora datamode:A ad-method:IF emb-method:Node2Vec
2020-07-04 12:22:22,382-baseline-INFO--------------Evaluating Validation Results--------------
2020-07-04 12:22:22,458-baseline-INFO-AUC:0.6161,AP:0.6138
2020-07-04 12:22:22,458-baseline-INFO-f1:0.3596,acc:0.5347,pre:0.5714,recall:0.2623
2020-07-04 12:22:22,458-baseline-INFO--------------Evaluating Test Results--------------
2020-07-04 12:22:22,550-baseline-INFO-AUC:0.6949,AP:0.6547
2020-07-04 12:22:22,550-baseline-INFO-f1:0.3407,acc:0.5648,pre:0.697,recall:0.2255
2020-07-04 12:22:28,058-baseline-INFO-

2020-07-04 12:22:28,058-baseline-INFO-

2020-07-04 12:22:28,058-baseline-INFO-Parameters dataset:cora datamode:A ad-method:OCSVM emb-method:Node2Vec
2020-07-04 12:22:28,058-baseline-INFO--------------Evaluating Validation Results--------------
2020-07-04 12:22:28,077-baseline-INFO-AUC:0.5411,AP:0.5655
2020-07-04 12:22:28,077-baseline-INFO-f1:0.3529,acc:0.551,pre:0.625,recall:0.2459
2020-07-04 12:22:28,077-baseline-INFO--------------Evaluating Test Results--------------
2020-07-04 12:22:28,105-baseline-INFO-AUC:0.6865,AP:0.7103
2020-07-04 12:22:28,105-baseline-INFO-f1:0.3895,acc:0.6015,pre:0.8254,recall:0.2549
2020-07-04 12:22:33,588-baseline-INFO-

2020-07-04 12:22:33,588-baseline-INFO-

2020-07-04 12:22:33,588-baseline-INFO-Parameters dataset:cora datamode:A ad-method:PCA emb-method:Node2Vec
2020-07-04 12:22:33,588-baseline-INFO--------------Evaluating Validation Results--------------
2020-07-04 12:22:33,595-baseline-INFO-AUC:0.5962,AP:0.6077
2020-07-04 12:22:33,596-baseline-INFO-f1:0.4,acc:0.5592,pre:0.6207,recall:0.2951
2020-07-04 12:22:33,596-baseline-INFO--------------Evaluating Test Results--------------
2020-07-04 12:22:33,605-baseline-INFO-AUC:0.7208,AP:0.7288
2020-07-04 12:22:33,605-baseline-INFO-f1:0.4637,acc:0.621,pre:0.7882,recall:0.3284
2020-07-04 12:22:39,095-tensorflow-WARNING-From /opt/conda/lib/python3.7/site-packages/tensorflow/python/framework/op_def_library.py:263: colocate_with (from tensorflow.python.framework.ops) is deprecated and will be removed in a future version.
Instructions for updating:
Colocations handled automatically by placer.
2020-07-04 12:22:39,104-tensorflow-WARNING-From /opt/conda/lib/python3.7/site-packages/keras/backend/tensorflow_backend.py:3445: calling dropout (from tensorflow.python.ops.nn_ops) with keep_prob is deprecated and will be removed in a future version.
Instructions for updating:
Please use `rate` instead of `keep_prob`. Rate should be set to `rate = 1 - keep_prob`.
2020-07-04 12:22:39,268-tensorflow-WARNING-From /opt/conda/lib/python3.7/site-packages/tensorflow/python/ops/math_ops.py:3066: to_int32 (from tensorflow.python.ops.math_ops) is deprecated and will be removed in a future version.
Instructions for updating:
Use tf.cast instead.
2020-07-04 12:22:45,718-baseline-INFO-

2020-07-04 12:22:45,718-baseline-INFO-

2020-07-04 12:22:45,718-baseline-INFO-Parameters dataset:cora datamode:A ad-method:AE emb-method:Node2Vec
2020-07-04 12:22:45,718-baseline-INFO--------------Evaluating Validation Results--------------
2020-07-04 12:22:45,742-baseline-INFO-AUC:0.5954,AP:0.6103
2020-07-04 12:22:45,742-baseline-INFO-f1:0.3911,acc:0.5551,pre:0.614,recall:0.2869
2020-07-04 12:22:45,742-baseline-INFO--------------Evaluating Test Results--------------
2020-07-04 12:22:45,772-baseline-INFO-AUC:0.7181,AP:0.7263
2020-07-04 12:22:45,772-baseline-INFO-f1:0.4653,acc:0.6235,pre:0.7976,recall:0.3284
2020-07-04 12:22:52,121-baseline-INFO-

2020-07-04 12:22:52,121-baseline-INFO-

2020-07-04 12:22:52,121-baseline-INFO-Parameters dataset:cora datamode:AX ad-method:IF emb-method:Node2Vec
2020-07-04 12:22:52,121-baseline-INFO--------------Evaluating Validation Results--------------
2020-07-04 12:22:52,373-baseline-INFO-AUC:0.5761,AP:0.5607
2020-07-04 12:22:52,373-baseline-INFO-f1:0.1769,acc:0.5061,pre:0.52,recall:0.1066
2020-07-04 12:22:52,373-baseline-INFO--------------Evaluating Test Results--------------
2020-07-04 12:22:52,763-baseline-INFO-AUC:0.5472,AP:0.5357
2020-07-04 12:22:52,763-baseline-INFO-f1:0.175,acc:0.5159,pre:0.5833,recall:0.1029
2020-07-04 12:22:58,709-baseline-INFO-

2020-07-04 12:22:58,709-baseline-INFO-

2020-07-04 12:22:58,709-baseline-INFO-Parameters dataset:cora datamode:AX ad-method:OCSVM emb-method:Node2Vec
2020-07-04 12:22:58,710-baseline-INFO--------------Evaluating Validation Results--------------
2020-07-04 12:22:58,884-baseline-INFO-AUC:0.5389,AP:0.5644
2020-07-04 12:22:58,884-baseline-INFO-f1:0.3333,acc:0.5429,pre:0.6087,recall:0.2295
2020-07-04 12:22:58,884-baseline-INFO--------------Evaluating Test Results--------------
2020-07-04 12:22:59,172-baseline-INFO-AUC:0.6844,AP:0.7084
2020-07-04 12:22:59,173-baseline-INFO-f1:0.3774,acc:0.5966,pre:0.8197,recall:0.2451
2020-07-04 12:23:04,879-baseline-INFO-

2020-07-04 12:23:04,880-baseline-INFO-

2020-07-04 12:23:04,880-baseline-INFO-Parameters dataset:cora datamode:AX ad-method:PCA emb-method:Node2Vec
2020-07-04 12:23:04,880-baseline-INFO--------------Evaluating Validation Results--------------
2020-07-04 12:23:05,063-baseline-INFO-AUC:0.6309,AP:0.6347
2020-07-04 12:23:05,063-baseline-INFO-f1:0.4923,acc:0.5959,pre:0.6575,recall:0.3934
2020-07-04 12:23:05,063-baseline-INFO--------------Evaluating Test Results--------------
2020-07-04 12:23:05,360-baseline-INFO-AUC:0.6419,AP:0.6254
2020-07-04 12:23:05,360-baseline-INFO-f1:0.4727,acc:0.5746,pre:0.619,recall:0.3824
2020-07-04 12:23:10,839-tensorflow-WARNING-From /opt/conda/lib/python3.7/site-packages/tensorflow/python/framework/op_def_library.py:263: colocate_with (from tensorflow.python.framework.ops) is deprecated and will be removed in a future version.
Instructions for updating:
Colocations handled automatically by placer.
2020-07-04 12:23:10,847-tensorflow-WARNING-From /opt/conda/lib/python3.7/site-packages/keras/backend/tensorflow_backend.py:3445: calling dropout (from tensorflow.python.ops.nn_ops) with keep_prob is deprecated and will be removed in a future version.
Instructions for updating:
Please use `rate` instead of `keep_prob`. Rate should be set to `rate = 1 - keep_prob`.
2020-07-04 12:23:11,016-tensorflow-WARNING-From /opt/conda/lib/python3.7/site-packages/tensorflow/python/ops/math_ops.py:3066: to_int32 (from tensorflow.python.ops.math_ops) is deprecated and will be removed in a future version.
Instructions for updating:
Use tf.cast instead.
2020-07-04 12:24:01,187-baseline-INFO-

2020-07-04 12:24:01,187-baseline-INFO-

2020-07-04 12:24:01,187-baseline-INFO-Parameters dataset:cora datamode:AX ad-method:AE emb-method:Node2Vec
2020-07-04 12:24:01,187-baseline-INFO--------------Evaluating Validation Results--------------
2020-07-04 12:24:01,260-baseline-INFO-AUC:0.6311,AP:0.6348
2020-07-04 12:24:01,260-baseline-INFO-f1:0.4898,acc:0.5918,pre:0.6486,recall:0.3934
2020-07-04 12:24:01,260-baseline-INFO--------------Evaluating Test Results--------------
2020-07-04 12:24:01,372-baseline-INFO-AUC:0.6419,AP:0.6255
2020-07-04 12:24:01,373-baseline-INFO-f1:0.4727,acc:0.5746,pre:0.619,recall:0.3824
2020-07-04 12:24:07,510-baseline-INFO-

2020-07-04 12:24:07,510-baseline-INFO-

2020-07-04 12:24:07,510-baseline-INFO-Parameters dataset:cora datamode:A ad-method:IF emb-method:LINE
2020-07-04 12:24:07,510-baseline-INFO--------------Evaluating Validation Results--------------
2020-07-04 12:24:07,586-baseline-INFO-AUC:0.6148,AP:0.6454
2020-07-04 12:24:07,587-baseline-INFO-f1:0.3882,acc:0.5755,pre:0.6875,recall:0.2705
2020-07-04 12:24:07,587-baseline-INFO--------------Evaluating Test Results--------------
2020-07-04 12:24:07,680-baseline-INFO-AUC:0.6462,AP:0.6345
2020-07-04 12:24:07,680-baseline-INFO-f1:0.3799,acc:0.577,pre:0.7067,recall:0.2598
2020-07-04 12:24:13,254-baseline-INFO-

2020-07-04 12:24:13,254-baseline-INFO-

2020-07-04 12:24:13,254-baseline-INFO-Parameters dataset:cora datamode:A ad-method:OCSVM emb-method:LINE
2020-07-04 12:24:13,254-baseline-INFO--------------Evaluating Validation Results--------------
2020-07-04 12:24:13,273-baseline-INFO-AUC:0.6163,AP:0.6295
2020-07-04 12:24:13,273-baseline-INFO-f1:0.2911,acc:0.5429,pre:0.6389,recall:0.1885
2020-07-04 12:24:13,273-baseline-INFO--------------Evaluating Test Results--------------
2020-07-04 12:24:13,301-baseline-INFO-AUC:0.6385,AP:0.6145
2020-07-04 12:24:13,301-baseline-INFO-f1:0.3786,acc:0.5746,pre:0.6974,recall:0.2598
2020-07-04 12:24:18,791-baseline-INFO-

2020-07-04 12:24:18,791-baseline-INFO-

2020-07-04 12:24:18,791-baseline-INFO-Parameters dataset:cora datamode:A ad-method:PCA emb-method:LINE
2020-07-04 12:24:18,791-baseline-INFO--------------Evaluating Validation Results--------------
2020-07-04 12:24:18,798-baseline-INFO-AUC:0.6126,AP:0.626
2020-07-04 12:24:18,798-baseline-INFO-f1:0.271,acc:0.5388,pre:0.6364,recall:0.1721
2020-07-04 12:24:18,798-baseline-INFO--------------Evaluating Test Results--------------
2020-07-04 12:24:18,807-baseline-INFO-AUC:0.6361,AP:0.6112
2020-07-04 12:24:18,807-baseline-INFO-f1:0.3309,acc:0.555,pre:0.6618,recall:0.2206
2020-07-04 12:24:24,253-tensorflow-WARNING-From /opt/conda/lib/python3.7/site-packages/tensorflow/python/framework/op_def_library.py:263: colocate_with (from tensorflow.python.framework.ops) is deprecated and will be removed in a future version.
Instructions for updating:
Colocations handled automatically by placer.
2020-07-04 12:24:24,262-tensorflow-WARNING-From /opt/conda/lib/python3.7/site-packages/keras/backend/tensorflow_backend.py:3445: calling dropout (from tensorflow.python.ops.nn_ops) with keep_prob is deprecated and will be removed in a future version.
Instructions for updating:
Please use `rate` instead of `keep_prob`. Rate should be set to `rate = 1 - keep_prob`.
2020-07-04 12:24:24,432-tensorflow-WARNING-From /opt/conda/lib/python3.7/site-packages/tensorflow/python/ops/math_ops.py:3066: to_int32 (from tensorflow.python.ops.math_ops) is deprecated and will be removed in a future version.
Instructions for updating:
Use tf.cast instead.
2020-07-04 12:24:30,878-baseline-INFO-

2020-07-04 12:24:30,879-baseline-INFO-

2020-07-04 12:24:30,879-baseline-INFO-Parameters dataset:cora datamode:A ad-method:AE emb-method:LINE
2020-07-04 12:24:30,879-baseline-INFO--------------Evaluating Validation Results--------------
2020-07-04 12:24:30,903-baseline-INFO-AUC:0.6118,AP:0.6226
2020-07-04 12:24:30,903-baseline-INFO-f1:0.2727,acc:0.5429,pre:0.6562,recall:0.1721
2020-07-04 12:24:30,903-baseline-INFO--------------Evaluating Test Results--------------
2020-07-04 12:24:30,928-baseline-INFO-AUC:0.6356,AP:0.6106
2020-07-04 12:24:30,928-baseline-INFO-f1:0.3309,acc:0.555,pre:0.6618,recall:0.2206
2020-07-04 12:24:37,249-baseline-INFO-

2020-07-04 12:24:37,249-baseline-INFO-

2020-07-04 12:24:37,249-baseline-INFO-Parameters dataset:cora datamode:AX ad-method:IF emb-method:LINE
2020-07-04 12:24:37,249-baseline-INFO--------------Evaluating Validation Results--------------
2020-07-04 12:24:37,500-baseline-INFO-AUC:0.5906,AP:0.5899
2020-07-04 12:24:37,500-baseline-INFO-f1:0.1972,acc:0.5347,pre:0.7,recall:0.1148
2020-07-04 12:24:37,500-baseline-INFO--------------Evaluating Test Results--------------
2020-07-04 12:24:37,890-baseline-INFO-AUC:0.5765,AP:0.5583
2020-07-04 12:24:37,890-baseline-INFO-f1:0.1207,acc:0.5012,pre:0.5,recall:0.0686
2020-07-04 12:24:43,808-baseline-INFO-

2020-07-04 12:24:43,808-baseline-INFO-

2020-07-04 12:24:43,808-baseline-INFO-Parameters dataset:cora datamode:AX ad-method:OCSVM emb-method:LINE
2020-07-04 12:24:43,808-baseline-INFO--------------Evaluating Validation Results--------------
2020-07-04 12:24:43,982-baseline-INFO-AUC:0.6168,AP:0.6293
2020-07-04 12:24:43,982-baseline-INFO-f1:0.2949,acc:0.551,pre:0.6765,recall:0.1885
2020-07-04 12:24:43,982-baseline-INFO--------------Evaluating Test Results--------------
2020-07-04 12:24:44,268-baseline-INFO-AUC:0.6376,AP:0.6136
2020-07-04 12:24:44,268-baseline-INFO-f1:0.3564,acc:0.5672,pre:0.6901,recall:0.2402
2020-07-04 12:24:50,028-baseline-INFO-

2020-07-04 12:24:50,028-baseline-INFO-

2020-07-04 12:24:50,028-baseline-INFO-Parameters dataset:cora datamode:AX ad-method:PCA emb-method:LINE
2020-07-04 12:24:50,028-baseline-INFO--------------Evaluating Validation Results--------------
2020-07-04 12:24:50,229-baseline-INFO-AUC:0.6328,AP:0.6369
2020-07-04 12:24:50,229-baseline-INFO-f1:0.5076,acc:0.6041,pre:0.6667,recall:0.4098
2020-07-04 12:24:50,229-baseline-INFO--------------Evaluating Test Results--------------
2020-07-04 12:24:50,557-baseline-INFO-AUC:0.641,AP:0.6253
2020-07-04 12:24:50,557-baseline-INFO-f1:0.4805,acc:0.577,pre:0.6202,recall:0.3922
2020-07-04 12:24:56,069-tensorflow-WARNING-From /opt/conda/lib/python3.7/site-packages/tensorflow/python/framework/op_def_library.py:263: colocate_with (from tensorflow.python.framework.ops) is deprecated and will be removed in a future version.
Instructions for updating:
Colocations handled automatically by placer.
2020-07-04 12:24:56,078-tensorflow-WARNING-From /opt/conda/lib/python3.7/site-packages/keras/backend/tensorflow_backend.py:3445: calling dropout (from tensorflow.python.ops.nn_ops) with keep_prob is deprecated and will be removed in a future version.
Instructions for updating:
Please use `rate` instead of `keep_prob`. Rate should be set to `rate = 1 - keep_prob`.
2020-07-04 12:24:56,251-tensorflow-WARNING-From /opt/conda/lib/python3.7/site-packages/tensorflow/python/ops/math_ops.py:3066: to_int32 (from tensorflow.python.ops.math_ops) is deprecated and will be removed in a future version.
Instructions for updating:
Use tf.cast instead.
2020-07-04 12:25:46,511-baseline-INFO-

2020-07-04 12:25:46,512-baseline-INFO-

2020-07-04 12:25:46,512-baseline-INFO-Parameters dataset:cora datamode:AX ad-method:AE emb-method:LINE
2020-07-04 12:25:46,512-baseline-INFO--------------Evaluating Validation Results--------------
2020-07-04 12:25:46,589-baseline-INFO-AUC:0.6329,AP:0.6368
2020-07-04 12:25:46,589-baseline-INFO-f1:0.5,acc:0.6,pre:0.6622,recall:0.4016
2020-07-04 12:25:46,589-baseline-INFO--------------Evaluating Test Results--------------
2020-07-04 12:25:46,703-baseline-INFO-AUC:0.6408,AP:0.6253
2020-07-04 12:25:46,703-baseline-INFO-f1:0.4805,acc:0.577,pre:0.6202,recall:0.3922
2020-07-04 12:25:52,897-baseline-INFO-

2020-07-04 12:25:52,898-baseline-INFO-

2020-07-04 12:25:52,898-baseline-INFO-Parameters dataset:cora datamode:A ad-method:IF emb-method:SDNE
2020-07-04 12:25:52,898-baseline-INFO--------------Evaluating Validation Results--------------
2020-07-04 12:25:52,973-baseline-INFO-AUC:0.6184,AP:0.6235
2020-07-04 12:25:52,973-baseline-INFO-f1:0.3185,acc:0.5633,pre:0.7143,recall:0.2049
2020-07-04 12:25:52,973-baseline-INFO--------------Evaluating Test Results--------------
2020-07-04 12:25:53,064-baseline-INFO-AUC:0.5759,AP:0.565
2020-07-04 12:25:53,064-baseline-INFO-f1:0.2784,acc:0.5183,pre:0.5507,recall:0.1863
2020-07-04 12:25:58,567-baseline-INFO-

2020-07-04 12:25:58,567-baseline-INFO-

2020-07-04 12:25:58,567-baseline-INFO-Parameters dataset:cora datamode:A ad-method:OCSVM emb-method:SDNE
2020-07-04 12:25:58,567-baseline-INFO--------------Evaluating Validation Results--------------
2020-07-04 12:25:58,585-baseline-INFO-AUC:0.6188,AP:0.6264
2020-07-04 12:25:58,585-baseline-INFO-f1:0.3097,acc:0.5633,pre:0.7273,recall:0.1967
2020-07-04 12:25:58,585-baseline-INFO--------------Evaluating Test Results--------------
2020-07-04 12:25:58,613-baseline-INFO-AUC:0.5786,AP:0.565
2020-07-04 12:25:58,613-baseline-INFO-f1:0.2677,acc:0.5183,pre:0.5538,recall:0.1765
2020-07-04 12:26:04,069-baseline-INFO-

2020-07-04 12:26:04,069-baseline-INFO-

2020-07-04 12:26:04,069-baseline-INFO-Parameters dataset:cora datamode:A ad-method:PCA emb-method:SDNE
2020-07-04 12:26:04,069-baseline-INFO--------------Evaluating Validation Results--------------
2020-07-04 12:26:04,077-baseline-INFO-AUC:0.6285,AP:0.6327
2020-07-04 12:26:04,077-baseline-INFO-f1:0.3185,acc:0.5633,pre:0.7143,recall:0.2049
2020-07-04 12:26:04,077-baseline-INFO--------------Evaluating Test Results--------------
2020-07-04 12:26:04,088-baseline-INFO-AUC:0.5657,AP:0.5585
2020-07-04 12:26:04,088-baseline-INFO-f1:0.2647,acc:0.511,pre:0.5294,recall:0.1765
2020-07-04 12:26:09,552-tensorflow-WARNING-From /opt/conda/lib/python3.7/site-packages/tensorflow/python/framework/op_def_library.py:263: colocate_with (from tensorflow.python.framework.ops) is deprecated and will be removed in a future version.
Instructions for updating:
Colocations handled automatically by placer.
2020-07-04 12:26:09,561-tensorflow-WARNING-From /opt/conda/lib/python3.7/site-packages/keras/backend/tensorflow_backend.py:3445: calling dropout (from tensorflow.python.ops.nn_ops) with keep_prob is deprecated and will be removed in a future version.
Instructions for updating:
Please use `rate` instead of `keep_prob`. Rate should be set to `rate = 1 - keep_prob`.
2020-07-04 12:26:09,727-tensorflow-WARNING-From /opt/conda/lib/python3.7/site-packages/tensorflow/python/ops/math_ops.py:3066: to_int32 (from tensorflow.python.ops.math_ops) is deprecated and will be removed in a future version.
Instructions for updating:
Use tf.cast instead.
2020-07-04 12:26:16,186-baseline-INFO-

2020-07-04 12:26:16,186-baseline-INFO-

2020-07-04 12:26:16,186-baseline-INFO-Parameters dataset:cora datamode:A ad-method:AE emb-method:SDNE
2020-07-04 12:26:16,186-baseline-INFO--------------Evaluating Validation Results--------------
2020-07-04 12:26:16,211-baseline-INFO-AUC:0.6261,AP:0.6315
2020-07-04 12:26:16,211-baseline-INFO-f1:0.3291,acc:0.5673,pre:0.7222,recall:0.2131
2020-07-04 12:26:16,211-baseline-INFO--------------Evaluating Test Results--------------
2020-07-04 12:26:16,238-baseline-INFO-AUC:0.568,AP:0.5609
2020-07-04 12:26:16,238-baseline-INFO-f1:0.2647,acc:0.511,pre:0.5294,recall:0.1765
2020-07-04 12:26:22,619-baseline-INFO-

2020-07-04 12:26:22,619-baseline-INFO-

2020-07-04 12:26:22,619-baseline-INFO-Parameters dataset:cora datamode:AX ad-method:IF emb-method:SDNE
2020-07-04 12:26:22,619-baseline-INFO--------------Evaluating Validation Results--------------
2020-07-04 12:26:22,869-baseline-INFO-AUC:0.5548,AP:0.5945
2020-07-04 12:26:22,869-baseline-INFO-f1:0.2222,acc:0.5429,pre:0.7273,recall:0.1311
2020-07-04 12:26:22,869-baseline-INFO--------------Evaluating Test Results--------------
2020-07-04 12:26:23,257-baseline-INFO-AUC:0.5336,AP:0.5352
2020-07-04 12:26:23,258-baseline-INFO-f1:0.2072,acc:0.5134,pre:0.5532,recall:0.1275
2020-07-04 12:26:29,187-baseline-INFO-

2020-07-04 12:26:29,187-baseline-INFO-

2020-07-04 12:26:29,187-baseline-INFO-Parameters dataset:cora datamode:AX ad-method:OCSVM emb-method:SDNE
2020-07-04 12:26:29,187-baseline-INFO--------------Evaluating Validation Results--------------
2020-07-04 12:26:29,358-baseline-INFO-AUC:0.6047,AP:0.6203
2020-07-04 12:26:29,358-baseline-INFO-f1:0.3097,acc:0.5633,pre:0.7273,recall:0.1967
2020-07-04 12:26:29,359-baseline-INFO--------------Evaluating Test Results--------------
2020-07-04 12:26:29,642-baseline-INFO-AUC:0.5803,AP:0.5661
2020-07-04 12:26:29,643-baseline-INFO-f1:0.2612,acc:0.5159,pre:0.5469,recall:0.1716
2020-07-04 12:26:35,375-baseline-INFO-

2020-07-04 12:26:35,375-baseline-INFO-

2020-07-04 12:26:35,375-baseline-INFO-Parameters dataset:cora datamode:AX ad-method:PCA emb-method:SDNE
2020-07-04 12:26:35,375-baseline-INFO--------------Evaluating Validation Results--------------
2020-07-04 12:26:35,557-baseline-INFO-AUC:0.6433,AP:0.644
2020-07-04 12:26:35,557-baseline-INFO-f1:0.4974,acc:0.6041,pre:0.6761,recall:0.3934
2020-07-04 12:26:35,557-baseline-INFO--------------Evaluating Test Results--------------
2020-07-04 12:26:35,854-baseline-INFO-AUC:0.6379,AP:0.623
2020-07-04 12:26:35,855-baseline-INFO-f1:0.4821,acc:0.5746,pre:0.6136,recall:0.3971
2020-07-04 12:26:41,322-tensorflow-WARNING-From /opt/conda/lib/python3.7/site-packages/tensorflow/python/framework/op_def_library.py:263: colocate_with (from tensorflow.python.framework.ops) is deprecated and will be removed in a future version.
Instructions for updating:
Colocations handled automatically by placer.
2020-07-04 12:26:41,330-tensorflow-WARNING-From /opt/conda/lib/python3.7/site-packages/keras/backend/tensorflow_backend.py:3445: calling dropout (from tensorflow.python.ops.nn_ops) with keep_prob is deprecated and will be removed in a future version.
Instructions for updating:
Please use `rate` instead of `keep_prob`. Rate should be set to `rate = 1 - keep_prob`.
2020-07-04 12:26:41,498-tensorflow-WARNING-From /opt/conda/lib/python3.7/site-packages/tensorflow/python/ops/math_ops.py:3066: to_int32 (from tensorflow.python.ops.math_ops) is deprecated and will be removed in a future version.
Instructions for updating:
Use tf.cast instead.
2020-07-04 12:27:31,700-baseline-INFO-

2020-07-04 12:27:31,700-baseline-INFO-

2020-07-04 12:27:31,700-baseline-INFO-Parameters dataset:cora datamode:AX ad-method:AE emb-method:SDNE
2020-07-04 12:27:31,700-baseline-INFO--------------Evaluating Validation Results--------------
2020-07-04 12:27:31,773-baseline-INFO-AUC:0.643,AP:0.6438
2020-07-04 12:27:31,773-baseline-INFO-f1:0.4948,acc:0.6,pre:0.6667,recall:0.3934
2020-07-04 12:27:31,774-baseline-INFO--------------Evaluating Test Results--------------
2020-07-04 12:27:31,885-baseline-INFO-AUC:0.6379,AP:0.6229
2020-07-04 12:27:31,886-baseline-INFO-f1:0.4821,acc:0.5746,pre:0.6136,recall:0.3971
2020-07-04 12:27:38,031-baseline-INFO-

2020-07-04 12:27:38,031-baseline-INFO-

2020-07-04 12:27:38,031-baseline-INFO-Parameters dataset:cora datamode:A ad-method:IF emb-method:Struc2Vec
2020-07-04 12:27:38,032-baseline-INFO--------------Evaluating Validation Results--------------
2020-07-04 12:27:38,106-baseline-INFO-AUC:0.5918,AP:0.6186
2020-07-04 12:27:38,106-baseline-INFO-f1:0.2876,acc:0.5551,pre:0.7097,recall:0.1803
2020-07-04 12:27:38,106-baseline-INFO--------------Evaluating Test Results--------------
2020-07-04 12:27:38,198-baseline-INFO-AUC:0.5665,AP:0.5538
2020-07-04 12:27:38,198-baseline-INFO-f1:0.2662,acc:0.5281,pre:0.5932,recall:0.1716
2020-07-04 12:27:43,682-baseline-INFO-

2020-07-04 12:27:43,682-baseline-INFO-

2020-07-04 12:27:43,682-baseline-INFO-Parameters dataset:cora datamode:A ad-method:OCSVM emb-method:Struc2Vec
2020-07-04 12:27:43,682-baseline-INFO--------------Evaluating Validation Results--------------
2020-07-04 12:27:43,700-baseline-INFO-AUC:0.6008,AP:0.635
2020-07-04 12:27:43,700-baseline-INFO-f1:0.3333,acc:0.5755,pre:0.7647,recall:0.2131
2020-07-04 12:27:43,700-baseline-INFO--------------Evaluating Test Results--------------
2020-07-04 12:27:43,728-baseline-INFO-AUC:0.5654,AP:0.5579
2020-07-04 12:27:43,728-baseline-INFO-f1:0.2605,acc:0.5281,pre:0.5965,recall:0.1667
2020-07-04 12:27:49,195-baseline-INFO-

2020-07-04 12:27:49,196-baseline-INFO-

2020-07-04 12:27:49,196-baseline-INFO-Parameters dataset:cora datamode:A ad-method:PCA emb-method:Struc2Vec
2020-07-04 12:27:49,196-baseline-INFO--------------Evaluating Validation Results--------------
2020-07-04 12:27:49,203-baseline-INFO-AUC:0.5908,AP:0.6288
2020-07-04 12:27:49,203-baseline-INFO-f1:0.3226,acc:0.5714,pre:0.7576,recall:0.2049
2020-07-04 12:27:49,203-baseline-INFO--------------Evaluating Test Results--------------
2020-07-04 12:27:49,212-baseline-INFO-AUC:0.5676,AP:0.555
2020-07-04 12:27:49,212-baseline-INFO-f1:0.2548,acc:0.5281,pre:0.6,recall:0.1618
2020-07-04 12:27:54,703-tensorflow-WARNING-From /opt/conda/lib/python3.7/site-packages/tensorflow/python/framework/op_def_library.py:263: colocate_with (from tensorflow.python.framework.ops) is deprecated and will be removed in a future version.
Instructions for updating:
Colocations handled automatically by placer.
2020-07-04 12:27:54,711-tensorflow-WARNING-From /opt/conda/lib/python3.7/site-packages/keras/backend/tensorflow_backend.py:3445: calling dropout (from tensorflow.python.ops.nn_ops) with keep_prob is deprecated and will be removed in a future version.
Instructions for updating:
Please use `rate` instead of `keep_prob`. Rate should be set to `rate = 1 - keep_prob`.
2020-07-04 12:27:54,877-tensorflow-WARNING-From /opt/conda/lib/python3.7/site-packages/tensorflow/python/ops/math_ops.py:3066: to_int32 (from tensorflow.python.ops.math_ops) is deprecated and will be removed in a future version.
Instructions for updating:
Use tf.cast instead.
2020-07-04 12:28:01,307-baseline-INFO-

2020-07-04 12:28:01,307-baseline-INFO-

2020-07-04 12:28:01,307-baseline-INFO-Parameters dataset:cora datamode:A ad-method:AE emb-method:Struc2Vec
2020-07-04 12:28:01,307-baseline-INFO--------------Evaluating Validation Results--------------
2020-07-04 12:28:01,328-baseline-INFO-AUC:0.5916,AP:0.6294
2020-07-04 12:28:01,328-baseline-INFO-f1:0.3226,acc:0.5714,pre:0.7576,recall:0.2049
2020-07-04 12:28:01,328-baseline-INFO--------------Evaluating Test Results--------------
2020-07-04 12:28:01,358-baseline-INFO-AUC:0.5682,AP:0.5553
2020-07-04 12:28:01,358-baseline-INFO-f1:0.2548,acc:0.5281,pre:0.6,recall:0.1618
2020-07-04 12:28:07,719-baseline-INFO-

2020-07-04 12:28:07,719-baseline-INFO-

2020-07-04 12:28:07,719-baseline-INFO-Parameters dataset:cora datamode:AX ad-method:IF emb-method:Struc2Vec
2020-07-04 12:28:07,719-baseline-INFO--------------Evaluating Validation Results--------------
2020-07-04 12:28:07,970-baseline-INFO-AUC:0.5854,AP:0.5917
2020-07-04 12:28:07,970-baseline-INFO-f1:0.2466,acc:0.551,pre:0.75,recall:0.1475
2020-07-04 12:28:07,970-baseline-INFO--------------Evaluating Test Results--------------
2020-07-04 12:28:08,351-baseline-INFO-AUC:0.5193,AP:0.5196
2020-07-04 12:28:08,351-baseline-INFO-f1:0.1488,acc:0.4963,pre:0.4737,recall:0.0882
2020-07-04 12:28:14,268-baseline-INFO-

2020-07-04 12:28:14,268-baseline-INFO-

2020-07-04 12:28:14,268-baseline-INFO-Parameters dataset:cora datamode:AX ad-method:OCSVM emb-method:Struc2Vec
2020-07-04 12:28:14,268-baseline-INFO--------------Evaluating Validation Results--------------
2020-07-04 12:28:14,441-baseline-INFO-AUC:0.6023,AP:0.6342
2020-07-04 12:28:14,441-baseline-INFO-f1:0.3333,acc:0.5755,pre:0.7647,recall:0.2131
2020-07-04 12:28:14,441-baseline-INFO--------------Evaluating Test Results--------------
2020-07-04 12:28:14,727-baseline-INFO-AUC:0.5658,AP:0.558
2020-07-04 12:28:14,727-baseline-INFO-f1:0.2615,acc:0.5306,pre:0.6071,recall:0.1667
2020-07-04 12:28:20,465-baseline-INFO-

2020-07-04 12:28:20,465-baseline-INFO-

2020-07-04 12:28:20,465-baseline-INFO-Parameters dataset:cora datamode:AX ad-method:PCA emb-method:Struc2Vec
2020-07-04 12:28:20,465-baseline-INFO--------------Evaluating Validation Results--------------
2020-07-04 12:28:20,665-baseline-INFO-AUC:0.6448,AP:0.643
2020-07-04 12:28:20,665-baseline-INFO-f1:0.5051,acc:0.6,pre:0.6579,recall:0.4098
2020-07-04 12:28:20,665-baseline-INFO--------------Evaluating Test Results--------------
2020-07-04 12:28:20,980-baseline-INFO-AUC:0.6373,AP:0.6251
2020-07-04 12:28:20,980-baseline-INFO-f1:0.4956,acc:0.5819,pre:0.6222,recall:0.4118
2020-07-04 12:28:26,443-tensorflow-WARNING-From /opt/conda/lib/python3.7/site-packages/tensorflow/python/framework/op_def_library.py:263: colocate_with (from tensorflow.python.framework.ops) is deprecated and will be removed in a future version.
Instructions for updating:
Colocations handled automatically by placer.
2020-07-04 12:28:26,452-tensorflow-WARNING-From /opt/conda/lib/python3.7/site-packages/keras/backend/tensorflow_backend.py:3445: calling dropout (from tensorflow.python.ops.nn_ops) with keep_prob is deprecated and will be removed in a future version.
Instructions for updating:
Please use `rate` instead of `keep_prob`. Rate should be set to `rate = 1 - keep_prob`.
2020-07-04 12:28:26,619-tensorflow-WARNING-From /opt/conda/lib/python3.7/site-packages/tensorflow/python/ops/math_ops.py:3066: to_int32 (from tensorflow.python.ops.math_ops) is deprecated and will be removed in a future version.
Instructions for updating:
Use tf.cast instead.
2020-07-04 12:29:16,871-baseline-INFO-

2020-07-04 12:29:16,871-baseline-INFO-

2020-07-04 12:29:16,871-baseline-INFO-Parameters dataset:cora datamode:AX ad-method:AE emb-method:Struc2Vec
2020-07-04 12:29:16,871-baseline-INFO--------------Evaluating Validation Results--------------
2020-07-04 12:29:16,945-baseline-INFO-AUC:0.6447,AP:0.643
2020-07-04 12:29:16,945-baseline-INFO-f1:0.5051,acc:0.6,pre:0.6579,recall:0.4098
2020-07-04 12:29:16,945-baseline-INFO--------------Evaluating Test Results--------------
2020-07-04 12:29:17,056-baseline-INFO-AUC:0.6372,AP:0.6246
2020-07-04 12:29:17,056-baseline-INFO-f1:0.4956,acc:0.5819,pre:0.6222,recall:0.4118
