2020-03-31 09:15:40,803-OCGNN-INFO-Start training
2020-03-31 09:15:40,804-OCGNN-INFO-dropout:0.0, nu:0.2,seed:46,lr:0.005,self-loop:True,norm:False
2020-03-31 09:15:40,804-OCGNN-INFO-n-epochs:5000, n-hidden:32,n-layers:2,weight-decay:0.0
2020-03-31 09:15:44,835-OCGNN-INFO-Current epoch: 123 Test AUROC 0.3558 | Test AUPRC 0.4092
2020-03-31 09:15:44,835-OCGNN-INFO-

2020-03-31 09:15:57,274-OCGNN-INFO-Start training
2020-03-31 09:15:57,275-OCGNN-INFO-dropout:0.0, nu:0.2,seed:52,lr:0.005,self-loop:True,norm:False
2020-03-31 09:15:57,275-OCGNN-INFO-n-epochs:5000, n-hidden:32,n-layers:2,weight-decay:0.0
2020-03-31 09:17:38,218-OCGNN-INFO-Current epoch: 4068 Test AUROC 0.6325 | Test AUPRC 0.5972
2020-03-31 09:17:38,219-OCGNN-INFO-

2020-03-31 09:17:50,143-OCGNN-INFO-Start training
2020-03-31 09:17:50,144-OCGNN-INFO-dropout:0.0, nu:0.2,seed:58,lr:0.005,self-loop:True,norm:False
2020-03-31 09:17:50,144-OCGNN-INFO-n-epochs:5000, n-hidden:32,n-layers:2,weight-decay:0.0
2020-03-31 09:17:54,368-OCGNN-INFO-Current epoch: 130 Test AUROC 0.3911 | Test AUPRC 0.4148
2020-03-31 09:17:54,368-OCGNN-INFO-

2020-03-31 09:18:06,278-OCGNN-INFO-Start training
2020-03-31 09:18:06,279-OCGNN-INFO-dropout:0.0, nu:0.2,seed:666,lr:0.005,self-loop:True,norm:False
2020-03-31 09:18:06,279-OCGNN-INFO-n-epochs:5000, n-hidden:32,n-layers:2,weight-decay:0.0
2020-03-31 09:19:23,322-OCGNN-INFO-Current epoch: 3149 Test AUROC 0.6796 | Test AUPRC 0.6442
2020-03-31 09:19:23,322-OCGNN-INFO-

2020-03-31 09:19:36,748-OCGNN-INFO-Start training
2020-03-31 09:19:36,749-OCGNN-INFO-dropout:0.0, nu:0.2,seed:1122,lr:0.005,self-loop:True,norm:False
2020-03-31 09:19:36,749-OCGNN-INFO-n-epochs:5000, n-hidden:32,n-layers:2,weight-decay:0.0
2020-03-31 09:21:36,575-OCGNN-INFO-Current epoch: 4999 Test AUROC 0.7337 | Test AUPRC 0.7050
2020-03-31 09:21:36,575-OCGNN-INFO-

