2020-01-04 01:13:06,506-OCGNN-INFO-Start training
2020-01-04 01:13:06,506-OCGNN-INFO-dropout:0.5, nu:0.1,seed:46,lr:0.01,self-loop:False,morm:False
2020-01-04 01:13:06,506-OCGNN-INFO-n-epochs:10000, n-hidden:128,n-layers:1,weight-decay:0.0001
2020-01-04 01:13:34,433-OCGNN-INFO-Current epoch: 763 Test AUROC 0.6421 | Test AUPRC 0.5909
2020-01-04 01:13:34,433-OCGNN-INFO-Test f1:0.6656,acc:0.4988,pre:0.4988,recall:1.0
2020-01-04 01:13:34,433-OCGNN-INFO-

2020-01-04 01:13:41,697-OCGNN-INFO-Start training
2020-01-04 01:13:41,697-OCGNN-INFO-dropout:0.5, nu:0.1,seed:46,lr:0.001,self-loop:False,morm:False
2020-01-04 01:13:41,697-OCGNN-INFO-n-epochs:10000, n-hidden:128,n-layers:1,weight-decay:0.0001
2020-01-04 01:14:56,115-OCGNN-INFO-Current epoch: 1370 Test AUROC 0.7214 | Test AUPRC 0.6217
2020-01-04 01:14:56,115-OCGNN-INFO-Test f1:0.6634,acc:0.4963,pre:0.4975,recall:0.9951
2020-01-04 01:14:56,115-OCGNN-INFO-

2020-01-04 01:15:03,241-OCGNN-INFO-Start training
2020-01-04 01:15:03,241-OCGNN-INFO-dropout:0.5, nu:0.1,seed:46,lr:0.0001,self-loop:False,morm:False
2020-01-04 01:15:03,241-OCGNN-INFO-n-epochs:10000, n-hidden:128,n-layers:1,weight-decay:0.0001
2020-01-04 01:19:24,352-OCGNN-INFO-Current epoch: 3293 Test AUROC 0.7270 | Test AUPRC 0.6199
2020-01-04 01:19:24,352-OCGNN-INFO-Test f1:0.6667,acc:0.5012,pre:0.5,recall:1.0
2020-01-04 01:19:24,352-OCGNN-INFO-

2020-01-04 01:19:31,645-OCGNN-INFO-Start training
2020-01-04 01:19:31,645-OCGNN-INFO-dropout:0.5, nu:0.1,seed:46,lr:0.01,self-loop:False,morm:False
2020-01-04 01:19:31,645-OCGNN-INFO-n-epochs:10000, n-hidden:128,n-layers:2,weight-decay:0.0001
2020-01-04 01:21:27,845-OCGNN-INFO-Current epoch: 1268 Test AUROC 0.6895 | Test AUPRC 0.6316
2020-01-04 01:21:27,845-OCGNN-INFO-Test f1:0.6736,acc:0.5379,pre:0.52,recall:0.9559
2020-01-04 01:21:27,845-OCGNN-INFO-

2020-01-04 01:21:35,146-OCGNN-INFO-Start training
2020-01-04 01:21:35,146-OCGNN-INFO-dropout:0.5, nu:0.1,seed:46,lr:0.001,self-loop:False,morm:False
2020-01-04 01:21:35,146-OCGNN-INFO-n-epochs:10000, n-hidden:128,n-layers:2,weight-decay:0.0001
2020-01-04 01:27:19,316-OCGNN-INFO-Current epoch: 3969 Test AUROC 0.7327 | Test AUPRC 0.6412
2020-01-04 01:27:19,316-OCGNN-INFO-Test f1:0.6918,acc:0.5599,pre:0.5316,recall:0.9902
2020-01-04 01:27:19,316-OCGNN-INFO-

2020-01-04 01:27:26,644-OCGNN-INFO-Start training
2020-01-04 01:27:26,644-OCGNN-INFO-dropout:0.5, nu:0.1,seed:46,lr:0.0001,self-loop:False,morm:False
2020-01-04 01:27:26,645-OCGNN-INFO-n-epochs:10000, n-hidden:128,n-layers:2,weight-decay:0.0001
2020-01-04 01:38:48,903-OCGNN-INFO-Current epoch: 5310 Test AUROC 0.7499 | Test AUPRC 0.6367
2020-01-04 01:38:48,903-OCGNN-INFO-Test f1:0.6767,acc:0.5281,pre:0.514,recall:0.9902
2020-01-04 01:38:48,903-OCGNN-INFO-

2020-01-04 01:38:56,439-OCGNN-INFO-Start training
2020-01-04 01:38:56,439-OCGNN-INFO-dropout:0.5, nu:0.1,seed:46,lr:0.01,self-loop:False,morm:False
2020-01-04 01:38:56,439-OCGNN-INFO-n-epochs:10000, n-hidden:128,n-layers:1,weight-decay:0.001
2020-01-04 01:39:38,113-OCGNN-INFO-Current epoch: 1015 Test AUROC 0.6611 | Test AUPRC 0.6022
2020-01-04 01:39:38,113-OCGNN-INFO-Test f1:0.6869,acc:0.5452,pre:0.5231,recall:1.0
2020-01-04 01:39:38,113-OCGNN-INFO-

2020-01-04 01:39:45,704-OCGNN-INFO-Start training
2020-01-04 01:39:45,705-OCGNN-INFO-dropout:0.5, nu:0.1,seed:46,lr:0.001,self-loop:False,morm:False
2020-01-04 01:39:45,705-OCGNN-INFO-n-epochs:10000, n-hidden:128,n-layers:1,weight-decay:0.001
2020-01-04 01:40:46,121-OCGNN-INFO-Current epoch: 1318 Test AUROC 0.7215 | Test AUPRC 0.6219
2020-01-04 01:40:46,121-OCGNN-INFO-Test f1:0.6634,acc:0.4963,pre:0.4975,recall:0.9951
2020-01-04 01:40:46,121-OCGNN-INFO-

2020-01-04 01:40:53,549-OCGNN-INFO-Start training
2020-01-04 01:40:53,549-OCGNN-INFO-dropout:0.5, nu:0.1,seed:46,lr:0.0001,self-loop:False,morm:False
2020-01-04 01:40:53,549-OCGNN-INFO-n-epochs:10000, n-hidden:128,n-layers:1,weight-decay:0.001
2020-01-04 01:44:41,922-OCGNN-INFO-Current epoch: 3177 Test AUROC 0.7271 | Test AUPRC 0.6199
2020-01-04 01:44:41,922-OCGNN-INFO-Test f1:0.6656,acc:0.4988,pre:0.4988,recall:1.0
2020-01-04 01:44:41,922-OCGNN-INFO-

2020-01-04 01:44:50,008-OCGNN-INFO-Start training
2020-01-04 01:44:50,008-OCGNN-INFO-dropout:0.5, nu:0.1,seed:46,lr:0.01,self-loop:False,morm:False
2020-01-04 01:44:50,008-OCGNN-INFO-n-epochs:10000, n-hidden:128,n-layers:2,weight-decay:0.001
2020-01-04 01:46:31,702-OCGNN-INFO-Current epoch: 1129 Test AUROC 0.6803 | Test AUPRC 0.6267
2020-01-04 01:46:31,702-OCGNN-INFO-Test f1:0.6587,acc:0.5086,pre:0.5039,recall:0.951
2020-01-04 01:46:31,702-OCGNN-INFO-

2020-01-04 01:46:38,985-OCGNN-INFO-Start training
2020-01-04 01:46:38,985-OCGNN-INFO-dropout:0.5, nu:0.1,seed:46,lr:0.001,self-loop:False,morm:False
2020-01-04 01:46:38,985-OCGNN-INFO-n-epochs:10000, n-hidden:128,n-layers:2,weight-decay:0.001
2020-01-04 01:50:48,174-OCGNN-INFO-Current epoch: 2699 Test AUROC 0.7214 | Test AUPRC 0.6369
2020-01-04 01:50:48,174-OCGNN-INFO-Test f1:0.6656,acc:0.4988,pre:0.4988,recall:1.0
2020-01-04 01:50:48,174-OCGNN-INFO-

2020-01-04 01:50:55,446-OCGNN-INFO-Start training
2020-01-04 01:50:55,447-OCGNN-INFO-dropout:0.5, nu:0.1,seed:46,lr:0.0001,self-loop:False,morm:False
2020-01-04 01:50:55,447-OCGNN-INFO-n-epochs:10000, n-hidden:128,n-layers:2,weight-decay:0.001
2020-01-04 02:01:24,160-OCGNN-INFO-Current epoch: 5239 Test AUROC 0.7495 | Test AUPRC 0.6364
2020-01-04 02:01:24,160-OCGNN-INFO-Test f1:0.6656,acc:0.4988,pre:0.4988,recall:1.0
2020-01-04 02:01:24,160-OCGNN-INFO-

2020-01-04 02:01:31,626-OCGNN-INFO-Start training
2020-01-04 02:01:31,627-OCGNN-INFO-dropout:0.5, nu:0.1,seed:46,lr:0.01,self-loop:False,morm:False
2020-01-04 02:01:31,627-OCGNN-INFO-n-epochs:10000, n-hidden:128,n-layers:1,weight-decay:0.01
2020-01-04 02:02:01,872-OCGNN-INFO-Current epoch: 797 Test AUROC 0.6529 | Test AUPRC 0.6064
2020-01-04 02:02:01,872-OCGNN-INFO-Test f1:0.6656,acc:0.4988,pre:0.4988,recall:1.0
2020-01-04 02:02:01,872-OCGNN-INFO-

2020-01-04 02:02:09,491-OCGNN-INFO-Start training
2020-01-04 02:02:09,491-OCGNN-INFO-dropout:0.5, nu:0.1,seed:46,lr:0.001,self-loop:False,morm:False
2020-01-04 02:02:09,491-OCGNN-INFO-n-epochs:10000, n-hidden:128,n-layers:1,weight-decay:0.01
2020-01-04 02:03:23,248-OCGNN-INFO-Current epoch: 1326 Test AUROC 0.7216 | Test AUPRC 0.6220
2020-01-04 02:03:23,248-OCGNN-INFO-Test f1:0.6656,acc:0.4988,pre:0.4988,recall:1.0
2020-01-04 02:03:23,248-OCGNN-INFO-

2020-01-04 02:03:30,616-OCGNN-INFO-Start training
2020-01-04 02:03:30,616-OCGNN-INFO-dropout:0.5, nu:0.1,seed:46,lr:0.0001,self-loop:False,morm:False
2020-01-04 02:03:30,616-OCGNN-INFO-n-epochs:10000, n-hidden:128,n-layers:1,weight-decay:0.01
2020-01-04 02:07:10,297-OCGNN-INFO-Current epoch: 3337 Test AUROC 0.7271 | Test AUPRC 0.6198
2020-01-04 02:07:10,297-OCGNN-INFO-Test f1:0.6667,acc:0.5012,pre:0.5,recall:1.0
2020-01-04 02:07:10,297-OCGNN-INFO-

2020-01-04 02:07:17,636-OCGNN-INFO-Start training
2020-01-04 02:07:17,636-OCGNN-INFO-dropout:0.5, nu:0.1,seed:46,lr:0.01,self-loop:False,morm:False
2020-01-04 02:07:17,636-OCGNN-INFO-n-epochs:10000, n-hidden:128,n-layers:2,weight-decay:0.01
2020-01-04 02:08:26,753-OCGNN-INFO-Current epoch: 783 Test AUROC 0.6975 | Test AUPRC 0.6410
2020-01-04 02:08:26,753-OCGNN-INFO-Test f1:0.6656,acc:0.4988,pre:0.4988,recall:1.0
2020-01-04 02:08:26,753-OCGNN-INFO-

2020-01-04 02:08:34,174-OCGNN-INFO-Start training
2020-01-04 02:08:34,174-OCGNN-INFO-dropout:0.5, nu:0.1,seed:46,lr:0.001,self-loop:False,morm:False
2020-01-04 02:08:34,174-OCGNN-INFO-n-epochs:10000, n-hidden:128,n-layers:2,weight-decay:0.01
2020-01-04 02:12:46,556-OCGNN-INFO-Current epoch: 2796 Test AUROC 0.7279 | Test AUPRC 0.6373
2020-01-04 02:12:46,556-OCGNN-INFO-Test f1:0.714,acc:0.6064,pre:0.5599,recall:0.9853
2020-01-04 02:12:46,556-OCGNN-INFO-

2020-01-04 02:12:53,874-OCGNN-INFO-Start training
2020-01-04 02:12:53,874-OCGNN-INFO-dropout:0.5, nu:0.1,seed:46,lr:0.0001,self-loop:False,morm:False
2020-01-04 02:12:53,874-OCGNN-INFO-n-epochs:10000, n-hidden:128,n-layers:2,weight-decay:0.01
2020-01-04 02:23:22,880-OCGNN-INFO-Current epoch: 5767 Test AUROC 0.7509 | Test AUPRC 0.6373
2020-01-04 02:23:22,880-OCGNN-INFO-Test f1:0.6733,acc:0.5208,pre:0.5101,recall:0.9902
2020-01-04 02:23:22,880-OCGNN-INFO-

2020-01-04 02:23:30,020-OCGNN-INFO-Start training
2020-01-04 02:23:30,020-OCGNN-INFO-dropout:0.5, nu:0.1,seed:46,lr:0.01,self-loop:False,morm:False
2020-01-04 02:23:30,020-OCGNN-INFO-n-epochs:10000, n-hidden:64,n-layers:1,weight-decay:0.0001
2020-01-04 02:25:08,136-OCGNN-INFO-Current epoch: 1343 Test AUROC 0.6640 | Test AUPRC 0.5894
2020-01-04 02:25:08,136-OCGNN-INFO-Test f1:0.6778,acc:0.5281,pre:0.5139,recall:0.9951
2020-01-04 02:25:08,136-OCGNN-INFO-

2020-01-04 02:25:15,719-OCGNN-INFO-Start training
2020-01-04 02:25:15,720-OCGNN-INFO-dropout:0.5, nu:0.1,seed:46,lr:0.001,self-loop:False,morm:False
2020-01-04 02:25:15,720-OCGNN-INFO-n-epochs:10000, n-hidden:64,n-layers:1,weight-decay:0.0001
2020-01-04 02:27:17,543-OCGNN-INFO-Current epoch: 1979 Test AUROC 0.7314 | Test AUPRC 0.6262
2020-01-04 02:27:17,543-OCGNN-INFO-Test f1:0.6767,acc:0.5281,pre:0.514,recall:0.9902
2020-01-04 02:27:17,543-OCGNN-INFO-

2020-01-04 02:27:25,239-OCGNN-INFO-Start training
2020-01-04 02:27:25,239-OCGNN-INFO-dropout:0.5, nu:0.1,seed:46,lr:0.0001,self-loop:False,morm:False
2020-01-04 02:27:25,239-OCGNN-INFO-n-epochs:10000, n-hidden:64,n-layers:1,weight-decay:0.0001
2020-01-04 02:30:25,754-OCGNN-INFO-Current epoch: 5738 Test AUROC 0.7341 | Test AUPRC 0.6273
2020-01-04 02:30:25,754-OCGNN-INFO-Test f1:0.6656,acc:0.5012,pre:0.5,recall:0.9951
2020-01-04 02:30:25,755-OCGNN-INFO-

2020-01-04 02:30:33,339-OCGNN-INFO-Start training
2020-01-04 02:30:33,339-OCGNN-INFO-dropout:0.5, nu:0.1,seed:46,lr:0.01,self-loop:False,morm:False
2020-01-04 02:30:33,339-OCGNN-INFO-n-epochs:10000, n-hidden:64,n-layers:2,weight-decay:0.0001
2020-01-04 02:31:23,662-OCGNN-INFO-Current epoch: 874 Test AUROC 0.6493 | Test AUPRC 0.5982
2020-01-04 02:31:23,662-OCGNN-INFO-Test f1:0.6594,acc:0.5428,pre:0.5246,recall:0.8873
2020-01-04 02:31:23,662-OCGNN-INFO-

2020-01-04 02:31:30,797-OCGNN-INFO-Start training
2020-01-04 02:31:30,797-OCGNN-INFO-dropout:0.5, nu:0.1,seed:46,lr:0.001,self-loop:False,morm:False
2020-01-04 02:31:30,798-OCGNN-INFO-n-epochs:10000, n-hidden:64,n-layers:2,weight-decay:0.0001
2020-01-04 02:34:21,383-OCGNN-INFO-Current epoch: 2021 Test AUROC 0.7296 | Test AUPRC 0.6258
2020-01-04 02:34:21,383-OCGNN-INFO-Test f1:0.6656,acc:0.4988,pre:0.4988,recall:1.0
2020-01-04 02:34:21,383-OCGNN-INFO-

2020-01-04 02:34:28,499-OCGNN-INFO-Start training
2020-01-04 02:34:28,499-OCGNN-INFO-dropout:0.5, nu:0.1,seed:46,lr:0.0001,self-loop:False,morm:False
2020-01-04 02:34:28,499-OCGNN-INFO-n-epochs:10000, n-hidden:64,n-layers:2,weight-decay:0.0001
2020-01-04 02:41:49,156-OCGNN-INFO-Current epoch: 6268 Test AUROC 0.7565 | Test AUPRC 0.6397
2020-01-04 02:41:49,157-OCGNN-INFO-Test f1:0.6656,acc:0.4988,pre:0.4988,recall:1.0
2020-01-04 02:41:49,157-OCGNN-INFO-

2020-01-04 02:41:56,256-OCGNN-INFO-Start training
2020-01-04 02:41:56,256-OCGNN-INFO-dropout:0.5, nu:0.1,seed:46,lr:0.01,self-loop:False,morm:False
2020-01-04 02:41:56,256-OCGNN-INFO-n-epochs:10000, n-hidden:64,n-layers:1,weight-decay:0.001
2020-01-04 02:42:28,824-OCGNN-INFO-Current epoch: 1383 Test AUROC 0.6625 | Test AUPRC 0.5893
2020-01-04 02:42:28,824-OCGNN-INFO-Test f1:0.6791,acc:0.5355,pre:0.518,recall:0.9853
2020-01-04 02:42:28,824-OCGNN-INFO-

2020-01-04 02:42:36,220-OCGNN-INFO-Start training
2020-01-04 02:42:36,220-OCGNN-INFO-dropout:0.5, nu:0.1,seed:46,lr:0.001,self-loop:False,morm:False
2020-01-04 02:42:36,220-OCGNN-INFO-n-epochs:10000, n-hidden:64,n-layers:1,weight-decay:0.001
2020-01-04 02:44:32,907-OCGNN-INFO-Current epoch: 2413 Test AUROC 0.7309 | Test AUPRC 0.6257
2020-01-04 02:44:32,907-OCGNN-INFO-Test f1:0.6895,acc:0.5575,pre:0.5303,recall:0.9853
2020-01-04 02:44:32,907-OCGNN-INFO-

2020-01-04 02:44:40,215-OCGNN-INFO-Start training
2020-01-04 02:44:40,215-OCGNN-INFO-dropout:0.5, nu:0.1,seed:46,lr:0.0001,self-loop:False,morm:False
2020-01-04 02:44:40,215-OCGNN-INFO-n-epochs:10000, n-hidden:64,n-layers:1,weight-decay:0.001
2020-01-04 02:51:35,809-OCGNN-INFO-Current epoch: 5940 Test AUROC 0.7346 | Test AUPRC 0.6275
2020-01-04 02:51:35,809-OCGNN-INFO-Test f1:0.6667,acc:0.5012,pre:0.5,recall:1.0
2020-01-04 02:51:35,809-OCGNN-INFO-

2020-01-04 02:51:43,061-OCGNN-INFO-Start training
2020-01-04 02:51:43,062-OCGNN-INFO-dropout:0.5, nu:0.1,seed:46,lr:0.01,self-loop:False,morm:False
2020-01-04 02:51:43,062-OCGNN-INFO-n-epochs:10000, n-hidden:64,n-layers:2,weight-decay:0.001
2020-01-04 02:52:30,906-OCGNN-INFO-Current epoch: 1115 Test AUROC 0.6596 | Test AUPRC 0.5974
2020-01-04 02:52:30,907-OCGNN-INFO-Test f1:0.677,acc:0.5428,pre:0.5227,recall:0.9608
2020-01-04 02:52:30,907-OCGNN-INFO-

2020-01-04 02:52:38,411-OCGNN-INFO-Start training
2020-01-04 02:52:38,411-OCGNN-INFO-dropout:0.5, nu:0.1,seed:46,lr:0.001,self-loop:False,morm:False
2020-01-04 02:52:38,411-OCGNN-INFO-n-epochs:10000, n-hidden:64,n-layers:2,weight-decay:0.001
2020-01-04 02:54:09,010-OCGNN-INFO-Current epoch: 1959 Test AUROC 0.7295 | Test AUPRC 0.6254
2020-01-04 02:54:09,010-OCGNN-INFO-Test f1:0.6656,acc:0.4988,pre:0.4988,recall:1.0
2020-01-04 02:54:09,010-OCGNN-INFO-

2020-01-04 02:54:16,248-OCGNN-INFO-Start training
2020-01-04 02:54:16,248-OCGNN-INFO-dropout:0.5, nu:0.1,seed:46,lr:0.0001,self-loop:False,morm:False
2020-01-04 02:54:16,248-OCGNN-INFO-n-epochs:10000, n-hidden:64,n-layers:2,weight-decay:0.001
2020-01-04 03:03:26,733-OCGNN-INFO-Current epoch: 6378 Test AUROC 0.7559 | Test AUPRC 0.6393
2020-01-04 03:03:26,733-OCGNN-INFO-Test f1:0.6656,acc:0.4988,pre:0.4988,recall:1.0
2020-01-04 03:03:26,733-OCGNN-INFO-

2020-01-04 03:03:33,962-OCGNN-INFO-Start training
2020-01-04 03:03:33,962-OCGNN-INFO-dropout:0.5, nu:0.1,seed:46,lr:0.01,self-loop:False,morm:False
2020-01-04 03:03:33,962-OCGNN-INFO-n-epochs:10000, n-hidden:64,n-layers:1,weight-decay:0.01
2020-01-04 03:04:24,443-OCGNN-INFO-Current epoch: 1365 Test AUROC 0.6662 | Test AUPRC 0.5912
2020-01-04 03:04:24,443-OCGNN-INFO-Test f1:0.6745,acc:0.5232,pre:0.5114,recall:0.9902
2020-01-04 03:04:24,443-OCGNN-INFO-

2020-01-04 03:04:31,763-OCGNN-INFO-Start training
2020-01-04 03:04:31,763-OCGNN-INFO-dropout:0.5, nu:0.1,seed:46,lr:0.001,self-loop:False,morm:False
2020-01-04 03:04:31,763-OCGNN-INFO-n-epochs:10000, n-hidden:64,n-layers:1,weight-decay:0.01
2020-01-04 03:05:36,329-OCGNN-INFO-Current epoch: 1537 Test AUROC 0.7315 | Test AUPRC 0.6267
2020-01-04 03:05:36,329-OCGNN-INFO-Test f1:0.6656,acc:0.4988,pre:0.4988,recall:1.0
2020-01-04 03:05:36,329-OCGNN-INFO-

2020-01-04 03:05:43,668-OCGNN-INFO-Start training
2020-01-04 03:05:43,668-OCGNN-INFO-dropout:0.5, nu:0.1,seed:46,lr:0.0001,self-loop:False,morm:False
2020-01-04 03:05:43,668-OCGNN-INFO-n-epochs:10000, n-hidden:64,n-layers:1,weight-decay:0.01
2020-01-04 03:08:43,945-OCGNN-INFO-Current epoch: 4229 Test AUROC 0.7338 | Test AUPRC 0.6269
2020-01-04 03:08:43,945-OCGNN-INFO-Test f1:0.6667,acc:0.5012,pre:0.5,recall:1.0
2020-01-04 03:08:43,945-OCGNN-INFO-

2020-01-04 03:08:51,381-OCGNN-INFO-Start training
2020-01-04 03:08:51,381-OCGNN-INFO-dropout:0.5, nu:0.1,seed:46,lr:0.01,self-loop:False,morm:False
2020-01-04 03:08:51,381-OCGNN-INFO-n-epochs:10000, n-hidden:64,n-layers:2,weight-decay:0.01
2020-01-04 03:09:24,913-OCGNN-INFO-Current epoch: 790 Test AUROC 0.6466 | Test AUPRC 0.5867
2020-01-04 03:09:24,913-OCGNN-INFO-Test f1:0.6656,acc:0.4988,pre:0.4988,recall:1.0
2020-01-04 03:09:24,913-OCGNN-INFO-

2020-01-04 03:09:32,095-OCGNN-INFO-Start training
2020-01-04 03:09:32,095-OCGNN-INFO-dropout:0.5, nu:0.1,seed:46,lr:0.001,self-loop:False,morm:False
2020-01-04 03:09:32,095-OCGNN-INFO-n-epochs:10000, n-hidden:64,n-layers:2,weight-decay:0.01
2020-01-04 03:12:26,883-OCGNN-INFO-Current epoch: 1806 Test AUROC 0.7295 | Test AUPRC 0.6264
2020-01-04 03:12:26,883-OCGNN-INFO-Test f1:0.6656,acc:0.4988,pre:0.4988,recall:1.0
2020-01-04 03:12:26,883-OCGNN-INFO-

2020-01-04 03:12:34,181-OCGNN-INFO-Start training
2020-01-04 03:12:34,181-OCGNN-INFO-dropout:0.5, nu:0.1,seed:46,lr:0.0001,self-loop:False,morm:False
2020-01-04 03:12:34,181-OCGNN-INFO-n-epochs:10000, n-hidden:64,n-layers:2,weight-decay:0.01
2020-01-04 03:21:52,770-OCGNN-INFO-Current epoch: 6276 Test AUROC 0.7558 | Test AUPRC 0.6392
2020-01-04 03:21:52,770-OCGNN-INFO-Test f1:0.6756,acc:0.5257,pre:0.5127,recall:0.9902
2020-01-04 03:21:52,770-OCGNN-INFO-

