2020-07-04 11:39:40,210-baseline-INFO-

2020-07-04 11:39:40,210-baseline-INFO-

2020-07-04 11:39:40,210-baseline-INFO-Parameters dataset:cora datamode:A ad-method:IF emb-method:Node2Vec
2020-07-04 11:39:40,210-baseline-INFO--------------Evaluating Validation Results--------------
2020-07-04 11:39:40,286-baseline-INFO-AUC:0.63,AP:0.6082
2020-07-04 11:39:40,286-baseline-INFO-f1:0.3392,acc:0.5388,pre:0.5918,recall:0.2377
2020-07-04 11:39:40,286-baseline-INFO--------------Evaluating Test Results--------------
2020-07-04 11:39:40,379-baseline-INFO-AUC:0.6793,AP:0.6663
2020-07-04 11:39:40,379-baseline-INFO-f1:0.4641,acc:0.599,pre:0.6961,recall:0.348
2020-07-04 11:39:45,854-baseline-INFO-

2020-07-04 11:39:45,854-baseline-INFO-

2020-07-04 11:39:45,854-baseline-INFO-Parameters dataset:cora datamode:A ad-method:OCSVM emb-method:Node2Vec
2020-07-04 11:39:45,854-baseline-INFO--------------Evaluating Validation Results--------------
2020-07-04 11:39:45,873-baseline-INFO-AUC:0.6244,AP:0.607
2020-07-04 11:39:45,873-baseline-INFO-f1:0.3333,acc:0.5592,pre:0.675,recall:0.2213
2020-07-04 11:39:45,873-baseline-INFO--------------Evaluating Test Results--------------
2020-07-04 11:39:45,901-baseline-INFO-AUC:0.6655,AP:0.6935
2020-07-04 11:39:45,902-baseline-INFO-f1:0.4694,acc:0.6186,pre:0.7667,recall:0.3382
2020-07-04 11:39:51,339-baseline-INFO-

2020-07-04 11:39:51,339-baseline-INFO-

2020-07-04 11:39:51,339-baseline-INFO-Parameters dataset:cora datamode:A ad-method:PCA emb-method:Node2Vec
2020-07-04 11:39:51,339-baseline-INFO--------------Evaluating Validation Results--------------
2020-07-04 11:39:51,346-baseline-INFO-AUC:0.6719,AP:0.6522
2020-07-04 11:39:51,346-baseline-INFO-f1:0.4157,acc:0.5755,pre:0.6607,recall:0.3033
2020-07-04 11:39:51,346-baseline-INFO--------------Evaluating Test Results--------------
2020-07-04 11:39:51,355-baseline-INFO-AUC:0.7228,AP:0.7399
2020-07-04 11:39:51,355-baseline-INFO-f1:0.5517,acc:0.6504,pre:0.7652,recall:0.4314
2020-07-04 11:39:56,760-tensorflow-WARNING-From /opt/conda/lib/python3.7/site-packages/tensorflow/python/framework/op_def_library.py:263: colocate_with (from tensorflow.python.framework.ops) is deprecated and will be removed in a future version.
Instructions for updating:
Colocations handled automatically by placer.
2020-07-04 11:39:56,768-tensorflow-WARNING-From /opt/conda/lib/python3.7/site-packages/keras/backend/tensorflow_backend.py:3445: calling dropout (from tensorflow.python.ops.nn_ops) with keep_prob is deprecated and will be removed in a future version.
Instructions for updating:
Please use `rate` instead of `keep_prob`. Rate should be set to `rate = 1 - keep_prob`.
2020-07-04 11:39:56,934-tensorflow-WARNING-From /opt/conda/lib/python3.7/site-packages/tensorflow/python/ops/math_ops.py:3066: to_int32 (from tensorflow.python.ops.math_ops) is deprecated and will be removed in a future version.
Instructions for updating:
Use tf.cast instead.
2020-07-04 11:40:03,375-baseline-INFO-

2020-07-04 11:40:03,375-baseline-INFO-

2020-07-04 11:40:03,375-baseline-INFO-Parameters dataset:cora datamode:A ad-method:AE emb-method:Node2Vec
2020-07-04 11:40:03,375-baseline-INFO--------------Evaluating Validation Results--------------
2020-07-04 11:40:03,398-baseline-INFO-AUC:0.6719,AP:0.6552
2020-07-04 11:40:03,398-baseline-INFO-f1:0.3886,acc:0.5633,pre:0.6415,recall:0.2787
2020-07-04 11:40:03,398-baseline-INFO--------------Evaluating Test Results--------------
2020-07-04 11:40:03,423-baseline-INFO-AUC:0.7205,AP:0.7371
2020-07-04 11:40:03,424-baseline-INFO-f1:0.5409,acc:0.643,pre:0.7544,recall:0.4216
2020-07-04 11:40:09,821-baseline-INFO-

2020-07-04 11:40:09,821-baseline-INFO-

2020-07-04 11:40:09,822-baseline-INFO-Parameters dataset:cora datamode:AX ad-method:IF emb-method:Node2Vec
2020-07-04 11:40:09,822-baseline-INFO--------------Evaluating Validation Results--------------
2020-07-04 11:40:10,068-baseline-INFO-AUC:0.5528,AP:0.5566
2020-07-04 11:40:10,068-baseline-INFO-f1:0.169,acc:0.5184,pre:0.6,recall:0.0984
2020-07-04 11:40:10,068-baseline-INFO--------------Evaluating Test Results--------------
2020-07-04 11:40:10,441-baseline-INFO-AUC:0.5824,AP:0.5667
2020-07-04 11:40:10,441-baseline-INFO-f1:0.1447,acc:0.5086,pre:0.5484,recall:0.0833
2020-07-04 11:40:16,317-baseline-INFO-

2020-07-04 11:40:16,317-baseline-INFO-

2020-07-04 11:40:16,317-baseline-INFO-Parameters dataset:cora datamode:AX ad-method:OCSVM emb-method:Node2Vec
2020-07-04 11:40:16,317-baseline-INFO--------------Evaluating Validation Results--------------
2020-07-04 11:40:16,491-baseline-INFO-AUC:0.624,AP:0.6057
2020-07-04 11:40:16,492-baseline-INFO-f1:0.3125,acc:0.551,pre:0.6579,recall:0.2049
2020-07-04 11:40:16,492-baseline-INFO--------------Evaluating Test Results--------------
2020-07-04 11:40:16,780-baseline-INFO-AUC:0.6631,AP:0.6908
2020-07-04 11:40:16,780-baseline-INFO-f1:0.4642,acc:0.6161,pre:0.764,recall:0.3333
2020-07-04 11:40:22,487-baseline-INFO-

2020-07-04 11:40:22,487-baseline-INFO-

2020-07-04 11:40:22,487-baseline-INFO-Parameters dataset:cora datamode:AX ad-method:PCA emb-method:Node2Vec
2020-07-04 11:40:22,487-baseline-INFO--------------Evaluating Validation Results--------------
2020-07-04 11:40:22,669-baseline-INFO-AUC:0.6267,AP:0.6522
2020-07-04 11:40:22,669-baseline-INFO-f1:0.4718,acc:0.5796,pre:0.6301,recall:0.377
2020-07-04 11:40:22,669-baseline-INFO--------------Evaluating Test Results--------------
2020-07-04 11:40:22,966-baseline-INFO-AUC:0.6096,AP:0.5888
2020-07-04 11:40:22,967-baseline-INFO-f1:0.4786,acc:0.5526,pre:0.5714,recall:0.4118
2020-07-04 11:40:28,457-tensorflow-WARNING-From /opt/conda/lib/python3.7/site-packages/tensorflow/python/framework/op_def_library.py:263: colocate_with (from tensorflow.python.framework.ops) is deprecated and will be removed in a future version.
Instructions for updating:
Colocations handled automatically by placer.
2020-07-04 11:40:28,466-tensorflow-WARNING-From /opt/conda/lib/python3.7/site-packages/keras/backend/tensorflow_backend.py:3445: calling dropout (from tensorflow.python.ops.nn_ops) with keep_prob is deprecated and will be removed in a future version.
Instructions for updating:
Please use `rate` instead of `keep_prob`. Rate should be set to `rate = 1 - keep_prob`.
2020-07-04 11:40:28,633-tensorflow-WARNING-From /opt/conda/lib/python3.7/site-packages/tensorflow/python/ops/math_ops.py:3066: to_int32 (from tensorflow.python.ops.math_ops) is deprecated and will be removed in a future version.
Instructions for updating:
Use tf.cast instead.
2020-07-04 11:41:18,752-baseline-INFO-

2020-07-04 11:41:18,752-baseline-INFO-

2020-07-04 11:41:18,752-baseline-INFO-Parameters dataset:cora datamode:AX ad-method:AE emb-method:Node2Vec
2020-07-04 11:41:18,752-baseline-INFO--------------Evaluating Validation Results--------------
2020-07-04 11:41:18,826-baseline-INFO-AUC:0.6265,AP:0.6518
2020-07-04 11:41:18,826-baseline-INFO-f1:0.4718,acc:0.5796,pre:0.6301,recall:0.377
2020-07-04 11:41:18,826-baseline-INFO--------------Evaluating Test Results--------------
2020-07-04 11:41:18,940-baseline-INFO-AUC:0.6097,AP:0.5891
2020-07-04 11:41:18,940-baseline-INFO-f1:0.4786,acc:0.5526,pre:0.5714,recall:0.4118
2020-07-04 11:41:25,103-baseline-INFO-

2020-07-04 11:41:25,104-baseline-INFO-

2020-07-04 11:41:25,104-baseline-INFO-Parameters dataset:cora datamode:A ad-method:IF emb-method:LINE
2020-07-04 11:41:25,104-baseline-INFO--------------Evaluating Validation Results--------------
2020-07-04 11:41:25,179-baseline-INFO-AUC:0.6469,AP:0.6055
2020-07-04 11:41:25,179-baseline-INFO-f1:0.4153,acc:0.5633,pre:0.623,recall:0.3115
2020-07-04 11:41:25,179-baseline-INFO--------------Evaluating Test Results--------------
2020-07-04 11:41:25,268-baseline-INFO-AUC:0.6025,AP:0.579
2020-07-04 11:41:25,269-baseline-INFO-f1:0.3333,acc:0.5501,pre:0.6389,recall:0.2255
2020-07-04 11:41:30,730-baseline-INFO-

2020-07-04 11:41:30,730-baseline-INFO-

2020-07-04 11:41:30,730-baseline-INFO-Parameters dataset:cora datamode:A ad-method:OCSVM emb-method:LINE
2020-07-04 11:41:30,730-baseline-INFO--------------Evaluating Validation Results--------------
2020-07-04 11:41:30,748-baseline-INFO-AUC:0.6567,AP:0.6354
2020-07-04 11:41:30,748-baseline-INFO-f1:0.4046,acc:0.5796,pre:0.6863,recall:0.2869
2020-07-04 11:41:30,748-baseline-INFO--------------Evaluating Test Results--------------
2020-07-04 11:41:30,776-baseline-INFO-AUC:0.6141,AP:0.6048
2020-07-04 11:41:30,776-baseline-INFO-f1:0.3395,acc:0.5623,pre:0.6866,recall:0.2255
2020-07-04 11:41:36,218-baseline-INFO-

2020-07-04 11:41:36,218-baseline-INFO-

2020-07-04 11:41:36,218-baseline-INFO-Parameters dataset:cora datamode:A ad-method:PCA emb-method:LINE
2020-07-04 11:41:36,218-baseline-INFO--------------Evaluating Validation Results--------------
2020-07-04 11:41:36,226-baseline-INFO-AUC:0.6469,AP:0.6292
2020-07-04 11:41:36,226-baseline-INFO-f1:0.407,acc:0.5837,pre:0.7,recall:0.2869
2020-07-04 11:41:36,227-baseline-INFO--------------Evaluating Test Results--------------
2020-07-04 11:41:36,237-baseline-INFO-AUC:0.614,AP:0.6019
2020-07-04 11:41:36,238-baseline-INFO-f1:0.3158,acc:0.555,pre:0.6774,recall:0.2059
2020-07-04 11:41:41,740-tensorflow-WARNING-From /opt/conda/lib/python3.7/site-packages/tensorflow/python/framework/op_def_library.py:263: colocate_with (from tensorflow.python.framework.ops) is deprecated and will be removed in a future version.
Instructions for updating:
Colocations handled automatically by placer.
2020-07-04 11:41:41,749-tensorflow-WARNING-From /opt/conda/lib/python3.7/site-packages/keras/backend/tensorflow_backend.py:3445: calling dropout (from tensorflow.python.ops.nn_ops) with keep_prob is deprecated and will be removed in a future version.
Instructions for updating:
Please use `rate` instead of `keep_prob`. Rate should be set to `rate = 1 - keep_prob`.
2020-07-04 11:41:41,917-tensorflow-WARNING-From /opt/conda/lib/python3.7/site-packages/tensorflow/python/ops/math_ops.py:3066: to_int32 (from tensorflow.python.ops.math_ops) is deprecated and will be removed in a future version.
Instructions for updating:
Use tf.cast instead.
2020-07-04 11:41:48,331-baseline-INFO-

2020-07-04 11:41:48,331-baseline-INFO-

2020-07-04 11:41:48,331-baseline-INFO-Parameters dataset:cora datamode:A ad-method:AE emb-method:LINE
2020-07-04 11:41:48,331-baseline-INFO--------------Evaluating Validation Results--------------
2020-07-04 11:41:48,356-baseline-INFO-AUC:0.6478,AP:0.6298
2020-07-04 11:41:48,357-baseline-INFO-f1:0.3905,acc:0.5796,pre:0.7021,recall:0.2705
2020-07-04 11:41:48,357-baseline-INFO--------------Evaluating Test Results--------------
2020-07-04 11:41:48,383-baseline-INFO-AUC:0.6123,AP:0.6013
2020-07-04 11:41:48,383-baseline-INFO-f1:0.303,acc:0.5501,pre:0.6667,recall:0.1961
2020-07-04 11:41:54,746-baseline-INFO-

2020-07-04 11:41:54,746-baseline-INFO-

2020-07-04 11:41:54,746-baseline-INFO-Parameters dataset:cora datamode:AX ad-method:IF emb-method:LINE
2020-07-04 11:41:54,746-baseline-INFO--------------Evaluating Validation Results--------------
2020-07-04 11:41:54,995-baseline-INFO-AUC:0.5523,AP:0.5838
2020-07-04 11:41:54,995-baseline-INFO-f1:0.1986,acc:0.5388,pre:0.7368,recall:0.1148
2020-07-04 11:41:54,995-baseline-INFO--------------Evaluating Test Results--------------
2020-07-04 11:41:55,373-baseline-INFO-AUC:0.5773,AP:0.5658
2020-07-04 11:41:55,374-baseline-INFO-f1:0.1695,acc:0.5208,pre:0.625,recall:0.098
2020-07-04 11:42:01,239-baseline-INFO-

2020-07-04 11:42:01,239-baseline-INFO-

2020-07-04 11:42:01,239-baseline-INFO-Parameters dataset:cora datamode:AX ad-method:OCSVM emb-method:LINE
2020-07-04 11:42:01,239-baseline-INFO--------------Evaluating Validation Results--------------
2020-07-04 11:42:01,412-baseline-INFO-AUC:0.6565,AP:0.6363
2020-07-04 11:42:01,412-baseline-INFO-f1:0.4138,acc:0.5837,pre:0.6923,recall:0.2951
2020-07-04 11:42:01,412-baseline-INFO--------------Evaluating Test Results--------------
2020-07-04 11:42:01,699-baseline-INFO-AUC:0.6142,AP:0.605
2020-07-04 11:42:01,699-baseline-INFO-f1:0.3407,acc:0.5648,pre:0.697,recall:0.2255
2020-07-04 11:42:07,404-baseline-INFO-

2020-07-04 11:42:07,404-baseline-INFO-

2020-07-04 11:42:07,404-baseline-INFO-Parameters dataset:cora datamode:AX ad-method:PCA emb-method:LINE
2020-07-04 11:42:07,404-baseline-INFO--------------Evaluating Validation Results--------------
2020-07-04 11:42:07,586-baseline-INFO-AUC:0.6305,AP:0.6552
2020-07-04 11:42:07,586-baseline-INFO-f1:0.4747,acc:0.5755,pre:0.6184,recall:0.3852
2020-07-04 11:42:07,586-baseline-INFO--------------Evaluating Test Results--------------
2020-07-04 11:42:07,884-baseline-INFO-AUC:0.6091,AP:0.5891
2020-07-04 11:42:07,884-baseline-INFO-f1:0.4843,acc:0.5575,pre:0.5782,recall:0.4167
2020-07-04 11:42:13,372-tensorflow-WARNING-From /opt/conda/lib/python3.7/site-packages/tensorflow/python/framework/op_def_library.py:263: colocate_with (from tensorflow.python.framework.ops) is deprecated and will be removed in a future version.
Instructions for updating:
Colocations handled automatically by placer.
2020-07-04 11:42:13,381-tensorflow-WARNING-From /opt/conda/lib/python3.7/site-packages/keras/backend/tensorflow_backend.py:3445: calling dropout (from tensorflow.python.ops.nn_ops) with keep_prob is deprecated and will be removed in a future version.
Instructions for updating:
Please use `rate` instead of `keep_prob`. Rate should be set to `rate = 1 - keep_prob`.
2020-07-04 11:42:13,554-tensorflow-WARNING-From /opt/conda/lib/python3.7/site-packages/tensorflow/python/ops/math_ops.py:3066: to_int32 (from tensorflow.python.ops.math_ops) is deprecated and will be removed in a future version.
Instructions for updating:
Use tf.cast instead.
2020-07-04 11:43:03,713-baseline-INFO-

2020-07-04 11:43:03,713-baseline-INFO-

2020-07-04 11:43:03,713-baseline-INFO-Parameters dataset:cora datamode:AX ad-method:AE emb-method:LINE
2020-07-04 11:43:03,713-baseline-INFO--------------Evaluating Validation Results--------------
2020-07-04 11:43:03,787-baseline-INFO-AUC:0.6309,AP:0.6554
2020-07-04 11:43:03,787-baseline-INFO-f1:0.4747,acc:0.5755,pre:0.6184,recall:0.3852
2020-07-04 11:43:03,787-baseline-INFO--------------Evaluating Test Results--------------
2020-07-04 11:43:03,897-baseline-INFO-AUC:0.6093,AP:0.5893
2020-07-04 11:43:03,897-baseline-INFO-f1:0.4886,acc:0.5599,pre:0.5811,recall:0.4216
2020-07-04 11:43:10,041-baseline-INFO-

2020-07-04 11:43:10,041-baseline-INFO-

2020-07-04 11:43:10,041-baseline-INFO-Parameters dataset:cora datamode:A ad-method:IF emb-method:SDNE
2020-07-04 11:43:10,041-baseline-INFO--------------Evaluating Validation Results--------------
2020-07-04 11:43:10,117-baseline-INFO-AUC:0.6642,AP:0.6643
2020-07-04 11:43:10,117-baseline-INFO-f1:0.375,acc:0.5918,pre:0.7895,recall:0.2459
2020-07-04 11:43:10,117-baseline-INFO--------------Evaluating Test Results--------------
2020-07-04 11:43:10,207-baseline-INFO-AUC:0.5871,AP:0.5839
2020-07-04 11:43:10,207-baseline-INFO-f1:0.2791,acc:0.5452,pre:0.6667,recall:0.1765
2020-07-04 11:43:15,742-baseline-INFO-

2020-07-04 11:43:15,742-baseline-INFO-

2020-07-04 11:43:15,742-baseline-INFO-Parameters dataset:cora datamode:A ad-method:OCSVM emb-method:SDNE
2020-07-04 11:43:15,742-baseline-INFO--------------Evaluating Validation Results--------------
2020-07-04 11:43:15,760-baseline-INFO-AUC:0.6394,AP:0.6413
2020-07-04 11:43:15,760-baseline-INFO-f1:0.3312,acc:0.5714,pre:0.7429,recall:0.2131
2020-07-04 11:43:15,760-baseline-INFO--------------Evaluating Test Results--------------
2020-07-04 11:43:15,788-baseline-INFO-AUC:0.5905,AP:0.582
2020-07-04 11:43:15,788-baseline-INFO-f1:0.2231,acc:0.5232,pre:0.5957,recall:0.1373
2020-07-04 11:43:21,285-baseline-INFO-

2020-07-04 11:43:21,285-baseline-INFO-

2020-07-04 11:43:21,285-baseline-INFO-Parameters dataset:cora datamode:A ad-method:PCA emb-method:SDNE
2020-07-04 11:43:21,285-baseline-INFO--------------Evaluating Validation Results--------------
2020-07-04 11:43:21,294-baseline-INFO-AUC:0.6393,AP:0.6467
2020-07-04 11:43:21,294-baseline-INFO-f1:0.3558,acc:0.5714,pre:0.7073,recall:0.2377
2020-07-04 11:43:21,294-baseline-INFO--------------Evaluating Test Results--------------
2020-07-04 11:43:21,304-baseline-INFO-AUC:0.5852,AP:0.582
2020-07-04 11:43:21,304-baseline-INFO-f1:0.2372,acc:0.5281,pre:0.6122,recall:0.1471
2020-07-04 11:43:26,761-tensorflow-WARNING-From /opt/conda/lib/python3.7/site-packages/tensorflow/python/framework/op_def_library.py:263: colocate_with (from tensorflow.python.framework.ops) is deprecated and will be removed in a future version.
Instructions for updating:
Colocations handled automatically by placer.
2020-07-04 11:43:26,769-tensorflow-WARNING-From /opt/conda/lib/python3.7/site-packages/keras/backend/tensorflow_backend.py:3445: calling dropout (from tensorflow.python.ops.nn_ops) with keep_prob is deprecated and will be removed in a future version.
Instructions for updating:
Please use `rate` instead of `keep_prob`. Rate should be set to `rate = 1 - keep_prob`.
2020-07-04 11:43:26,933-tensorflow-WARNING-From /opt/conda/lib/python3.7/site-packages/tensorflow/python/ops/math_ops.py:3066: to_int32 (from tensorflow.python.ops.math_ops) is deprecated and will be removed in a future version.
Instructions for updating:
Use tf.cast instead.
2020-07-04 11:43:33,343-baseline-INFO-

2020-07-04 11:43:33,343-baseline-INFO-

2020-07-04 11:43:33,343-baseline-INFO-Parameters dataset:cora datamode:A ad-method:AE emb-method:SDNE
2020-07-04 11:43:33,343-baseline-INFO--------------Evaluating Validation Results--------------
2020-07-04 11:43:33,369-baseline-INFO-AUC:0.64,AP:0.647
2020-07-04 11:43:33,369-baseline-INFO-f1:0.3558,acc:0.5714,pre:0.7073,recall:0.2377
2020-07-04 11:43:33,369-baseline-INFO--------------Evaluating Test Results--------------
2020-07-04 11:43:33,403-baseline-INFO-AUC:0.5864,AP:0.5831
2020-07-04 11:43:33,404-baseline-INFO-f1:0.2372,acc:0.5281,pre:0.6122,recall:0.1471
2020-07-04 11:43:39,844-baseline-INFO-

2020-07-04 11:43:39,844-baseline-INFO-

2020-07-04 11:43:39,844-baseline-INFO-Parameters dataset:cora datamode:AX ad-method:IF emb-method:SDNE
2020-07-04 11:43:39,844-baseline-INFO--------------Evaluating Validation Results--------------
2020-07-04 11:43:40,094-baseline-INFO-AUC:0.6223,AP:0.6318
2020-07-04 11:43:40,094-baseline-INFO-f1:0.2483,acc:0.5551,pre:0.7826,recall:0.1475
2020-07-04 11:43:40,094-baseline-INFO--------------Evaluating Test Results--------------
2020-07-04 11:43:40,479-baseline-INFO-AUC:0.5806,AP:0.5768
2020-07-04 11:43:40,479-baseline-INFO-f1:0.1466,acc:0.5159,pre:0.6071,recall:0.0833
2020-07-04 11:43:46,322-baseline-INFO-

2020-07-04 11:43:46,322-baseline-INFO-

2020-07-04 11:43:46,322-baseline-INFO-Parameters dataset:cora datamode:AX ad-method:OCSVM emb-method:SDNE
2020-07-04 11:43:46,323-baseline-INFO--------------Evaluating Validation Results--------------
2020-07-04 11:43:46,494-baseline-INFO-AUC:0.636,AP:0.6387
2020-07-04 11:43:46,494-baseline-INFO-f1:0.3396,acc:0.5714,pre:0.7297,recall:0.2213
2020-07-04 11:43:46,494-baseline-INFO--------------Evaluating Test Results--------------
2020-07-04 11:43:46,778-baseline-INFO-AUC:0.591,AP:0.5824
2020-07-04 11:43:46,778-baseline-INFO-f1:0.2231,acc:0.5232,pre:0.5957,recall:0.1373
2020-07-04 11:43:52,463-baseline-INFO-

2020-07-04 11:43:52,463-baseline-INFO-

2020-07-04 11:43:52,463-baseline-INFO-Parameters dataset:cora datamode:AX ad-method:PCA emb-method:SDNE
2020-07-04 11:43:52,463-baseline-INFO--------------Evaluating Validation Results--------------
2020-07-04 11:43:52,652-baseline-INFO-AUC:0.6412,AP:0.6659
2020-07-04 11:43:52,653-baseline-INFO-f1:0.5149,acc:0.6,pre:0.65,recall:0.4262
2020-07-04 11:43:52,653-baseline-INFO--------------Evaluating Test Results--------------
2020-07-04 11:43:52,960-baseline-INFO-AUC:0.6075,AP:0.5903
2020-07-04 11:43:52,960-baseline-INFO-f1:0.4972,acc:0.5648,pre:0.5867,recall:0.4314
2020-07-04 11:43:58,419-tensorflow-WARNING-From /opt/conda/lib/python3.7/site-packages/tensorflow/python/framework/op_def_library.py:263: colocate_with (from tensorflow.python.framework.ops) is deprecated and will be removed in a future version.
Instructions for updating:
Colocations handled automatically by placer.
2020-07-04 11:43:58,428-tensorflow-WARNING-From /opt/conda/lib/python3.7/site-packages/keras/backend/tensorflow_backend.py:3445: calling dropout (from tensorflow.python.ops.nn_ops) with keep_prob is deprecated and will be removed in a future version.
Instructions for updating:
Please use `rate` instead of `keep_prob`. Rate should be set to `rate = 1 - keep_prob`.
2020-07-04 11:43:58,596-tensorflow-WARNING-From /opt/conda/lib/python3.7/site-packages/tensorflow/python/ops/math_ops.py:3066: to_int32 (from tensorflow.python.ops.math_ops) is deprecated and will be removed in a future version.
Instructions for updating:
Use tf.cast instead.
2020-07-04 11:44:48,696-baseline-INFO-

2020-07-04 11:44:48,696-baseline-INFO-

2020-07-04 11:44:48,696-baseline-INFO-Parameters dataset:cora datamode:AX ad-method:AE emb-method:SDNE
2020-07-04 11:44:48,696-baseline-INFO--------------Evaluating Validation Results--------------
2020-07-04 11:44:48,770-baseline-INFO-AUC:0.6411,AP:0.6658
2020-07-04 11:44:48,770-baseline-INFO-f1:0.5149,acc:0.6,pre:0.65,recall:0.4262
2020-07-04 11:44:48,770-baseline-INFO--------------Evaluating Test Results--------------
2020-07-04 11:44:48,882-baseline-INFO-AUC:0.6074,AP:0.5903
2020-07-04 11:44:48,882-baseline-INFO-f1:0.4986,acc:0.5672,pre:0.5906,recall:0.4314
2020-07-04 11:44:55,069-baseline-INFO-

2020-07-04 11:44:55,069-baseline-INFO-

2020-07-04 11:44:55,069-baseline-INFO-Parameters dataset:cora datamode:A ad-method:IF emb-method:Struc2Vec
2020-07-04 11:44:55,069-baseline-INFO--------------Evaluating Validation Results--------------
2020-07-04 11:44:55,145-baseline-INFO-AUC:0.5718,AP:0.6095
2020-07-04 11:44:55,145-baseline-INFO-f1:0.3478,acc:0.5714,pre:0.7179,recall:0.2295
2020-07-04 11:44:55,145-baseline-INFO--------------Evaluating Test Results--------------
2020-07-04 11:44:55,238-baseline-INFO-AUC:0.588,AP:0.5857
2020-07-04 11:44:55,238-baseline-INFO-f1:0.2558,acc:0.5306,pre:0.6111,recall:0.1618
2020-07-04 11:45:00,704-baseline-INFO-

2020-07-04 11:45:00,704-baseline-INFO-

2020-07-04 11:45:00,704-baseline-INFO-Parameters dataset:cora datamode:A ad-method:OCSVM emb-method:Struc2Vec
2020-07-04 11:45:00,704-baseline-INFO--------------Evaluating Validation Results--------------
2020-07-04 11:45:00,723-baseline-INFO-AUC:0.5606,AP:0.5958
2020-07-04 11:45:00,723-baseline-INFO-f1:0.3522,acc:0.5796,pre:0.7568,recall:0.2295
2020-07-04 11:45:00,723-baseline-INFO--------------Evaluating Test Results--------------
2020-07-04 11:45:00,751-baseline-INFO-AUC:0.5802,AP:0.5833
2020-07-04 11:45:00,751-baseline-INFO-f1:0.249,acc:0.5281,pre:0.6038,recall:0.1569
2020-07-04 11:45:06,275-baseline-INFO-

2020-07-04 11:45:06,275-baseline-INFO-

2020-07-04 11:45:06,275-baseline-INFO-Parameters dataset:cora datamode:A ad-method:PCA emb-method:Struc2Vec
2020-07-04 11:45:06,275-baseline-INFO--------------Evaluating Validation Results--------------
2020-07-04 11:45:06,283-baseline-INFO-AUC:0.5696,AP:0.6017
2020-07-04 11:45:06,283-baseline-INFO-f1:0.3727,acc:0.5878,pre:0.7692,recall:0.2459
2020-07-04 11:45:06,283-baseline-INFO--------------Evaluating Test Results--------------
2020-07-04 11:45:06,292-baseline-INFO-AUC:0.5741,AP:0.5792
2020-07-04 11:45:06,292-baseline-INFO-f1:0.2481,acc:0.5257,pre:0.5926,recall:0.1569
2020-07-04 11:45:11,755-tensorflow-WARNING-From /opt/conda/lib/python3.7/site-packages/tensorflow/python/framework/op_def_library.py:263: colocate_with (from tensorflow.python.framework.ops) is deprecated and will be removed in a future version.
Instructions for updating:
Colocations handled automatically by placer.
2020-07-04 11:45:11,764-tensorflow-WARNING-From /opt/conda/lib/python3.7/site-packages/keras/backend/tensorflow_backend.py:3445: calling dropout (from tensorflow.python.ops.nn_ops) with keep_prob is deprecated and will be removed in a future version.
Instructions for updating:
Please use `rate` instead of `keep_prob`. Rate should be set to `rate = 1 - keep_prob`.
2020-07-04 11:45:11,931-tensorflow-WARNING-From /opt/conda/lib/python3.7/site-packages/tensorflow/python/ops/math_ops.py:3066: to_int32 (from tensorflow.python.ops.math_ops) is deprecated and will be removed in a future version.
Instructions for updating:
Use tf.cast instead.
2020-07-04 11:45:18,408-baseline-INFO-

2020-07-04 11:45:18,408-baseline-INFO-

2020-07-04 11:45:18,408-baseline-INFO-Parameters dataset:cora datamode:A ad-method:AE emb-method:Struc2Vec
2020-07-04 11:45:18,408-baseline-INFO--------------Evaluating Validation Results--------------
2020-07-04 11:45:18,430-baseline-INFO-AUC:0.5686,AP:0.601
2020-07-04 11:45:18,430-baseline-INFO-f1:0.3727,acc:0.5878,pre:0.7692,recall:0.2459
2020-07-04 11:45:18,430-baseline-INFO--------------Evaluating Test Results--------------
2020-07-04 11:45:18,457-baseline-INFO-AUC:0.5747,AP:0.5801
2020-07-04 11:45:18,457-baseline-INFO-f1:0.2481,acc:0.5257,pre:0.5926,recall:0.1569
2020-07-04 11:45:24,808-baseline-INFO-

2020-07-04 11:45:24,808-baseline-INFO-

2020-07-04 11:45:24,808-baseline-INFO-Parameters dataset:cora datamode:AX ad-method:IF emb-method:Struc2Vec
2020-07-04 11:45:24,808-baseline-INFO--------------Evaluating Validation Results--------------
2020-07-04 11:45:25,057-baseline-INFO-AUC:0.5514,AP:0.5675
2020-07-04 11:45:25,058-baseline-INFO-f1:0.2069,acc:0.5306,pre:0.6522,recall:0.123
2020-07-04 11:45:25,058-baseline-INFO--------------Evaluating Test Results--------------
2020-07-04 11:45:25,447-baseline-INFO-AUC:0.5614,AP:0.5738
2020-07-04 11:45:25,447-baseline-INFO-f1:0.1638,acc:0.5257,pre:0.6786,recall:0.0931
2020-07-04 11:45:31,288-baseline-INFO-

2020-07-04 11:45:31,288-baseline-INFO-

2020-07-04 11:45:31,288-baseline-INFO-Parameters dataset:cora datamode:AX ad-method:OCSVM emb-method:Struc2Vec
2020-07-04 11:45:31,288-baseline-INFO--------------Evaluating Validation Results--------------
2020-07-04 11:45:31,461-baseline-INFO-AUC:0.5614,AP:0.5956
2020-07-04 11:45:31,461-baseline-INFO-f1:0.3522,acc:0.5796,pre:0.7568,recall:0.2295
2020-07-04 11:45:31,461-baseline-INFO--------------Evaluating Test Results--------------
2020-07-04 11:45:31,746-baseline-INFO-AUC:0.5793,AP:0.5827
2020-07-04 11:45:31,746-baseline-INFO-f1:0.249,acc:0.5281,pre:0.6038,recall:0.1569
2020-07-04 11:45:37,464-baseline-INFO-

2020-07-04 11:45:37,464-baseline-INFO-

2020-07-04 11:45:37,464-baseline-INFO-Parameters dataset:cora datamode:AX ad-method:PCA emb-method:Struc2Vec
2020-07-04 11:45:37,464-baseline-INFO--------------Evaluating Validation Results--------------
2020-07-04 11:45:37,664-baseline-INFO-AUC:0.6349,AP:0.6578
2020-07-04 11:45:37,664-baseline-INFO-f1:0.4796,acc:0.5837,pre:0.6351,recall:0.3852
2020-07-04 11:45:37,664-baseline-INFO--------------Evaluating Test Results--------------
2020-07-04 11:45:37,993-baseline-INFO-AUC:0.6081,AP:0.5901
2020-07-04 11:45:37,994-baseline-INFO-f1:0.4958,acc:0.5623,pre:0.5828,recall:0.4314
2020-07-04 11:45:43,506-tensorflow-WARNING-From /opt/conda/lib/python3.7/site-packages/tensorflow/python/framework/op_def_library.py:263: colocate_with (from tensorflow.python.framework.ops) is deprecated and will be removed in a future version.
Instructions for updating:
Colocations handled automatically by placer.
2020-07-04 11:45:43,515-tensorflow-WARNING-From /opt/conda/lib/python3.7/site-packages/keras/backend/tensorflow_backend.py:3445: calling dropout (from tensorflow.python.ops.nn_ops) with keep_prob is deprecated and will be removed in a future version.
Instructions for updating:
Please use `rate` instead of `keep_prob`. Rate should be set to `rate = 1 - keep_prob`.
2020-07-04 11:45:43,682-tensorflow-WARNING-From /opt/conda/lib/python3.7/site-packages/tensorflow/python/ops/math_ops.py:3066: to_int32 (from tensorflow.python.ops.math_ops) is deprecated and will be removed in a future version.
Instructions for updating:
Use tf.cast instead.
2020-07-04 11:46:33,801-baseline-INFO-

2020-07-04 11:46:33,801-baseline-INFO-

2020-07-04 11:46:33,801-baseline-INFO-Parameters dataset:cora datamode:AX ad-method:AE emb-method:Struc2Vec
2020-07-04 11:46:33,801-baseline-INFO--------------Evaluating Validation Results--------------
2020-07-04 11:46:33,873-baseline-INFO-AUC:0.6353,AP:0.658
2020-07-04 11:46:33,874-baseline-INFO-f1:0.4796,acc:0.5837,pre:0.6351,recall:0.3852
2020-07-04 11:46:33,874-baseline-INFO--------------Evaluating Test Results--------------
2020-07-04 11:46:33,983-baseline-INFO-AUC:0.6082,AP:0.5902
2020-07-04 11:46:33,983-baseline-INFO-f1:0.4958,acc:0.5623,pre:0.5828,recall:0.4314
