2020-03-31 08:56:53,191-OCGNN-INFO-Start training
2020-03-31 08:56:53,192-OCGNN-INFO-dropout:0.0, nu:0.2,seed:46,lr:0.005,self-loop:True,norm:False
2020-03-31 08:56:53,192-OCGNN-INFO-n-epochs:5000, n-hidden:32,n-layers:2,weight-decay:0.0
2020-03-31 08:58:48,985-OCGNN-INFO-Current epoch: 760 Test AUROC 0.4634 | Test AUPRC 0.4705
2020-03-31 08:58:48,986-OCGNN-INFO-

2020-03-31 08:58:59,528-OCGNN-INFO-Start training
2020-03-31 08:58:59,529-OCGNN-INFO-dropout:0.0, nu:0.2,seed:52,lr:0.005,self-loop:True,norm:False
2020-03-31 08:58:59,529-OCGNN-INFO-n-epochs:5000, n-hidden:32,n-layers:2,weight-decay:0.0
2020-03-31 09:02:52,499-OCGNN-INFO-Current epoch: 1649 Test AUROC 0.5933 | Test AUPRC 0.5715
2020-03-31 09:02:52,500-OCGNN-INFO-

2020-03-31 09:03:00,845-OCGNN-INFO-Start training
2020-03-31 09:03:00,845-OCGNN-INFO-dropout:0.0, nu:0.2,seed:58,lr:0.005,self-loop:True,norm:False
2020-03-31 09:03:00,845-OCGNN-INFO-n-epochs:5000, n-hidden:32,n-layers:2,weight-decay:0.0
2020-03-31 09:07:02,445-OCGNN-INFO-Current epoch: 1693 Test AUROC 0.5721 | Test AUPRC 0.5539
2020-03-31 09:07:02,446-OCGNN-INFO-

2020-03-31 09:07:10,849-OCGNN-INFO-Start training
2020-03-31 09:07:10,849-OCGNN-INFO-dropout:0.0, nu:0.2,seed:666,lr:0.005,self-loop:True,norm:False
2020-03-31 09:07:10,850-OCGNN-INFO-n-epochs:5000, n-hidden:32,n-layers:2,weight-decay:0.0
2020-03-31 09:10:19,624-OCGNN-INFO-Current epoch: 1348 Test AUROC 0.5410 | Test AUPRC 0.5228
2020-03-31 09:10:19,624-OCGNN-INFO-

2020-03-31 09:10:28,308-OCGNN-INFO-Start training
2020-03-31 09:10:28,309-OCGNN-INFO-dropout:0.0, nu:0.2,seed:1122,lr:0.005,self-loop:True,norm:False
2020-03-31 09:10:28,310-OCGNN-INFO-n-epochs:5000, n-hidden:32,n-layers:2,weight-decay:0.0
2020-03-31 09:15:27,744-OCGNN-INFO-Current epoch: 2149 Test AUROC 0.5438 | Test AUPRC 0.5309
2020-03-31 09:15:27,744-OCGNN-INFO-

