2020-01-05 05:23:50,717-OCGNN-INFO-Start training
2020-01-05 05:23:50,717-OCGNN-INFO-dropout:0.5, nu:0.1,seed:46,lr:0.01,self-loop:True,norm:True
2020-01-05 05:23:50,718-OCGNN-INFO-n-epochs:10000, n-hidden:128,n-layers:1,weight-decay:0.0001
2020-01-05 05:24:02,590-OCGNN-INFO-Current epoch: 551 Test AUROC 0.5015 | Test AUPRC 0.5007
2020-01-05 05:24:02,590-OCGNN-INFO-Test f1:0.0071,acc:0.5004,pre:0.5385,recall:0.0036
2020-01-05 05:24:02,590-OCGNN-INFO-

2020-01-05 05:24:07,050-OCGNN-INFO-Start training
2020-01-05 05:24:07,050-OCGNN-INFO-dropout:0.5, nu:0.1,seed:46,lr:0.001,self-loop:True,norm:True
2020-01-05 05:24:07,050-OCGNN-INFO-n-epochs:10000, n-hidden:128,n-layers:1,weight-decay:0.0001
2020-01-05 05:24:18,833-OCGNN-INFO-Current epoch: 551 Test AUROC 0.5487 | Test AUPRC 0.5444
2020-01-05 05:24:18,833-OCGNN-INFO-Test f1:0.6666,acc:0.4999,pre:0.4999,recall:1.0
2020-01-05 05:24:18,833-OCGNN-INFO-

2020-01-05 05:24:23,418-OCGNN-INFO-Start training
2020-01-05 05:24:23,418-OCGNN-INFO-dropout:0.5, nu:0.1,seed:46,lr:0.0001,self-loop:True,norm:True
2020-01-05 05:24:23,418-OCGNN-INFO-n-epochs:10000, n-hidden:128,n-layers:1,weight-decay:0.0001
2020-01-05 05:24:37,848-OCGNN-INFO-Current epoch: 625 Test AUROC 0.6219 | Test AUPRC 0.5932
2020-01-05 05:24:37,848-OCGNN-INFO-Test f1:0.6722,acc:0.522,pre:0.5114,recall:0.9807
2020-01-05 05:24:37,848-OCGNN-INFO-

2020-01-05 05:24:42,340-OCGNN-INFO-Start training
2020-01-05 05:24:42,340-OCGNN-INFO-dropout:0.5, nu:0.1,seed:46,lr:0.01,self-loop:True,norm:True
2020-01-05 05:24:42,340-OCGNN-INFO-n-epochs:10000, n-hidden:128,n-layers:2,weight-decay:0.0001
2020-01-05 05:24:57,471-OCGNN-INFO-Current epoch: 551 Test AUROC 0.5000 | Test AUPRC 0.4999
2020-01-05 05:24:57,471-OCGNN-INFO-Test f1:0.0,acc:0.5001,pre:0.0,recall:0.0
2020-01-05 05:24:57,471-OCGNN-INFO-

2020-01-05 05:25:01,794-OCGNN-INFO-Start training
2020-01-05 05:25:01,794-OCGNN-INFO-dropout:0.5, nu:0.1,seed:46,lr:0.001,self-loop:True,norm:True
2020-01-05 05:25:01,794-OCGNN-INFO-n-epochs:10000, n-hidden:128,n-layers:2,weight-decay:0.0001
2020-01-05 05:25:27,175-OCGNN-INFO-Current epoch: 960 Test AUROC 0.5338 | Test AUPRC 0.5299
2020-01-05 05:25:27,175-OCGNN-INFO-Test f1:0.5457,acc:0.5192,pre:0.5171,recall:0.5777
2020-01-05 05:25:27,175-OCGNN-INFO-

2020-01-05 05:25:31,618-OCGNN-INFO-Start training
2020-01-05 05:25:31,618-OCGNN-INFO-dropout:0.5, nu:0.1,seed:46,lr:0.0001,self-loop:True,norm:True
2020-01-05 05:25:31,618-OCGNN-INFO-n-epochs:10000, n-hidden:128,n-layers:2,weight-decay:0.0001
2020-01-05 05:25:48,243-OCGNN-INFO-Current epoch: 586 Test AUROC 0.5888 | Test AUPRC 0.5760
2020-01-05 05:25:48,243-OCGNN-INFO-Test f1:0.6713,acc:0.5364,pre:0.5199,recall:0.9472
2020-01-05 05:25:48,243-OCGNN-INFO-

2020-01-05 05:25:52,816-OCGNN-INFO-Start training
2020-01-05 05:25:52,817-OCGNN-INFO-dropout:0.5, nu:0.1,seed:46,lr:0.01,self-loop:True,norm:True
2020-01-05 05:25:52,817-OCGNN-INFO-n-epochs:10000, n-hidden:128,n-layers:1,weight-decay:0.001
2020-01-05 05:26:04,265-OCGNN-INFO-Current epoch: 551 Test AUROC 0.5015 | Test AUPRC 0.5007
2020-01-05 05:26:04,265-OCGNN-INFO-Test f1:0.0071,acc:0.5004,pre:0.5385,recall:0.0036
2020-01-05 05:26:04,265-OCGNN-INFO-

2020-01-05 05:26:08,670-OCGNN-INFO-Start training
2020-01-05 05:26:08,671-OCGNN-INFO-dropout:0.5, nu:0.1,seed:46,lr:0.001,self-loop:True,norm:True
2020-01-05 05:26:08,671-OCGNN-INFO-n-epochs:10000, n-hidden:128,n-layers:1,weight-decay:0.001
2020-01-05 05:26:20,500-OCGNN-INFO-Current epoch: 551 Test AUROC 0.5487 | Test AUPRC 0.5444
2020-01-05 05:26:20,500-OCGNN-INFO-Test f1:0.6666,acc:0.4999,pre:0.4999,recall:1.0
2020-01-05 05:26:20,500-OCGNN-INFO-

2020-01-05 05:26:24,977-OCGNN-INFO-Start training
2020-01-05 05:26:24,977-OCGNN-INFO-dropout:0.5, nu:0.1,seed:46,lr:0.0001,self-loop:True,norm:True
2020-01-05 05:26:24,977-OCGNN-INFO-n-epochs:10000, n-hidden:128,n-layers:1,weight-decay:0.001
2020-01-05 05:26:37,998-OCGNN-INFO-Current epoch: 625 Test AUROC 0.6219 | Test AUPRC 0.5932
2020-01-05 05:26:37,998-OCGNN-INFO-Test f1:0.6725,acc:0.522,pre:0.5114,recall:0.9817
2020-01-05 05:26:37,998-OCGNN-INFO-

2020-01-05 05:26:42,486-OCGNN-INFO-Start training
2020-01-05 05:26:42,486-OCGNN-INFO-dropout:0.5, nu:0.1,seed:46,lr:0.01,self-loop:True,norm:True
2020-01-05 05:26:42,486-OCGNN-INFO-n-epochs:10000, n-hidden:128,n-layers:2,weight-decay:0.001
2020-01-05 05:26:57,204-OCGNN-INFO-Current epoch: 551 Test AUROC 0.5000 | Test AUPRC 0.4999
2020-01-05 05:26:57,204-OCGNN-INFO-Test f1:0.0,acc:0.5001,pre:0.0,recall:0.0
2020-01-05 05:26:57,204-OCGNN-INFO-

2020-01-05 05:27:01,945-OCGNN-INFO-Start training
2020-01-05 05:27:01,945-OCGNN-INFO-dropout:0.5, nu:0.1,seed:46,lr:0.001,self-loop:True,norm:True
2020-01-05 05:27:01,945-OCGNN-INFO-n-epochs:10000, n-hidden:128,n-layers:2,weight-decay:0.001
2020-01-05 05:27:26,852-OCGNN-INFO-Current epoch: 942 Test AUROC 0.5328 | Test AUPRC 0.5298
2020-01-05 05:27:26,852-OCGNN-INFO-Test f1:0.53,acc:0.5161,pre:0.5151,recall:0.5457
2020-01-05 05:27:26,852-OCGNN-INFO-

2020-01-05 05:27:31,437-OCGNN-INFO-Start training
2020-01-05 05:27:31,437-OCGNN-INFO-dropout:0.5, nu:0.1,seed:46,lr:0.0001,self-loop:True,norm:True
2020-01-05 05:27:31,437-OCGNN-INFO-n-epochs:10000, n-hidden:128,n-layers:2,weight-decay:0.001
2020-01-05 05:27:47,173-OCGNN-INFO-Current epoch: 586 Test AUROC 0.5888 | Test AUPRC 0.5760
2020-01-05 05:27:47,173-OCGNN-INFO-Test f1:0.6713,acc:0.5364,pre:0.5199,recall:0.9472
2020-01-05 05:27:47,173-OCGNN-INFO-

2020-01-05 05:27:51,670-OCGNN-INFO-Start training
2020-01-05 05:27:51,670-OCGNN-INFO-dropout:0.5, nu:0.1,seed:46,lr:0.01,self-loop:True,norm:True
2020-01-05 05:27:51,670-OCGNN-INFO-n-epochs:10000, n-hidden:128,n-layers:1,weight-decay:0.01
2020-01-05 05:28:02,923-OCGNN-INFO-Current epoch: 551 Test AUROC 0.5015 | Test AUPRC 0.5007
2020-01-05 05:28:02,923-OCGNN-INFO-Test f1:0.0071,acc:0.5004,pre:0.5385,recall:0.0036
2020-01-05 05:28:02,923-OCGNN-INFO-

2020-01-05 05:28:07,293-OCGNN-INFO-Start training
2020-01-05 05:28:07,293-OCGNN-INFO-dropout:0.5, nu:0.1,seed:46,lr:0.001,self-loop:True,norm:True
2020-01-05 05:28:07,294-OCGNN-INFO-n-epochs:10000, n-hidden:128,n-layers:1,weight-decay:0.01
2020-01-05 05:28:20,115-OCGNN-INFO-Current epoch: 551 Test AUROC 0.5487 | Test AUPRC 0.5444
2020-01-05 05:28:20,115-OCGNN-INFO-Test f1:0.6666,acc:0.4999,pre:0.4999,recall:1.0
2020-01-05 05:28:20,115-OCGNN-INFO-

2020-01-05 05:28:24,748-OCGNN-INFO-Start training
2020-01-05 05:28:24,748-OCGNN-INFO-dropout:0.5, nu:0.1,seed:46,lr:0.0001,self-loop:True,norm:True
2020-01-05 05:28:24,748-OCGNN-INFO-n-epochs:10000, n-hidden:128,n-layers:1,weight-decay:0.01
2020-01-05 05:28:38,752-OCGNN-INFO-Current epoch: 625 Test AUROC 0.6219 | Test AUPRC 0.5932
2020-01-05 05:28:38,752-OCGNN-INFO-Test f1:0.6726,acc:0.5222,pre:0.5115,recall:0.9817
2020-01-05 05:28:38,752-OCGNN-INFO-

2020-01-05 05:28:43,113-OCGNN-INFO-Start training
2020-01-05 05:28:43,113-OCGNN-INFO-dropout:0.5, nu:0.1,seed:46,lr:0.01,self-loop:True,norm:True
2020-01-05 05:28:43,113-OCGNN-INFO-n-epochs:10000, n-hidden:128,n-layers:2,weight-decay:0.01
2020-01-05 05:28:57,478-OCGNN-INFO-Current epoch: 551 Test AUROC 0.5000 | Test AUPRC 0.4999
2020-01-05 05:28:57,478-OCGNN-INFO-Test f1:0.0,acc:0.5001,pre:0.0,recall:0.0
2020-01-05 05:28:57,478-OCGNN-INFO-

2020-01-05 05:29:02,098-OCGNN-INFO-Start training
2020-01-05 05:29:02,098-OCGNN-INFO-dropout:0.5, nu:0.1,seed:46,lr:0.001,self-loop:True,norm:True
2020-01-05 05:29:02,098-OCGNN-INFO-n-epochs:10000, n-hidden:128,n-layers:2,weight-decay:0.01
2020-01-05 05:29:27,951-OCGNN-INFO-Current epoch: 978 Test AUROC 0.5347 | Test AUPRC 0.5303
2020-01-05 05:29:27,951-OCGNN-INFO-Test f1:0.5531,acc:0.5194,pre:0.5168,recall:0.595
2020-01-05 05:29:27,951-OCGNN-INFO-

2020-01-05 05:29:32,350-OCGNN-INFO-Start training
2020-01-05 05:29:32,350-OCGNN-INFO-dropout:0.5, nu:0.1,seed:46,lr:0.0001,self-loop:True,norm:True
2020-01-05 05:29:32,350-OCGNN-INFO-n-epochs:10000, n-hidden:128,n-layers:2,weight-decay:0.01
2020-01-05 05:29:49,105-OCGNN-INFO-Current epoch: 586 Test AUROC 0.5888 | Test AUPRC 0.5760
2020-01-05 05:29:49,105-OCGNN-INFO-Test f1:0.6713,acc:0.5364,pre:0.5199,recall:0.9472
2020-01-05 05:29:49,105-OCGNN-INFO-

2020-01-05 05:29:53,768-OCGNN-INFO-Start training
2020-01-05 05:29:53,768-OCGNN-INFO-dropout:0.5, nu:0.1,seed:46,lr:0.01,self-loop:True,norm:True
2020-01-05 05:29:53,768-OCGNN-INFO-n-epochs:10000, n-hidden:64,n-layers:1,weight-decay:0.0001
2020-01-05 05:30:04,445-OCGNN-INFO-Current epoch: 599 Test AUROC 0.5631 | Test AUPRC 0.5343
2020-01-05 05:30:04,445-OCGNN-INFO-Test f1:0.0071,acc:0.5014,pre:0.7778,recall:0.0036
2020-01-05 05:30:04,445-OCGNN-INFO-

2020-01-05 05:30:09,014-OCGNN-INFO-Start training
2020-01-05 05:30:09,014-OCGNN-INFO-dropout:0.5, nu:0.1,seed:46,lr:0.001,self-loop:True,norm:True
2020-01-05 05:30:09,015-OCGNN-INFO-n-epochs:10000, n-hidden:64,n-layers:1,weight-decay:0.0001
2020-01-05 05:30:18,505-OCGNN-INFO-Current epoch: 551 Test AUROC 0.5789 | Test AUPRC 0.5696
2020-01-05 05:30:18,505-OCGNN-INFO-Test f1:0.6663,acc:0.5001,pre:0.5,recall:0.9985
2020-01-05 05:30:18,505-OCGNN-INFO-

2020-01-05 05:30:22,885-OCGNN-INFO-Start training
2020-01-05 05:30:22,885-OCGNN-INFO-dropout:0.5, nu:0.1,seed:46,lr:0.0001,self-loop:True,norm:True
2020-01-05 05:30:22,885-OCGNN-INFO-n-epochs:10000, n-hidden:64,n-layers:1,weight-decay:0.0001
2020-01-05 05:30:36,447-OCGNN-INFO-Current epoch: 748 Test AUROC 0.5908 | Test AUPRC 0.5818
2020-01-05 05:30:36,447-OCGNN-INFO-Test f1:0.6477,acc:0.5382,pre:0.5235,recall:0.8491
2020-01-05 05:30:36,447-OCGNN-INFO-

2020-01-05 05:30:40,816-OCGNN-INFO-Start training
2020-01-05 05:30:40,816-OCGNN-INFO-dropout:0.5, nu:0.1,seed:46,lr:0.01,self-loop:True,norm:True
2020-01-05 05:30:40,816-OCGNN-INFO-n-epochs:10000, n-hidden:64,n-layers:2,weight-decay:0.0001
2020-01-05 05:30:52,744-OCGNN-INFO-Current epoch: 551 Test AUROC 0.4003 | Test AUPRC 0.4144
2020-01-05 05:30:52,744-OCGNN-INFO-Test f1:0.003,acc:0.5006,pre:0.75,recall:0.0015
2020-01-05 05:30:52,744-OCGNN-INFO-

2020-01-05 05:30:57,199-OCGNN-INFO-Start training
2020-01-05 05:30:57,199-OCGNN-INFO-dropout:0.5, nu:0.1,seed:46,lr:0.001,self-loop:True,norm:True
2020-01-05 05:30:57,199-OCGNN-INFO-n-epochs:10000, n-hidden:64,n-layers:2,weight-decay:0.0001
2020-01-05 05:31:27,854-OCGNN-INFO-Current epoch: 1540 Test AUROC 0.5601 | Test AUPRC 0.5616
2020-01-05 05:31:27,854-OCGNN-INFO-Test f1:0.544,acc:0.5316,pre:0.5299,recall:0.5589
2020-01-05 05:31:27,854-OCGNN-INFO-

2020-01-05 05:31:32,573-OCGNN-INFO-Start training
2020-01-05 05:31:32,573-OCGNN-INFO-dropout:0.5, nu:0.1,seed:46,lr:0.0001,self-loop:True,norm:True
2020-01-05 05:31:32,573-OCGNN-INFO-n-epochs:10000, n-hidden:64,n-layers:2,weight-decay:0.0001
2020-01-05 05:31:45,254-OCGNN-INFO-Current epoch: 606 Test AUROC 0.5921 | Test AUPRC 0.5855
2020-01-05 05:31:45,254-OCGNN-INFO-Test f1:0.6332,acc:0.5456,pre:0.5308,recall:0.7846
2020-01-05 05:31:45,254-OCGNN-INFO-

2020-01-05 05:31:49,938-OCGNN-INFO-Start training
2020-01-05 05:31:49,938-OCGNN-INFO-dropout:0.5, nu:0.1,seed:46,lr:0.01,self-loop:True,norm:True
2020-01-05 05:31:49,938-OCGNN-INFO-n-epochs:10000, n-hidden:64,n-layers:1,weight-decay:0.001
2020-01-05 05:32:05,143-OCGNN-INFO-Current epoch: 809 Test AUROC 0.5631 | Test AUPRC 0.5343
2020-01-05 05:32:05,143-OCGNN-INFO-Test f1:0.0071,acc:0.5014,pre:0.7778,recall:0.0036
2020-01-05 05:32:05,143-OCGNN-INFO-

2020-01-05 05:32:09,545-OCGNN-INFO-Start training
2020-01-05 05:32:09,545-OCGNN-INFO-dropout:0.5, nu:0.1,seed:46,lr:0.001,self-loop:True,norm:True
2020-01-05 05:32:09,545-OCGNN-INFO-n-epochs:10000, n-hidden:64,n-layers:1,weight-decay:0.001
2020-01-05 05:32:19,079-OCGNN-INFO-Current epoch: 551 Test AUROC 0.5789 | Test AUPRC 0.5696
2020-01-05 05:32:19,079-OCGNN-INFO-Test f1:0.6666,acc:0.5009,pre:0.5004,recall:0.998
2020-01-05 05:32:19,079-OCGNN-INFO-

2020-01-05 05:32:23,395-OCGNN-INFO-Start training
2020-01-05 05:32:23,395-OCGNN-INFO-dropout:0.5, nu:0.1,seed:46,lr:0.0001,self-loop:True,norm:True
2020-01-05 05:32:23,395-OCGNN-INFO-n-epochs:10000, n-hidden:64,n-layers:1,weight-decay:0.001
2020-01-05 05:32:37,598-OCGNN-INFO-Current epoch: 748 Test AUROC 0.5909 | Test AUPRC 0.5818
2020-01-05 05:32:37,598-OCGNN-INFO-Test f1:0.6477,acc:0.5387,pre:0.5239,recall:0.8481
2020-01-05 05:32:37,598-OCGNN-INFO-

2020-01-05 05:32:42,064-OCGNN-INFO-Start training
2020-01-05 05:32:42,064-OCGNN-INFO-dropout:0.5, nu:0.1,seed:46,lr:0.01,self-loop:True,norm:True
2020-01-05 05:32:42,064-OCGNN-INFO-n-epochs:10000, n-hidden:64,n-layers:2,weight-decay:0.001
2020-01-05 05:32:53,444-OCGNN-INFO-Current epoch: 572 Test AUROC 0.3987 | Test AUPRC 0.4138
2020-01-05 05:32:53,445-OCGNN-INFO-Test f1:0.0041,acc:0.5009,pre:0.8,recall:0.002
2020-01-05 05:32:53,445-OCGNN-INFO-

2020-01-05 05:32:57,909-OCGNN-INFO-Start training
2020-01-05 05:32:57,909-OCGNN-INFO-dropout:0.5, nu:0.1,seed:46,lr:0.001,self-loop:True,norm:True
2020-01-05 05:32:57,909-OCGNN-INFO-n-epochs:10000, n-hidden:64,n-layers:2,weight-decay:0.001
2020-01-05 05:33:39,226-OCGNN-INFO-Current epoch: 1887 Test AUROC 0.5647 | Test AUPRC 0.5618
2020-01-05 05:33:39,226-OCGNN-INFO-Test f1:0.6049,acc:0.5291,pre:0.5209,recall:0.721
2020-01-05 05:33:39,226-OCGNN-INFO-

2020-01-05 05:33:43,845-OCGNN-INFO-Start training
2020-01-05 05:33:43,845-OCGNN-INFO-dropout:0.5, nu:0.1,seed:46,lr:0.0001,self-loop:True,norm:True
2020-01-05 05:33:43,845-OCGNN-INFO-n-epochs:10000, n-hidden:64,n-layers:2,weight-decay:0.001
2020-01-05 05:33:56,429-OCGNN-INFO-Current epoch: 606 Test AUROC 0.5921 | Test AUPRC 0.5855
2020-01-05 05:33:56,429-OCGNN-INFO-Test f1:0.6334,acc:0.5446,pre:0.5299,recall:0.7871
2020-01-05 05:33:56,429-OCGNN-INFO-

2020-01-05 05:34:01,051-OCGNN-INFO-Start training
2020-01-05 05:34:01,051-OCGNN-INFO-dropout:0.5, nu:0.1,seed:46,lr:0.01,self-loop:True,norm:True
2020-01-05 05:34:01,051-OCGNN-INFO-n-epochs:10000, n-hidden:64,n-layers:1,weight-decay:0.01
2020-01-05 05:34:12,259-OCGNN-INFO-Current epoch: 666 Test AUROC 0.5624 | Test AUPRC 0.5339
2020-01-05 05:34:12,259-OCGNN-INFO-Test f1:0.0061,acc:0.5011,pre:0.75,recall:0.003
2020-01-05 05:34:12,259-OCGNN-INFO-

2020-01-05 05:34:16,787-OCGNN-INFO-Start training
2020-01-05 05:34:16,787-OCGNN-INFO-dropout:0.5, nu:0.1,seed:46,lr:0.001,self-loop:True,norm:True
2020-01-05 05:34:16,787-OCGNN-INFO-n-epochs:10000, n-hidden:64,n-layers:1,weight-decay:0.01
2020-01-05 05:34:27,277-OCGNN-INFO-Current epoch: 551 Test AUROC 0.5788 | Test AUPRC 0.5695
2020-01-05 05:34:27,278-OCGNN-INFO-Test f1:0.6664,acc:0.5006,pre:0.5003,recall:0.998
2020-01-05 05:34:27,278-OCGNN-INFO-

2020-01-05 05:34:31,886-OCGNN-INFO-Start training
2020-01-05 05:34:31,886-OCGNN-INFO-dropout:0.5, nu:0.1,seed:46,lr:0.0001,self-loop:True,norm:True
2020-01-05 05:34:31,886-OCGNN-INFO-n-epochs:10000, n-hidden:64,n-layers:1,weight-decay:0.01
2020-01-05 05:34:48,364-OCGNN-INFO-Current epoch: 748 Test AUROC 0.5908 | Test AUPRC 0.5818
2020-01-05 05:34:48,364-OCGNN-INFO-Test f1:0.6475,acc:0.5382,pre:0.5235,recall:0.8486
2020-01-05 05:34:48,364-OCGNN-INFO-

2020-01-05 05:34:52,710-OCGNN-INFO-Start training
2020-01-05 05:34:52,710-OCGNN-INFO-dropout:0.5, nu:0.1,seed:46,lr:0.01,self-loop:True,norm:True
2020-01-05 05:34:52,710-OCGNN-INFO-n-epochs:10000, n-hidden:64,n-layers:2,weight-decay:0.01
2020-01-05 05:35:04,743-OCGNN-INFO-Current epoch: 587 Test AUROC 0.4061 | Test AUPRC 0.4182
2020-01-05 05:35:04,743-OCGNN-INFO-Test f1:0.002,acc:0.5004,pre:0.6667,recall:0.001
2020-01-05 05:35:04,743-OCGNN-INFO-

2020-01-05 05:35:09,113-OCGNN-INFO-Start training
2020-01-05 05:35:09,113-OCGNN-INFO-dropout:0.5, nu:0.1,seed:46,lr:0.001,self-loop:True,norm:True
2020-01-05 05:35:09,113-OCGNN-INFO-n-epochs:10000, n-hidden:64,n-layers:2,weight-decay:0.01
2020-01-05 05:35:45,086-OCGNN-INFO-Current epoch: 1754 Test AUROC 0.5686 | Test AUPRC 0.5670
2020-01-05 05:35:45,086-OCGNN-INFO-Test f1:0.6229,acc:0.5245,pre:0.516,recall:0.7856
2020-01-05 05:35:45,086-OCGNN-INFO-

2020-01-05 05:35:49,553-OCGNN-INFO-Start training
2020-01-05 05:35:49,553-OCGNN-INFO-dropout:0.5, nu:0.1,seed:46,lr:0.0001,self-loop:True,norm:True
2020-01-05 05:35:49,553-OCGNN-INFO-n-epochs:10000, n-hidden:64,n-layers:2,weight-decay:0.01
2020-01-05 05:36:02,025-OCGNN-INFO-Current epoch: 606 Test AUROC 0.5921 | Test AUPRC 0.5855
2020-01-05 05:36:02,025-OCGNN-INFO-Test f1:0.6328,acc:0.5446,pre:0.53,recall:0.7851
2020-01-05 05:36:02,025-OCGNN-INFO-

2020-01-05 05:36:06,560-OCGNN-INFO-Start training
2020-01-05 05:36:06,560-OCGNN-INFO-dropout:0.5, nu:0.1,seed:46,lr:0.01,self-loop:True,norm:True
2020-01-05 05:36:06,561-OCGNN-INFO-n-epochs:10000, n-hidden:128,n-layers:3,weight-decay:0.0001
2020-01-05 05:36:25,062-OCGNN-INFO-Current epoch: 551 Test AUROC 0.5000 | Test AUPRC 0.4999
2020-01-05 05:36:25,062-OCGNN-INFO-Test f1:0.6666,acc:0.4999,pre:0.4999,recall:1.0
2020-01-05 05:36:25,062-OCGNN-INFO-

2020-01-05 05:36:29,456-OCGNN-INFO-Start training
2020-01-05 05:36:29,456-OCGNN-INFO-dropout:0.5, nu:0.1,seed:46,lr:0.001,self-loop:True,norm:True
2020-01-05 05:36:29,456-OCGNN-INFO-n-epochs:10000, n-hidden:128,n-layers:3,weight-decay:0.0001
2020-01-05 05:37:30,279-OCGNN-INFO-Current epoch: 1814 Test AUROC 0.5915 | Test AUPRC 0.5902
2020-01-05 05:37:30,279-OCGNN-INFO-Test f1:0.6097,acc:0.5522,pre:0.5402,recall:0.6997
2020-01-05 05:37:30,279-OCGNN-INFO-

2020-01-05 05:37:34,898-OCGNN-INFO-Start training
2020-01-05 05:37:34,898-OCGNN-INFO-dropout:0.5, nu:0.1,seed:46,lr:0.0001,self-loop:True,norm:True
2020-01-05 05:37:34,898-OCGNN-INFO-n-epochs:10000, n-hidden:128,n-layers:3,weight-decay:0.0001
2020-01-05 05:37:53,247-OCGNN-INFO-Current epoch: 551 Test AUROC 0.5450 | Test AUPRC 0.5443
2020-01-05 05:37:53,247-OCGNN-INFO-Test f1:0.651,acc:0.5283,pre:0.5166,recall:0.8801
2020-01-05 05:37:53,247-OCGNN-INFO-

2020-01-05 05:37:57,958-OCGNN-INFO-Start training
2020-01-05 05:37:57,958-OCGNN-INFO-dropout:0.5, nu:0.1,seed:46,lr:0.01,self-loop:True,norm:True
2020-01-05 05:37:57,958-OCGNN-INFO-n-epochs:10000, n-hidden:128,n-layers:3,weight-decay:0.0001
2020-01-05 05:38:16,552-OCGNN-INFO-Current epoch: 551 Test AUROC 0.5000 | Test AUPRC 0.4999
2020-01-05 05:38:16,552-OCGNN-INFO-Test f1:0.6666,acc:0.4999,pre:0.4999,recall:1.0
2020-01-05 05:38:16,552-OCGNN-INFO-

2020-01-05 05:38:20,871-OCGNN-INFO-Start training
2020-01-05 05:38:20,871-OCGNN-INFO-dropout:0.5, nu:0.1,seed:46,lr:0.001,self-loop:True,norm:True
2020-01-05 05:38:20,871-OCGNN-INFO-n-epochs:10000, n-hidden:128,n-layers:3,weight-decay:0.0001
2020-01-05 05:39:19,211-OCGNN-INFO-Current epoch: 1814 Test AUROC 0.5915 | Test AUPRC 0.5902
2020-01-05 05:39:19,211-OCGNN-INFO-Test f1:0.6097,acc:0.5522,pre:0.5402,recall:0.6997
2020-01-05 05:39:19,211-OCGNN-INFO-

2020-01-05 05:39:23,553-OCGNN-INFO-Start training
2020-01-05 05:39:23,553-OCGNN-INFO-dropout:0.5, nu:0.1,seed:46,lr:0.0001,self-loop:True,norm:True
2020-01-05 05:39:23,553-OCGNN-INFO-n-epochs:10000, n-hidden:128,n-layers:3,weight-decay:0.0001
2020-01-05 05:39:41,543-OCGNN-INFO-Current epoch: 551 Test AUROC 0.5450 | Test AUPRC 0.5443
2020-01-05 05:39:41,543-OCGNN-INFO-Test f1:0.651,acc:0.5283,pre:0.5166,recall:0.8801
2020-01-05 05:39:41,543-OCGNN-INFO-

2020-01-05 05:39:46,679-OCGNN-INFO-Start training
2020-01-05 05:39:46,679-OCGNN-INFO-dropout:0.5, nu:0.1,seed:46,lr:0.01,self-loop:True,norm:True
2020-01-05 05:39:46,679-OCGNN-INFO-n-epochs:10000, n-hidden:128,n-layers:3,weight-decay:0.001
2020-01-05 05:40:04,830-OCGNN-INFO-Current epoch: 551 Test AUROC 0.5000 | Test AUPRC 0.4999
2020-01-05 05:40:04,830-OCGNN-INFO-Test f1:0.6666,acc:0.4999,pre:0.4999,recall:1.0
2020-01-05 05:40:04,830-OCGNN-INFO-

2020-01-05 05:40:09,259-OCGNN-INFO-Start training
2020-01-05 05:40:09,259-OCGNN-INFO-dropout:0.5, nu:0.1,seed:46,lr:0.001,self-loop:True,norm:True
2020-01-05 05:40:09,259-OCGNN-INFO-n-epochs:10000, n-hidden:128,n-layers:3,weight-decay:0.001
2020-01-05 05:41:12,889-OCGNN-INFO-Current epoch: 1918 Test AUROC 0.5791 | Test AUPRC 0.5780
2020-01-05 05:41:12,889-OCGNN-INFO-Test f1:0.6128,acc:0.5339,pre:0.524,recall:0.7378
2020-01-05 05:41:12,889-OCGNN-INFO-

2020-01-05 05:41:17,480-OCGNN-INFO-Start training
2020-01-05 05:41:17,481-OCGNN-INFO-dropout:0.5, nu:0.1,seed:46,lr:0.0001,self-loop:True,norm:True
2020-01-05 05:41:17,481-OCGNN-INFO-n-epochs:10000, n-hidden:128,n-layers:3,weight-decay:0.001
2020-01-05 05:41:35,307-OCGNN-INFO-Current epoch: 551 Test AUROC 0.5450 | Test AUPRC 0.5443
2020-01-05 05:41:35,307-OCGNN-INFO-Test f1:0.6509,acc:0.5273,pre:0.5159,recall:0.8816
2020-01-05 05:41:35,307-OCGNN-INFO-

2020-01-05 05:41:39,810-OCGNN-INFO-Start training
2020-01-05 05:41:39,810-OCGNN-INFO-dropout:0.5, nu:0.1,seed:46,lr:0.01,self-loop:True,norm:True
2020-01-05 05:41:39,810-OCGNN-INFO-n-epochs:10000, n-hidden:128,n-layers:3,weight-decay:0.001
2020-01-05 05:41:58,517-OCGNN-INFO-Current epoch: 551 Test AUROC 0.5000 | Test AUPRC 0.4999
2020-01-05 05:41:58,517-OCGNN-INFO-Test f1:0.6666,acc:0.4999,pre:0.4999,recall:1.0
2020-01-05 05:41:58,517-OCGNN-INFO-

2020-01-05 05:42:02,975-OCGNN-INFO-Start training
2020-01-05 05:42:02,975-OCGNN-INFO-dropout:0.5, nu:0.1,seed:46,lr:0.001,self-loop:True,norm:True
2020-01-05 05:42:02,975-OCGNN-INFO-n-epochs:10000, n-hidden:128,n-layers:3,weight-decay:0.001
2020-01-05 05:43:05,382-OCGNN-INFO-Current epoch: 1918 Test AUROC 0.5791 | Test AUPRC 0.5780
2020-01-05 05:43:05,382-OCGNN-INFO-Test f1:0.6128,acc:0.5339,pre:0.524,recall:0.7378
2020-01-05 05:43:05,382-OCGNN-INFO-

2020-01-05 05:43:09,922-OCGNN-INFO-Start training
2020-01-05 05:43:09,922-OCGNN-INFO-dropout:0.5, nu:0.1,seed:46,lr:0.0001,self-loop:True,norm:True
2020-01-05 05:43:09,922-OCGNN-INFO-n-epochs:10000, n-hidden:128,n-layers:3,weight-decay:0.001
2020-01-05 05:43:28,751-OCGNN-INFO-Current epoch: 551 Test AUROC 0.5450 | Test AUPRC 0.5443
2020-01-05 05:43:28,751-OCGNN-INFO-Test f1:0.6509,acc:0.5273,pre:0.5159,recall:0.8816
2020-01-05 05:43:28,752-OCGNN-INFO-

2020-01-05 05:43:33,325-OCGNN-INFO-Start training
2020-01-05 05:43:33,325-OCGNN-INFO-dropout:0.5, nu:0.1,seed:46,lr:0.01,self-loop:True,norm:True
2020-01-05 05:43:33,325-OCGNN-INFO-n-epochs:10000, n-hidden:128,n-layers:3,weight-decay:0.01
2020-01-05 05:43:51,683-OCGNN-INFO-Current epoch: 551 Test AUROC 0.5000 | Test AUPRC 0.4999
2020-01-05 05:43:51,683-OCGNN-INFO-Test f1:0.6666,acc:0.4999,pre:0.4999,recall:1.0
2020-01-05 05:43:51,683-OCGNN-INFO-

2020-01-05 05:43:56,370-OCGNN-INFO-Start training
2020-01-05 05:43:56,370-OCGNN-INFO-dropout:0.5, nu:0.1,seed:46,lr:0.001,self-loop:True,norm:True
2020-01-05 05:43:56,370-OCGNN-INFO-n-epochs:10000, n-hidden:128,n-layers:3,weight-decay:0.01
2020-01-05 05:44:55,449-OCGNN-INFO-Current epoch: 1761 Test AUROC 0.5946 | Test AUPRC 0.5961
2020-01-05 05:44:55,449-OCGNN-INFO-Test f1:0.6449,acc:0.5359,pre:0.5222,recall:0.843
2020-01-05 05:44:55,450-OCGNN-INFO-

2020-01-05 05:44:59,914-OCGNN-INFO-Start training
2020-01-05 05:44:59,914-OCGNN-INFO-dropout:0.5, nu:0.1,seed:46,lr:0.0001,self-loop:True,norm:True
2020-01-05 05:44:59,915-OCGNN-INFO-n-epochs:10000, n-hidden:128,n-layers:3,weight-decay:0.01
2020-01-05 05:45:18,184-OCGNN-INFO-Current epoch: 551 Test AUROC 0.5450 | Test AUPRC 0.5443
2020-01-05 05:45:18,185-OCGNN-INFO-Test f1:0.6511,acc:0.5296,pre:0.5174,recall:0.878
2020-01-05 05:45:18,185-OCGNN-INFO-

2020-01-05 05:45:22,562-OCGNN-INFO-Start training
2020-01-05 05:45:22,562-OCGNN-INFO-dropout:0.5, nu:0.1,seed:46,lr:0.01,self-loop:True,norm:True
2020-01-05 05:45:22,562-OCGNN-INFO-n-epochs:10000, n-hidden:128,n-layers:3,weight-decay:0.01
2020-01-05 05:45:41,636-OCGNN-INFO-Current epoch: 551 Test AUROC 0.5000 | Test AUPRC 0.4999
2020-01-05 05:45:41,636-OCGNN-INFO-Test f1:0.6666,acc:0.4999,pre:0.4999,recall:1.0
2020-01-05 05:45:41,636-OCGNN-INFO-

2020-01-05 05:45:46,198-OCGNN-INFO-Start training
2020-01-05 05:45:46,198-OCGNN-INFO-dropout:0.5, nu:0.1,seed:46,lr:0.001,self-loop:True,norm:True
2020-01-05 05:45:46,199-OCGNN-INFO-n-epochs:10000, n-hidden:128,n-layers:3,weight-decay:0.01
2020-01-05 05:46:44,394-OCGNN-INFO-Current epoch: 1761 Test AUROC 0.5946 | Test AUPRC 0.5961
2020-01-05 05:46:44,394-OCGNN-INFO-Test f1:0.6449,acc:0.5359,pre:0.5222,recall:0.843
2020-01-05 05:46:44,394-OCGNN-INFO-

2020-01-05 05:46:49,025-OCGNN-INFO-Start training
2020-01-05 05:46:49,025-OCGNN-INFO-dropout:0.5, nu:0.1,seed:46,lr:0.0001,self-loop:True,norm:True
2020-01-05 05:46:49,025-OCGNN-INFO-n-epochs:10000, n-hidden:128,n-layers:3,weight-decay:0.01
2020-01-05 05:47:07,012-OCGNN-INFO-Current epoch: 551 Test AUROC 0.5450 | Test AUPRC 0.5443
2020-01-05 05:47:07,013-OCGNN-INFO-Test f1:0.6511,acc:0.5296,pre:0.5174,recall:0.878
2020-01-05 05:47:07,013-OCGNN-INFO-

2020-01-05 05:47:11,558-OCGNN-INFO-Start training
2020-01-05 05:47:11,558-OCGNN-INFO-dropout:0.5, nu:0.1,seed:46,lr:0.01,self-loop:True,norm:True
2020-01-05 05:47:11,558-OCGNN-INFO-n-epochs:10000, n-hidden:64,n-layers:3,weight-decay:0.0001
2020-01-05 05:47:24,087-OCGNN-INFO-Current epoch: 551 Test AUROC 0.5000 | Test AUPRC 0.4999
2020-01-05 05:47:24,087-OCGNN-INFO-Test f1:0.6666,acc:0.4999,pre:0.4999,recall:1.0
2020-01-05 05:47:24,087-OCGNN-INFO-

2020-01-05 05:47:28,773-OCGNN-INFO-Start training
2020-01-05 05:47:28,773-OCGNN-INFO-dropout:0.5, nu:0.1,seed:46,lr:0.001,self-loop:True,norm:True
2020-01-05 05:47:28,773-OCGNN-INFO-n-epochs:10000, n-hidden:64,n-layers:3,weight-decay:0.0001
2020-01-05 05:48:34,271-OCGNN-INFO-Current epoch: 2973 Test AUROC 0.5690 | Test AUPRC 0.5756
2020-01-05 05:48:34,271-OCGNN-INFO-Test f1:0.5965,acc:0.5268,pre:0.5198,recall:0.6997
2020-01-05 05:48:34,271-OCGNN-INFO-

2020-01-05 05:48:38,864-OCGNN-INFO-Start training
2020-01-05 05:48:38,864-OCGNN-INFO-dropout:0.5, nu:0.1,seed:46,lr:0.0001,self-loop:True,norm:True
2020-01-05 05:48:38,864-OCGNN-INFO-n-epochs:10000, n-hidden:64,n-layers:3,weight-decay:0.0001
2020-01-05 05:48:51,757-OCGNN-INFO-Current epoch: 551 Test AUROC 0.5864 | Test AUPRC 0.5887
2020-01-05 05:48:51,757-OCGNN-INFO-Test f1:0.6378,acc:0.5349,pre:0.5222,recall:0.8191
2020-01-05 05:48:51,757-OCGNN-INFO-

2020-01-05 05:48:56,546-OCGNN-INFO-Start training
2020-01-05 05:48:56,546-OCGNN-INFO-dropout:0.5, nu:0.1,seed:46,lr:0.01,self-loop:True,norm:True
2020-01-05 05:48:56,546-OCGNN-INFO-n-epochs:10000, n-hidden:64,n-layers:3,weight-decay:0.0001
2020-01-05 05:49:09,351-OCGNN-INFO-Current epoch: 551 Test AUROC 0.5000 | Test AUPRC 0.4999
2020-01-05 05:49:09,351-OCGNN-INFO-Test f1:0.6666,acc:0.4999,pre:0.4999,recall:1.0
2020-01-05 05:49:09,351-OCGNN-INFO-

2020-01-05 05:49:14,773-OCGNN-INFO-Start training
2020-01-05 05:49:14,773-OCGNN-INFO-dropout:0.5, nu:0.1,seed:46,lr:0.001,self-loop:True,norm:True
2020-01-05 05:49:14,773-OCGNN-INFO-n-epochs:10000, n-hidden:64,n-layers:3,weight-decay:0.0001
2020-01-05 05:50:25,591-OCGNN-INFO-Current epoch: 2973 Test AUROC 0.5690 | Test AUPRC 0.5756
2020-01-05 05:50:25,592-OCGNN-INFO-Test f1:0.5965,acc:0.5268,pre:0.5198,recall:0.6997
2020-01-05 05:50:25,592-OCGNN-INFO-

2020-01-05 05:50:30,238-OCGNN-INFO-Start training
2020-01-05 05:50:30,239-OCGNN-INFO-dropout:0.5, nu:0.1,seed:46,lr:0.0001,self-loop:True,norm:True
2020-01-05 05:50:30,239-OCGNN-INFO-n-epochs:10000, n-hidden:64,n-layers:3,weight-decay:0.0001
2020-01-05 05:50:43,100-OCGNN-INFO-Current epoch: 551 Test AUROC 0.5864 | Test AUPRC 0.5887
2020-01-05 05:50:43,100-OCGNN-INFO-Test f1:0.6378,acc:0.5349,pre:0.5222,recall:0.8191
2020-01-05 05:50:43,100-OCGNN-INFO-

2020-01-05 05:50:48,429-OCGNN-INFO-Start training
2020-01-05 05:50:48,429-OCGNN-INFO-dropout:0.5, nu:0.1,seed:46,lr:0.01,self-loop:True,norm:True
2020-01-05 05:50:48,429-OCGNN-INFO-n-epochs:10000, n-hidden:64,n-layers:3,weight-decay:0.001
2020-01-05 05:51:01,287-OCGNN-INFO-Current epoch: 551 Test AUROC 0.5000 | Test AUPRC 0.4999
2020-01-05 05:51:01,287-OCGNN-INFO-Test f1:0.6666,acc:0.4999,pre:0.4999,recall:1.0
2020-01-05 05:51:01,287-OCGNN-INFO-

2020-01-05 05:51:06,236-OCGNN-INFO-Start training
2020-01-05 05:51:06,237-OCGNN-INFO-dropout:0.5, nu:0.1,seed:46,lr:0.001,self-loop:True,norm:True
2020-01-05 05:51:06,237-OCGNN-INFO-n-epochs:10000, n-hidden:64,n-layers:3,weight-decay:0.001
2020-01-05 05:52:06,281-OCGNN-INFO-Current epoch: 2632 Test AUROC 0.5619 | Test AUPRC 0.5672
2020-01-05 05:52:06,281-OCGNN-INFO-Test f1:0.5214,acc:0.5436,pre:0.5478,recall:0.4975
2020-01-05 05:52:06,281-OCGNN-INFO-

2020-01-05 05:52:10,844-OCGNN-INFO-Start training
2020-01-05 05:52:10,844-OCGNN-INFO-dropout:0.5, nu:0.1,seed:46,lr:0.0001,self-loop:True,norm:True
2020-01-05 05:52:10,844-OCGNN-INFO-n-epochs:10000, n-hidden:64,n-layers:3,weight-decay:0.001
2020-01-05 05:52:23,817-OCGNN-INFO-Current epoch: 551 Test AUROC 0.5864 | Test AUPRC 0.5887
2020-01-05 05:52:23,817-OCGNN-INFO-Test f1:0.6373,acc:0.5337,pre:0.5213,recall:0.8196
2020-01-05 05:52:23,817-OCGNN-INFO-

2020-01-05 05:52:28,757-OCGNN-INFO-Start training
2020-01-05 05:52:28,757-OCGNN-INFO-dropout:0.5, nu:0.1,seed:46,lr:0.01,self-loop:True,norm:True
2020-01-05 05:52:28,757-OCGNN-INFO-n-epochs:10000, n-hidden:64,n-layers:3,weight-decay:0.001
2020-01-05 05:52:41,361-OCGNN-INFO-Current epoch: 551 Test AUROC 0.5000 | Test AUPRC 0.4999
2020-01-05 05:52:41,361-OCGNN-INFO-Test f1:0.6666,acc:0.4999,pre:0.4999,recall:1.0
2020-01-05 05:52:41,361-OCGNN-INFO-

2020-01-05 05:52:46,007-OCGNN-INFO-Start training
2020-01-05 05:52:46,007-OCGNN-INFO-dropout:0.5, nu:0.1,seed:46,lr:0.001,self-loop:True,norm:True
2020-01-05 05:52:46,007-OCGNN-INFO-n-epochs:10000, n-hidden:64,n-layers:3,weight-decay:0.001
2020-01-05 05:53:48,087-OCGNN-INFO-Current epoch: 2632 Test AUROC 0.5619 | Test AUPRC 0.5672
2020-01-05 05:53:48,087-OCGNN-INFO-Test f1:0.5214,acc:0.5436,pre:0.5478,recall:0.4975
2020-01-05 05:53:48,087-OCGNN-INFO-

2020-01-05 05:53:52,890-OCGNN-INFO-Start training
2020-01-05 05:53:52,891-OCGNN-INFO-dropout:0.5, nu:0.1,seed:46,lr:0.0001,self-loop:True,norm:True
2020-01-05 05:53:52,891-OCGNN-INFO-n-epochs:10000, n-hidden:64,n-layers:3,weight-decay:0.001
2020-01-05 05:54:06,096-OCGNN-INFO-Current epoch: 551 Test AUROC 0.5864 | Test AUPRC 0.5887
2020-01-05 05:54:06,096-OCGNN-INFO-Test f1:0.6373,acc:0.5337,pre:0.5213,recall:0.8196
2020-01-05 05:54:06,096-OCGNN-INFO-

2020-01-05 05:54:10,528-OCGNN-INFO-Start training
2020-01-05 05:54:10,528-OCGNN-INFO-dropout:0.5, nu:0.1,seed:46,lr:0.01,self-loop:True,norm:True
2020-01-05 05:54:10,528-OCGNN-INFO-n-epochs:10000, n-hidden:64,n-layers:3,weight-decay:0.01
2020-01-05 05:54:23,076-OCGNN-INFO-Current epoch: 551 Test AUROC 0.5000 | Test AUPRC 0.4999
2020-01-05 05:54:23,076-OCGNN-INFO-Test f1:0.6666,acc:0.4999,pre:0.4999,recall:1.0
2020-01-05 05:54:23,076-OCGNN-INFO-

2020-01-05 05:54:27,905-OCGNN-INFO-Start training
2020-01-05 05:54:27,906-OCGNN-INFO-dropout:0.5, nu:0.1,seed:46,lr:0.001,self-loop:True,norm:True
2020-01-05 05:54:27,906-OCGNN-INFO-n-epochs:10000, n-hidden:64,n-layers:3,weight-decay:0.01
2020-01-05 05:55:29,338-OCGNN-INFO-Current epoch: 2598 Test AUROC 0.5684 | Test AUPRC 0.5753
2020-01-05 05:55:29,339-OCGNN-INFO-Test f1:0.5997,acc:0.5311,pre:0.5231,recall:0.7027
2020-01-05 05:55:29,339-OCGNN-INFO-

2020-01-05 05:55:34,186-OCGNN-INFO-Start training
2020-01-05 05:55:34,186-OCGNN-INFO-dropout:0.5, nu:0.1,seed:46,lr:0.0001,self-loop:True,norm:True
2020-01-05 05:55:34,186-OCGNN-INFO-n-epochs:10000, n-hidden:64,n-layers:3,weight-decay:0.01
2020-01-05 05:55:47,178-OCGNN-INFO-Current epoch: 551 Test AUROC 0.5864 | Test AUPRC 0.5887
2020-01-05 05:55:47,179-OCGNN-INFO-Test f1:0.6373,acc:0.5337,pre:0.5213,recall:0.8196
2020-01-05 05:55:47,179-OCGNN-INFO-

2020-01-05 05:55:51,906-OCGNN-INFO-Start training
2020-01-05 05:55:51,906-OCGNN-INFO-dropout:0.5, nu:0.1,seed:46,lr:0.01,self-loop:True,norm:True
2020-01-05 05:55:51,906-OCGNN-INFO-n-epochs:10000, n-hidden:64,n-layers:3,weight-decay:0.01
2020-01-05 05:56:04,654-OCGNN-INFO-Current epoch: 551 Test AUROC 0.5000 | Test AUPRC 0.4999
2020-01-05 05:56:04,654-OCGNN-INFO-Test f1:0.6666,acc:0.4999,pre:0.4999,recall:1.0
2020-01-05 05:56:04,654-OCGNN-INFO-

2020-01-05 05:56:09,197-OCGNN-INFO-Start training
2020-01-05 05:56:09,197-OCGNN-INFO-dropout:0.5, nu:0.1,seed:46,lr:0.001,self-loop:True,norm:True
2020-01-05 05:56:09,198-OCGNN-INFO-n-epochs:10000, n-hidden:64,n-layers:3,weight-decay:0.01
2020-01-05 05:57:09,915-OCGNN-INFO-Current epoch: 2598 Test AUROC 0.5684 | Test AUPRC 0.5753
2020-01-05 05:57:09,915-OCGNN-INFO-Test f1:0.5997,acc:0.5311,pre:0.5231,recall:0.7027
2020-01-05 05:57:09,915-OCGNN-INFO-

2020-01-05 05:57:14,605-OCGNN-INFO-Start training
2020-01-05 05:57:14,605-OCGNN-INFO-dropout:0.5, nu:0.1,seed:46,lr:0.0001,self-loop:True,norm:True
2020-01-05 05:57:14,605-OCGNN-INFO-n-epochs:10000, n-hidden:64,n-layers:3,weight-decay:0.01
2020-01-05 05:57:27,577-OCGNN-INFO-Current epoch: 551 Test AUROC 0.5864 | Test AUPRC 0.5887
2020-01-05 05:57:27,577-OCGNN-INFO-Test f1:0.6373,acc:0.5337,pre:0.5213,recall:0.8196
2020-01-05 05:57:27,577-OCGNN-INFO-

