2020-01-04 09:03:29,067-OCGNN-INFO-Start training
2020-01-04 09:03:29,067-OCGNN-INFO-dropout:0.5, nu:0.1,seed:46,lr:0.01,self-loop:False,morm:False
2020-01-04 09:03:29,067-OCGNN-INFO-n-epochs:10000, n-hidden:128,n-layers:1,weight-decay:0.0001
2020-01-04 09:03:38,749-OCGNN-INFO-Current epoch: 501 Test AUROC 0.8582 | Test AUPRC 0.8422
2020-01-04 09:03:38,749-OCGNN-INFO-Test f1:0.6654,acc:0.4986,pre:0.4986,recall:1.0
2020-01-04 09:03:38,749-OCGNN-INFO-

2020-01-04 09:03:42,749-OCGNN-INFO-Start training
2020-01-04 09:03:42,749-OCGNN-INFO-dropout:0.5, nu:0.1,seed:46,lr:0.001,self-loop:False,morm:False
2020-01-04 09:03:42,749-OCGNN-INFO-n-epochs:10000, n-hidden:128,n-layers:1,weight-decay:0.0001
2020-01-04 09:03:58,404-OCGNN-INFO-Current epoch: 687 Test AUROC 0.6997 | Test AUPRC 0.7643
2020-01-04 09:03:58,404-OCGNN-INFO-Test f1:0.6201,acc:0.6125,pre:0.6066,recall:0.6343
2020-01-04 09:03:58,404-OCGNN-INFO-

2020-01-04 09:04:02,405-OCGNN-INFO-Start training
2020-01-04 09:04:02,405-OCGNN-INFO-dropout:0.5, nu:0.1,seed:46,lr:0.0001,self-loop:False,morm:False
2020-01-04 09:04:02,405-OCGNN-INFO-n-epochs:10000, n-hidden:128,n-layers:1,weight-decay:0.0001
2020-01-04 09:04:49,816-OCGNN-INFO-Current epoch: 1869 Test AUROC 0.6020 | Test AUPRC 0.6312
2020-01-04 09:04:49,816-OCGNN-INFO-Test f1:0.3333,acc:0.5556,pre:0.661,recall:0.2229
2020-01-04 09:04:49,816-OCGNN-INFO-

2020-01-04 09:04:53,825-OCGNN-INFO-Start training
2020-01-04 09:04:53,825-OCGNN-INFO-dropout:0.5, nu:0.1,seed:46,lr:0.01,self-loop:False,morm:False
2020-01-04 09:04:53,825-OCGNN-INFO-n-epochs:10000, n-hidden:128,n-layers:2,weight-decay:0.0001
2020-01-04 09:05:05,689-OCGNN-INFO-Current epoch: 501 Test AUROC 0.5684 | Test AUPRC 0.6144
2020-01-04 09:05:05,690-OCGNN-INFO-Test f1:0.6654,acc:0.4986,pre:0.4986,recall:1.0
2020-01-04 09:05:05,690-OCGNN-INFO-

2020-01-04 09:05:09,728-OCGNN-INFO-Start training
2020-01-04 09:05:09,728-OCGNN-INFO-dropout:0.5, nu:0.1,seed:46,lr:0.001,self-loop:False,morm:False
2020-01-04 09:05:09,728-OCGNN-INFO-n-epochs:10000, n-hidden:128,n-layers:2,weight-decay:0.0001
2020-01-04 09:05:21,861-OCGNN-INFO-Current epoch: 505 Test AUROC 0.6001 | Test AUPRC 0.6039
2020-01-04 09:05:21,861-OCGNN-INFO-Test f1:0.6654,acc:0.4986,pre:0.4986,recall:1.0
2020-01-04 09:05:21,861-OCGNN-INFO-

2020-01-04 09:05:25,916-OCGNN-INFO-Start training
2020-01-04 09:05:25,916-OCGNN-INFO-dropout:0.5, nu:0.1,seed:46,lr:0.0001,self-loop:False,morm:False
2020-01-04 09:05:25,916-OCGNN-INFO-n-epochs:10000, n-hidden:128,n-layers:2,weight-decay:0.0001
2020-01-04 09:06:41,510-OCGNN-INFO-Current epoch: 2739 Test AUROC 0.6357 | Test AUPRC 0.6640
2020-01-04 09:06:41,510-OCGNN-INFO-Test f1:0.6744,acc:0.5185,pre:0.5087,recall:1.0
2020-01-04 09:06:41,510-OCGNN-INFO-

2020-01-04 09:06:45,620-OCGNN-INFO-Start training
2020-01-04 09:06:45,620-OCGNN-INFO-dropout:0.5, nu:0.1,seed:46,lr:0.01,self-loop:False,morm:False
2020-01-04 09:06:45,620-OCGNN-INFO-n-epochs:10000, n-hidden:128,n-layers:1,weight-decay:0.001
2020-01-04 09:06:55,371-OCGNN-INFO-Current epoch: 501 Test AUROC 0.8582 | Test AUPRC 0.8422
2020-01-04 09:06:55,371-OCGNN-INFO-Test f1:0.6654,acc:0.4986,pre:0.4986,recall:1.0
2020-01-04 09:06:55,371-OCGNN-INFO-

2020-01-04 09:06:59,374-OCGNN-INFO-Start training
2020-01-04 09:06:59,374-OCGNN-INFO-dropout:0.5, nu:0.1,seed:46,lr:0.001,self-loop:False,morm:False
2020-01-04 09:06:59,374-OCGNN-INFO-n-epochs:10000, n-hidden:128,n-layers:1,weight-decay:0.001
2020-01-04 09:07:15,104-OCGNN-INFO-Current epoch: 687 Test AUROC 0.6998 | Test AUPRC 0.7643
2020-01-04 09:07:15,104-OCGNN-INFO-Test f1:0.6201,acc:0.6125,pre:0.6066,recall:0.6343
2020-01-04 09:07:15,104-OCGNN-INFO-

2020-01-04 09:07:19,154-OCGNN-INFO-Start training
2020-01-04 09:07:19,154-OCGNN-INFO-dropout:0.5, nu:0.1,seed:46,lr:0.0001,self-loop:False,morm:False
2020-01-04 09:07:19,155-OCGNN-INFO-n-epochs:10000, n-hidden:128,n-layers:1,weight-decay:0.001
2020-01-04 09:08:01,070-OCGNN-INFO-Current epoch: 1893 Test AUROC 0.6008 | Test AUPRC 0.6305
2020-01-04 09:08:01,070-OCGNN-INFO-Test f1:0.3262,acc:0.5527,pre:0.6552,recall:0.2171
2020-01-04 09:08:01,070-OCGNN-INFO-

2020-01-04 09:08:05,273-OCGNN-INFO-Start training
2020-01-04 09:08:05,273-OCGNN-INFO-dropout:0.5, nu:0.1,seed:46,lr:0.01,self-loop:False,morm:False
2020-01-04 09:08:05,273-OCGNN-INFO-n-epochs:10000, n-hidden:128,n-layers:2,weight-decay:0.001
2020-01-04 09:08:17,299-OCGNN-INFO-Current epoch: 501 Test AUROC 0.5684 | Test AUPRC 0.6144
2020-01-04 09:08:17,299-OCGNN-INFO-Test f1:0.6654,acc:0.4986,pre:0.4986,recall:1.0
2020-01-04 09:08:17,299-OCGNN-INFO-

2020-01-04 09:08:21,366-OCGNN-INFO-Start training
2020-01-04 09:08:21,367-OCGNN-INFO-dropout:0.5, nu:0.1,seed:46,lr:0.001,self-loop:False,morm:False
2020-01-04 09:08:21,367-OCGNN-INFO-n-epochs:10000, n-hidden:128,n-layers:2,weight-decay:0.001
2020-01-04 09:08:33,369-OCGNN-INFO-Current epoch: 505 Test AUROC 0.6002 | Test AUPRC 0.6039
2020-01-04 09:08:33,369-OCGNN-INFO-Test f1:0.6654,acc:0.4986,pre:0.4986,recall:1.0
2020-01-04 09:08:33,369-OCGNN-INFO-

2020-01-04 09:08:37,321-OCGNN-INFO-Start training
2020-01-04 09:08:37,321-OCGNN-INFO-dropout:0.5, nu:0.1,seed:46,lr:0.0001,self-loop:False,morm:False
2020-01-04 09:08:37,321-OCGNN-INFO-n-epochs:10000, n-hidden:128,n-layers:2,weight-decay:0.001
2020-01-04 09:09:54,129-OCGNN-INFO-Current epoch: 2679 Test AUROC 0.6370 | Test AUPRC 0.6622
2020-01-04 09:09:54,130-OCGNN-INFO-Test f1:0.6718,acc:0.5128,pre:0.5058,recall:1.0
2020-01-04 09:09:54,130-OCGNN-INFO-

2020-01-04 09:09:58,088-OCGNN-INFO-Start training
2020-01-04 09:09:58,088-OCGNN-INFO-dropout:0.5, nu:0.1,seed:46,lr:0.01,self-loop:False,morm:False
2020-01-04 09:09:58,088-OCGNN-INFO-n-epochs:10000, n-hidden:128,n-layers:1,weight-decay:0.01
2020-01-04 09:10:07,917-OCGNN-INFO-Current epoch: 501 Test AUROC 0.8582 | Test AUPRC 0.8422
2020-01-04 09:10:07,917-OCGNN-INFO-Test f1:0.6654,acc:0.4986,pre:0.4986,recall:1.0
2020-01-04 09:10:07,917-OCGNN-INFO-

2020-01-04 09:10:11,927-OCGNN-INFO-Start training
2020-01-04 09:10:11,928-OCGNN-INFO-dropout:0.5, nu:0.1,seed:46,lr:0.001,self-loop:False,morm:False
2020-01-04 09:10:11,928-OCGNN-INFO-n-epochs:10000, n-hidden:128,n-layers:1,weight-decay:0.01
2020-01-04 09:10:26,311-OCGNN-INFO-Current epoch: 659 Test AUROC 0.7181 | Test AUPRC 0.7742
2020-01-04 09:10:26,311-OCGNN-INFO-Test f1:0.6597,acc:0.6296,pre:0.6087,recall:0.72
2020-01-04 09:10:26,311-OCGNN-INFO-

2020-01-04 09:10:30,506-OCGNN-INFO-Start training
2020-01-04 09:10:30,506-OCGNN-INFO-dropout:0.5, nu:0.1,seed:46,lr:0.0001,self-loop:False,morm:False
2020-01-04 09:10:30,507-OCGNN-INFO-n-epochs:10000, n-hidden:128,n-layers:1,weight-decay:0.01
2020-01-04 09:11:13,355-OCGNN-INFO-Current epoch: 1912 Test AUROC 0.6011 | Test AUPRC 0.6305
2020-01-04 09:11:13,355-OCGNN-INFO-Test f1:0.3333,acc:0.5556,pre:0.661,recall:0.2229
2020-01-04 09:11:13,355-OCGNN-INFO-

2020-01-04 09:11:17,481-OCGNN-INFO-Start training
2020-01-04 09:11:17,482-OCGNN-INFO-dropout:0.5, nu:0.1,seed:46,lr:0.01,self-loop:False,morm:False
2020-01-04 09:11:17,482-OCGNN-INFO-n-epochs:10000, n-hidden:128,n-layers:2,weight-decay:0.01
2020-01-04 09:11:29,417-OCGNN-INFO-Current epoch: 501 Test AUROC 0.5684 | Test AUPRC 0.6144
2020-01-04 09:11:29,417-OCGNN-INFO-Test f1:0.6654,acc:0.4986,pre:0.4986,recall:1.0
2020-01-04 09:11:29,417-OCGNN-INFO-

2020-01-04 09:11:33,346-OCGNN-INFO-Start training
2020-01-04 09:11:33,346-OCGNN-INFO-dropout:0.5, nu:0.1,seed:46,lr:0.001,self-loop:False,morm:False
2020-01-04 09:11:33,346-OCGNN-INFO-n-epochs:10000, n-hidden:128,n-layers:2,weight-decay:0.01
2020-01-04 09:11:45,239-OCGNN-INFO-Current epoch: 505 Test AUROC 0.6001 | Test AUPRC 0.6039
2020-01-04 09:11:45,239-OCGNN-INFO-Test f1:0.6654,acc:0.4986,pre:0.4986,recall:1.0
2020-01-04 09:11:45,239-OCGNN-INFO-

2020-01-04 09:11:49,135-OCGNN-INFO-Start training
2020-01-04 09:11:49,135-OCGNN-INFO-dropout:0.5, nu:0.1,seed:46,lr:0.0001,self-loop:False,morm:False
2020-01-04 09:11:49,136-OCGNN-INFO-n-epochs:10000, n-hidden:128,n-layers:2,weight-decay:0.01
2020-01-04 09:13:11,014-OCGNN-INFO-Current epoch: 2764 Test AUROC 0.6386 | Test AUPRC 0.6727
2020-01-04 09:13:11,015-OCGNN-INFO-Test f1:0.6654,acc:0.4986,pre:0.4986,recall:1.0
2020-01-04 09:13:11,015-OCGNN-INFO-

2020-01-04 09:13:15,175-OCGNN-INFO-Start training
2020-01-04 09:13:15,175-OCGNN-INFO-dropout:0.5, nu:0.1,seed:46,lr:0.01,self-loop:False,morm:False
2020-01-04 09:13:15,175-OCGNN-INFO-n-epochs:10000, n-hidden:64,n-layers:1,weight-decay:0.0001
2020-01-04 09:13:23,464-OCGNN-INFO-Current epoch: 506 Test AUROC 0.8477 | Test AUPRC 0.8358
2020-01-04 09:13:23,464-OCGNN-INFO-Test f1:0.6654,acc:0.4986,pre:0.4986,recall:1.0
2020-01-04 09:13:23,464-OCGNN-INFO-

2020-01-04 09:13:27,750-OCGNN-INFO-Start training
2020-01-04 09:13:27,750-OCGNN-INFO-dropout:0.5, nu:0.1,seed:46,lr:0.001,self-loop:False,morm:False
2020-01-04 09:13:27,750-OCGNN-INFO-n-epochs:10000, n-hidden:64,n-layers:1,weight-decay:0.0001
2020-01-04 09:13:39,507-OCGNN-INFO-Current epoch: 644 Test AUROC 0.6493 | Test AUPRC 0.6810
2020-01-04 09:13:39,507-OCGNN-INFO-Test f1:0.5325,acc:0.5897,pre:0.6165,recall:0.4686
2020-01-04 09:13:39,507-OCGNN-INFO-

2020-01-04 09:13:43,675-OCGNN-INFO-Start training
2020-01-04 09:13:43,675-OCGNN-INFO-dropout:0.5, nu:0.1,seed:46,lr:0.0001,self-loop:False,morm:False
2020-01-04 09:13:43,675-OCGNN-INFO-n-epochs:10000, n-hidden:64,n-layers:1,weight-decay:0.0001
2020-01-04 09:13:51,711-OCGNN-INFO-Current epoch: 500 Test AUROC 0.4387 | Test AUPRC 0.4684
2020-01-04 09:13:51,711-OCGNN-INFO-Test f1:0.6654,acc:0.4986,pre:0.4986,recall:1.0
2020-01-04 09:13:51,711-OCGNN-INFO-

2020-01-04 09:13:56,117-OCGNN-INFO-Start training
2020-01-04 09:13:56,117-OCGNN-INFO-dropout:0.5, nu:0.1,seed:46,lr:0.01,self-loop:False,morm:False
2020-01-04 09:13:56,117-OCGNN-INFO-n-epochs:10000, n-hidden:64,n-layers:2,weight-decay:0.0001
2020-01-04 09:14:05,485-OCGNN-INFO-Current epoch: 503 Test AUROC 0.6087 | Test AUPRC 0.6503
2020-01-04 09:14:05,485-OCGNN-INFO-Test f1:0.6654,acc:0.4986,pre:0.4986,recall:1.0
2020-01-04 09:14:05,485-OCGNN-INFO-

2020-01-04 09:14:09,558-OCGNN-INFO-Start training
2020-01-04 09:14:09,558-OCGNN-INFO-dropout:0.5, nu:0.1,seed:46,lr:0.001,self-loop:False,morm:False
2020-01-04 09:14:09,558-OCGNN-INFO-n-epochs:10000, n-hidden:64,n-layers:2,weight-decay:0.0001
2020-01-04 09:14:30,990-OCGNN-INFO-Current epoch: 986 Test AUROC 0.7026 | Test AUPRC 0.7340
2020-01-04 09:14:30,990-OCGNN-INFO-Test f1:0.6654,acc:0.4986,pre:0.4986,recall:1.0
2020-01-04 09:14:30,990-OCGNN-INFO-

2020-01-04 09:14:34,939-OCGNN-INFO-Start training
2020-01-04 09:14:34,939-OCGNN-INFO-dropout:0.5, nu:0.1,seed:46,lr:0.0001,self-loop:False,morm:False
2020-01-04 09:14:34,939-OCGNN-INFO-n-epochs:10000, n-hidden:64,n-layers:2,weight-decay:0.0001
2020-01-04 09:14:47,097-OCGNN-INFO-Current epoch: 680 Test AUROC 0.5208 | Test AUPRC 0.5480
2020-01-04 09:14:47,097-OCGNN-INFO-Test f1:0.6654,acc:0.4986,pre:0.4986,recall:1.0
2020-01-04 09:14:47,097-OCGNN-INFO-

2020-01-04 09:14:51,207-OCGNN-INFO-Start training
2020-01-04 09:14:51,207-OCGNN-INFO-dropout:0.5, nu:0.1,seed:46,lr:0.01,self-loop:False,morm:False
2020-01-04 09:14:51,207-OCGNN-INFO-n-epochs:10000, n-hidden:64,n-layers:1,weight-decay:0.001
2020-01-04 09:14:59,411-OCGNN-INFO-Current epoch: 506 Test AUROC 0.8477 | Test AUPRC 0.8358
2020-01-04 09:14:59,411-OCGNN-INFO-Test f1:0.6654,acc:0.4986,pre:0.4986,recall:1.0
2020-01-04 09:14:59,411-OCGNN-INFO-

2020-01-04 09:15:03,352-OCGNN-INFO-Start training
2020-01-04 09:15:03,352-OCGNN-INFO-dropout:0.5, nu:0.1,seed:46,lr:0.001,self-loop:False,morm:False
2020-01-04 09:15:03,352-OCGNN-INFO-n-epochs:10000, n-hidden:64,n-layers:1,weight-decay:0.001
2020-01-04 09:15:13,612-OCGNN-INFO-Current epoch: 644 Test AUROC 0.6496 | Test AUPRC 0.6812
2020-01-04 09:15:13,612-OCGNN-INFO-Test f1:0.5325,acc:0.5897,pre:0.6165,recall:0.4686
2020-01-04 09:15:13,612-OCGNN-INFO-

2020-01-04 09:15:17,502-OCGNN-INFO-Start training
2020-01-04 09:15:17,502-OCGNN-INFO-dropout:0.5, nu:0.1,seed:46,lr:0.0001,self-loop:False,morm:False
2020-01-04 09:15:17,502-OCGNN-INFO-n-epochs:10000, n-hidden:64,n-layers:1,weight-decay:0.001
2020-01-04 09:15:25,473-OCGNN-INFO-Current epoch: 500 Test AUROC 0.4387 | Test AUPRC 0.4684
2020-01-04 09:15:25,473-OCGNN-INFO-Test f1:0.6654,acc:0.4986,pre:0.4986,recall:1.0
2020-01-04 09:15:25,473-OCGNN-INFO-

2020-01-04 09:15:29,468-OCGNN-INFO-Start training
2020-01-04 09:15:29,468-OCGNN-INFO-dropout:0.5, nu:0.1,seed:46,lr:0.01,self-loop:False,morm:False
2020-01-04 09:15:29,468-OCGNN-INFO-n-epochs:10000, n-hidden:64,n-layers:2,weight-decay:0.001
2020-01-04 09:15:38,565-OCGNN-INFO-Current epoch: 503 Test AUROC 0.6088 | Test AUPRC 0.6503
2020-01-04 09:15:38,565-OCGNN-INFO-Test f1:0.6654,acc:0.4986,pre:0.4986,recall:1.0
2020-01-04 09:15:38,565-OCGNN-INFO-

2020-01-04 09:15:42,481-OCGNN-INFO-Start training
2020-01-04 09:15:42,481-OCGNN-INFO-dropout:0.5, nu:0.1,seed:46,lr:0.001,self-loop:False,morm:False
2020-01-04 09:15:42,481-OCGNN-INFO-n-epochs:10000, n-hidden:64,n-layers:2,weight-decay:0.001
2020-01-04 09:16:01,745-OCGNN-INFO-Current epoch: 987 Test AUROC 0.7027 | Test AUPRC 0.7345
2020-01-04 09:16:01,745-OCGNN-INFO-Test f1:0.6654,acc:0.4986,pre:0.4986,recall:1.0
2020-01-04 09:16:01,745-OCGNN-INFO-

2020-01-04 09:16:05,845-OCGNN-INFO-Start training
2020-01-04 09:16:05,845-OCGNN-INFO-dropout:0.5, nu:0.1,seed:46,lr:0.0001,self-loop:False,morm:False
2020-01-04 09:16:05,845-OCGNN-INFO-n-epochs:10000, n-hidden:64,n-layers:2,weight-decay:0.001
2020-01-04 09:16:18,005-OCGNN-INFO-Current epoch: 680 Test AUROC 0.5208 | Test AUPRC 0.5480
2020-01-04 09:16:18,005-OCGNN-INFO-Test f1:0.6654,acc:0.4986,pre:0.4986,recall:1.0
2020-01-04 09:16:18,005-OCGNN-INFO-

2020-01-04 09:16:21,884-OCGNN-INFO-Start training
2020-01-04 09:16:21,884-OCGNN-INFO-dropout:0.5, nu:0.1,seed:46,lr:0.01,self-loop:False,morm:False
2020-01-04 09:16:21,884-OCGNN-INFO-n-epochs:10000, n-hidden:64,n-layers:1,weight-decay:0.01
2020-01-04 09:16:30,035-OCGNN-INFO-Current epoch: 506 Test AUROC 0.8476 | Test AUPRC 0.8358
2020-01-04 09:16:30,035-OCGNN-INFO-Test f1:0.6654,acc:0.4986,pre:0.4986,recall:1.0
2020-01-04 09:16:30,035-OCGNN-INFO-

2020-01-04 09:16:34,055-OCGNN-INFO-Start training
2020-01-04 09:16:34,055-OCGNN-INFO-dropout:0.5, nu:0.1,seed:46,lr:0.001,self-loop:False,morm:False
2020-01-04 09:16:34,055-OCGNN-INFO-n-epochs:10000, n-hidden:64,n-layers:1,weight-decay:0.01
2020-01-04 09:16:45,061-OCGNN-INFO-Current epoch: 644 Test AUROC 0.6498 | Test AUPRC 0.6796
2020-01-04 09:16:45,061-OCGNN-INFO-Test f1:0.5294,acc:0.5897,pre:0.6183,recall:0.4629
2020-01-04 09:16:45,061-OCGNN-INFO-

2020-01-04 09:16:49,049-OCGNN-INFO-Start training
2020-01-04 09:16:49,049-OCGNN-INFO-dropout:0.5, nu:0.1,seed:46,lr:0.0001,self-loop:False,morm:False
2020-01-04 09:16:49,049-OCGNN-INFO-n-epochs:10000, n-hidden:64,n-layers:1,weight-decay:0.01
2020-01-04 09:16:57,076-OCGNN-INFO-Current epoch: 500 Test AUROC 0.4387 | Test AUPRC 0.4684
2020-01-04 09:16:57,076-OCGNN-INFO-Test f1:0.6654,acc:0.4986,pre:0.4986,recall:1.0
2020-01-04 09:16:57,076-OCGNN-INFO-

2020-01-04 09:17:01,095-OCGNN-INFO-Start training
2020-01-04 09:17:01,095-OCGNN-INFO-dropout:0.5, nu:0.1,seed:46,lr:0.01,self-loop:False,morm:False
2020-01-04 09:17:01,095-OCGNN-INFO-n-epochs:10000, n-hidden:64,n-layers:2,weight-decay:0.01
2020-01-04 09:17:10,315-OCGNN-INFO-Current epoch: 503 Test AUROC 0.6088 | Test AUPRC 0.6503
2020-01-04 09:17:10,315-OCGNN-INFO-Test f1:0.6654,acc:0.4986,pre:0.4986,recall:1.0
2020-01-04 09:17:10,315-OCGNN-INFO-

2020-01-04 09:17:14,276-OCGNN-INFO-Start training
2020-01-04 09:17:14,276-OCGNN-INFO-dropout:0.5, nu:0.1,seed:46,lr:0.001,self-loop:False,morm:False
2020-01-04 09:17:14,276-OCGNN-INFO-n-epochs:10000, n-hidden:64,n-layers:2,weight-decay:0.01
2020-01-04 09:17:34,556-OCGNN-INFO-Current epoch: 997 Test AUROC 0.6989 | Test AUPRC 0.7289
2020-01-04 09:17:34,556-OCGNN-INFO-Test f1:0.6654,acc:0.4986,pre:0.4986,recall:1.0
2020-01-04 09:17:34,556-OCGNN-INFO-

2020-01-04 09:17:38,527-OCGNN-INFO-Start training
2020-01-04 09:17:38,527-OCGNN-INFO-dropout:0.5, nu:0.1,seed:46,lr:0.0001,self-loop:False,morm:False
2020-01-04 09:17:38,527-OCGNN-INFO-n-epochs:10000, n-hidden:64,n-layers:2,weight-decay:0.01
2020-01-04 09:17:50,995-OCGNN-INFO-Current epoch: 679 Test AUROC 0.5209 | Test AUPRC 0.5484
2020-01-04 09:17:50,995-OCGNN-INFO-Test f1:0.6654,acc:0.4986,pre:0.4986,recall:1.0
2020-01-04 09:17:50,995-OCGNN-INFO-

2020-01-05 05:29:50,407-OCGNN-INFO-Start training
2020-01-05 05:29:50,407-OCGNN-INFO-dropout:0.5, nu:0.1,seed:46,lr:0.01,self-loop:False,norm:False
2020-01-05 05:29:50,407-OCGNN-INFO-n-epochs:10000, n-hidden:128,n-layers:1,weight-decay:0.0001
2020-01-05 05:30:01,032-OCGNN-INFO-Current epoch: 551 Test AUROC 0.5314 | Test AUPRC 0.5316
2020-01-05 05:30:01,032-OCGNN-INFO-Test f1:0.6629,acc:0.4957,pre:0.4971,recall:0.9943
2020-01-05 05:30:01,032-OCGNN-INFO-

2020-01-05 05:30:05,095-OCGNN-INFO-Start training
2020-01-05 05:30:05,095-OCGNN-INFO-dropout:0.5, nu:0.1,seed:46,lr:0.001,self-loop:False,norm:False
2020-01-05 05:30:05,095-OCGNN-INFO-n-epochs:10000, n-hidden:128,n-layers:1,weight-decay:0.0001
2020-01-05 05:30:20,722-OCGNN-INFO-Current epoch: 687 Test AUROC 0.6997 | Test AUPRC 0.7643
2020-01-05 05:30:20,723-OCGNN-INFO-Test f1:0.6201,acc:0.6125,pre:0.6066,recall:0.6343
2020-01-05 05:30:20,723-OCGNN-INFO-

2020-01-05 05:30:24,724-OCGNN-INFO-Start training
2020-01-05 05:30:24,724-OCGNN-INFO-dropout:0.5, nu:0.1,seed:46,lr:0.0001,self-loop:False,norm:False
2020-01-05 05:30:24,724-OCGNN-INFO-n-epochs:10000, n-hidden:128,n-layers:1,weight-decay:0.0001
2020-01-05 05:31:10,669-OCGNN-INFO-Current epoch: 1869 Test AUROC 0.6020 | Test AUPRC 0.6312
2020-01-05 05:31:10,669-OCGNN-INFO-Test f1:0.3333,acc:0.5556,pre:0.661,recall:0.2229
2020-01-05 05:31:10,669-OCGNN-INFO-

2020-01-05 05:31:14,612-OCGNN-INFO-Start training
2020-01-05 05:31:14,612-OCGNN-INFO-dropout:0.5, nu:0.1,seed:46,lr:0.01,self-loop:False,norm:False
2020-01-05 05:31:14,612-OCGNN-INFO-n-epochs:10000, n-hidden:128,n-layers:2,weight-decay:0.0001
2020-01-05 05:31:27,800-OCGNN-INFO-Current epoch: 551 Test AUROC 0.5167 | Test AUPRC 0.5137
2020-01-05 05:31:27,800-OCGNN-INFO-Test f1:0.1128,acc:0.5071,pre:0.55,recall:0.0629
2020-01-05 05:31:27,800-OCGNN-INFO-

2020-01-05 05:31:32,387-OCGNN-INFO-Start training
2020-01-05 05:31:32,387-OCGNN-INFO-dropout:0.5, nu:0.1,seed:46,lr:0.001,self-loop:False,norm:False
2020-01-05 05:31:32,387-OCGNN-INFO-n-epochs:10000, n-hidden:128,n-layers:2,weight-decay:0.0001
2020-01-05 05:32:12,777-OCGNN-INFO-Current epoch: 1543 Test AUROC 0.6814 | Test AUPRC 0.6955
2020-01-05 05:32:12,777-OCGNN-INFO-Test f1:0.6754,acc:0.5755,pre:0.5458,recall:0.8857
2020-01-05 05:32:12,777-OCGNN-INFO-

2020-01-05 05:32:16,716-OCGNN-INFO-Start training
2020-01-05 05:32:16,717-OCGNN-INFO-dropout:0.5, nu:0.1,seed:46,lr:0.0001,self-loop:False,norm:False
2020-01-05 05:32:16,717-OCGNN-INFO-n-epochs:10000, n-hidden:128,n-layers:2,weight-decay:0.0001
2020-01-05 05:33:35,693-OCGNN-INFO-Current epoch: 2739 Test AUROC 0.6357 | Test AUPRC 0.6640
2020-01-05 05:33:35,693-OCGNN-INFO-Test f1:0.6744,acc:0.5185,pre:0.5087,recall:1.0
2020-01-05 05:33:35,693-OCGNN-INFO-

2020-01-05 05:33:39,664-OCGNN-INFO-Start training
2020-01-05 05:33:39,664-OCGNN-INFO-dropout:0.5, nu:0.1,seed:46,lr:0.01,self-loop:False,norm:False
2020-01-05 05:33:39,664-OCGNN-INFO-n-epochs:10000, n-hidden:128,n-layers:1,weight-decay:0.001
2020-01-05 05:33:50,249-OCGNN-INFO-Current epoch: 551 Test AUROC 0.5314 | Test AUPRC 0.5316
2020-01-05 05:33:50,249-OCGNN-INFO-Test f1:0.6629,acc:0.4957,pre:0.4971,recall:0.9943
2020-01-05 05:33:50,249-OCGNN-INFO-

2020-01-05 05:33:54,131-OCGNN-INFO-Start training
2020-01-05 05:33:54,131-OCGNN-INFO-dropout:0.5, nu:0.1,seed:46,lr:0.001,self-loop:False,norm:False
2020-01-05 05:33:54,131-OCGNN-INFO-n-epochs:10000, n-hidden:128,n-layers:1,weight-decay:0.001
2020-01-05 05:34:07,427-OCGNN-INFO-Current epoch: 687 Test AUROC 0.6998 | Test AUPRC 0.7643
2020-01-05 05:34:07,428-OCGNN-INFO-Test f1:0.6201,acc:0.6125,pre:0.6066,recall:0.6343
2020-01-05 05:34:07,428-OCGNN-INFO-

2020-01-05 05:34:11,261-OCGNN-INFO-Start training
2020-01-05 05:34:11,261-OCGNN-INFO-dropout:0.5, nu:0.1,seed:46,lr:0.0001,self-loop:False,norm:False
2020-01-05 05:34:11,261-OCGNN-INFO-n-epochs:10000, n-hidden:128,n-layers:1,weight-decay:0.001
2020-01-05 05:34:55,183-OCGNN-INFO-Current epoch: 1893 Test AUROC 0.6008 | Test AUPRC 0.6305
2020-01-05 05:34:55,183-OCGNN-INFO-Test f1:0.3262,acc:0.5527,pre:0.6552,recall:0.2171
2020-01-05 05:34:55,183-OCGNN-INFO-

2020-01-05 05:34:59,082-OCGNN-INFO-Start training
2020-01-05 05:34:59,082-OCGNN-INFO-dropout:0.5, nu:0.1,seed:46,lr:0.01,self-loop:False,norm:False
2020-01-05 05:34:59,082-OCGNN-INFO-n-epochs:10000, n-hidden:128,n-layers:2,weight-decay:0.001
2020-01-05 05:35:12,027-OCGNN-INFO-Current epoch: 551 Test AUROC 0.5299 | Test AUPRC 0.5202
2020-01-05 05:35:12,028-OCGNN-INFO-Test f1:0.1313,acc:0.51,pre:0.5652,recall:0.0743
2020-01-05 05:35:12,028-OCGNN-INFO-

2020-01-05 05:35:16,111-OCGNN-INFO-Start training
2020-01-05 05:35:16,111-OCGNN-INFO-dropout:0.5, nu:0.1,seed:46,lr:0.001,self-loop:False,norm:False
2020-01-05 05:35:16,111-OCGNN-INFO-n-epochs:10000, n-hidden:128,n-layers:2,weight-decay:0.001
2020-01-05 05:35:56,229-OCGNN-INFO-Current epoch: 1548 Test AUROC 0.6725 | Test AUPRC 0.6878
2020-01-05 05:35:56,229-OCGNN-INFO-Test f1:0.68,acc:0.5897,pre:0.5564,recall:0.8743
2020-01-05 05:35:56,229-OCGNN-INFO-

2020-01-05 05:36:00,150-OCGNN-INFO-Start training
2020-01-05 05:36:00,151-OCGNN-INFO-dropout:0.5, nu:0.1,seed:46,lr:0.0001,self-loop:False,norm:False
2020-01-05 05:36:00,151-OCGNN-INFO-n-epochs:10000, n-hidden:128,n-layers:2,weight-decay:0.001
2020-01-05 05:37:18,198-OCGNN-INFO-Current epoch: 2679 Test AUROC 0.6370 | Test AUPRC 0.6622
2020-01-05 05:37:18,199-OCGNN-INFO-Test f1:0.6718,acc:0.5128,pre:0.5058,recall:1.0
2020-01-05 05:37:18,199-OCGNN-INFO-

2020-01-05 05:37:22,140-OCGNN-INFO-Start training
2020-01-05 05:37:22,140-OCGNN-INFO-dropout:0.5, nu:0.1,seed:46,lr:0.01,self-loop:False,norm:False
2020-01-05 05:37:22,140-OCGNN-INFO-n-epochs:10000, n-hidden:128,n-layers:1,weight-decay:0.01
2020-01-05 05:37:32,996-OCGNN-INFO-Current epoch: 551 Test AUROC 0.5343 | Test AUPRC 0.5330
2020-01-05 05:37:32,996-OCGNN-INFO-Test f1:0.6654,acc:0.4986,pre:0.4986,recall:1.0
2020-01-05 05:37:32,996-OCGNN-INFO-

2020-01-05 05:37:36,865-OCGNN-INFO-Start training
2020-01-05 05:37:36,865-OCGNN-INFO-dropout:0.5, nu:0.1,seed:46,lr:0.001,self-loop:False,norm:False
2020-01-05 05:37:36,865-OCGNN-INFO-n-epochs:10000, n-hidden:128,n-layers:1,weight-decay:0.01
2020-01-05 05:37:50,551-OCGNN-INFO-Current epoch: 659 Test AUROC 0.7181 | Test AUPRC 0.7742
2020-01-05 05:37:50,551-OCGNN-INFO-Test f1:0.6597,acc:0.6296,pre:0.6087,recall:0.72
2020-01-05 05:37:50,551-OCGNN-INFO-

2020-01-05 05:37:54,630-OCGNN-INFO-Start training
2020-01-05 05:37:54,630-OCGNN-INFO-dropout:0.5, nu:0.1,seed:46,lr:0.0001,self-loop:False,norm:False
2020-01-05 05:37:54,630-OCGNN-INFO-n-epochs:10000, n-hidden:128,n-layers:1,weight-decay:0.01
2020-01-05 05:38:42,831-OCGNN-INFO-Current epoch: 1912 Test AUROC 0.6011 | Test AUPRC 0.6305
2020-01-05 05:38:42,831-OCGNN-INFO-Test f1:0.3333,acc:0.5556,pre:0.661,recall:0.2229
2020-01-05 05:38:42,831-OCGNN-INFO-

2020-01-05 05:38:46,794-OCGNN-INFO-Start training
2020-01-05 05:38:46,794-OCGNN-INFO-dropout:0.5, nu:0.1,seed:46,lr:0.01,self-loop:False,norm:False
2020-01-05 05:38:46,794-OCGNN-INFO-n-epochs:10000, n-hidden:128,n-layers:2,weight-decay:0.01
2020-01-05 05:38:59,827-OCGNN-INFO-Current epoch: 551 Test AUROC 0.4807 | Test AUPRC 0.5085
2020-01-05 05:38:59,827-OCGNN-INFO-Test f1:0.1422,acc:0.4843,pre:0.4167,recall:0.0857
2020-01-05 05:38:59,828-OCGNN-INFO-

2020-01-05 05:39:03,691-OCGNN-INFO-Start training
2020-01-05 05:39:03,691-OCGNN-INFO-dropout:0.5, nu:0.1,seed:46,lr:0.001,self-loop:False,norm:False
2020-01-05 05:39:03,691-OCGNN-INFO-n-epochs:10000, n-hidden:128,n-layers:2,weight-decay:0.01
2020-01-05 05:39:42,335-OCGNN-INFO-Current epoch: 1484 Test AUROC 0.6908 | Test AUPRC 0.6953
2020-01-05 05:39:42,335-OCGNN-INFO-Test f1:0.6772,acc:0.5328,pre:0.5165,recall:0.9829
2020-01-05 05:39:42,335-OCGNN-INFO-

2020-01-05 05:39:46,559-OCGNN-INFO-Start training
2020-01-05 05:39:46,559-OCGNN-INFO-dropout:0.5, nu:0.1,seed:46,lr:0.0001,self-loop:False,norm:False
2020-01-05 05:39:46,559-OCGNN-INFO-n-epochs:10000, n-hidden:128,n-layers:2,weight-decay:0.01
2020-01-05 05:41:08,904-OCGNN-INFO-Current epoch: 2764 Test AUROC 0.6386 | Test AUPRC 0.6727
2020-01-05 05:41:08,904-OCGNN-INFO-Test f1:0.6654,acc:0.4986,pre:0.4986,recall:1.0
2020-01-05 05:41:08,904-OCGNN-INFO-

2020-01-05 05:41:12,731-OCGNN-INFO-Start training
2020-01-05 05:41:12,731-OCGNN-INFO-dropout:0.5, nu:0.1,seed:46,lr:0.01,self-loop:False,norm:False
2020-01-05 05:41:12,731-OCGNN-INFO-n-epochs:10000, n-hidden:64,n-layers:1,weight-decay:0.0001
2020-01-05 05:41:21,656-OCGNN-INFO-Current epoch: 555 Test AUROC 0.5787 | Test AUPRC 0.5862
2020-01-05 05:41:21,656-OCGNN-INFO-Test f1:0.2967,acc:0.5812,pre:0.9118,recall:0.1771
2020-01-05 05:41:21,656-OCGNN-INFO-

2020-01-05 05:41:25,479-OCGNN-INFO-Start training
2020-01-05 05:41:25,479-OCGNN-INFO-dropout:0.5, nu:0.1,seed:46,lr:0.001,self-loop:False,norm:False
2020-01-05 05:41:25,479-OCGNN-INFO-n-epochs:10000, n-hidden:64,n-layers:1,weight-decay:0.0001
2020-01-05 05:41:37,295-OCGNN-INFO-Current epoch: 644 Test AUROC 0.6493 | Test AUPRC 0.6810
2020-01-05 05:41:37,295-OCGNN-INFO-Test f1:0.5325,acc:0.5897,pre:0.6165,recall:0.4686
2020-01-05 05:41:37,295-OCGNN-INFO-

2020-01-05 05:41:41,364-OCGNN-INFO-Start training
2020-01-05 05:41:41,365-OCGNN-INFO-dropout:0.5, nu:0.1,seed:46,lr:0.0001,self-loop:False,norm:False
2020-01-05 05:41:41,365-OCGNN-INFO-n-epochs:10000, n-hidden:64,n-layers:1,weight-decay:0.0001
2020-01-05 05:42:03,837-OCGNN-INFO-Current epoch: 1284 Test AUROC 0.5444 | Test AUPRC 0.5700
2020-01-05 05:42:03,837-OCGNN-INFO-Test f1:0.2311,acc:0.5071,pre:0.52,recall:0.1486
2020-01-05 05:42:03,837-OCGNN-INFO-

2020-01-05 05:42:07,646-OCGNN-INFO-Start training
2020-01-05 05:42:07,646-OCGNN-INFO-dropout:0.5, nu:0.1,seed:46,lr:0.01,self-loop:False,norm:False
2020-01-05 05:42:07,646-OCGNN-INFO-n-epochs:10000, n-hidden:64,n-layers:2,weight-decay:0.0001
2020-01-05 05:42:17,954-OCGNN-INFO-Current epoch: 568 Test AUROC 0.5171 | Test AUPRC 0.5449
2020-01-05 05:42:17,954-OCGNN-INFO-Test f1:0.3065,acc:0.51,pre:0.5205,recall:0.2171
2020-01-05 05:42:17,954-OCGNN-INFO-

2020-01-05 05:42:21,896-OCGNN-INFO-Start training
2020-01-05 05:42:21,896-OCGNN-INFO-dropout:0.5, nu:0.1,seed:46,lr:0.001,self-loop:False,norm:False
2020-01-05 05:42:21,896-OCGNN-INFO-n-epochs:10000, n-hidden:64,n-layers:2,weight-decay:0.0001
2020-01-05 05:42:42,443-OCGNN-INFO-Current epoch: 986 Test AUROC 0.7026 | Test AUPRC 0.7340
2020-01-05 05:42:42,443-OCGNN-INFO-Test f1:0.6654,acc:0.4986,pre:0.4986,recall:1.0
2020-01-05 05:42:42,443-OCGNN-INFO-

2020-01-05 05:42:46,332-OCGNN-INFO-Start training
2020-01-05 05:42:46,332-OCGNN-INFO-dropout:0.5, nu:0.1,seed:46,lr:0.0001,self-loop:False,norm:False
2020-01-05 05:42:46,332-OCGNN-INFO-n-epochs:10000, n-hidden:64,n-layers:2,weight-decay:0.0001
2020-01-05 05:42:58,774-OCGNN-INFO-Current epoch: 680 Test AUROC 0.5208 | Test AUPRC 0.5480
2020-01-05 05:42:58,775-OCGNN-INFO-Test f1:0.6654,acc:0.4986,pre:0.4986,recall:1.0
2020-01-05 05:42:58,775-OCGNN-INFO-

2020-01-05 05:43:02,616-OCGNN-INFO-Start training
2020-01-05 05:43:02,616-OCGNN-INFO-dropout:0.5, nu:0.1,seed:46,lr:0.01,self-loop:False,norm:False
2020-01-05 05:43:02,616-OCGNN-INFO-n-epochs:10000, n-hidden:64,n-layers:1,weight-decay:0.001
2020-01-05 05:43:11,358-OCGNN-INFO-Current epoch: 555 Test AUROC 0.5787 | Test AUPRC 0.5862
2020-01-05 05:43:11,358-OCGNN-INFO-Test f1:0.2967,acc:0.5812,pre:0.9118,recall:0.1771
2020-01-05 05:43:11,358-OCGNN-INFO-

2020-01-05 05:43:15,184-OCGNN-INFO-Start training
2020-01-05 05:43:15,185-OCGNN-INFO-dropout:0.5, nu:0.1,seed:46,lr:0.001,self-loop:False,norm:False
2020-01-05 05:43:15,185-OCGNN-INFO-n-epochs:10000, n-hidden:64,n-layers:1,weight-decay:0.001
2020-01-05 05:43:26,126-OCGNN-INFO-Current epoch: 644 Test AUROC 0.6496 | Test AUPRC 0.6812
2020-01-05 05:43:26,126-OCGNN-INFO-Test f1:0.5325,acc:0.5897,pre:0.6165,recall:0.4686
2020-01-05 05:43:26,126-OCGNN-INFO-

2020-01-05 05:43:30,064-OCGNN-INFO-Start training
2020-01-05 05:43:30,064-OCGNN-INFO-dropout:0.5, nu:0.1,seed:46,lr:0.0001,self-loop:False,norm:False
2020-01-05 05:43:30,064-OCGNN-INFO-n-epochs:10000, n-hidden:64,n-layers:1,weight-decay:0.001
2020-01-05 05:43:51,964-OCGNN-INFO-Current epoch: 1284 Test AUROC 0.5446 | Test AUPRC 0.5700
2020-01-05 05:43:51,964-OCGNN-INFO-Test f1:0.2311,acc:0.5071,pre:0.52,recall:0.1486
2020-01-05 05:43:51,964-OCGNN-INFO-

2020-01-05 05:43:56,232-OCGNN-INFO-Start training
2020-01-05 05:43:56,232-OCGNN-INFO-dropout:0.5, nu:0.1,seed:46,lr:0.01,self-loop:False,norm:False
2020-01-05 05:43:56,232-OCGNN-INFO-n-epochs:10000, n-hidden:64,n-layers:2,weight-decay:0.001
2020-01-05 05:44:06,681-OCGNN-INFO-Current epoch: 568 Test AUROC 0.5255 | Test AUPRC 0.5473
2020-01-05 05:44:06,681-OCGNN-INFO-Test f1:0.3077,acc:0.5128,pre:0.5278,recall:0.2171
2020-01-05 05:44:06,681-OCGNN-INFO-

2020-01-05 05:44:10,653-OCGNN-INFO-Start training
2020-01-05 05:44:10,653-OCGNN-INFO-dropout:0.5, nu:0.1,seed:46,lr:0.001,self-loop:False,norm:False
2020-01-05 05:44:10,653-OCGNN-INFO-n-epochs:10000, n-hidden:64,n-layers:2,weight-decay:0.001
2020-01-05 05:44:30,220-OCGNN-INFO-Current epoch: 987 Test AUROC 0.7027 | Test AUPRC 0.7345
2020-01-05 05:44:30,220-OCGNN-INFO-Test f1:0.6654,acc:0.4986,pre:0.4986,recall:1.0
2020-01-05 05:44:30,220-OCGNN-INFO-

2020-01-05 05:44:34,105-OCGNN-INFO-Start training
2020-01-05 05:44:34,106-OCGNN-INFO-dropout:0.5, nu:0.1,seed:46,lr:0.0001,self-loop:False,norm:False
2020-01-05 05:44:34,106-OCGNN-INFO-n-epochs:10000, n-hidden:64,n-layers:2,weight-decay:0.001
2020-01-05 05:44:47,125-OCGNN-INFO-Current epoch: 680 Test AUROC 0.5208 | Test AUPRC 0.5480
2020-01-05 05:44:47,125-OCGNN-INFO-Test f1:0.6654,acc:0.4986,pre:0.4986,recall:1.0
2020-01-05 05:44:47,125-OCGNN-INFO-

2020-01-05 05:44:50,913-OCGNN-INFO-Start training
2020-01-05 05:44:50,914-OCGNN-INFO-dropout:0.5, nu:0.1,seed:46,lr:0.01,self-loop:False,norm:False
2020-01-05 05:44:50,914-OCGNN-INFO-n-epochs:10000, n-hidden:64,n-layers:1,weight-decay:0.01
2020-01-05 05:44:59,628-OCGNN-INFO-Current epoch: 554 Test AUROC 0.5816 | Test AUPRC 0.5874
2020-01-05 05:44:59,628-OCGNN-INFO-Test f1:0.2967,acc:0.5812,pre:0.9118,recall:0.1771
2020-01-05 05:44:59,628-OCGNN-INFO-

2020-01-05 05:45:03,652-OCGNN-INFO-Start training
2020-01-05 05:45:03,652-OCGNN-INFO-dropout:0.5, nu:0.1,seed:46,lr:0.001,self-loop:False,norm:False
2020-01-05 05:45:03,652-OCGNN-INFO-n-epochs:10000, n-hidden:64,n-layers:1,weight-decay:0.01
2020-01-05 05:45:14,288-OCGNN-INFO-Current epoch: 644 Test AUROC 0.6498 | Test AUPRC 0.6796
2020-01-05 05:45:14,289-OCGNN-INFO-Test f1:0.5294,acc:0.5897,pre:0.6183,recall:0.4629
2020-01-05 05:45:14,289-OCGNN-INFO-

2020-01-05 05:45:18,128-OCGNN-INFO-Start training
2020-01-05 05:45:18,128-OCGNN-INFO-dropout:0.5, nu:0.1,seed:46,lr:0.0001,self-loop:False,norm:False
2020-01-05 05:45:18,128-OCGNN-INFO-n-epochs:10000, n-hidden:64,n-layers:1,weight-decay:0.01
2020-01-05 05:45:40,759-OCGNN-INFO-Current epoch: 1290 Test AUROC 0.5454 | Test AUPRC 0.5714
2020-01-05 05:45:40,759-OCGNN-INFO-Test f1:0.2311,acc:0.5071,pre:0.52,recall:0.1486
2020-01-05 05:45:40,759-OCGNN-INFO-

2020-01-05 05:45:45,313-OCGNN-INFO-Start training
2020-01-05 05:45:45,313-OCGNN-INFO-dropout:0.5, nu:0.1,seed:46,lr:0.01,self-loop:False,norm:False
2020-01-05 05:45:45,313-OCGNN-INFO-n-epochs:10000, n-hidden:64,n-layers:2,weight-decay:0.01
2020-01-05 05:45:55,832-OCGNN-INFO-Current epoch: 570 Test AUROC 0.5331 | Test AUPRC 0.5488
2020-01-05 05:45:55,832-OCGNN-INFO-Test f1:0.3102,acc:0.5185,pre:0.5429,recall:0.2171
2020-01-05 05:45:55,832-OCGNN-INFO-

2020-01-05 05:45:59,761-OCGNN-INFO-Start training
2020-01-05 05:45:59,761-OCGNN-INFO-dropout:0.5, nu:0.1,seed:46,lr:0.001,self-loop:False,norm:False
2020-01-05 05:45:59,761-OCGNN-INFO-n-epochs:10000, n-hidden:64,n-layers:2,weight-decay:0.01
2020-01-05 05:46:19,658-OCGNN-INFO-Current epoch: 997 Test AUROC 0.6989 | Test AUPRC 0.7289
2020-01-05 05:46:19,658-OCGNN-INFO-Test f1:0.6654,acc:0.4986,pre:0.4986,recall:1.0
2020-01-05 05:46:19,659-OCGNN-INFO-

2020-01-05 05:46:23,647-OCGNN-INFO-Start training
2020-01-05 05:46:23,647-OCGNN-INFO-dropout:0.5, nu:0.1,seed:46,lr:0.0001,self-loop:False,norm:False
2020-01-05 05:46:23,647-OCGNN-INFO-n-epochs:10000, n-hidden:64,n-layers:2,weight-decay:0.01
2020-01-05 05:46:36,038-OCGNN-INFO-Current epoch: 679 Test AUROC 0.5209 | Test AUPRC 0.5484
2020-01-05 05:46:36,038-OCGNN-INFO-Test f1:0.6654,acc:0.4986,pre:0.4986,recall:1.0
2020-01-05 05:46:36,038-OCGNN-INFO-

