2020-01-04 08:53:13,938-OCGNN-INFO-Start training
2020-01-04 08:53:13,938-OCGNN-INFO-dropout:0.5, nu:0.1,seed:46,lr:0.01,self-loop:True,morm:True
2020-01-04 08:53:13,938-OCGNN-INFO-n-epochs:10000, n-hidden:128,n-layers:1,weight-decay:0.0001
2020-01-04 08:53:20,690-OCGNN-INFO-Current epoch: 516 Test AUROC 0.6960 | Test AUPRC 0.6336
2020-01-04 08:53:20,691-OCGNN-INFO-Test f1:0.0,acc:0.4986,pre:0.0,recall:0.0
2020-01-04 08:53:20,691-OCGNN-INFO-

2020-01-04 08:53:24,683-OCGNN-INFO-Start training
2020-01-04 08:53:24,683-OCGNN-INFO-dropout:0.5, nu:0.1,seed:46,lr:0.001,self-loop:True,morm:True
2020-01-04 08:53:24,684-OCGNN-INFO-n-epochs:10000, n-hidden:128,n-layers:1,weight-decay:0.0001
2020-01-04 08:53:35,715-OCGNN-INFO-Current epoch: 707 Test AUROC 0.7263 | Test AUPRC 0.7065
2020-01-04 08:53:35,715-OCGNN-INFO-Test f1:0.6654,acc:0.4986,pre:0.4986,recall:1.0
2020-01-04 08:53:35,715-OCGNN-INFO-

2020-01-04 08:53:39,699-OCGNN-INFO-Start training
2020-01-04 08:53:39,699-OCGNN-INFO-dropout:0.5, nu:0.1,seed:46,lr:0.0001,self-loop:True,morm:True
2020-01-04 08:53:39,699-OCGNN-INFO-n-epochs:10000, n-hidden:128,n-layers:1,weight-decay:0.0001
2020-01-04 08:54:09,195-OCGNN-INFO-Current epoch: 1402 Test AUROC 0.7875 | Test AUPRC 0.7513
2020-01-04 08:54:09,195-OCGNN-INFO-Test f1:0.6654,acc:0.4986,pre:0.4986,recall:1.0
2020-01-04 08:54:09,195-OCGNN-INFO-

2020-01-04 08:54:13,150-OCGNN-INFO-Start training
2020-01-04 08:54:13,150-OCGNN-INFO-dropout:0.5, nu:0.1,seed:46,lr:0.01,self-loop:True,morm:True
2020-01-04 08:54:13,150-OCGNN-INFO-n-epochs:10000, n-hidden:128,n-layers:2,weight-decay:0.0001
2020-01-04 08:54:20,240-OCGNN-INFO-Current epoch: 507 Test AUROC 0.6588 | Test AUPRC 0.5940
2020-01-04 08:54:20,241-OCGNN-INFO-Test f1:0.0111,acc:0.4929,pre:0.2,recall:0.0057
2020-01-04 08:54:20,241-OCGNN-INFO-

2020-01-04 08:54:24,171-OCGNN-INFO-Start training
2020-01-04 08:54:24,171-OCGNN-INFO-dropout:0.5, nu:0.1,seed:46,lr:0.001,self-loop:True,morm:True
2020-01-04 08:54:24,171-OCGNN-INFO-n-epochs:10000, n-hidden:128,n-layers:2,weight-decay:0.0001
2020-01-04 08:54:34,237-OCGNN-INFO-Current epoch: 652 Test AUROC 0.6335 | Test AUPRC 0.5983
2020-01-04 08:54:34,237-OCGNN-INFO-Test f1:0.6654,acc:0.4986,pre:0.4986,recall:1.0
2020-01-04 08:54:34,237-OCGNN-INFO-

2020-01-04 08:54:38,192-OCGNN-INFO-Start training
2020-01-04 08:54:38,192-OCGNN-INFO-dropout:0.5, nu:0.1,seed:46,lr:0.0001,self-loop:True,morm:True
2020-01-04 08:54:38,192-OCGNN-INFO-n-epochs:10000, n-hidden:128,n-layers:2,weight-decay:0.0001
2020-01-04 08:55:06,612-OCGNN-INFO-Current epoch: 1234 Test AUROC 0.7493 | Test AUPRC 0.7010
2020-01-04 08:55:06,612-OCGNN-INFO-Test f1:0.6679,acc:0.5071,pre:0.5029,recall:0.9943
2020-01-04 08:55:06,612-OCGNN-INFO-

2020-01-04 08:55:10,663-OCGNN-INFO-Start training
2020-01-04 08:55:10,663-OCGNN-INFO-dropout:0.5, nu:0.1,seed:46,lr:0.01,self-loop:True,morm:True
2020-01-04 08:55:10,663-OCGNN-INFO-n-epochs:10000, n-hidden:128,n-layers:1,weight-decay:0.001
2020-01-04 08:55:16,961-OCGNN-INFO-Current epoch: 516 Test AUROC 0.6960 | Test AUPRC 0.6336
2020-01-04 08:55:16,961-OCGNN-INFO-Test f1:0.0,acc:0.4986,pre:0.0,recall:0.0
2020-01-04 08:55:16,962-OCGNN-INFO-

2020-01-04 08:55:20,808-OCGNN-INFO-Start training
2020-01-04 08:55:20,808-OCGNN-INFO-dropout:0.5, nu:0.1,seed:46,lr:0.001,self-loop:True,morm:True
2020-01-04 08:55:20,808-OCGNN-INFO-n-epochs:10000, n-hidden:128,n-layers:1,weight-decay:0.001
2020-01-04 08:55:30,975-OCGNN-INFO-Current epoch: 696 Test AUROC 0.7208 | Test AUPRC 0.7040
2020-01-04 08:55:30,975-OCGNN-INFO-Test f1:0.6654,acc:0.4986,pre:0.4986,recall:1.0
2020-01-04 08:55:30,975-OCGNN-INFO-

2020-01-04 08:55:34,898-OCGNN-INFO-Start training
2020-01-04 08:55:34,898-OCGNN-INFO-dropout:0.5, nu:0.1,seed:46,lr:0.0001,self-loop:True,morm:True
2020-01-04 08:55:34,898-OCGNN-INFO-n-epochs:10000, n-hidden:128,n-layers:1,weight-decay:0.001
2020-01-04 08:56:00,269-OCGNN-INFO-Current epoch: 1423 Test AUROC 0.7878 | Test AUPRC 0.7517
2020-01-04 08:56:00,269-OCGNN-INFO-Test f1:0.6654,acc:0.4986,pre:0.4986,recall:1.0
2020-01-04 08:56:00,269-OCGNN-INFO-

2020-01-04 08:56:04,171-OCGNN-INFO-Start training
2020-01-04 08:56:04,172-OCGNN-INFO-dropout:0.5, nu:0.1,seed:46,lr:0.01,self-loop:True,morm:True
2020-01-04 08:56:04,172-OCGNN-INFO-n-epochs:10000, n-hidden:128,n-layers:2,weight-decay:0.001
2020-01-04 08:56:11,375-OCGNN-INFO-Current epoch: 507 Test AUROC 0.6587 | Test AUPRC 0.5940
2020-01-04 08:56:11,376-OCGNN-INFO-Test f1:0.0111,acc:0.4929,pre:0.2,recall:0.0057
2020-01-04 08:56:11,376-OCGNN-INFO-

2020-01-04 08:56:15,322-OCGNN-INFO-Start training
2020-01-04 08:56:15,322-OCGNN-INFO-dropout:0.5, nu:0.1,seed:46,lr:0.001,self-loop:True,morm:True
2020-01-04 08:56:15,322-OCGNN-INFO-n-epochs:10000, n-hidden:128,n-layers:2,weight-decay:0.001
2020-01-04 08:56:25,241-OCGNN-INFO-Current epoch: 666 Test AUROC 0.6359 | Test AUPRC 0.5952
2020-01-04 08:56:25,241-OCGNN-INFO-Test f1:0.6654,acc:0.4986,pre:0.4986,recall:1.0
2020-01-04 08:56:25,241-OCGNN-INFO-

2020-01-04 08:56:29,264-OCGNN-INFO-Start training
2020-01-04 08:56:29,264-OCGNN-INFO-dropout:0.5, nu:0.1,seed:46,lr:0.0001,self-loop:True,morm:True
2020-01-04 08:56:29,264-OCGNN-INFO-n-epochs:10000, n-hidden:128,n-layers:2,weight-decay:0.001
2020-01-04 08:56:56,290-OCGNN-INFO-Current epoch: 1316 Test AUROC 0.7485 | Test AUPRC 0.6989
2020-01-04 08:56:56,290-OCGNN-INFO-Test f1:0.6705,acc:0.5128,pre:0.5058,recall:0.9943
2020-01-04 08:56:56,290-OCGNN-INFO-

2020-01-04 08:57:00,129-OCGNN-INFO-Start training
2020-01-04 08:57:00,129-OCGNN-INFO-dropout:0.5, nu:0.1,seed:46,lr:0.01,self-loop:True,morm:True
2020-01-04 08:57:00,129-OCGNN-INFO-n-epochs:10000, n-hidden:128,n-layers:1,weight-decay:0.01
2020-01-04 08:57:06,776-OCGNN-INFO-Current epoch: 516 Test AUROC 0.6960 | Test AUPRC 0.6336
2020-01-04 08:57:06,776-OCGNN-INFO-Test f1:0.0,acc:0.4986,pre:0.0,recall:0.0
2020-01-04 08:57:06,776-OCGNN-INFO-

2020-01-04 08:57:10,704-OCGNN-INFO-Start training
2020-01-04 08:57:10,704-OCGNN-INFO-dropout:0.5, nu:0.1,seed:46,lr:0.001,self-loop:True,morm:True
2020-01-04 08:57:10,704-OCGNN-INFO-n-epochs:10000, n-hidden:128,n-layers:1,weight-decay:0.01
2020-01-04 08:57:18,135-OCGNN-INFO-Current epoch: 632 Test AUROC 0.7196 | Test AUPRC 0.7155
2020-01-04 08:57:18,136-OCGNN-INFO-Test f1:0.6654,acc:0.4986,pre:0.4986,recall:1.0
2020-01-04 08:57:18,136-OCGNN-INFO-

2020-01-04 08:57:21,984-OCGNN-INFO-Start training
2020-01-04 08:57:21,984-OCGNN-INFO-dropout:0.5, nu:0.1,seed:46,lr:0.0001,self-loop:True,morm:True
2020-01-04 08:57:21,984-OCGNN-INFO-n-epochs:10000, n-hidden:128,n-layers:1,weight-decay:0.01
2020-01-04 08:57:45,411-OCGNN-INFO-Current epoch: 1439 Test AUROC 0.7879 | Test AUPRC 0.7516
2020-01-04 08:57:45,411-OCGNN-INFO-Test f1:0.6654,acc:0.4986,pre:0.4986,recall:1.0
2020-01-04 08:57:45,411-OCGNN-INFO-

2020-01-04 08:57:49,440-OCGNN-INFO-Start training
2020-01-04 08:57:49,440-OCGNN-INFO-dropout:0.5, nu:0.1,seed:46,lr:0.01,self-loop:True,morm:True
2020-01-04 08:57:49,440-OCGNN-INFO-n-epochs:10000, n-hidden:128,n-layers:2,weight-decay:0.01
2020-01-04 08:57:56,444-OCGNN-INFO-Current epoch: 507 Test AUROC 0.6848 | Test AUPRC 0.6180
2020-01-04 08:57:56,444-OCGNN-INFO-Test f1:0.033,acc:0.4986,pre:0.4286,recall:0.0171
2020-01-04 08:57:56,444-OCGNN-INFO-

2020-01-04 08:58:00,358-OCGNN-INFO-Start training
2020-01-04 08:58:00,358-OCGNN-INFO-dropout:0.5, nu:0.1,seed:46,lr:0.001,self-loop:True,morm:True
2020-01-04 08:58:00,358-OCGNN-INFO-n-epochs:10000, n-hidden:128,n-layers:2,weight-decay:0.01
2020-01-04 08:58:09,499-OCGNN-INFO-Current epoch: 651 Test AUROC 0.6375 | Test AUPRC 0.6022
2020-01-04 08:58:09,499-OCGNN-INFO-Test f1:0.6654,acc:0.4986,pre:0.4986,recall:1.0
2020-01-04 08:58:09,499-OCGNN-INFO-

2020-01-04 08:58:13,382-OCGNN-INFO-Start training
2020-01-04 08:58:13,382-OCGNN-INFO-dropout:0.5, nu:0.1,seed:46,lr:0.0001,self-loop:True,morm:True
2020-01-04 08:58:13,382-OCGNN-INFO-n-epochs:10000, n-hidden:128,n-layers:2,weight-decay:0.01
2020-01-04 08:58:36,812-OCGNN-INFO-Current epoch: 1336 Test AUROC 0.7459 | Test AUPRC 0.6975
2020-01-04 08:58:36,812-OCGNN-INFO-Test f1:0.6705,acc:0.5128,pre:0.5058,recall:0.9943
2020-01-04 08:58:36,812-OCGNN-INFO-

2020-01-04 08:58:40,787-OCGNN-INFO-Start training
2020-01-04 08:58:40,787-OCGNN-INFO-dropout:0.5, nu:0.1,seed:46,lr:0.01,self-loop:True,morm:True
2020-01-04 08:58:40,787-OCGNN-INFO-n-epochs:10000, n-hidden:64,n-layers:1,weight-decay:0.0001
2020-01-04 08:58:46,310-OCGNN-INFO-Current epoch: 511 Test AUROC 0.5659 | Test AUPRC 0.5507
2020-01-04 08:58:46,310-OCGNN-INFO-Test f1:0.0,acc:0.4758,pre:0.0,recall:0.0
2020-01-04 08:58:46,310-OCGNN-INFO-

2020-01-04 08:58:50,139-OCGNN-INFO-Start training
2020-01-04 08:58:50,139-OCGNN-INFO-dropout:0.5, nu:0.1,seed:46,lr:0.001,self-loop:True,morm:True
2020-01-04 08:58:50,139-OCGNN-INFO-n-epochs:10000, n-hidden:64,n-layers:1,weight-decay:0.0001
2020-01-04 08:58:57,534-OCGNN-INFO-Current epoch: 688 Test AUROC 0.7324 | Test AUPRC 0.6955
2020-01-04 08:58:57,535-OCGNN-INFO-Test f1:0.6654,acc:0.4986,pre:0.4986,recall:1.0
2020-01-04 08:58:57,535-OCGNN-INFO-

2020-01-04 08:59:01,383-OCGNN-INFO-Start training
2020-01-04 08:59:01,384-OCGNN-INFO-dropout:0.5, nu:0.1,seed:46,lr:0.0001,self-loop:True,morm:True
2020-01-04 08:59:01,384-OCGNN-INFO-n-epochs:10000, n-hidden:64,n-layers:1,weight-decay:0.0001
2020-01-04 08:59:17,072-OCGNN-INFO-Current epoch: 1199 Test AUROC 0.7882 | Test AUPRC 0.7290
2020-01-04 08:59:17,072-OCGNN-INFO-Test f1:0.6654,acc:0.4986,pre:0.4986,recall:1.0
2020-01-04 08:59:17,072-OCGNN-INFO-

2020-01-04 08:59:21,173-OCGNN-INFO-Start training
2020-01-04 08:59:21,173-OCGNN-INFO-dropout:0.5, nu:0.1,seed:46,lr:0.01,self-loop:True,morm:True
2020-01-04 08:59:21,173-OCGNN-INFO-n-epochs:10000, n-hidden:64,n-layers:2,weight-decay:0.0001
2020-01-04 08:59:27,632-OCGNN-INFO-Current epoch: 500 Test AUROC 0.4772 | Test AUPRC 0.4658
2020-01-04 08:59:27,632-OCGNN-INFO-Test f1:0.1545,acc:0.4701,pre:0.3778,recall:0.0971
2020-01-04 08:59:27,632-OCGNN-INFO-

2020-01-04 08:59:31,561-OCGNN-INFO-Start training
2020-01-04 08:59:31,561-OCGNN-INFO-dropout:0.5, nu:0.1,seed:46,lr:0.001,self-loop:True,morm:True
2020-01-04 08:59:31,561-OCGNN-INFO-n-epochs:10000, n-hidden:64,n-layers:2,weight-decay:0.0001
2020-01-04 08:59:41,710-OCGNN-INFO-Current epoch: 797 Test AUROC 0.6655 | Test AUPRC 0.6145
2020-01-04 08:59:41,710-OCGNN-INFO-Test f1:0.6758,acc:0.5271,pre:0.5134,recall:0.9886
2020-01-04 08:59:41,710-OCGNN-INFO-

2020-01-04 08:59:45,654-OCGNN-INFO-Start training
2020-01-04 08:59:45,654-OCGNN-INFO-dropout:0.5, nu:0.1,seed:46,lr:0.0001,self-loop:True,morm:True
2020-01-04 08:59:45,654-OCGNN-INFO-n-epochs:10000, n-hidden:64,n-layers:2,weight-decay:0.0001
2020-01-04 09:00:08,421-OCGNN-INFO-Current epoch: 1588 Test AUROC 0.7532 | Test AUPRC 0.6903
2020-01-04 09:00:08,421-OCGNN-INFO-Test f1:0.6757,acc:0.5214,pre:0.5102,recall:1.0
2020-01-04 09:00:08,421-OCGNN-INFO-

2020-01-04 09:00:12,360-OCGNN-INFO-Start training
2020-01-04 09:00:12,360-OCGNN-INFO-dropout:0.5, nu:0.1,seed:46,lr:0.01,self-loop:True,morm:True
2020-01-04 09:00:12,360-OCGNN-INFO-n-epochs:10000, n-hidden:64,n-layers:1,weight-decay:0.001
2020-01-04 09:00:18,028-OCGNN-INFO-Current epoch: 511 Test AUROC 0.5659 | Test AUPRC 0.5507
2020-01-04 09:00:18,028-OCGNN-INFO-Test f1:0.0,acc:0.4758,pre:0.0,recall:0.0
2020-01-04 09:00:18,028-OCGNN-INFO-

2020-01-04 09:00:21,943-OCGNN-INFO-Start training
2020-01-04 09:00:21,944-OCGNN-INFO-dropout:0.5, nu:0.1,seed:46,lr:0.001,self-loop:True,morm:True
2020-01-04 09:00:21,944-OCGNN-INFO-n-epochs:10000, n-hidden:64,n-layers:1,weight-decay:0.001
2020-01-04 09:00:29,310-OCGNN-INFO-Current epoch: 671 Test AUROC 0.7292 | Test AUPRC 0.6942
2020-01-04 09:00:29,310-OCGNN-INFO-Test f1:0.6654,acc:0.4986,pre:0.4986,recall:1.0
2020-01-04 09:00:29,310-OCGNN-INFO-

2020-01-04 09:00:33,258-OCGNN-INFO-Start training
2020-01-04 09:00:33,258-OCGNN-INFO-dropout:0.5, nu:0.1,seed:46,lr:0.0001,self-loop:True,morm:True
2020-01-04 09:00:33,258-OCGNN-INFO-n-epochs:10000, n-hidden:64,n-layers:1,weight-decay:0.001
2020-01-04 09:00:52,013-OCGNN-INFO-Current epoch: 1148 Test AUROC 0.7866 | Test AUPRC 0.7290
2020-01-04 09:00:52,014-OCGNN-INFO-Test f1:0.6654,acc:0.4986,pre:0.4986,recall:1.0
2020-01-04 09:00:52,014-OCGNN-INFO-

2020-01-04 09:00:55,899-OCGNN-INFO-Start training
2020-01-04 09:00:55,899-OCGNN-INFO-dropout:0.5, nu:0.1,seed:46,lr:0.01,self-loop:True,morm:True
2020-01-04 09:00:55,900-OCGNN-INFO-n-epochs:10000, n-hidden:64,n-layers:2,weight-decay:0.001
2020-01-04 09:01:02,531-OCGNN-INFO-Current epoch: 500 Test AUROC 0.4772 | Test AUPRC 0.4658
2020-01-04 09:01:02,532-OCGNN-INFO-Test f1:0.1545,acc:0.4701,pre:0.3778,recall:0.0971
2020-01-04 09:01:02,532-OCGNN-INFO-

2020-01-04 09:01:06,403-OCGNN-INFO-Start training
2020-01-04 09:01:06,403-OCGNN-INFO-dropout:0.5, nu:0.1,seed:46,lr:0.001,self-loop:True,morm:True
2020-01-04 09:01:06,403-OCGNN-INFO-n-epochs:10000, n-hidden:64,n-layers:2,weight-decay:0.001
2020-01-04 09:01:17,507-OCGNN-INFO-Current epoch: 822 Test AUROC 0.6658 | Test AUPRC 0.6153
2020-01-04 09:01:17,507-OCGNN-INFO-Test f1:0.6797,acc:0.5328,pre:0.5163,recall:0.9943
2020-01-04 09:01:17,507-OCGNN-INFO-

2020-01-04 09:01:21,314-OCGNN-INFO-Start training
2020-01-04 09:01:21,315-OCGNN-INFO-dropout:0.5, nu:0.1,seed:46,lr:0.0001,self-loop:True,morm:True
2020-01-04 09:01:21,315-OCGNN-INFO-n-epochs:10000, n-hidden:64,n-layers:2,weight-decay:0.001
2020-01-04 09:01:46,170-OCGNN-INFO-Current epoch: 1702 Test AUROC 0.7495 | Test AUPRC 0.6867
2020-01-04 09:01:46,170-OCGNN-INFO-Test f1:0.677,acc:0.5242,pre:0.5117,recall:1.0
2020-01-04 09:01:46,170-OCGNN-INFO-

2020-01-04 09:01:50,067-OCGNN-INFO-Start training
2020-01-04 09:01:50,067-OCGNN-INFO-dropout:0.5, nu:0.1,seed:46,lr:0.01,self-loop:True,morm:True
2020-01-04 09:01:50,067-OCGNN-INFO-n-epochs:10000, n-hidden:64,n-layers:1,weight-decay:0.01
2020-01-04 09:01:55,994-OCGNN-INFO-Current epoch: 511 Test AUROC 0.5723 | Test AUPRC 0.5547
2020-01-04 09:01:55,994-OCGNN-INFO-Test f1:0.0,acc:0.4815,pre:0.0,recall:0.0
2020-01-04 09:01:55,994-OCGNN-INFO-

2020-01-04 09:01:59,883-OCGNN-INFO-Start training
2020-01-04 09:01:59,883-OCGNN-INFO-dropout:0.5, nu:0.1,seed:46,lr:0.001,self-loop:True,morm:True
2020-01-04 09:01:59,883-OCGNN-INFO-n-epochs:10000, n-hidden:64,n-layers:1,weight-decay:0.01
2020-01-04 09:02:07,540-OCGNN-INFO-Current epoch: 665 Test AUROC 0.7281 | Test AUPRC 0.6913
2020-01-04 09:02:07,541-OCGNN-INFO-Test f1:0.6654,acc:0.4986,pre:0.4986,recall:1.0
2020-01-04 09:02:07,541-OCGNN-INFO-

2020-01-04 09:02:11,613-OCGNN-INFO-Start training
2020-01-04 09:02:11,613-OCGNN-INFO-dropout:0.5, nu:0.1,seed:46,lr:0.0001,self-loop:True,morm:True
2020-01-04 09:02:11,613-OCGNN-INFO-n-epochs:10000, n-hidden:64,n-layers:1,weight-decay:0.01
2020-01-04 09:02:31,300-OCGNN-INFO-Current epoch: 1210 Test AUROC 0.7884 | Test AUPRC 0.7297
2020-01-04 09:02:31,300-OCGNN-INFO-Test f1:0.6654,acc:0.4986,pre:0.4986,recall:1.0
2020-01-04 09:02:31,300-OCGNN-INFO-

2020-01-04 09:02:35,150-OCGNN-INFO-Start training
2020-01-04 09:02:35,150-OCGNN-INFO-dropout:0.5, nu:0.1,seed:46,lr:0.01,self-loop:True,morm:True
2020-01-04 09:02:35,150-OCGNN-INFO-n-epochs:10000, n-hidden:64,n-layers:2,weight-decay:0.01
2020-01-04 09:02:41,642-OCGNN-INFO-Current epoch: 500 Test AUROC 0.4773 | Test AUPRC 0.4659
2020-01-04 09:02:41,642-OCGNN-INFO-Test f1:0.1545,acc:0.4701,pre:0.3778,recall:0.0971
2020-01-04 09:02:41,642-OCGNN-INFO-

2020-01-04 09:02:45,484-OCGNN-INFO-Start training
2020-01-04 09:02:45,484-OCGNN-INFO-dropout:0.5, nu:0.1,seed:46,lr:0.001,self-loop:True,morm:True
2020-01-04 09:02:45,484-OCGNN-INFO-n-epochs:10000, n-hidden:64,n-layers:2,weight-decay:0.01
2020-01-04 09:02:56,372-OCGNN-INFO-Current epoch: 856 Test AUROC 0.6560 | Test AUPRC 0.6122
2020-01-04 09:02:56,373-OCGNN-INFO-Test f1:0.6824,acc:0.5413,pre:0.5211,recall:0.9886
2020-01-04 09:02:56,373-OCGNN-INFO-

2020-01-04 09:03:00,247-OCGNN-INFO-Start training
2020-01-04 09:03:00,247-OCGNN-INFO-dropout:0.5, nu:0.1,seed:46,lr:0.0001,self-loop:True,morm:True
2020-01-04 09:03:00,247-OCGNN-INFO-n-epochs:10000, n-hidden:64,n-layers:2,weight-decay:0.01
2020-01-04 09:03:25,199-OCGNN-INFO-Current epoch: 1753 Test AUROC 0.7493 | Test AUPRC 0.6850
2020-01-04 09:03:25,199-OCGNN-INFO-Test f1:0.677,acc:0.5242,pre:0.5117,recall:1.0
2020-01-04 09:03:25,199-OCGNN-INFO-

2020-01-05 05:19:29,385-OCGNN-INFO-Start training
2020-01-05 05:19:29,385-OCGNN-INFO-dropout:0.5, nu:0.1,seed:46,lr:0.01,self-loop:True,norm:True
2020-01-05 05:19:29,385-OCGNN-INFO-n-epochs:10000, n-hidden:128,n-layers:1,weight-decay:0.0001
2020-01-05 05:19:36,084-OCGNN-INFO-Current epoch: 551 Test AUROC 0.6655 | Test AUPRC 0.6027
2020-01-05 05:19:36,084-OCGNN-INFO-Test f1:0.0,acc:0.5014,pre:0.0,recall:0.0
2020-01-05 05:19:36,084-OCGNN-INFO-

2020-01-05 05:19:40,343-OCGNN-INFO-Start training
2020-01-05 05:19:40,343-OCGNN-INFO-dropout:0.5, nu:0.1,seed:46,lr:0.001,self-loop:True,norm:True
2020-01-05 05:19:40,343-OCGNN-INFO-n-epochs:10000, n-hidden:128,n-layers:1,weight-decay:0.0001
2020-01-05 05:19:51,234-OCGNN-INFO-Current epoch: 707 Test AUROC 0.7263 | Test AUPRC 0.7065
2020-01-05 05:19:51,234-OCGNN-INFO-Test f1:0.6654,acc:0.4986,pre:0.4986,recall:1.0
2020-01-05 05:19:51,234-OCGNN-INFO-

2020-01-05 05:19:55,685-OCGNN-INFO-Start training
2020-01-05 05:19:55,685-OCGNN-INFO-dropout:0.5, nu:0.1,seed:46,lr:0.0001,self-loop:True,norm:True
2020-01-05 05:19:55,686-OCGNN-INFO-n-epochs:10000, n-hidden:128,n-layers:1,weight-decay:0.0001
2020-01-05 05:20:19,527-OCGNN-INFO-Current epoch: 1402 Test AUROC 0.7875 | Test AUPRC 0.7513
2020-01-05 05:20:19,527-OCGNN-INFO-Test f1:0.6654,acc:0.4986,pre:0.4986,recall:1.0
2020-01-05 05:20:19,528-OCGNN-INFO-

2020-01-05 05:20:23,996-OCGNN-INFO-Start training
2020-01-05 05:20:23,996-OCGNN-INFO-dropout:0.5, nu:0.1,seed:46,lr:0.01,self-loop:True,norm:True
2020-01-05 05:20:23,996-OCGNN-INFO-n-epochs:10000, n-hidden:128,n-layers:2,weight-decay:0.0001
2020-01-05 05:20:31,652-OCGNN-INFO-Current epoch: 551 Test AUROC 0.5000 | Test AUPRC 0.4986
2020-01-05 05:20:31,653-OCGNN-INFO-Test f1:0.0,acc:0.5014,pre:0.0,recall:0.0
2020-01-05 05:20:31,653-OCGNN-INFO-

2020-01-05 05:20:36,106-OCGNN-INFO-Start training
2020-01-05 05:20:36,106-OCGNN-INFO-dropout:0.5, nu:0.1,seed:46,lr:0.001,self-loop:True,norm:True
2020-01-05 05:20:36,106-OCGNN-INFO-n-epochs:10000, n-hidden:128,n-layers:2,weight-decay:0.0001
2020-01-05 05:20:45,162-OCGNN-INFO-Current epoch: 652 Test AUROC 0.6335 | Test AUPRC 0.5983
2020-01-05 05:20:45,162-OCGNN-INFO-Test f1:0.6654,acc:0.4986,pre:0.4986,recall:1.0
2020-01-05 05:20:45,162-OCGNN-INFO-

2020-01-05 05:20:49,571-OCGNN-INFO-Start training
2020-01-05 05:20:49,571-OCGNN-INFO-dropout:0.5, nu:0.1,seed:46,lr:0.0001,self-loop:True,norm:True
2020-01-05 05:20:49,571-OCGNN-INFO-n-epochs:10000, n-hidden:128,n-layers:2,weight-decay:0.0001
2020-01-05 05:21:19,369-OCGNN-INFO-Current epoch: 1234 Test AUROC 0.7493 | Test AUPRC 0.7010
2020-01-05 05:21:19,370-OCGNN-INFO-Test f1:0.6679,acc:0.5071,pre:0.5029,recall:0.9943
2020-01-05 05:21:19,370-OCGNN-INFO-

2020-01-05 05:21:23,839-OCGNN-INFO-Start training
2020-01-05 05:21:23,839-OCGNN-INFO-dropout:0.5, nu:0.1,seed:46,lr:0.01,self-loop:True,norm:True
2020-01-05 05:21:23,839-OCGNN-INFO-n-epochs:10000, n-hidden:128,n-layers:1,weight-decay:0.001
2020-01-05 05:21:30,583-OCGNN-INFO-Current epoch: 551 Test AUROC 0.6655 | Test AUPRC 0.6027
2020-01-05 05:21:30,584-OCGNN-INFO-Test f1:0.0,acc:0.5014,pre:0.0,recall:0.0
2020-01-05 05:21:30,584-OCGNN-INFO-

2020-01-05 05:21:35,414-OCGNN-INFO-Start training
2020-01-05 05:21:35,414-OCGNN-INFO-dropout:0.5, nu:0.1,seed:46,lr:0.001,self-loop:True,norm:True
2020-01-05 05:21:35,414-OCGNN-INFO-n-epochs:10000, n-hidden:128,n-layers:1,weight-decay:0.001
2020-01-05 05:21:46,475-OCGNN-INFO-Current epoch: 696 Test AUROC 0.7208 | Test AUPRC 0.7040
2020-01-05 05:21:46,475-OCGNN-INFO-Test f1:0.6654,acc:0.4986,pre:0.4986,recall:1.0
2020-01-05 05:21:46,475-OCGNN-INFO-

2020-01-05 05:21:50,943-OCGNN-INFO-Start training
2020-01-05 05:21:50,943-OCGNN-INFO-dropout:0.5, nu:0.1,seed:46,lr:0.0001,self-loop:True,norm:True
2020-01-05 05:21:50,943-OCGNN-INFO-n-epochs:10000, n-hidden:128,n-layers:1,weight-decay:0.001
2020-01-05 05:22:17,457-OCGNN-INFO-Current epoch: 1423 Test AUROC 0.7878 | Test AUPRC 0.7517
2020-01-05 05:22:17,457-OCGNN-INFO-Test f1:0.6654,acc:0.4986,pre:0.4986,recall:1.0
2020-01-05 05:22:17,457-OCGNN-INFO-

2020-01-05 05:22:21,940-OCGNN-INFO-Start training
2020-01-05 05:22:21,940-OCGNN-INFO-dropout:0.5, nu:0.1,seed:46,lr:0.01,self-loop:True,norm:True
2020-01-05 05:22:21,940-OCGNN-INFO-n-epochs:10000, n-hidden:128,n-layers:2,weight-decay:0.001
2020-01-05 05:22:29,572-OCGNN-INFO-Current epoch: 551 Test AUROC 0.5000 | Test AUPRC 0.4986
2020-01-05 05:22:29,572-OCGNN-INFO-Test f1:0.0,acc:0.5014,pre:0.0,recall:0.0
2020-01-05 05:22:29,572-OCGNN-INFO-

2020-01-05 05:22:34,495-OCGNN-INFO-Start training
2020-01-05 05:22:34,495-OCGNN-INFO-dropout:0.5, nu:0.1,seed:46,lr:0.001,self-loop:True,norm:True
2020-01-05 05:22:34,495-OCGNN-INFO-n-epochs:10000, n-hidden:128,n-layers:2,weight-decay:0.001
2020-01-05 05:22:43,989-OCGNN-INFO-Current epoch: 666 Test AUROC 0.6359 | Test AUPRC 0.5952
2020-01-05 05:22:43,989-OCGNN-INFO-Test f1:0.6654,acc:0.4986,pre:0.4986,recall:1.0
2020-01-05 05:22:43,989-OCGNN-INFO-

2020-01-05 05:22:48,528-OCGNN-INFO-Start training
2020-01-05 05:22:48,528-OCGNN-INFO-dropout:0.5, nu:0.1,seed:46,lr:0.0001,self-loop:True,norm:True
2020-01-05 05:22:48,528-OCGNN-INFO-n-epochs:10000, n-hidden:128,n-layers:2,weight-decay:0.001
2020-01-05 05:23:16,731-OCGNN-INFO-Current epoch: 1316 Test AUROC 0.7485 | Test AUPRC 0.6989
2020-01-05 05:23:16,732-OCGNN-INFO-Test f1:0.6705,acc:0.5128,pre:0.5058,recall:0.9943
2020-01-05 05:23:16,732-OCGNN-INFO-

2020-01-05 05:23:21,108-OCGNN-INFO-Start training
2020-01-05 05:23:21,108-OCGNN-INFO-dropout:0.5, nu:0.1,seed:46,lr:0.01,self-loop:True,norm:True
2020-01-05 05:23:21,108-OCGNN-INFO-n-epochs:10000, n-hidden:128,n-layers:1,weight-decay:0.01
2020-01-05 05:23:27,898-OCGNN-INFO-Current epoch: 551 Test AUROC 0.6655 | Test AUPRC 0.6027
2020-01-05 05:23:27,898-OCGNN-INFO-Test f1:0.0,acc:0.5014,pre:0.0,recall:0.0
2020-01-05 05:23:27,898-OCGNN-INFO-

2020-01-05 05:23:32,369-OCGNN-INFO-Start training
2020-01-05 05:23:32,370-OCGNN-INFO-dropout:0.5, nu:0.1,seed:46,lr:0.001,self-loop:True,norm:True
2020-01-05 05:23:32,370-OCGNN-INFO-n-epochs:10000, n-hidden:128,n-layers:1,weight-decay:0.01
2020-01-05 05:23:40,061-OCGNN-INFO-Current epoch: 632 Test AUROC 0.7196 | Test AUPRC 0.7155
2020-01-05 05:23:40,062-OCGNN-INFO-Test f1:0.6654,acc:0.4986,pre:0.4986,recall:1.0
2020-01-05 05:23:40,062-OCGNN-INFO-

2020-01-05 05:23:44,487-OCGNN-INFO-Start training
2020-01-05 05:23:44,487-OCGNN-INFO-dropout:0.5, nu:0.1,seed:46,lr:0.0001,self-loop:True,norm:True
2020-01-05 05:23:44,487-OCGNN-INFO-n-epochs:10000, n-hidden:128,n-layers:1,weight-decay:0.01
2020-01-05 05:24:09,075-OCGNN-INFO-Current epoch: 1439 Test AUROC 0.7879 | Test AUPRC 0.7516
2020-01-05 05:24:09,075-OCGNN-INFO-Test f1:0.6654,acc:0.4986,pre:0.4986,recall:1.0
2020-01-05 05:24:09,075-OCGNN-INFO-

2020-01-05 05:24:12,995-OCGNN-INFO-Start training
2020-01-05 05:24:12,995-OCGNN-INFO-dropout:0.5, nu:0.1,seed:46,lr:0.01,self-loop:True,norm:True
2020-01-05 05:24:12,995-OCGNN-INFO-n-epochs:10000, n-hidden:128,n-layers:2,weight-decay:0.01
2020-01-05 05:24:20,674-OCGNN-INFO-Current epoch: 551 Test AUROC 0.5000 | Test AUPRC 0.4986
2020-01-05 05:24:20,674-OCGNN-INFO-Test f1:0.0,acc:0.5014,pre:0.0,recall:0.0
2020-01-05 05:24:20,674-OCGNN-INFO-

2020-01-05 05:24:24,531-OCGNN-INFO-Start training
2020-01-05 05:24:24,531-OCGNN-INFO-dropout:0.5, nu:0.1,seed:46,lr:0.001,self-loop:True,norm:True
2020-01-05 05:24:24,531-OCGNN-INFO-n-epochs:10000, n-hidden:128,n-layers:2,weight-decay:0.01
2020-01-05 05:24:34,371-OCGNN-INFO-Current epoch: 651 Test AUROC 0.6375 | Test AUPRC 0.6022
2020-01-05 05:24:34,371-OCGNN-INFO-Test f1:0.6654,acc:0.4986,pre:0.4986,recall:1.0
2020-01-05 05:24:34,371-OCGNN-INFO-

2020-01-05 05:24:38,146-OCGNN-INFO-Start training
2020-01-05 05:24:38,146-OCGNN-INFO-dropout:0.5, nu:0.1,seed:46,lr:0.0001,self-loop:True,norm:True
2020-01-05 05:24:38,146-OCGNN-INFO-n-epochs:10000, n-hidden:128,n-layers:2,weight-decay:0.01
2020-01-05 05:25:03,557-OCGNN-INFO-Current epoch: 1336 Test AUROC 0.7459 | Test AUPRC 0.6975
2020-01-05 05:25:03,557-OCGNN-INFO-Test f1:0.6705,acc:0.5128,pre:0.5058,recall:0.9943
2020-01-05 05:25:03,557-OCGNN-INFO-

2020-01-05 05:25:07,469-OCGNN-INFO-Start training
2020-01-05 05:25:07,469-OCGNN-INFO-dropout:0.5, nu:0.1,seed:46,lr:0.01,self-loop:True,norm:True
2020-01-05 05:25:07,469-OCGNN-INFO-n-epochs:10000, n-hidden:64,n-layers:1,weight-decay:0.0001
2020-01-05 05:25:13,733-OCGNN-INFO-Current epoch: 563 Test AUROC 0.5726 | Test AUPRC 0.5399
2020-01-05 05:25:13,733-OCGNN-INFO-Test f1:0.0,acc:0.5014,pre:0.0,recall:0.0
2020-01-05 05:25:13,733-OCGNN-INFO-

2020-01-05 05:25:17,631-OCGNN-INFO-Start training
2020-01-05 05:25:17,631-OCGNN-INFO-dropout:0.5, nu:0.1,seed:46,lr:0.001,self-loop:True,norm:True
2020-01-05 05:25:17,631-OCGNN-INFO-n-epochs:10000, n-hidden:64,n-layers:1,weight-decay:0.0001
2020-01-05 05:25:26,136-OCGNN-INFO-Current epoch: 688 Test AUROC 0.7324 | Test AUPRC 0.6955
2020-01-05 05:25:26,136-OCGNN-INFO-Test f1:0.6654,acc:0.4986,pre:0.4986,recall:1.0
2020-01-05 05:25:26,136-OCGNN-INFO-

2020-01-05 05:25:30,665-OCGNN-INFO-Start training
2020-01-05 05:25:30,665-OCGNN-INFO-dropout:0.5, nu:0.1,seed:46,lr:0.0001,self-loop:True,norm:True
2020-01-05 05:25:30,665-OCGNN-INFO-n-epochs:10000, n-hidden:64,n-layers:1,weight-decay:0.0001
2020-01-05 05:25:47,210-OCGNN-INFO-Current epoch: 1199 Test AUROC 0.7882 | Test AUPRC 0.7290
2020-01-05 05:25:47,210-OCGNN-INFO-Test f1:0.6654,acc:0.4986,pre:0.4986,recall:1.0
2020-01-05 05:25:47,210-OCGNN-INFO-

2020-01-05 05:25:51,810-OCGNN-INFO-Start training
2020-01-05 05:25:51,810-OCGNN-INFO-dropout:0.5, nu:0.1,seed:46,lr:0.01,self-loop:True,norm:True
2020-01-05 05:25:51,810-OCGNN-INFO-n-epochs:10000, n-hidden:64,n-layers:2,weight-decay:0.0001
2020-01-05 05:25:58,738-OCGNN-INFO-Current epoch: 559 Test AUROC 0.2732 | Test AUPRC 0.3677
2020-01-05 05:25:58,738-OCGNN-INFO-Test f1:0.0,acc:0.5014,pre:0.0,recall:0.0
2020-01-05 05:25:58,738-OCGNN-INFO-

2020-01-05 05:26:02,564-OCGNN-INFO-Start training
2020-01-05 05:26:02,564-OCGNN-INFO-dropout:0.5, nu:0.1,seed:46,lr:0.001,self-loop:True,norm:True
2020-01-05 05:26:02,564-OCGNN-INFO-n-epochs:10000, n-hidden:64,n-layers:2,weight-decay:0.0001
2020-01-05 05:26:12,341-OCGNN-INFO-Current epoch: 797 Test AUROC 0.6655 | Test AUPRC 0.6145
2020-01-05 05:26:12,341-OCGNN-INFO-Test f1:0.6758,acc:0.5271,pre:0.5134,recall:0.9886
2020-01-05 05:26:12,341-OCGNN-INFO-

2020-01-05 05:26:16,301-OCGNN-INFO-Start training
2020-01-05 05:26:16,301-OCGNN-INFO-dropout:0.5, nu:0.1,seed:46,lr:0.0001,self-loop:True,norm:True
2020-01-05 05:26:16,301-OCGNN-INFO-n-epochs:10000, n-hidden:64,n-layers:2,weight-decay:0.0001
2020-01-05 05:26:36,094-OCGNN-INFO-Current epoch: 1588 Test AUROC 0.7532 | Test AUPRC 0.6903
2020-01-05 05:26:36,094-OCGNN-INFO-Test f1:0.6757,acc:0.5214,pre:0.5102,recall:1.0
2020-01-05 05:26:36,094-OCGNN-INFO-

2020-01-05 05:26:39,952-OCGNN-INFO-Start training
2020-01-05 05:26:39,952-OCGNN-INFO-dropout:0.5, nu:0.1,seed:46,lr:0.01,self-loop:True,norm:True
2020-01-05 05:26:39,952-OCGNN-INFO-n-epochs:10000, n-hidden:64,n-layers:1,weight-decay:0.001
2020-01-05 05:26:46,427-OCGNN-INFO-Current epoch: 563 Test AUROC 0.5726 | Test AUPRC 0.5399
2020-01-05 05:26:46,427-OCGNN-INFO-Test f1:0.0,acc:0.5014,pre:0.0,recall:0.0
2020-01-05 05:26:46,427-OCGNN-INFO-

2020-01-05 05:26:50,360-OCGNN-INFO-Start training
2020-01-05 05:26:50,360-OCGNN-INFO-dropout:0.5, nu:0.1,seed:46,lr:0.001,self-loop:True,norm:True
2020-01-05 05:26:50,360-OCGNN-INFO-n-epochs:10000, n-hidden:64,n-layers:1,weight-decay:0.001
2020-01-05 05:26:58,907-OCGNN-INFO-Current epoch: 671 Test AUROC 0.7292 | Test AUPRC 0.6942
2020-01-05 05:26:58,907-OCGNN-INFO-Test f1:0.6654,acc:0.4986,pre:0.4986,recall:1.0
2020-01-05 05:26:58,907-OCGNN-INFO-

2020-01-05 05:27:03,176-OCGNN-INFO-Start training
2020-01-05 05:27:03,176-OCGNN-INFO-dropout:0.5, nu:0.1,seed:46,lr:0.0001,self-loop:True,norm:True
2020-01-05 05:27:03,176-OCGNN-INFO-n-epochs:10000, n-hidden:64,n-layers:1,weight-decay:0.001
2020-01-05 05:27:18,574-OCGNN-INFO-Current epoch: 1148 Test AUROC 0.7866 | Test AUPRC 0.7290
2020-01-05 05:27:18,575-OCGNN-INFO-Test f1:0.6654,acc:0.4986,pre:0.4986,recall:1.0
2020-01-05 05:27:18,575-OCGNN-INFO-

2020-01-05 05:27:22,608-OCGNN-INFO-Start training
2020-01-05 05:27:22,608-OCGNN-INFO-dropout:0.5, nu:0.1,seed:46,lr:0.01,self-loop:True,norm:True
2020-01-05 05:27:22,608-OCGNN-INFO-n-epochs:10000, n-hidden:64,n-layers:2,weight-decay:0.001
2020-01-05 05:27:29,535-OCGNN-INFO-Current epoch: 555 Test AUROC 0.2731 | Test AUPRC 0.3676
2020-01-05 05:27:29,535-OCGNN-INFO-Test f1:0.0,acc:0.5014,pre:0.0,recall:0.0
2020-01-05 05:27:29,535-OCGNN-INFO-

2020-01-05 05:27:33,432-OCGNN-INFO-Start training
2020-01-05 05:27:33,432-OCGNN-INFO-dropout:0.5, nu:0.1,seed:46,lr:0.001,self-loop:True,norm:True
2020-01-05 05:27:33,432-OCGNN-INFO-n-epochs:10000, n-hidden:64,n-layers:2,weight-decay:0.001
2020-01-05 05:27:42,982-OCGNN-INFO-Current epoch: 822 Test AUROC 0.6658 | Test AUPRC 0.6153
2020-01-05 05:27:42,982-OCGNN-INFO-Test f1:0.6797,acc:0.5328,pre:0.5163,recall:0.9943
2020-01-05 05:27:42,982-OCGNN-INFO-

2020-01-05 05:27:46,748-OCGNN-INFO-Start training
2020-01-05 05:27:46,748-OCGNN-INFO-dropout:0.5, nu:0.1,seed:46,lr:0.0001,self-loop:True,norm:True
2020-01-05 05:27:46,748-OCGNN-INFO-n-epochs:10000, n-hidden:64,n-layers:2,weight-decay:0.001
2020-01-05 05:28:09,476-OCGNN-INFO-Current epoch: 1702 Test AUROC 0.7495 | Test AUPRC 0.6867
2020-01-05 05:28:09,476-OCGNN-INFO-Test f1:0.677,acc:0.5242,pre:0.5117,recall:1.0
2020-01-05 05:28:09,476-OCGNN-INFO-

2020-01-05 05:28:13,281-OCGNN-INFO-Start training
2020-01-05 05:28:13,281-OCGNN-INFO-dropout:0.5, nu:0.1,seed:46,lr:0.01,self-loop:True,norm:True
2020-01-05 05:28:13,281-OCGNN-INFO-n-epochs:10000, n-hidden:64,n-layers:1,weight-decay:0.01
2020-01-05 05:28:20,115-OCGNN-INFO-Current epoch: 558 Test AUROC 0.5809 | Test AUPRC 0.5451
2020-01-05 05:28:20,115-OCGNN-INFO-Test f1:0.0,acc:0.5014,pre:0.0,recall:0.0
2020-01-05 05:28:20,115-OCGNN-INFO-

2020-01-05 05:28:24,700-OCGNN-INFO-Start training
2020-01-05 05:28:24,700-OCGNN-INFO-dropout:0.5, nu:0.1,seed:46,lr:0.001,self-loop:True,norm:True
2020-01-05 05:28:24,700-OCGNN-INFO-n-epochs:10000, n-hidden:64,n-layers:1,weight-decay:0.01
2020-01-05 05:28:32,192-OCGNN-INFO-Current epoch: 665 Test AUROC 0.7281 | Test AUPRC 0.6913
2020-01-05 05:28:32,192-OCGNN-INFO-Test f1:0.6654,acc:0.4986,pre:0.4986,recall:1.0
2020-01-05 05:28:32,192-OCGNN-INFO-

2020-01-05 05:28:36,123-OCGNN-INFO-Start training
2020-01-05 05:28:36,123-OCGNN-INFO-dropout:0.5, nu:0.1,seed:46,lr:0.0001,self-loop:True,norm:True
2020-01-05 05:28:36,123-OCGNN-INFO-n-epochs:10000, n-hidden:64,n-layers:1,weight-decay:0.01
2020-01-05 05:28:53,379-OCGNN-INFO-Current epoch: 1210 Test AUROC 0.7884 | Test AUPRC 0.7297
2020-01-05 05:28:53,379-OCGNN-INFO-Test f1:0.6654,acc:0.4986,pre:0.4986,recall:1.0
2020-01-05 05:28:53,379-OCGNN-INFO-

2020-01-05 05:28:57,151-OCGNN-INFO-Start training
2020-01-05 05:28:57,151-OCGNN-INFO-dropout:0.5, nu:0.1,seed:46,lr:0.01,self-loop:True,norm:True
2020-01-05 05:28:57,151-OCGNN-INFO-n-epochs:10000, n-hidden:64,n-layers:2,weight-decay:0.01
2020-01-05 05:29:03,714-OCGNN-INFO-Current epoch: 555 Test AUROC 0.2731 | Test AUPRC 0.3676
2020-01-05 05:29:03,714-OCGNN-INFO-Test f1:0.0,acc:0.5014,pre:0.0,recall:0.0
2020-01-05 05:29:03,714-OCGNN-INFO-

2020-01-05 05:29:07,482-OCGNN-INFO-Start training
2020-01-05 05:29:07,482-OCGNN-INFO-dropout:0.5, nu:0.1,seed:46,lr:0.001,self-loop:True,norm:True
2020-01-05 05:29:07,482-OCGNN-INFO-n-epochs:10000, n-hidden:64,n-layers:2,weight-decay:0.01
2020-01-05 05:29:19,153-OCGNN-INFO-Current epoch: 856 Test AUROC 0.6560 | Test AUPRC 0.6122
2020-01-05 05:29:19,154-OCGNN-INFO-Test f1:0.6824,acc:0.5413,pre:0.5211,recall:0.9886
2020-01-05 05:29:19,154-OCGNN-INFO-

2020-01-05 05:29:23,019-OCGNN-INFO-Start training
2020-01-05 05:29:23,019-OCGNN-INFO-dropout:0.5, nu:0.1,seed:46,lr:0.0001,self-loop:True,norm:True
2020-01-05 05:29:23,019-OCGNN-INFO-n-epochs:10000, n-hidden:64,n-layers:2,weight-decay:0.01
2020-01-05 05:29:46,475-OCGNN-INFO-Current epoch: 1753 Test AUROC 0.7493 | Test AUPRC 0.6850
2020-01-05 05:29:46,475-OCGNN-INFO-Test f1:0.677,acc:0.5242,pre:0.5117,recall:1.0
2020-01-05 05:29:46,476-OCGNN-INFO-

