2020-01-04 01:00:08,995-baseline-INFO-

2020-01-04 01:00:08,995-baseline-INFO-

2020-01-04 01:00:08,995-baseline-INFO-Parameters dataset:cora datamode:A ad-method:IF emb-method:DeepWalk
2020-01-04 01:00:08,995-baseline-INFO--------------Evaluating Validation Results--------------
2020-01-04 01:00:09,090-baseline-INFO-AUC:0.5622,AP:0.5696
2020-01-04 01:00:09,090-baseline-INFO-f1:0.1667,acc:0.5102,pre:0.5455,recall:0.0984
2020-01-04 01:00:09,090-baseline-INFO--------------Evaluating Test Results--------------
2020-01-04 01:00:09,199-baseline-INFO-AUC:0.5797,AP:0.5366
2020-01-04 01:00:10,105-baseline-INFO-f1:0.1811,acc:0.4914,pre:0.46,recall:0.1127
2020-01-04 01:00:17,448-baseline-INFO-

2020-01-04 01:00:17,448-baseline-INFO-

2020-01-04 01:00:17,448-baseline-INFO-Parameters dataset:cora datamode:X ad-method:IF emb-method:DeepWalk
2020-01-04 01:00:17,448-baseline-INFO--------------Evaluating Validation Results--------------
2020-01-04 01:00:17,615-baseline-INFO-AUC:0.5235,AP:0.5173
2020-01-04 01:00:17,615-baseline-INFO-f1:0.0909,acc:0.5102,pre:0.6,recall:0.0492
2020-01-04 01:00:17,615-baseline-INFO--------------Evaluating Test Results--------------
2020-01-04 01:00:17,844-baseline-INFO-AUC:0.5231,AP:0.5232
2020-01-04 01:00:17,844-baseline-INFO-f1:0.0995,acc:0.5134,pre:0.6471,recall:0.0539
2020-01-04 01:00:25,696-baseline-INFO-

2020-01-04 01:00:25,696-baseline-INFO-

2020-01-04 01:00:25,696-baseline-INFO-Parameters dataset:cora datamode:AX ad-method:IF emb-method:DeepWalk
2020-01-04 01:00:25,696-baseline-INFO--------------Evaluating Validation Results--------------
2020-01-04 01:00:25,925-baseline-INFO-AUC:0.5241,AP:0.5161
2020-01-04 01:00:25,926-baseline-INFO-f1:0.1399,acc:0.498,pre:0.4762,recall:0.082
2020-01-04 01:00:25,926-baseline-INFO--------------Evaluating Test Results--------------
2020-01-04 01:00:26,269-baseline-INFO-AUC:0.5545,AP:0.5559
2020-01-04 01:00:26,269-baseline-INFO-f1:0.1709,acc:0.5257,pre:0.6667,recall:0.098
2020-01-04 01:00:33,491-baseline-INFO-

2020-01-04 01:00:33,491-baseline-INFO-

2020-01-04 01:00:33,491-baseline-INFO-Parameters dataset:cora datamode:A ad-method:OCSVM emb-method:DeepWalk
2020-01-04 01:00:33,491-baseline-INFO--------------Evaluating Validation Results--------------
2020-01-04 01:00:33,510-baseline-INFO-AUC:0.5208,AP:0.5282
2020-01-04 01:00:33,510-baseline-INFO-f1:0.2675,acc:0.5306,pre:0.6,recall:0.1721
2020-01-04 01:00:33,510-baseline-INFO--------------Evaluating Test Results--------------
2020-01-04 01:00:33,538-baseline-INFO-AUC:0.4951,AP:0.4812
2020-01-04 01:00:33,538-baseline-INFO-f1:0.144,acc:0.4768,pre:0.3913,recall:0.0882
2020-01-04 01:00:41,065-baseline-INFO-

2020-01-04 01:00:41,065-baseline-INFO-

2020-01-04 01:00:41,065-baseline-INFO-Parameters dataset:cora datamode:X ad-method:OCSVM emb-method:DeepWalk
2020-01-04 01:00:41,065-baseline-INFO--------------Evaluating Validation Results--------------
2020-01-04 01:00:41,219-baseline-INFO-AUC:0.4831,AP:0.4695
2020-01-04 01:00:41,220-baseline-INFO-f1:0.1224,acc:0.4735,pre:0.36,recall:0.0738
2020-01-04 01:00:41,220-baseline-INFO--------------Evaluating Test Results--------------
2020-01-04 01:00:41,469-baseline-INFO-AUC:0.5192,AP:0.517
2020-01-04 01:00:41,469-baseline-INFO-f1:0.192,acc:0.5061,pre:0.5217,recall:0.1176
2020-01-04 01:00:49,005-baseline-INFO-

2020-01-04 01:00:49,005-baseline-INFO-

2020-01-04 01:00:49,005-baseline-INFO-Parameters dataset:cora datamode:AX ad-method:OCSVM emb-method:DeepWalk
2020-01-04 01:00:49,005-baseline-INFO--------------Evaluating Validation Results--------------
2020-01-04 01:00:49,168-baseline-INFO-AUC:0.5616,AP:0.573
2020-01-04 01:00:49,168-baseline-INFO-f1:0.2313,acc:0.5388,pre:0.68,recall:0.1393
2020-01-04 01:00:49,168-baseline-INFO--------------Evaluating Test Results--------------
2020-01-04 01:00:49,436-baseline-INFO-AUC:0.5163,AP:0.5158
2020-01-04 01:00:49,436-baseline-INFO-f1:0.1646,acc:0.5037,pre:0.5128,recall:0.098
2020-01-04 01:00:58,684-baseline-INFO-

2020-01-04 01:00:58,684-baseline-INFO-

2020-01-04 01:00:58,685-baseline-INFO-Parameters dataset:cora datamode:A ad-method:PCA emb-method:DeepWalk
2020-01-04 01:00:58,685-baseline-INFO--------------Evaluating Validation Results--------------
2020-01-04 01:00:58,704-baseline-INFO-AUC:0.5193,AP:0.494
2020-01-04 01:00:58,705-baseline-INFO-f1:0.1806,acc:0.4816,pre:0.4242,recall:0.1148
2020-01-04 01:00:58,705-baseline-INFO--------------Evaluating Test Results--------------
2020-01-04 01:00:58,728-baseline-INFO-AUC:0.5622,AP:0.5195
2020-01-04 01:00:58,728-baseline-INFO-f1:0.1452,acc:0.4817,pre:0.4091,recall:0.0882
2020-01-04 01:01:08,046-baseline-INFO-

2020-01-04 01:01:08,046-baseline-INFO-

2020-01-04 01:01:08,046-baseline-INFO-Parameters dataset:cora datamode:X ad-method:PCA emb-method:DeepWalk
2020-01-04 01:01:08,046-baseline-INFO--------------Evaluating Validation Results--------------
2020-01-04 01:01:08,208-baseline-INFO-AUC:0.6202,AP:0.5613
2020-01-04 01:01:08,208-baseline-INFO-f1:0.5024,acc:0.5796,pre:0.6118,recall:0.4262
2020-01-04 01:01:08,208-baseline-INFO--------------Evaluating Test Results--------------
2020-01-04 01:01:08,471-baseline-INFO-AUC:0.6127,AP:0.5864
2020-01-04 01:01:08,471-baseline-INFO-f1:0.5251,acc:0.5844,pre:0.6104,recall:0.4608
2020-01-04 01:01:17,185-baseline-INFO-

2020-01-04 01:01:17,185-baseline-INFO-

2020-01-04 01:01:17,185-baseline-INFO-Parameters dataset:cora datamode:AX ad-method:PCA emb-method:DeepWalk
2020-01-04 01:01:17,185-baseline-INFO--------------Evaluating Validation Results--------------
2020-01-04 01:01:17,361-baseline-INFO-AUC:0.5772,AP:0.5364
2020-01-04 01:01:17,362-baseline-INFO-f1:0.44,acc:0.5429,pre:0.5641,recall:0.3607
2020-01-04 01:01:17,362-baseline-INFO--------------Evaluating Test Results--------------
2020-01-04 01:01:17,647-baseline-INFO-AUC:0.5853,AP:0.543
2020-01-04 01:01:17,647-baseline-INFO-f1:0.4756,acc:0.5526,pre:0.5724,recall:0.4069
2020-01-04 01:01:21,595-baseline-INFO-

2020-01-04 01:01:21,595-baseline-INFO-

2020-01-04 01:01:21,595-baseline-INFO-Parameters dataset:citeseer datamode:A ad-method:IF emb-method:DeepWalk
2020-01-04 01:01:21,595-baseline-INFO--------------Evaluating Validation Results--------------
2020-01-04 01:01:21,689-baseline-INFO-AUC:0.4923,AP:0.5113
2020-01-04 01:01:21,689-baseline-INFO-f1:0.219,acc:0.4905,pre:0.4688,recall:0.1429
2020-01-04 01:01:21,689-baseline-INFO--------------Evaluating Test Results--------------
2020-01-04 01:01:21,795-baseline-INFO-AUC:0.4968,AP:0.4878
2020-01-04 01:01:21,795-baseline-INFO-f1:0.2281,acc:0.4986,pre:0.4906,recall:0.1486
2020-01-04 01:01:25,825-baseline-INFO-

2020-01-04 01:01:25,825-baseline-INFO-

2020-01-04 01:01:25,825-baseline-INFO-Parameters dataset:citeseer datamode:X ad-method:IF emb-method:DeepWalk
2020-01-04 01:01:25,825-baseline-INFO--------------Evaluating Validation Results--------------
2020-01-04 01:01:26,184-baseline-INFO-AUC:0.4667,AP:0.4833
2020-01-04 01:01:26,184-baseline-INFO-f1:0.0696,acc:0.4905,pre:0.4,recall:0.0381
2020-01-04 01:01:26,184-baseline-INFO--------------Evaluating Test Results--------------
2020-01-04 01:01:26,658-baseline-INFO-AUC:0.47,AP:0.4725
2020-01-04 01:01:26,658-baseline-INFO-f1:0.0909,acc:0.4872,pre:0.3913,recall:0.0514
2020-01-04 01:01:31,656-baseline-INFO-

2020-01-04 01:01:31,656-baseline-INFO-

2020-01-04 01:01:31,656-baseline-INFO-Parameters dataset:citeseer datamode:AX ad-method:IF emb-method:DeepWalk
2020-01-04 01:01:31,656-baseline-INFO--------------Evaluating Validation Results--------------
2020-01-04 01:01:32,106-baseline-INFO-AUC:0.4441,AP:0.4668
2020-01-04 01:01:32,107-baseline-INFO-f1:0.0185,acc:0.4952,pre:0.3333,recall:0.0095
2020-01-04 01:01:32,107-baseline-INFO--------------Evaluating Test Results--------------
2020-01-04 01:01:33,003-baseline-INFO-AUC:0.4476,AP:0.4658
2020-01-04 01:01:33,003-baseline-INFO-f1:0.0741,acc:0.5014,pre:0.5,recall:0.04
2020-01-04 01:01:36,814-baseline-INFO-

2020-01-04 01:01:36,814-baseline-INFO-

2020-01-04 01:01:36,814-baseline-INFO-Parameters dataset:citeseer datamode:A ad-method:OCSVM emb-method:DeepWalk
2020-01-04 01:01:36,814-baseline-INFO--------------Evaluating Validation Results--------------
2020-01-04 01:01:36,829-baseline-INFO-AUC:0.4186,AP:0.4917
2020-01-04 01:01:36,829-baseline-INFO-f1:0.189,acc:0.5095,pre:0.5455,recall:0.1143
2020-01-04 01:01:36,829-baseline-INFO--------------Evaluating Test Results--------------
2020-01-04 01:01:36,851-baseline-INFO-AUC:0.4362,AP:0.4711
2020-01-04 01:01:36,851-baseline-INFO-f1:0.1589,acc:0.4872,pre:0.4359,recall:0.0971
2020-01-04 01:01:40,574-baseline-INFO-

2020-01-04 01:01:40,574-baseline-INFO-

2020-01-04 01:01:40,574-baseline-INFO-Parameters dataset:citeseer datamode:X ad-method:OCSVM emb-method:DeepWalk
2020-01-04 01:01:40,574-baseline-INFO--------------Evaluating Validation Results--------------
2020-01-04 01:01:40,849-baseline-INFO-AUC:0.5376,AP:0.5422
2020-01-04 01:01:40,849-baseline-INFO-f1:0.2707,acc:0.5381,pre:0.6429,recall:0.1714
2020-01-04 01:01:40,849-baseline-INFO--------------Evaluating Test Results--------------
2020-01-04 01:01:41,303-baseline-INFO-AUC:0.5693,AP:0.539
2020-01-04 01:01:41,303-baseline-INFO-f1:0.2833,acc:0.5242,pre:0.569,recall:0.1886
2020-01-04 01:01:45,615-baseline-INFO-

2020-01-04 01:01:45,616-baseline-INFO-

2020-01-04 01:01:45,616-baseline-INFO-Parameters dataset:citeseer datamode:AX ad-method:OCSVM emb-method:DeepWalk
2020-01-04 01:01:45,616-baseline-INFO--------------Evaluating Validation Results--------------
2020-01-04 01:01:45,899-baseline-INFO-AUC:0.4606,AP:0.5046
2020-01-04 01:01:45,899-baseline-INFO-f1:0.2388,acc:0.5143,pre:0.5517,recall:0.1524
2020-01-04 01:01:45,899-baseline-INFO--------------Evaluating Test Results--------------
2020-01-04 01:01:46,366-baseline-INFO-AUC:0.4394,AP:0.4718
2020-01-04 01:01:46,366-baseline-INFO-f1:0.1914,acc:0.5185,pre:0.5882,recall:0.1143
2020-01-04 01:01:49,955-baseline-INFO-

2020-01-04 01:01:49,956-baseline-INFO-

2020-01-04 01:01:49,956-baseline-INFO-Parameters dataset:citeseer datamode:A ad-method:PCA emb-method:DeepWalk
2020-01-04 01:01:49,956-baseline-INFO--------------Evaluating Validation Results--------------
2020-01-04 01:01:49,963-baseline-INFO-AUC:0.4541,AP:0.485
2020-01-04 01:01:49,963-baseline-INFO-f1:0.1732,acc:0.5,pre:0.5,recall:0.1048
2020-01-04 01:01:49,963-baseline-INFO--------------Evaluating Test Results--------------
2020-01-04 01:01:49,972-baseline-INFO-AUC:0.4039,AP:0.4292
2020-01-04 01:01:49,972-baseline-INFO-f1:0.1073,acc:0.4786,pre:0.3667,recall:0.0629
2020-01-04 01:01:53,534-baseline-INFO-

2020-01-04 01:01:53,534-baseline-INFO-

2020-01-04 01:01:53,534-baseline-INFO-Parameters dataset:citeseer datamode:X ad-method:PCA emb-method:DeepWalk
2020-01-04 01:01:53,534-baseline-INFO--------------Evaluating Validation Results--------------
2020-01-04 01:01:53,871-baseline-INFO-AUC:0.5958,AP:0.5726
2020-01-04 01:01:53,871-baseline-INFO-f1:0.3611,acc:0.5619,pre:0.6667,recall:0.2476
2020-01-04 01:01:53,871-baseline-INFO--------------Evaluating Test Results--------------
2020-01-04 01:01:54,407-baseline-INFO-AUC:0.5797,AP:0.6
2020-01-04 01:01:54,407-baseline-INFO-f1:0.3419,acc:0.5613,pre:0.678,recall:0.2286
2020-01-04 01:01:59,160-baseline-INFO-

2020-01-04 01:01:59,160-baseline-INFO-

2020-01-04 01:01:59,160-baseline-INFO-Parameters dataset:citeseer datamode:AX ad-method:PCA emb-method:DeepWalk
2020-01-04 01:01:59,160-baseline-INFO--------------Evaluating Validation Results--------------
2020-01-04 01:01:59,526-baseline-INFO-AUC:0.5774,AP:0.5805
2020-01-04 01:01:59,526-baseline-INFO-f1:0.3649,acc:0.5524,pre:0.6279,recall:0.2571
2020-01-04 01:01:59,526-baseline-INFO--------------Evaluating Test Results--------------
2020-01-04 01:02:00,113-baseline-INFO-AUC:0.595,AP:0.5775
2020-01-04 01:02:00,113-baseline-INFO-f1:0.3821,acc:0.567,pre:0.662,recall:0.2686
2020-01-04 01:02:22,215-baseline-INFO-

2020-01-04 01:02:22,215-baseline-INFO-

2020-01-04 01:02:22,215-baseline-INFO-Parameters dataset:pubmed datamode:A ad-method:IF emb-method:DeepWalk
2020-01-04 01:02:22,216-baseline-INFO--------------Evaluating Validation Results--------------
2020-01-04 01:02:22,490-baseline-INFO-AUC:0.6158,AP:0.5804
2020-01-04 01:02:22,491-baseline-INFO-f1:0.2349,acc:0.5229,pre:0.5925,recall:0.1465
2020-01-04 01:02:22,491-baseline-INFO--------------Evaluating Test Results--------------
2020-01-04 01:02:22,898-baseline-INFO-AUC:0.6158,AP:0.5855
2020-01-04 01:02:23,806-baseline-INFO-f1:0.2559,acc:0.5331,pre:0.6295,recall:0.1606
2020-01-04 01:02:28,916-baseline-INFO-

2020-01-04 01:02:28,916-baseline-INFO-

2020-01-04 01:02:28,916-baseline-INFO-Parameters dataset:pubmed datamode:X ad-method:IF emb-method:DeepWalk
2020-01-04 01:02:28,916-baseline-INFO--------------Evaluating Validation Results--------------
2020-01-04 01:02:29,382-baseline-INFO-AUC:0.695,AP:0.6702
2020-01-04 01:02:29,382-baseline-INFO-f1:0.4,acc:0.5859,pre:0.7261,recall:0.276
2020-01-04 01:02:29,382-baseline-INFO--------------Evaluating Test Results--------------
2020-01-04 01:02:30,125-baseline-INFO-AUC:0.6954,AP:0.6744
2020-01-04 01:02:30,125-baseline-INFO-f1:0.3933,acc:0.5791,pre:0.7038,recall:0.2729
2020-01-04 01:02:39,358-baseline-INFO-

2020-01-04 01:02:39,358-baseline-INFO-

2020-01-04 01:02:39,358-baseline-INFO-Parameters dataset:pubmed datamode:AX ad-method:IF emb-method:DeepWalk
2020-01-04 01:02:39,358-baseline-INFO--------------Evaluating Validation Results--------------
2020-01-04 01:02:40,320-baseline-INFO-AUC:0.6999,AP:0.6647
2020-01-04 01:02:40,320-baseline-INFO-f1:0.3438,acc:0.5652,pre:0.7005,recall:0.2278
2020-01-04 01:02:40,320-baseline-INFO--------------Evaluating Test Results--------------
2020-01-04 01:02:42,207-baseline-INFO-AUC:0.6592,AP:0.6242
2020-01-04 01:02:42,207-baseline-INFO-f1:0.3122,acc:0.5535,pre:0.6786,recall:0.2027
2020-01-04 01:02:51,580-baseline-INFO-

2020-01-04 01:02:51,580-baseline-INFO-

2020-01-04 01:02:51,580-baseline-INFO-Parameters dataset:pubmed datamode:A ad-method:OCSVM emb-method:DeepWalk
2020-01-04 01:02:51,580-baseline-INFO--------------Evaluating Validation Results--------------
2020-01-04 01:02:52,944-baseline-INFO-AUC:0.5908,AP:0.5723
2020-01-04 01:02:52,944-baseline-INFO-f1:0.258,acc:0.5301,pre:0.6127,recall:0.1634
2020-01-04 01:02:52,944-baseline-INFO--------------Evaluating Test Results--------------
2020-01-04 01:02:55,137-baseline-INFO-AUC:0.6085,AP:0.5881
2020-01-04 01:02:55,346-baseline-INFO-f1:0.2841,acc:0.5405,pre:0.6422,recall:0.1824
2020-01-04 01:03:11,380-baseline-INFO-

2020-01-04 01:03:11,380-baseline-INFO-

2020-01-04 01:03:11,380-baseline-INFO-Parameters dataset:pubmed datamode:X ad-method:OCSVM emb-method:DeepWalk
2020-01-04 01:03:11,380-baseline-INFO--------------Evaluating Validation Results--------------
2020-01-04 01:03:16,041-baseline-INFO-AUC:0.4428,AP:0.4612
2020-01-04 01:03:16,041-baseline-INFO-f1:0.1361,acc:0.4839,pre:0.4174,recall:0.0813
2020-01-04 01:03:16,041-baseline-INFO--------------Evaluating Test Results--------------
2020-01-04 01:03:23,800-baseline-INFO-AUC:0.467,AP:0.4771
2020-01-04 01:03:23,800-baseline-INFO-f1:0.1546,acc:0.4915,pre:0.4575,recall:0.093
2020-01-04 01:03:45,885-baseline-INFO-

2020-01-04 01:03:45,885-baseline-INFO-

2020-01-04 01:03:45,885-baseline-INFO-Parameters dataset:pubmed datamode:AX ad-method:OCSVM emb-method:DeepWalk
2020-01-04 01:03:45,885-baseline-INFO--------------Evaluating Validation Results--------------
2020-01-04 01:03:52,055-baseline-INFO-AUC:0.5976,AP:0.5763
2020-01-04 01:03:52,055-baseline-INFO-f1:0.2456,acc:0.5292,pre:0.6177,recall:0.1533
2020-01-04 01:03:52,055-baseline-INFO--------------Evaluating Test Results--------------
2020-01-04 01:04:02,148-baseline-INFO-AUC:0.5885,AP:0.5715
2020-01-04 01:04:02,149-baseline-INFO-f1:0.2542,acc:0.5291,pre:0.61,recall:0.1606
2020-01-04 01:04:08,491-baseline-INFO-

2020-01-04 01:04:08,492-baseline-INFO-

2020-01-04 01:04:08,492-baseline-INFO-Parameters dataset:pubmed datamode:A ad-method:PCA emb-method:DeepWalk
2020-01-04 01:04:08,492-baseline-INFO--------------Evaluating Validation Results--------------
2020-01-04 01:04:08,534-baseline-INFO-AUC:0.6171,AP:0.5824
2020-01-04 01:04:08,535-baseline-INFO-f1:0.2488,acc:0.5296,pre:0.6174,recall:0.1558
2020-01-04 01:04:08,535-baseline-INFO--------------Evaluating Test Results--------------
2020-01-04 01:04:08,600-baseline-INFO-AUC:0.6119,AP:0.58
2020-01-04 01:04:08,600-baseline-INFO-f1:0.2575,acc:0.5314,pre:0.619,recall:0.1626
2020-01-04 01:04:13,181-baseline-INFO-

2020-01-04 01:04:13,182-baseline-INFO-

2020-01-04 01:04:13,182-baseline-INFO-Parameters dataset:pubmed datamode:X ad-method:PCA emb-method:DeepWalk
2020-01-04 01:04:13,182-baseline-INFO--------------Evaluating Validation Results--------------
2020-01-04 01:04:13,701-baseline-INFO-AUC:0.7115,AP:0.707
2020-01-04 01:04:13,701-baseline-INFO-f1:0.4527,acc:0.613,pre:0.773,recall:0.3201
2020-01-04 01:04:13,701-baseline-INFO--------------Evaluating Test Results--------------
2020-01-04 01:04:14,539-baseline-INFO-AUC:0.7152,AP:0.6965
2020-01-04 01:04:14,539-baseline-INFO-f1:0.434,acc:0.5972,pre:0.729,recall:0.3089
2020-01-04 01:04:21,958-baseline-INFO-

2020-01-04 01:04:21,958-baseline-INFO-

2020-01-04 01:04:21,958-baseline-INFO-Parameters dataset:pubmed datamode:AX ad-method:PCA emb-method:DeepWalk
2020-01-04 01:04:21,958-baseline-INFO--------------Evaluating Validation Results--------------
2020-01-04 01:04:22,745-baseline-INFO-AUC:0.7281,AP:0.7086
2020-01-04 01:04:22,745-baseline-INFO-f1:0.4641,acc:0.6109,pre:0.7453,recall:0.337
2020-01-04 01:04:22,745-baseline-INFO--------------Evaluating Test Results--------------
2020-01-04 01:04:24,054-baseline-INFO-AUC:0.7247,AP:0.7073
2020-01-04 01:04:24,054-baseline-INFO-f1:0.4768,acc:0.6187,pre:0.7592,recall:0.3476
