2020-01-06 01:10:02,792-OCGNN-INFO-Start training
2020-01-06 01:10:02,792-OCGNN-INFO-dropout:0.5, nu:0.1,seed:46,lr:0.0005,self-loop:True,norm:False
2020-01-06 01:10:02,792-OCGNN-INFO-n-epochs:10000, n-hidden:128,n-layers:1,weight-decay:0.001
2020-01-06 01:13:47,491-OCGNN-INFO-Current epoch: 2271 Test AUROC 0.8294 | Test AUPRC 0.7609
2020-01-06 01:13:47,492-OCGNN-INFO-Test f1:0.6654,acc:0.4986,pre:0.4986,recall:1.0
2020-01-06 01:13:47,492-OCGNN-INFO-

2020-01-06 01:13:54,280-OCGNN-INFO-Start training
2020-01-06 01:13:54,280-OCGNN-INFO-dropout:0.5, nu:0.1,seed:46,lr:0.0005,self-loop:True,norm:False
2020-01-06 01:13:54,280-OCGNN-INFO-n-epochs:10000, n-hidden:128,n-layers:2,weight-decay:0.001
2020-01-06 01:17:07,123-OCGNN-INFO-Current epoch: 700 Test AUROC 0.8173 | Test AUPRC 0.7653
2020-01-06 01:17:07,124-OCGNN-INFO-Test f1:0.6654,acc:0.4986,pre:0.4986,recall:1.0
2020-01-06 01:17:07,124-OCGNN-INFO-

2020-01-06 01:17:13,399-OCGNN-INFO-Start training
2020-01-06 01:17:13,400-OCGNN-INFO-dropout:0.5, nu:0.1,seed:46,lr:0.0005,self-loop:True,norm:False
2020-01-06 01:17:13,400-OCGNN-INFO-n-epochs:10000, n-hidden:128,n-layers:3,weight-decay:0.001
2020-01-06 01:29:41,822-OCGNN-INFO-Current epoch: 1879 Test AUROC 0.8394 | Test AUPRC 0.7557
2020-01-06 01:29:41,822-OCGNN-INFO-Test f1:0.6705,acc:0.51,pre:0.5043,recall:1.0
2020-01-06 01:29:41,822-OCGNN-INFO-

2020-01-06 01:29:48,596-OCGNN-INFO-Start training
2020-01-06 01:29:48,596-OCGNN-INFO-dropout:0.5, nu:0.1,seed:46,lr:0.0005,self-loop:True,norm:False
2020-01-06 01:29:48,596-OCGNN-INFO-n-epochs:10000, n-hidden:128,n-layers:4,weight-decay:0.001
2020-01-06 01:44:35,655-OCGNN-INFO-Current epoch: 1696 Test AUROC 0.8408 | Test AUPRC 0.7669
2020-01-06 01:44:35,655-OCGNN-INFO-Test f1:0.6823,acc:0.5356,pre:0.5178,recall:1.0
2020-01-06 01:44:35,655-OCGNN-INFO-

2020-01-06 01:44:42,490-OCGNN-INFO-Start training
2020-01-06 01:44:42,490-OCGNN-INFO-dropout:0.5, nu:0.1,seed:46,lr:0.0005,self-loop:True,norm:False
2020-01-06 01:44:42,490-OCGNN-INFO-n-epochs:10000, n-hidden:128,n-layers:5,weight-decay:0.001
2020-01-06 02:03:02,612-OCGNN-INFO-Current epoch: 1765 Test AUROC 0.8539 | Test AUPRC 0.7816
2020-01-06 02:03:02,612-OCGNN-INFO-Test f1:0.6667,acc:0.5014,pre:0.5,recall:1.0
2020-01-06 02:03:02,612-OCGNN-INFO-

2020-01-06 02:03:09,429-OCGNN-INFO-Start training
2020-01-06 02:03:09,429-OCGNN-INFO-dropout:0.5, nu:0.1,seed:46,lr:0.0005,self-loop:True,norm:False
2020-01-06 02:03:09,429-OCGNN-INFO-n-epochs:10000, n-hidden:128,n-layers:6,weight-decay:0.001
2020-01-06 02:35:12,466-OCGNN-INFO-Current epoch: 2595 Test AUROC 0.8441 | Test AUPRC 0.7719
2020-01-06 02:35:12,466-OCGNN-INFO-Test f1:0.8081,acc:0.7835,pre:0.724,recall:0.9143
2020-01-06 02:35:12,466-OCGNN-INFO-

2020-01-06 02:35:19,570-OCGNN-INFO-Start training
2020-01-06 02:35:19,570-OCGNN-INFO-dropout:0.5, nu:0.1,seed:46,lr:0.0005,self-loop:True,norm:False
2020-01-06 02:35:19,570-OCGNN-INFO-n-epochs:10000, n-hidden:128,n-layers:7,weight-decay:0.001
2020-01-06 03:05:10,829-OCGNN-INFO-Current epoch: 2267 Test AUROC 0.8366 | Test AUPRC 0.7678
2020-01-06 03:05:10,829-OCGNN-INFO-Test f1:0.8073,acc:0.7892,pre:0.7416,recall:0.8857
2020-01-06 03:05:10,829-OCGNN-INFO-

2020-01-06 03:05:16,796-OCGNN-INFO-Start training
2020-01-06 03:05:16,796-OCGNN-INFO-dropout:0.5, nu:0.1,seed:46,lr:0.0005,self-loop:True,norm:False
2020-01-06 03:05:16,796-OCGNN-INFO-n-epochs:10000, n-hidden:64,n-layers:1,weight-decay:0.001
2020-01-06 03:10:39,670-OCGNN-INFO-Current epoch: 3081 Test AUROC 0.8332 | Test AUPRC 0.7657
2020-01-06 03:10:39,670-OCGNN-INFO-Test f1:0.6654,acc:0.4986,pre:0.4986,recall:1.0
2020-01-06 03:10:39,670-OCGNN-INFO-

2020-01-06 03:10:46,166-OCGNN-INFO-Start training
2020-01-06 03:10:46,166-OCGNN-INFO-dropout:0.5, nu:0.1,seed:46,lr:0.0005,self-loop:True,norm:False
2020-01-06 03:10:46,166-OCGNN-INFO-n-epochs:10000, n-hidden:64,n-layers:2,weight-decay:0.001
2020-01-06 03:17:53,292-OCGNN-INFO-Current epoch: 2793 Test AUROC 0.8409 | Test AUPRC 0.7462
2020-01-06 03:17:53,292-OCGNN-INFO-Test f1:0.6849,acc:0.5413,pre:0.5208,recall:1.0
2020-01-06 03:17:53,292-OCGNN-INFO-

2020-01-06 03:17:59,669-OCGNN-INFO-Start training
2020-01-06 03:17:59,669-OCGNN-INFO-dropout:0.5, nu:0.1,seed:46,lr:0.0005,self-loop:True,norm:False
2020-01-06 03:17:59,669-OCGNN-INFO-n-epochs:10000, n-hidden:64,n-layers:3,weight-decay:0.001
2020-01-06 03:23:28,176-OCGNN-INFO-Current epoch: 1721 Test AUROC 0.8410 | Test AUPRC 0.7529
2020-01-06 03:23:28,176-OCGNN-INFO-Test f1:0.6718,acc:0.5128,pre:0.5058,recall:1.0
2020-01-06 03:23:28,176-OCGNN-INFO-

2020-01-06 03:23:34,571-OCGNN-INFO-Start training
2020-01-06 03:23:34,571-OCGNN-INFO-dropout:0.5, nu:0.1,seed:46,lr:0.0005,self-loop:True,norm:False
2020-01-06 03:23:34,571-OCGNN-INFO-n-epochs:10000, n-hidden:64,n-layers:4,weight-decay:0.001
2020-01-06 03:33:52,141-OCGNN-INFO-Current epoch: 2548 Test AUROC 0.8418 | Test AUPRC 0.7732
2020-01-06 03:33:52,141-OCGNN-INFO-Test f1:0.6654,acc:0.4986,pre:0.4986,recall:1.0
2020-01-06 03:33:52,141-OCGNN-INFO-

2020-01-06 03:33:58,808-OCGNN-INFO-Start training
2020-01-06 03:33:58,808-OCGNN-INFO-dropout:0.5, nu:0.1,seed:46,lr:0.0005,self-loop:True,norm:False
2020-01-06 03:33:58,808-OCGNN-INFO-n-epochs:10000, n-hidden:64,n-layers:5,weight-decay:0.001
2020-01-06 03:37:37,420-OCGNN-INFO-Current epoch: 775 Test AUROC 0.8104 | Test AUPRC 0.7800
2020-01-06 03:37:37,420-OCGNN-INFO-Test f1:0.6654,acc:0.4986,pre:0.4986,recall:1.0
2020-01-06 03:37:37,420-OCGNN-INFO-

2020-01-06 03:37:43,525-OCGNN-INFO-Start training
2020-01-06 03:37:43,525-OCGNN-INFO-dropout:0.5, nu:0.1,seed:46,lr:0.0005,self-loop:True,norm:False
2020-01-06 03:37:43,525-OCGNN-INFO-n-epochs:10000, n-hidden:64,n-layers:6,weight-decay:0.001
2020-01-06 03:44:08,405-OCGNN-INFO-Current epoch: 1084 Test AUROC 0.7870 | Test AUPRC 0.7629
2020-01-06 03:44:08,405-OCGNN-INFO-Test f1:0.6654,acc:0.4986,pre:0.4986,recall:1.0
2020-01-06 03:44:08,405-OCGNN-INFO-

2020-01-06 03:44:15,082-OCGNN-INFO-Start training
2020-01-06 03:44:15,083-OCGNN-INFO-dropout:0.5, nu:0.1,seed:46,lr:0.0005,self-loop:True,norm:False
2020-01-06 03:44:15,083-OCGNN-INFO-n-epochs:10000, n-hidden:64,n-layers:7,weight-decay:0.001
2020-01-06 03:51:27,666-OCGNN-INFO-Current epoch: 1130 Test AUROC 0.8273 | Test AUPRC 0.7993
2020-01-06 03:51:27,666-OCGNN-INFO-Test f1:0.6654,acc:0.4986,pre:0.4986,recall:1.0
2020-01-06 03:51:27,666-OCGNN-INFO-

