2020-01-06 03:51:33,800-OCGNN-INFO-Start training
2020-01-06 03:51:33,800-OCGNN-INFO-dropout:0.5, nu:0.1,seed:46,lr:0.0005,self-loop:True,norm:False
2020-01-06 03:51:33,800-OCGNN-INFO-n-epochs:10000, n-hidden:128,n-layers:1,weight-decay:0.001
2020-01-06 04:01:26,581-OCGNN-INFO-Current epoch: 2015 Test AUROC 0.8581 | Test AUPRC 0.8346
2020-01-06 04:01:26,581-OCGNN-INFO-Test f1:0.6654,acc:0.4986,pre:0.4986,recall:1.0
2020-01-06 04:01:26,581-OCGNN-INFO-

2020-01-06 04:01:32,849-OCGNN-INFO-Start training
2020-01-06 04:01:32,849-OCGNN-INFO-dropout:0.5, nu:0.1,seed:46,lr:0.0005,self-loop:True,norm:False
2020-01-06 04:01:32,849-OCGNN-INFO-n-epochs:10000, n-hidden:128,n-layers:2,weight-decay:0.001
2020-01-06 04:07:03,718-OCGNN-INFO-Current epoch: 1242 Test AUROC 0.8707 | Test AUPRC 0.8097
2020-01-06 04:07:03,718-OCGNN-INFO-Test f1:0.6654,acc:0.4986,pre:0.4986,recall:1.0
2020-01-06 04:07:03,718-OCGNN-INFO-

2020-01-06 04:07:09,860-OCGNN-INFO-Start training
2020-01-06 04:07:09,860-OCGNN-INFO-dropout:0.5, nu:0.1,seed:46,lr:0.0005,self-loop:True,norm:False
2020-01-06 04:07:09,860-OCGNN-INFO-n-epochs:10000, n-hidden:128,n-layers:3,weight-decay:0.001
2020-01-06 04:20:14,830-OCGNN-INFO-Current epoch: 2840 Test AUROC 0.8808 | Test AUPRC 0.8083
2020-01-06 04:20:14,830-OCGNN-INFO-Test f1:0.6654,acc:0.4986,pre:0.4986,recall:1.0
2020-01-06 04:20:14,830-OCGNN-INFO-

2020-01-06 04:20:21,024-OCGNN-INFO-Start training
2020-01-06 04:20:21,024-OCGNN-INFO-dropout:0.5, nu:0.1,seed:46,lr:0.0005,self-loop:True,norm:False
2020-01-06 04:20:21,024-OCGNN-INFO-n-epochs:10000, n-hidden:128,n-layers:4,weight-decay:0.001
2020-01-06 04:31:06,685-OCGNN-INFO-Current epoch: 2305 Test AUROC 0.8618 | Test AUPRC 0.7978
2020-01-06 04:31:06,685-OCGNN-INFO-Test f1:0.6654,acc:0.4986,pre:0.4986,recall:1.0
2020-01-06 04:31:06,685-OCGNN-INFO-

2020-01-06 04:31:12,847-OCGNN-INFO-Start training
2020-01-06 04:31:12,847-OCGNN-INFO-dropout:0.5, nu:0.1,seed:46,lr:0.0005,self-loop:True,norm:False
2020-01-06 04:31:12,847-OCGNN-INFO-n-epochs:10000, n-hidden:128,n-layers:5,weight-decay:0.001
2020-01-06 04:35:58,874-OCGNN-INFO-Current epoch: 935 Test AUROC 0.8231 | Test AUPRC 0.7579
2020-01-06 04:35:58,874-OCGNN-INFO-Test f1:0.6654,acc:0.4986,pre:0.4986,recall:1.0
2020-01-06 04:35:58,874-OCGNN-INFO-

2020-01-06 04:36:05,165-OCGNN-INFO-Start training
2020-01-06 04:36:05,165-OCGNN-INFO-dropout:0.5, nu:0.1,seed:46,lr:0.0005,self-loop:True,norm:False
2020-01-06 04:36:05,165-OCGNN-INFO-n-epochs:10000, n-hidden:128,n-layers:6,weight-decay:0.001
2020-01-06 04:52:28,926-OCGNN-INFO-Current epoch: 3354 Test AUROC 0.8527 | Test AUPRC 0.7871
2020-01-06 04:52:28,926-OCGNN-INFO-Test f1:0.6654,acc:0.4986,pre:0.4986,recall:1.0
2020-01-06 04:52:28,926-OCGNN-INFO-

2020-01-06 04:52:34,987-OCGNN-INFO-Start training
2020-01-06 04:52:34,988-OCGNN-INFO-dropout:0.5, nu:0.1,seed:46,lr:0.0005,self-loop:True,norm:False
2020-01-06 04:52:34,988-OCGNN-INFO-n-epochs:10000, n-hidden:128,n-layers:7,weight-decay:0.001
2020-01-06 05:06:25,510-OCGNN-INFO-Current epoch: 2726 Test AUROC 0.8445 | Test AUPRC 0.7892
2020-01-06 05:06:25,510-OCGNN-INFO-Test f1:0.6654,acc:0.4986,pre:0.4986,recall:1.0
2020-01-06 05:06:25,510-OCGNN-INFO-

2020-01-06 05:06:31,661-OCGNN-INFO-Start training
2020-01-06 05:06:31,661-OCGNN-INFO-dropout:0.5, nu:0.1,seed:46,lr:0.0005,self-loop:True,norm:False
2020-01-06 05:06:31,661-OCGNN-INFO-n-epochs:10000, n-hidden:64,n-layers:1,weight-decay:0.001
2020-01-06 05:10:59,508-OCGNN-INFO-Current epoch: 1045 Test AUROC 0.5886 | Test AUPRC 0.5792
2020-01-06 05:10:59,508-OCGNN-INFO-Test f1:0.6654,acc:0.4986,pre:0.4986,recall:1.0
2020-01-06 05:10:59,508-OCGNN-INFO-

2020-01-06 05:11:04,940-OCGNN-INFO-Start training
2020-01-06 05:11:04,941-OCGNN-INFO-dropout:0.5, nu:0.1,seed:46,lr:0.0005,self-loop:True,norm:False
2020-01-06 05:11:04,941-OCGNN-INFO-n-epochs:10000, n-hidden:64,n-layers:2,weight-decay:0.001
2020-01-06 05:18:45,386-OCGNN-INFO-Current epoch: 1842 Test AUROC 0.8914 | Test AUPRC 0.8474
2020-01-06 05:18:45,386-OCGNN-INFO-Test f1:0.6654,acc:0.4986,pre:0.4986,recall:1.0
2020-01-06 05:18:45,386-OCGNN-INFO-

2020-01-06 05:18:51,795-OCGNN-INFO-Start training
2020-01-06 05:18:51,795-OCGNN-INFO-dropout:0.5, nu:0.1,seed:46,lr:0.0005,self-loop:True,norm:False
2020-01-06 05:18:51,795-OCGNN-INFO-n-epochs:10000, n-hidden:64,n-layers:3,weight-decay:0.001
2020-01-06 05:42:56,789-OCGNN-INFO-Current epoch: 6715 Test AUROC 0.8998 | Test AUPRC 0.8477
2020-01-06 05:42:56,789-OCGNN-INFO-Test f1:0.7441,acc:0.661,pre:0.5966,recall:0.9886
2020-01-06 05:42:56,789-OCGNN-INFO-

2020-01-06 05:43:02,785-OCGNN-INFO-Start training
2020-01-06 05:43:02,785-OCGNN-INFO-dropout:0.5, nu:0.1,seed:46,lr:0.0005,self-loop:True,norm:False
2020-01-06 05:43:02,785-OCGNN-INFO-n-epochs:10000, n-hidden:64,n-layers:4,weight-decay:0.001
2020-01-06 05:52:11,526-OCGNN-INFO-Current epoch: 2667 Test AUROC 0.8775 | Test AUPRC 0.8179
2020-01-06 05:52:11,526-OCGNN-INFO-Test f1:0.6757,acc:0.5214,pre:0.5102,recall:1.0
2020-01-06 05:52:11,526-OCGNN-INFO-

2020-01-06 05:52:16,847-OCGNN-INFO-Start training
2020-01-06 05:52:16,847-OCGNN-INFO-dropout:0.5, nu:0.1,seed:46,lr:0.0005,self-loop:True,norm:False
2020-01-06 05:52:16,847-OCGNN-INFO-n-epochs:10000, n-hidden:64,n-layers:5,weight-decay:0.001
2020-01-06 05:55:52,317-OCGNN-INFO-Current epoch: 1003 Test AUROC 0.8219 | Test AUPRC 0.7580
2020-01-06 05:55:52,317-OCGNN-INFO-Test f1:0.6654,acc:0.4986,pre:0.4986,recall:1.0
2020-01-06 05:55:52,317-OCGNN-INFO-

2020-01-06 05:55:57,427-OCGNN-INFO-Start training
2020-01-06 05:55:57,427-OCGNN-INFO-dropout:0.5, nu:0.1,seed:46,lr:0.0005,self-loop:True,norm:False
2020-01-06 05:55:57,427-OCGNN-INFO-n-epochs:10000, n-hidden:64,n-layers:6,weight-decay:0.001
2020-01-06 06:01:25,253-OCGNN-INFO-Current epoch: 1445 Test AUROC 0.8462 | Test AUPRC 0.7593
2020-01-06 06:01:25,253-OCGNN-INFO-Test f1:0.6654,acc:0.4986,pre:0.4986,recall:1.0
2020-01-06 06:01:25,253-OCGNN-INFO-

2020-01-06 06:01:30,653-OCGNN-INFO-Start training
2020-01-06 06:01:30,653-OCGNN-INFO-dropout:0.5, nu:0.1,seed:46,lr:0.0005,self-loop:True,norm:False
2020-01-06 06:01:30,654-OCGNN-INFO-n-epochs:10000, n-hidden:64,n-layers:7,weight-decay:0.001
2020-01-06 06:12:01,452-OCGNN-INFO-Current epoch: 3010 Test AUROC 0.8591 | Test AUPRC 0.7909
2020-01-06 06:12:01,452-OCGNN-INFO-Test f1:0.6654,acc:0.4986,pre:0.4986,recall:1.0
2020-01-06 06:12:01,452-OCGNN-INFO-

