2020-01-06 06:12:06,624-OCGNN-INFO-Start training
2020-01-06 06:12:06,624-OCGNN-INFO-dropout:0.5, nu:0.1,seed:46,lr:0.0005,self-loop:True,norm:True
2020-01-06 06:12:06,624-OCGNN-INFO-n-epochs:10000, n-hidden:128,n-layers:1,weight-decay:0.001
2020-01-06 06:12:30,945-OCGNN-INFO-Current epoch: 661 Test AUROC 0.7730 | Test AUPRC 0.7460
2020-01-06 06:12:30,946-OCGNN-INFO-Test f1:0.6654,acc:0.4986,pre:0.4986,recall:1.0
2020-01-06 06:12:30,946-OCGNN-INFO-

2020-01-06 06:12:36,119-OCGNN-INFO-Start training
2020-01-06 06:12:36,120-OCGNN-INFO-dropout:0.5, nu:0.1,seed:46,lr:0.0005,self-loop:True,norm:True
2020-01-06 06:12:36,120-OCGNN-INFO-n-epochs:10000, n-hidden:128,n-layers:2,weight-decay:0.001
2020-01-06 06:13:08,599-OCGNN-INFO-Current epoch: 780 Test AUROC 0.7013 | Test AUPRC 0.6598
2020-01-06 06:13:08,599-OCGNN-INFO-Test f1:0.6654,acc:0.4986,pre:0.4986,recall:1.0
2020-01-06 06:13:08,599-OCGNN-INFO-

2020-01-06 06:13:13,742-OCGNN-INFO-Start training
2020-01-06 06:13:13,742-OCGNN-INFO-dropout:0.5, nu:0.1,seed:46,lr:0.0005,self-loop:True,norm:True
2020-01-06 06:13:13,742-OCGNN-INFO-n-epochs:10000, n-hidden:128,n-layers:3,weight-decay:0.001
2020-01-06 06:13:52,407-OCGNN-INFO-Current epoch: 796 Test AUROC 0.6567 | Test AUPRC 0.6116
2020-01-06 06:13:52,407-OCGNN-INFO-Test f1:0.6746,acc:0.5328,pre:0.5167,recall:0.9714
2020-01-06 06:13:52,407-OCGNN-INFO-

2020-01-06 06:13:57,554-OCGNN-INFO-Start training
2020-01-06 06:13:57,555-OCGNN-INFO-dropout:0.5, nu:0.1,seed:46,lr:0.0005,self-loop:True,norm:True
2020-01-06 06:13:57,555-OCGNN-INFO-n-epochs:10000, n-hidden:128,n-layers:4,weight-decay:0.001
2020-01-06 06:14:40,656-OCGNN-INFO-Current epoch: 820 Test AUROC 0.6108 | Test AUPRC 0.5798
2020-01-06 06:14:40,656-OCGNN-INFO-Test f1:0.6539,acc:0.5356,pre:0.5203,recall:0.88
2020-01-06 06:14:40,656-OCGNN-INFO-

2020-01-06 06:14:45,878-OCGNN-INFO-Start training
2020-01-06 06:14:45,878-OCGNN-INFO-dropout:0.5, nu:0.1,seed:46,lr:0.0005,self-loop:True,norm:True
2020-01-06 06:14:45,879-OCGNN-INFO-n-epochs:10000, n-hidden:128,n-layers:5,weight-decay:0.001
2020-01-06 06:15:27,050-OCGNN-INFO-Current epoch: 702 Test AUROC 0.6163 | Test AUPRC 0.5994
2020-01-06 06:15:27,050-OCGNN-INFO-Test f1:0.642,acc:0.5869,pre:0.5652,recall:0.7429
2020-01-06 06:15:27,050-OCGNN-INFO-

2020-01-06 06:15:32,247-OCGNN-INFO-Start training
2020-01-06 06:15:32,247-OCGNN-INFO-dropout:0.5, nu:0.1,seed:46,lr:0.0005,self-loop:True,norm:True
2020-01-06 06:15:32,247-OCGNN-INFO-n-epochs:10000, n-hidden:128,n-layers:6,weight-decay:0.001
2020-01-06 06:16:12,014-OCGNN-INFO-Current epoch: 623 Test AUROC 0.5644 | Test AUPRC 0.5520
2020-01-06 06:16:12,014-OCGNN-INFO-Test f1:0.5299,acc:0.5299,pre:0.5284,recall:0.5314
2020-01-06 06:16:12,014-OCGNN-INFO-

2020-01-06 06:16:17,264-OCGNN-INFO-Start training
2020-01-06 06:16:17,264-OCGNN-INFO-dropout:0.5, nu:0.1,seed:46,lr:0.0005,self-loop:True,norm:True
2020-01-06 06:16:17,264-OCGNN-INFO-n-epochs:10000, n-hidden:128,n-layers:7,weight-decay:0.001
2020-01-06 06:16:59,228-OCGNN-INFO-Current epoch: 606 Test AUROC 0.5616 | Test AUPRC 0.5488
2020-01-06 06:16:59,228-OCGNN-INFO-Test f1:0.5497,acc:0.5613,pre:0.5629,recall:0.5371
2020-01-06 06:16:59,229-OCGNN-INFO-

2020-01-06 06:17:04,518-OCGNN-INFO-Start training
2020-01-06 06:17:04,518-OCGNN-INFO-dropout:0.5, nu:0.1,seed:46,lr:0.0005,self-loop:True,norm:True
2020-01-06 06:17:04,518-OCGNN-INFO-n-epochs:10000, n-hidden:64,n-layers:1,weight-decay:0.001
2020-01-06 06:17:30,546-OCGNN-INFO-Current epoch: 731 Test AUROC 0.7735 | Test AUPRC 0.7229
2020-01-06 06:17:30,546-OCGNN-INFO-Test f1:0.6654,acc:0.4986,pre:0.4986,recall:1.0
2020-01-06 06:17:30,546-OCGNN-INFO-

2020-01-06 06:17:35,774-OCGNN-INFO-Start training
2020-01-06 06:17:35,774-OCGNN-INFO-dropout:0.5, nu:0.1,seed:46,lr:0.0005,self-loop:True,norm:True
2020-01-06 06:17:35,774-OCGNN-INFO-n-epochs:10000, n-hidden:64,n-layers:2,weight-decay:0.001
2020-01-06 06:18:08,549-OCGNN-INFO-Current epoch: 807 Test AUROC 0.7292 | Test AUPRC 0.6689
2020-01-06 06:18:08,549-OCGNN-INFO-Test f1:0.6705,acc:0.51,pre:0.5043,recall:1.0
2020-01-06 06:18:08,549-OCGNN-INFO-

2020-01-06 06:18:13,819-OCGNN-INFO-Start training
2020-01-06 06:18:13,819-OCGNN-INFO-dropout:0.5, nu:0.1,seed:46,lr:0.0005,self-loop:True,norm:True
2020-01-06 06:18:13,819-OCGNN-INFO-n-epochs:10000, n-hidden:64,n-layers:3,weight-decay:0.001
2020-01-06 06:18:59,616-OCGNN-INFO-Current epoch: 1004 Test AUROC 0.6694 | Test AUPRC 0.6168
2020-01-06 06:18:59,617-OCGNN-INFO-Test f1:0.694,acc:0.5755,pre:0.5417,recall:0.9657
2020-01-06 06:18:59,617-OCGNN-INFO-

2020-01-06 06:19:04,849-OCGNN-INFO-Start training
2020-01-06 06:19:04,850-OCGNN-INFO-dropout:0.5, nu:0.1,seed:46,lr:0.0005,self-loop:True,norm:True
2020-01-06 06:19:04,850-OCGNN-INFO-n-epochs:10000, n-hidden:64,n-layers:4,weight-decay:0.001
2020-01-06 06:20:43,352-OCGNN-INFO-Current epoch: 1999 Test AUROC 0.5937 | Test AUPRC 0.5429
2020-01-06 06:20:43,352-OCGNN-INFO-Test f1:0.6987,acc:0.6068,pre:0.5654,recall:0.9143
2020-01-06 06:20:43,352-OCGNN-INFO-

2020-01-06 06:20:48,570-OCGNN-INFO-Start training
2020-01-06 06:20:48,570-OCGNN-INFO-dropout:0.5, nu:0.1,seed:46,lr:0.0005,self-loop:True,norm:True
2020-01-06 06:20:48,570-OCGNN-INFO-n-epochs:10000, n-hidden:64,n-layers:5,weight-decay:0.001
2020-01-06 06:22:50,909-OCGNN-INFO-Current epoch: 2209 Test AUROC 0.6251 | Test AUPRC 0.5765
2020-01-06 06:22:50,909-OCGNN-INFO-Test f1:0.6932,acc:0.604,pre:0.5647,recall:0.8971
2020-01-06 06:22:50,909-OCGNN-INFO-

2020-01-06 06:22:56,013-OCGNN-INFO-Start training
2020-01-06 06:22:56,013-OCGNN-INFO-dropout:0.5, nu:0.1,seed:46,lr:0.0005,self-loop:True,norm:True
2020-01-06 06:22:56,013-OCGNN-INFO-n-epochs:10000, n-hidden:64,n-layers:6,weight-decay:0.001
2020-01-06 06:23:51,841-OCGNN-INFO-Current epoch: 901 Test AUROC 0.5811 | Test AUPRC 0.5892
2020-01-06 06:23:51,841-OCGNN-INFO-Test f1:0.5782,acc:0.547,pre:0.5396,recall:0.6229
2020-01-06 06:23:51,841-OCGNN-INFO-

2020-01-06 06:23:57,327-OCGNN-INFO-Start training
2020-01-06 06:23:57,327-OCGNN-INFO-dropout:0.5, nu:0.1,seed:46,lr:0.0005,self-loop:True,norm:True
2020-01-06 06:23:57,327-OCGNN-INFO-n-epochs:10000, n-hidden:64,n-layers:7,weight-decay:0.001
2020-01-06 06:25:00,644-OCGNN-INFO-Current epoch: 1103 Test AUROC 0.5913 | Test AUPRC 0.5991
2020-01-06 06:25:00,644-OCGNN-INFO-Test f1:0.5754,acc:0.567,pre:0.5628,recall:0.5886
2020-01-06 06:25:00,644-OCGNN-INFO-

