2020-01-06 02:23:05,125-OCGNN-INFO-Start training
2020-01-06 02:23:05,125-OCGNN-INFO-dropout:0.5, nu:0.1,seed:46,lr:0.0005,self-loop:True,norm:False
2020-01-06 02:23:05,125-OCGNN-INFO-n-epochs:10000, n-hidden:32,n-layers:2,weight-decay:0.001
2020-01-06 02:24:46,534-OCGNN-INFO-Current epoch: 2798 Test AUROC 0.8749 | Test AUPRC 0.8534
2020-01-06 02:24:46,534-OCGNN-INFO-Test f1:0.6656,acc:0.4988,pre:0.4988,recall:1.0
2020-01-06 02:24:46,534-OCGNN-INFO-

2020-01-06 03:49:56,327-OCGNN-INFO-Start training
2020-01-06 03:49:56,327-OCGNN-INFO-dropout:0.5, nu:0.1,seed:46,lr:0.0005,self-loop:True,norm:False
2020-01-06 03:49:56,327-OCGNN-INFO-n-epochs:10000, n-hidden:128,n-layers:1,weight-decay:0.001
2020-01-06 03:52:27,718-OCGNN-INFO-Current epoch: 1575 Test AUROC 0.8782 | Test AUPRC 0.8412
2020-01-06 03:52:27,718-OCGNN-INFO-Test f1:0.6656,acc:0.4988,pre:0.4988,recall:1.0
2020-01-06 03:52:27,718-OCGNN-INFO-

2020-01-06 03:52:36,848-OCGNN-INFO-Start training
2020-01-06 03:52:36,848-OCGNN-INFO-dropout:0.5, nu:0.1,seed:46,lr:0.0005,self-loop:True,norm:False
2020-01-06 03:52:36,848-OCGNN-INFO-n-epochs:10000, n-hidden:128,n-layers:2,weight-decay:0.001
2020-01-06 04:00:08,691-OCGNN-INFO-Current epoch: 3651 Test AUROC 0.8797 | Test AUPRC 0.8434
2020-01-06 04:00:08,692-OCGNN-INFO-Test f1:0.6656,acc:0.4988,pre:0.4988,recall:1.0
2020-01-06 04:00:08,692-OCGNN-INFO-

2020-01-06 04:00:19,085-OCGNN-INFO-Start training
2020-01-06 04:00:19,085-OCGNN-INFO-dropout:0.5, nu:0.1,seed:46,lr:0.0005,self-loop:True,norm:False
2020-01-06 04:00:19,085-OCGNN-INFO-n-epochs:10000, n-hidden:128,n-layers:3,weight-decay:0.001
2020-01-06 04:05:16,713-OCGNN-INFO-Current epoch: 2448 Test AUROC 0.8696 | Test AUPRC 0.8420
2020-01-06 04:05:16,714-OCGNN-INFO-Test f1:0.6656,acc:0.4988,pre:0.4988,recall:1.0
2020-01-06 04:05:16,714-OCGNN-INFO-

2020-01-06 04:05:26,886-OCGNN-INFO-Start training
2020-01-06 04:05:26,887-OCGNN-INFO-dropout:0.5, nu:0.1,seed:46,lr:0.0005,self-loop:True,norm:False
2020-01-06 04:05:26,887-OCGNN-INFO-n-epochs:10000, n-hidden:128,n-layers:4,weight-decay:0.001
2020-01-06 04:12:40,122-OCGNN-INFO-Current epoch: 3253 Test AUROC 0.8557 | Test AUPRC 0.8175
2020-01-06 04:12:40,122-OCGNN-INFO-Test f1:0.6656,acc:0.4988,pre:0.4988,recall:1.0
2020-01-06 04:12:40,122-OCGNN-INFO-

2020-01-06 04:12:50,192-OCGNN-INFO-Start training
2020-01-06 04:12:50,192-OCGNN-INFO-dropout:0.5, nu:0.1,seed:46,lr:0.0005,self-loop:True,norm:False
2020-01-06 04:12:50,192-OCGNN-INFO-n-epochs:10000, n-hidden:128,n-layers:5,weight-decay:0.001
2020-01-06 04:18:57,055-OCGNN-INFO-Current epoch: 2628 Test AUROC 0.8616 | Test AUPRC 0.8077
2020-01-06 04:18:57,055-OCGNN-INFO-Test f1:0.6689,acc:0.5061,pre:0.5025,recall:1.0
2020-01-06 04:18:57,055-OCGNN-INFO-

2020-01-06 04:19:07,407-OCGNN-INFO-Start training
2020-01-06 04:19:07,407-OCGNN-INFO-dropout:0.5, nu:0.1,seed:46,lr:0.0005,self-loop:True,norm:False
2020-01-06 04:19:07,407-OCGNN-INFO-n-epochs:10000, n-hidden:128,n-layers:6,weight-decay:0.001
2020-01-06 04:28:29,419-OCGNN-INFO-Current epoch: 3900 Test AUROC 0.8485 | Test AUPRC 0.8072
2020-01-06 04:28:29,419-OCGNN-INFO-Test f1:0.8026,acc:0.7751,pre:0.7137,recall:0.9167
2020-01-06 04:28:29,419-OCGNN-INFO-

2020-01-06 04:28:39,603-OCGNN-INFO-Start training
2020-01-06 04:28:39,603-OCGNN-INFO-dropout:0.5, nu:0.1,seed:46,lr:0.0005,self-loop:True,norm:False
2020-01-06 04:28:39,603-OCGNN-INFO-n-epochs:10000, n-hidden:128,n-layers:7,weight-decay:0.001
2020-01-06 04:40:07,185-OCGNN-INFO-Current epoch: 4535 Test AUROC 0.8598 | Test AUPRC 0.8118
2020-01-06 04:40:07,186-OCGNN-INFO-Test f1:0.7269,acc:0.6308,pre:0.5759,recall:0.9853
2020-01-06 04:40:07,186-OCGNN-INFO-

2020-01-06 04:40:17,552-OCGNN-INFO-Start training
2020-01-06 04:40:17,552-OCGNN-INFO-dropout:0.5, nu:0.1,seed:46,lr:0.0005,self-loop:True,norm:False
2020-01-06 04:40:17,552-OCGNN-INFO-n-epochs:10000, n-hidden:64,n-layers:1,weight-decay:0.001
2020-01-06 04:43:40,446-OCGNN-INFO-Current epoch: 1979 Test AUROC 0.8686 | Test AUPRC 0.8272
2020-01-06 04:43:40,446-OCGNN-INFO-Test f1:0.6656,acc:0.4988,pre:0.4988,recall:1.0
2020-01-06 04:43:40,446-OCGNN-INFO-

2020-01-06 04:43:50,789-OCGNN-INFO-Start training
2020-01-06 04:43:50,789-OCGNN-INFO-dropout:0.5, nu:0.1,seed:46,lr:0.0005,self-loop:True,norm:False
2020-01-06 04:43:50,789-OCGNN-INFO-n-epochs:10000, n-hidden:64,n-layers:2,weight-decay:0.001
2020-01-06 04:50:15,945-OCGNN-INFO-Current epoch: 3792 Test AUROC 0.9037 | Test AUPRC 0.8766
2020-01-06 04:50:15,945-OCGNN-INFO-Test f1:0.6656,acc:0.4988,pre:0.4988,recall:1.0
2020-01-06 04:50:15,945-OCGNN-INFO-

2020-01-06 04:50:26,131-OCGNN-INFO-Start training
2020-01-06 04:50:26,131-OCGNN-INFO-dropout:0.5, nu:0.1,seed:46,lr:0.0005,self-loop:True,norm:False
2020-01-06 04:50:26,131-OCGNN-INFO-n-epochs:10000, n-hidden:64,n-layers:3,weight-decay:0.001
2020-01-06 04:54:51,131-OCGNN-INFO-Current epoch: 2751 Test AUROC 0.8506 | Test AUPRC 0.8139
2020-01-06 04:54:51,131-OCGNN-INFO-Test f1:0.6656,acc:0.4988,pre:0.4988,recall:1.0
2020-01-06 04:54:51,131-OCGNN-INFO-

2020-01-06 04:55:01,381-OCGNN-INFO-Start training
2020-01-06 04:55:01,381-OCGNN-INFO-dropout:0.5, nu:0.1,seed:46,lr:0.0005,self-loop:True,norm:False
2020-01-06 04:55:01,381-OCGNN-INFO-n-epochs:10000, n-hidden:64,n-layers:4,weight-decay:0.001
2020-01-06 05:02:47,649-OCGNN-INFO-Current epoch: 4581 Test AUROC 0.8781 | Test AUPRC 0.8306
2020-01-06 05:02:47,649-OCGNN-INFO-Test f1:0.6678,acc:0.5037,pre:0.5012,recall:1.0
2020-01-06 05:02:47,649-OCGNN-INFO-

2020-01-06 05:02:57,850-OCGNN-INFO-Start training
2020-01-06 05:02:57,850-OCGNN-INFO-dropout:0.5, nu:0.1,seed:46,lr:0.0005,self-loop:True,norm:False
2020-01-06 05:02:57,850-OCGNN-INFO-n-epochs:10000, n-hidden:64,n-layers:5,weight-decay:0.001
2020-01-06 05:11:00,360-OCGNN-INFO-Current epoch: 4860 Test AUROC 0.8859 | Test AUPRC 0.8368
2020-01-06 05:11:00,360-OCGNN-INFO-Test f1:0.7125,acc:0.6015,pre:0.5565,recall:0.9902
2020-01-06 05:11:00,360-OCGNN-INFO-

2020-01-06 05:11:10,499-OCGNN-INFO-Start training
2020-01-06 05:11:10,499-OCGNN-INFO-dropout:0.5, nu:0.1,seed:46,lr:0.0005,self-loop:True,norm:False
2020-01-06 05:11:10,499-OCGNN-INFO-n-epochs:10000, n-hidden:64,n-layers:6,weight-decay:0.001
2020-01-06 05:18:17,422-OCGNN-INFO-Current epoch: 3950 Test AUROC 0.8820 | Test AUPRC 0.8453
2020-01-06 05:18:17,422-OCGNN-INFO-Test f1:0.67,acc:0.5086,pre:0.5037,recall:1.0
2020-01-06 05:18:17,422-OCGNN-INFO-

2020-01-06 05:18:27,636-OCGNN-INFO-Start training
2020-01-06 05:18:27,636-OCGNN-INFO-dropout:0.5, nu:0.1,seed:46,lr:0.0005,self-loop:True,norm:False
2020-01-06 05:18:27,636-OCGNN-INFO-n-epochs:10000, n-hidden:64,n-layers:7,weight-decay:0.001
2020-01-06 05:25:07,769-OCGNN-INFO-Current epoch: 3810 Test AUROC 0.8508 | Test AUPRC 0.8009
2020-01-06 05:25:07,769-OCGNN-INFO-Test f1:0.67,acc:0.5086,pre:0.5037,recall:1.0
2020-01-06 05:25:07,769-OCGNN-INFO-

