2020-01-06 05:25:17,780-OCGNN-INFO-Start training
2020-01-06 05:25:17,780-OCGNN-INFO-dropout:0.5, nu:0.1,seed:46,lr:0.0005,self-loop:True,norm:True
2020-01-06 05:25:17,780-OCGNN-INFO-n-epochs:10000, n-hidden:128,n-layers:1,weight-decay:0.001
2020-01-06 05:26:14,363-OCGNN-INFO-Current epoch: 997 Test AUROC 0.8007 | Test AUPRC 0.7283
2020-01-06 05:26:14,363-OCGNN-INFO-Test f1:0.6656,acc:0.4988,pre:0.4988,recall:1.0
2020-01-06 05:26:14,363-OCGNN-INFO-

2020-01-06 05:26:24,129-OCGNN-INFO-Start training
2020-01-06 05:26:24,129-OCGNN-INFO-dropout:0.5, nu:0.1,seed:46,lr:0.0005,self-loop:True,norm:True
2020-01-06 05:26:24,129-OCGNN-INFO-n-epochs:10000, n-hidden:128,n-layers:2,weight-decay:0.001
2020-01-06 05:27:25,205-OCGNN-INFO-Current epoch: 943 Test AUROC 0.7602 | Test AUPRC 0.6844
2020-01-06 05:27:25,205-OCGNN-INFO-Test f1:0.6733,acc:0.5159,pre:0.5075,recall:1.0
2020-01-06 05:27:25,205-OCGNN-INFO-

2020-01-06 05:27:35,415-OCGNN-INFO-Start training
2020-01-06 05:27:35,415-OCGNN-INFO-dropout:0.5, nu:0.1,seed:46,lr:0.0005,self-loop:True,norm:True
2020-01-06 05:27:35,415-OCGNN-INFO-n-epochs:10000, n-hidden:128,n-layers:3,weight-decay:0.001
2020-01-06 05:28:45,705-OCGNN-INFO-Current epoch: 958 Test AUROC 0.7681 | Test AUPRC 0.7078
2020-01-06 05:28:45,705-OCGNN-INFO-Test f1:0.6964,acc:0.5672,pre:0.5356,recall:0.9951
2020-01-06 05:28:45,706-OCGNN-INFO-

2020-01-06 05:28:55,775-OCGNN-INFO-Start training
2020-01-06 05:28:55,775-OCGNN-INFO-dropout:0.5, nu:0.1,seed:46,lr:0.0005,self-loop:True,norm:True
2020-01-06 05:28:55,775-OCGNN-INFO-n-epochs:10000, n-hidden:128,n-layers:4,weight-decay:0.001
2020-01-06 05:30:22,603-OCGNN-INFO-Current epoch: 1068 Test AUROC 0.7860 | Test AUPRC 0.7465
2020-01-06 05:30:22,603-OCGNN-INFO-Test f1:0.7029,acc:0.599,pre:0.5575,recall:0.951
2020-01-06 05:30:22,603-OCGNN-INFO-

2020-01-06 05:30:32,527-OCGNN-INFO-Start training
2020-01-06 05:30:32,527-OCGNN-INFO-dropout:0.5, nu:0.1,seed:46,lr:0.0005,self-loop:True,norm:True
2020-01-06 05:30:32,527-OCGNN-INFO-n-epochs:10000, n-hidden:128,n-layers:5,weight-decay:0.001
2020-01-06 05:32:36,941-OCGNN-INFO-Current epoch: 1332 Test AUROC 0.7840 | Test AUPRC 0.7564
2020-01-06 05:32:36,941-OCGNN-INFO-Test f1:0.7227,acc:0.6528,pre:0.6006,recall:0.9069
2020-01-06 05:32:36,941-OCGNN-INFO-

2020-01-06 05:32:47,210-OCGNN-INFO-Start training
2020-01-06 05:32:47,210-OCGNN-INFO-dropout:0.5, nu:0.1,seed:46,lr:0.0005,self-loop:True,norm:True
2020-01-06 05:32:47,210-OCGNN-INFO-n-epochs:10000, n-hidden:128,n-layers:6,weight-decay:0.001
2020-01-06 05:34:18,874-OCGNN-INFO-Current epoch: 879 Test AUROC 0.7745 | Test AUPRC 0.7980
2020-01-06 05:34:18,874-OCGNN-INFO-Test f1:0.7051,acc:0.6748,pre:0.6437,recall:0.7794
2020-01-06 05:34:18,874-OCGNN-INFO-

2020-01-06 05:34:28,495-OCGNN-INFO-Start training
2020-01-06 05:34:28,496-OCGNN-INFO-dropout:0.5, nu:0.1,seed:46,lr:0.0005,self-loop:True,norm:True
2020-01-06 05:34:28,496-OCGNN-INFO-n-epochs:10000, n-hidden:128,n-layers:7,weight-decay:0.001
2020-01-06 05:36:47,296-OCGNN-INFO-Current epoch: 1468 Test AUROC 0.7203 | Test AUPRC 0.7350
2020-01-06 05:36:47,296-OCGNN-INFO-Test f1:0.6711,acc:0.6357,pre:0.6104,recall:0.7451
2020-01-06 05:36:47,296-OCGNN-INFO-

2020-01-06 05:36:57,301-OCGNN-INFO-Start training
2020-01-06 05:36:57,301-OCGNN-INFO-dropout:0.5, nu:0.1,seed:46,lr:0.0005,self-loop:True,norm:True
2020-01-06 05:36:57,301-OCGNN-INFO-n-epochs:10000, n-hidden:64,n-layers:1,weight-decay:0.001
2020-01-06 05:38:10,993-OCGNN-INFO-Current epoch: 1331 Test AUROC 0.8033 | Test AUPRC 0.7393
2020-01-06 05:38:10,993-OCGNN-INFO-Test f1:0.6656,acc:0.4988,pre:0.4988,recall:1.0
2020-01-06 05:38:10,993-OCGNN-INFO-

2020-01-06 05:38:20,744-OCGNN-INFO-Start training
2020-01-06 05:38:20,744-OCGNN-INFO-dropout:0.5, nu:0.1,seed:46,lr:0.0005,self-loop:True,norm:True
2020-01-06 05:38:20,744-OCGNN-INFO-n-epochs:10000, n-hidden:64,n-layers:2,weight-decay:0.001
2020-01-06 05:39:32,176-OCGNN-INFO-Current epoch: 1142 Test AUROC 0.7887 | Test AUPRC 0.7190
2020-01-06 05:39:32,176-OCGNN-INFO-Test f1:0.6789,acc:0.5281,pre:0.5139,recall:1.0
2020-01-06 05:39:32,176-OCGNN-INFO-

2020-01-06 05:39:42,123-OCGNN-INFO-Start training
2020-01-06 05:39:42,124-OCGNN-INFO-dropout:0.5, nu:0.1,seed:46,lr:0.0005,self-loop:True,norm:True
2020-01-06 05:39:42,124-OCGNN-INFO-n-epochs:10000, n-hidden:64,n-layers:3,weight-decay:0.001
2020-01-06 05:41:13,794-OCGNN-INFO-Current epoch: 1285 Test AUROC 0.8036 | Test AUPRC 0.7484
2020-01-06 05:41:13,794-OCGNN-INFO-Test f1:0.7128,acc:0.6039,pre:0.5583,recall:0.9853
2020-01-06 05:41:13,794-OCGNN-INFO-

2020-01-06 05:41:23,705-OCGNN-INFO-Start training
2020-01-06 05:41:23,705-OCGNN-INFO-dropout:0.5, nu:0.1,seed:46,lr:0.0005,self-loop:True,norm:True
2020-01-06 05:41:23,705-OCGNN-INFO-n-epochs:10000, n-hidden:64,n-layers:4,weight-decay:0.001
2020-01-06 05:42:59,356-OCGNN-INFO-Current epoch: 1206 Test AUROC 0.7916 | Test AUPRC 0.7764
2020-01-06 05:42:59,356-OCGNN-INFO-Test f1:0.7099,acc:0.6064,pre:0.5613,recall:0.9657
2020-01-06 05:42:59,356-OCGNN-INFO-

2020-01-06 05:43:09,571-OCGNN-INFO-Start training
2020-01-06 05:43:09,572-OCGNN-INFO-dropout:0.5, nu:0.1,seed:46,lr:0.0005,self-loop:True,norm:True
2020-01-06 05:43:09,572-OCGNN-INFO-n-epochs:10000, n-hidden:64,n-layers:5,weight-decay:0.001
2020-01-06 05:45:18,523-OCGNN-INFO-Current epoch: 1430 Test AUROC 0.7683 | Test AUPRC 0.7670
2020-01-06 05:45:18,523-OCGNN-INFO-Test f1:0.7331,acc:0.6919,pre:0.6455,recall:0.848
2020-01-06 05:45:18,523-OCGNN-INFO-

2020-01-06 05:45:28,665-OCGNN-INFO-Start training
2020-01-06 05:45:28,665-OCGNN-INFO-dropout:0.5, nu:0.1,seed:46,lr:0.0005,self-loop:True,norm:True
2020-01-06 05:45:28,665-OCGNN-INFO-n-epochs:10000, n-hidden:64,n-layers:6,weight-decay:0.001
2020-01-06 05:47:23,560-OCGNN-INFO-Current epoch: 1204 Test AUROC 0.8211 | Test AUPRC 0.8163
2020-01-06 05:47:23,560-OCGNN-INFO-Test f1:0.7473,acc:0.7139,pre:0.668,recall:0.848
2020-01-06 05:47:23,560-OCGNN-INFO-

2020-01-06 05:47:33,164-OCGNN-INFO-Start training
2020-01-06 05:47:33,164-OCGNN-INFO-dropout:0.5, nu:0.1,seed:46,lr:0.0005,self-loop:True,norm:True
2020-01-06 05:47:33,164-OCGNN-INFO-n-epochs:10000, n-hidden:64,n-layers:7,weight-decay:0.001
2020-01-06 05:49:24,395-OCGNN-INFO-Current epoch: 1130 Test AUROC 0.7513 | Test AUPRC 0.7750
2020-01-06 05:49:24,395-OCGNN-INFO-Test f1:0.6893,acc:0.687,pre:0.6827,recall:0.6961
2020-01-06 05:49:24,395-OCGNN-INFO-

