2020-01-06 07:39:19,224-OCGNN-INFO-Start training
2020-01-06 07:39:19,224-OCGNN-INFO-dropout:0.5, nu:0.1,seed:46,lr:0.0005,self-loop:True,norm:True
2020-01-06 07:39:19,224-OCGNN-INFO-n-epochs:10000, n-hidden:128,n-layers:1,weight-decay:0.001
2020-01-06 07:39:32,034-OCGNN-INFO-Current epoch: 602 Test AUROC 0.5588 | Test AUPRC 0.5544
2020-01-06 07:39:32,034-OCGNN-INFO-Test f1:0.6716,acc:0.5184,pre:0.5095,recall:0.9853
2020-01-06 07:39:32,034-OCGNN-INFO-

2020-01-06 07:39:37,069-OCGNN-INFO-Start training
2020-01-06 07:39:37,069-OCGNN-INFO-dropout:0.5, nu:0.1,seed:46,lr:0.0005,self-loop:True,norm:True
2020-01-06 07:39:37,069-OCGNN-INFO-n-epochs:10000, n-hidden:128,n-layers:2,weight-decay:0.001
2020-01-06 07:40:09,504-OCGNN-INFO-Current epoch: 1202 Test AUROC 0.5496 | Test AUPRC 0.5448
2020-01-06 07:40:09,504-OCGNN-INFO-Test f1:0.5393,acc:0.5248,pre:0.5232,recall:0.5564
2020-01-06 07:40:09,504-OCGNN-INFO-

2020-01-06 07:40:14,461-OCGNN-INFO-Start training
2020-01-06 07:40:14,461-OCGNN-INFO-dropout:0.5, nu:0.1,seed:46,lr:0.0005,self-loop:True,norm:True
2020-01-06 07:40:14,461-OCGNN-INFO-n-epochs:10000, n-hidden:128,n-layers:3,weight-decay:0.001
2020-01-06 07:41:41,010-OCGNN-INFO-Current epoch: 2667 Test AUROC 0.5723 | Test AUPRC 0.5838
2020-01-06 07:41:41,010-OCGNN-INFO-Test f1:0.5686,acc:0.5248,pre:0.5205,recall:0.6265
2020-01-06 07:41:41,010-OCGNN-INFO-

2020-01-06 07:41:46,053-OCGNN-INFO-Start training
2020-01-06 07:41:46,054-OCGNN-INFO-dropout:0.5, nu:0.1,seed:46,lr:0.0005,self-loop:True,norm:True
2020-01-06 07:41:46,054-OCGNN-INFO-n-epochs:10000, n-hidden:128,n-layers:4,weight-decay:0.001
2020-01-06 07:44:01,283-OCGNN-INFO-Current epoch: 3586 Test AUROC 0.6910 | Test AUPRC 0.6806
2020-01-06 07:44:01,283-OCGNN-INFO-Test f1:0.6666,acc:0.5044,pre:0.5022,recall:0.9909
2020-01-06 07:44:01,283-OCGNN-INFO-

2020-01-06 07:44:06,379-OCGNN-INFO-Start training
2020-01-06 07:44:06,380-OCGNN-INFO-dropout:0.5, nu:0.1,seed:46,lr:0.0005,self-loop:True,norm:True
2020-01-06 07:44:06,380-OCGNN-INFO-n-epochs:10000, n-hidden:128,n-layers:5,weight-decay:0.001
2020-01-06 07:46:26,601-OCGNN-INFO-Current epoch: 3204 Test AUROC 0.6314 | Test AUPRC 0.6592
2020-01-06 07:46:26,601-OCGNN-INFO-Test f1:0.6255,acc:0.5565,pre:0.5412,recall:0.7409
2020-01-06 07:46:26,601-OCGNN-INFO-

2020-01-06 07:46:31,791-OCGNN-INFO-Start training
2020-01-06 07:46:31,791-OCGNN-INFO-dropout:0.5, nu:0.1,seed:46,lr:0.0005,self-loop:True,norm:True
2020-01-06 07:46:31,792-OCGNN-INFO-n-epochs:10000, n-hidden:128,n-layers:6,weight-decay:0.001
2020-01-06 07:49:28,036-OCGNN-INFO-Current epoch: 3557 Test AUROC 0.6544 | Test AUPRC 0.6901
2020-01-06 07:49:28,036-OCGNN-INFO-Test f1:0.6294,acc:0.5639,pre:0.5471,recall:0.7409
2020-01-06 07:49:28,036-OCGNN-INFO-

2020-01-06 07:49:32,999-OCGNN-INFO-Start training
2020-01-06 07:49:32,999-OCGNN-INFO-dropout:0.5, nu:0.1,seed:46,lr:0.0005,self-loop:True,norm:True
2020-01-06 07:49:32,999-OCGNN-INFO-n-epochs:10000, n-hidden:128,n-layers:7,weight-decay:0.001
2020-01-06 07:52:12,848-OCGNN-INFO-Current epoch: 2884 Test AUROC 0.6529 | Test AUPRC 0.6961
2020-01-06 07:52:12,848-OCGNN-INFO-Test f1:0.5585,acc:0.635,pre:0.7063,recall:0.4619
2020-01-06 07:52:12,848-OCGNN-INFO-

2020-01-06 07:52:18,035-OCGNN-INFO-Start training
2020-01-06 07:52:18,035-OCGNN-INFO-dropout:0.5, nu:0.1,seed:46,lr:0.0005,self-loop:True,norm:True
2020-01-06 07:52:18,035-OCGNN-INFO-n-epochs:10000, n-hidden:64,n-layers:1,weight-decay:0.001
2020-01-06 07:52:29,089-OCGNN-INFO-Current epoch: 601 Test AUROC 0.5817 | Test AUPRC 0.5725
2020-01-06 07:52:29,089-OCGNN-INFO-Test f1:0.672,acc:0.5212,pre:0.511,recall:0.9812
2020-01-06 07:52:29,089-OCGNN-INFO-

2020-01-06 07:52:33,990-OCGNN-INFO-Start training
2020-01-06 07:52:33,990-OCGNN-INFO-dropout:0.5, nu:0.1,seed:46,lr:0.0005,self-loop:True,norm:True
2020-01-06 07:52:33,990-OCGNN-INFO-n-epochs:10000, n-hidden:64,n-layers:2,weight-decay:0.001
2020-01-06 07:53:39,053-OCGNN-INFO-Current epoch: 3347 Test AUROC 0.5733 | Test AUPRC 0.5799
2020-01-06 07:53:39,053-OCGNN-INFO-Test f1:0.6188,acc:0.5283,pre:0.5191,recall:0.7658
2020-01-06 07:53:39,053-OCGNN-INFO-

2020-01-06 07:53:43,974-OCGNN-INFO-Start training
2020-01-06 07:53:43,974-OCGNN-INFO-dropout:0.5, nu:0.1,seed:46,lr:0.0005,self-loop:True,norm:True
2020-01-06 07:53:43,974-OCGNN-INFO-n-epochs:10000, n-hidden:64,n-layers:3,weight-decay:0.001
2020-01-06 07:53:57,889-OCGNN-INFO-Current epoch: 601 Test AUROC 0.5216 | Test AUPRC 0.5205
2020-01-06 07:53:57,889-OCGNN-INFO-Test f1:0.5817,acc:0.5075,pre:0.5054,recall:0.685
2020-01-06 07:53:57,889-OCGNN-INFO-

2020-01-06 07:54:02,803-OCGNN-INFO-Start training
2020-01-06 07:54:02,803-OCGNN-INFO-dropout:0.5, nu:0.1,seed:46,lr:0.0005,self-loop:True,norm:True
2020-01-06 07:54:02,803-OCGNN-INFO-n-epochs:10000, n-hidden:64,n-layers:4,weight-decay:0.001
2020-01-06 07:56:10,641-OCGNN-INFO-Current epoch: 4939 Test AUROC 0.6163 | Test AUPRC 0.6295
2020-01-06 07:56:10,641-OCGNN-INFO-Test f1:0.609,acc:0.5545,pre:0.5425,recall:0.6941
2020-01-06 07:56:10,641-OCGNN-INFO-

2020-01-06 07:56:15,681-OCGNN-INFO-Start training
2020-01-06 07:56:15,681-OCGNN-INFO-dropout:0.5, nu:0.1,seed:46,lr:0.0005,self-loop:True,norm:True
2020-01-06 07:56:15,681-OCGNN-INFO-n-epochs:10000, n-hidden:64,n-layers:5,weight-decay:0.001
2020-01-06 07:58:46,106-OCGNN-INFO-Current epoch: 5136 Test AUROC 0.6014 | Test AUPRC 0.6079
2020-01-06 07:58:46,106-OCGNN-INFO-Test f1:0.5435,acc:0.5763,pre:0.589,recall:0.5046
2020-01-06 07:58:46,106-OCGNN-INFO-

2020-01-06 07:58:51,111-OCGNN-INFO-Start training
2020-01-06 07:58:51,111-OCGNN-INFO-dropout:0.5, nu:0.1,seed:46,lr:0.0005,self-loop:True,norm:True
2020-01-06 07:58:51,111-OCGNN-INFO-n-epochs:10000, n-hidden:64,n-layers:6,weight-decay:0.001
2020-01-06 07:59:10,874-OCGNN-INFO-Current epoch: 606 Test AUROC 0.4813 | Test AUPRC 0.4780
2020-01-06 07:59:10,874-OCGNN-INFO-Test f1:0.3188,acc:0.4867,pre:0.4735,recall:0.2403
2020-01-06 07:59:10,874-OCGNN-INFO-

2020-01-06 07:59:15,784-OCGNN-INFO-Start training
2020-01-06 07:59:15,784-OCGNN-INFO-dropout:0.5, nu:0.1,seed:46,lr:0.0005,self-loop:True,norm:True
2020-01-06 07:59:15,784-OCGNN-INFO-n-epochs:10000, n-hidden:64,n-layers:7,weight-decay:0.001
2020-01-06 08:00:57,936-OCGNN-INFO-Current epoch: 2903 Test AUROC 0.5865 | Test AUPRC 0.6024
2020-01-06 08:00:57,937-OCGNN-INFO-Test f1:0.6037,acc:0.5398,pre:0.53,recall:0.7012
2020-01-06 08:00:57,937-OCGNN-INFO-

