2020-01-06 06:46:17,677-OCGNN-INFO-Start training
2020-01-06 06:46:17,677-OCGNN-INFO-dropout:0.5, nu:0.1,seed:46,lr:0.0005,self-loop:True,norm:False
2020-01-06 06:46:17,677-OCGNN-INFO-n-epochs:10000, n-hidden:128,n-layers:1,weight-decay:0.001
2020-01-06 06:53:23,243-OCGNN-INFO-Current epoch: 8072 Test AUROC 0.7804 | Test AUPRC 0.7628
2020-01-06 06:53:23,243-OCGNN-INFO-Test f1:0.6675,acc:0.5022,pre:0.501,recall:0.9995
2020-01-06 06:53:23,243-OCGNN-INFO-

2020-01-06 06:53:28,395-OCGNN-INFO-Start training
2020-01-06 06:53:28,395-OCGNN-INFO-dropout:0.5, nu:0.1,seed:46,lr:0.0005,self-loop:True,norm:False
2020-01-06 06:53:28,395-OCGNN-INFO-n-epochs:10000, n-hidden:128,n-layers:2,weight-decay:0.001
2020-01-06 06:57:37,770-OCGNN-INFO-Current epoch: 3718 Test AUROC 0.6647 | Test AUPRC 0.6509
2020-01-06 06:57:37,770-OCGNN-INFO-Test f1:0.6765,acc:0.5423,pre:0.523,recall:0.9573
2020-01-06 06:57:37,770-OCGNN-INFO-

2020-01-06 06:57:42,822-OCGNN-INFO-Start training
2020-01-06 06:57:42,823-OCGNN-INFO-dropout:0.5, nu:0.1,seed:46,lr:0.0005,self-loop:True,norm:False
2020-01-06 06:57:42,823-OCGNN-INFO-n-epochs:10000, n-hidden:128,n-layers:3,weight-decay:0.001
2020-01-06 07:05:05,153-OCGNN-INFO-Current epoch: 5387 Test AUROC 0.6714 | Test AUPRC 0.6640
2020-01-06 07:05:05,154-OCGNN-INFO-Test f1:0.6707,acc:0.6002,pre:0.5701,recall:0.8145
2020-01-06 07:05:05,154-OCGNN-INFO-

2020-01-06 07:05:10,101-OCGNN-INFO-Start training
2020-01-06 07:05:10,101-OCGNN-INFO-dropout:0.5, nu:0.1,seed:46,lr:0.0005,self-loop:True,norm:False
2020-01-06 07:05:10,101-OCGNN-INFO-n-epochs:10000, n-hidden:128,n-layers:4,weight-decay:0.001
2020-01-06 07:06:10,196-OCGNN-INFO-Current epoch: 625 Test AUROC 0.5832 | Test AUPRC 0.5580
2020-01-06 07:06:10,196-OCGNN-INFO-Test f1:0.6666,acc:0.4999,pre:0.4999,recall:1.0
2020-01-06 07:06:10,196-OCGNN-INFO-

2020-01-06 07:06:15,216-OCGNN-INFO-Start training
2020-01-06 07:06:15,217-OCGNN-INFO-dropout:0.5, nu:0.1,seed:46,lr:0.0005,self-loop:True,norm:False
2020-01-06 07:06:15,217-OCGNN-INFO-n-epochs:10000, n-hidden:128,n-layers:5,weight-decay:0.001
2020-01-06 07:07:22,308-OCGNN-INFO-Current epoch: 601 Test AUROC 0.6085 | Test AUPRC 0.6040
2020-01-06 07:07:22,308-OCGNN-INFO-Test f1:0.6666,acc:0.4999,pre:0.4999,recall:1.0
2020-01-06 07:07:22,308-OCGNN-INFO-

2020-01-06 07:07:27,407-OCGNN-INFO-Start training
2020-01-06 07:07:27,407-OCGNN-INFO-dropout:0.5, nu:0.1,seed:46,lr:0.0005,self-loop:True,norm:False
2020-01-06 07:07:27,407-OCGNN-INFO-n-epochs:10000, n-hidden:128,n-layers:6,weight-decay:0.001
2020-01-06 07:08:49,868-OCGNN-INFO-Current epoch: 642 Test AUROC 0.6127 | Test AUPRC 0.5840
2020-01-06 07:08:49,868-OCGNN-INFO-Test f1:0.6666,acc:0.4999,pre:0.4999,recall:1.0
2020-01-06 07:08:49,868-OCGNN-INFO-

2020-01-06 07:08:54,963-OCGNN-INFO-Start training
2020-01-06 07:08:54,963-OCGNN-INFO-dropout:0.5, nu:0.1,seed:46,lr:0.0005,self-loop:True,norm:False
2020-01-06 07:08:54,963-OCGNN-INFO-n-epochs:10000, n-hidden:128,n-layers:7,weight-decay:0.001
2020-01-06 07:10:34,416-OCGNN-INFO-Current epoch: 701 Test AUROC 0.6167 | Test AUPRC 0.5864
2020-01-06 07:10:34,416-OCGNN-INFO-Test f1:0.6666,acc:0.4999,pre:0.4999,recall:1.0
2020-01-06 07:10:34,416-OCGNN-INFO-

2020-01-06 07:10:39,448-OCGNN-INFO-Start training
2020-01-06 07:10:39,448-OCGNN-INFO-dropout:0.5, nu:0.1,seed:46,lr:0.0005,self-loop:True,norm:False
2020-01-06 07:10:39,448-OCGNN-INFO-n-epochs:10000, n-hidden:64,n-layers:1,weight-decay:0.001
2020-01-06 07:17:17,000-OCGNN-INFO-Current epoch: 9167 Test AUROC 0.7735 | Test AUPRC 0.7547
2020-01-06 07:17:17,000-OCGNN-INFO-Test f1:0.6668,acc:0.5006,pre:0.5003,recall:0.9995
2020-01-06 07:17:17,000-OCGNN-INFO-

2020-01-06 07:17:22,160-OCGNN-INFO-Start training
2020-01-06 07:17:22,160-OCGNN-INFO-dropout:0.5, nu:0.1,seed:46,lr:0.0005,self-loop:True,norm:False
2020-01-06 07:17:22,160-OCGNN-INFO-n-epochs:10000, n-hidden:64,n-layers:2,weight-decay:0.001
2020-01-06 07:20:43,574-OCGNN-INFO-Current epoch: 3970 Test AUROC 0.6595 | Test AUPRC 0.6420
2020-01-06 07:20:43,575-OCGNN-INFO-Test f1:0.6741,acc:0.5629,pre:0.5373,recall:0.9045
2020-01-06 07:20:43,575-OCGNN-INFO-

2020-01-06 07:20:48,686-OCGNN-INFO-Start training
2020-01-06 07:20:48,686-OCGNN-INFO-dropout:0.5, nu:0.1,seed:46,lr:0.0005,self-loop:True,norm:False
2020-01-06 07:20:48,686-OCGNN-INFO-n-epochs:10000, n-hidden:64,n-layers:3,weight-decay:0.001
2020-01-06 07:25:34,483-OCGNN-INFO-Current epoch: 4977 Test AUROC 0.6384 | Test AUPRC 0.6426
2020-01-06 07:25:34,483-OCGNN-INFO-Test f1:0.6658,acc:0.5182,pre:0.5096,recall:0.9604
2020-01-06 07:25:34,484-OCGNN-INFO-

2020-01-06 07:25:39,707-OCGNN-INFO-Start training
2020-01-06 07:25:39,708-OCGNN-INFO-dropout:0.5, nu:0.1,seed:46,lr:0.0005,self-loop:True,norm:False
2020-01-06 07:25:39,708-OCGNN-INFO-n-epochs:10000, n-hidden:64,n-layers:4,weight-decay:0.001
2020-01-06 07:36:20,349-OCGNN-INFO-Current epoch: 9999 Test AUROC 0.7132 | Test AUPRC 0.7078
2020-01-06 07:36:20,349-OCGNN-INFO-Test f1:0.6568,acc:0.6477,pre:0.6401,recall:0.6743
2020-01-06 07:36:20,349-OCGNN-INFO-

2020-01-06 07:36:25,502-OCGNN-INFO-Start training
2020-01-06 07:36:25,502-OCGNN-INFO-dropout:0.5, nu:0.1,seed:46,lr:0.0005,self-loop:True,norm:False
2020-01-06 07:36:25,502-OCGNN-INFO-n-epochs:10000, n-hidden:64,n-layers:5,weight-decay:0.001
2020-01-06 07:37:10,059-OCGNN-INFO-Current epoch: 635 Test AUROC 0.6244 | Test AUPRC 0.5816
2020-01-06 07:37:10,059-OCGNN-INFO-Test f1:0.6666,acc:0.4999,pre:0.4999,recall:1.0
2020-01-06 07:37:10,059-OCGNN-INFO-

2020-01-06 07:37:15,239-OCGNN-INFO-Start training
2020-01-06 07:37:15,239-OCGNN-INFO-dropout:0.5, nu:0.1,seed:46,lr:0.0005,self-loop:True,norm:False
2020-01-06 07:37:15,239-OCGNN-INFO-n-epochs:10000, n-hidden:64,n-layers:6,weight-decay:0.001
2020-01-06 07:38:01,990-OCGNN-INFO-Current epoch: 601 Test AUROC 0.6072 | Test AUPRC 0.5745
2020-01-06 07:38:01,990-OCGNN-INFO-Test f1:0.6666,acc:0.4999,pre:0.4999,recall:1.0
2020-01-06 07:38:01,990-OCGNN-INFO-

2020-01-06 07:38:07,057-OCGNN-INFO-Start training
2020-01-06 07:38:07,057-OCGNN-INFO-dropout:0.5, nu:0.1,seed:46,lr:0.0005,self-loop:True,norm:False
2020-01-06 07:38:07,058-OCGNN-INFO-n-epochs:10000, n-hidden:64,n-layers:7,weight-decay:0.001
2020-01-06 07:39:14,159-OCGNN-INFO-Current epoch: 789 Test AUROC 0.5590 | Test AUPRC 0.5329
2020-01-06 07:39:14,159-OCGNN-INFO-Test f1:0.6666,acc:0.4999,pre:0.4999,recall:1.0
2020-01-06 07:39:14,159-OCGNN-INFO-

